<?xml version="1.0" encoding="UTF-8"?>
<testsuite xmlns:xsi="http://www.w3.org/2001/XMLSchema-instance" xsi:noNamespaceSchemaLocation="https://maven.apache.org/surefire/maven-failsafe-plugin/xsd/failsafe-test-report-3.0.xsd" version="3.0" name="starter.CucumberTestSuite" time="18.321" tests="8" errors="0" skipped="0" failures="0">
  <properties>
    <property name="java.specification.version" value="15"/>
    <property name="sun.cpu.isalist" value="amd64"/>
    <property name="sun.jnu.encoding" value="Cp1252"/>
    <property name="java.class.path" value="C:\Users\WINDOWS 10\Documents\GitHub\Capstone\sociops_qe_api\target\test-classes;C:\Users\WINDOWS 10\.m2\repository\net\serenity-bdd\serenity-rest-assured\3.6.22\serenity-rest-assured-3.6.22.jar;C:\Users\WINDOWS 10\.m2\repository\org\apache\httpcomponents\httpclient\4.5.13\httpclient-4.5.13.jar;C:\Users\WINDOWS 10\.m2\repository\org\apache\httpcomponents\httpcore\4.4.13\httpcore-4.4.13.jar;C:\Users\WINDOWS 10\.m2\repository\commons-logging\commons-logging\1.2\commons-logging-1.2.jar;C:\Users\WINDOWS 10\.m2\repository\io\rest-assured\rest-assured\5.3.0\rest-assured-5.3.0.jar;C:\Users\WINDOWS 10\.m2\repository\org\apache\httpcomponents\httpmime\4.5.13\httpmime-4.5.13.jar;C:\Users\WINDOWS 10\.m2\repository\org\ccil\cowan\tagsoup\tagsoup\1.2.1\tagsoup-1.2.1.jar;C:\Users\WINDOWS 10\.m2\repository\io\rest-assured\json-path\5.3.0\json-path-5.3.0.jar;C:\Users\WINDOWS 10\.m2\repository\io\rest-assured\rest-assured-common\5.3.0\rest-assured-common-5.3.0.jar;C:\Users\WINDOWS 10\.m2\repository\io\rest-assured\xml-path\5.3.0\xml-path-5.3.0.jar;C:\Users\WINDOWS 10\.m2\repository\org\apache\groovy\groovy-json\4.0.10\groovy-json-4.0.10.jar;C:\Users\WINDOWS 10\.m2\repository\org\apache\groovy\groovy-xml\4.0.10\groovy-xml-4.0.10.jar;C:\Users\WINDOWS 10\.m2\repository\org\apache\groovy\groovy\4.0.10\groovy-4.0.10.jar;C:\Users\WINDOWS 10\.m2\repository\org\opentest4j\opentest4j\1.2.0\opentest4j-1.2.0.jar;C:\Users\WINDOWS 10\.m2\repository\net\serenity-bdd\serenity-core\3.6.21\serenity-core-3.6.21.jar;C:\Users\WINDOWS 10\.m2\repository\net\serenity-bdd\serenity-model\3.6.21\serenity-model-3.6.21.jar;C:\Users\WINDOWS 10\.m2\repository\org\apache\commons\commons-text\1.10.0\commons-text-1.10.0.jar;C:\Users\WINDOWS 10\.m2\repository\commons-net\commons-net\3.9.0\commons-net-3.9.0.jar;C:\Users\WINDOWS 10\.m2\repository\com\google\guava\guava\31.1-jre\guava-31.1-jre.jar;C:\Users\WINDOWS 10\.m2\repository\com\google\guava\failureaccess\1.0.1\failureaccess-1.0.1.jar;C:\Users\WINDOWS 10\.m2\repository\com\google\guava\listenablefuture\9999.0-empty-to-avoid-conflict-with-guava\listenablefuture-9999.0-empty-to-avoid-conflict-with-guava.jar;C:\Users\WINDOWS 10\.m2\repository\com\google\code\findbugs\jsr305\3.0.2\jsr305-3.0.2.jar;C:\Users\WINDOWS 10\.m2\repository\org\checkerframework\checker-qual\3.12.0\checker-qual-3.12.0.jar;C:\Users\WINDOWS 10\.m2\repository\com\google\errorprone\error_prone_annotations\2.11.0\error_prone_annotations-2.11.0.jar;C:\Users\WINDOWS 10\.m2\repository\com\google\j2objc\j2objc-annotations\1.3\j2objc-annotations-1.3.jar;C:\Users\WINDOWS 10\.m2\repository\com\google\inject\guice\5.1.0\guice-5.1.0.jar;C:\Users\WINDOWS 10\.m2\repository\javax\inject\javax.inject\1\javax.inject-1.jar;C:\Users\WINDOWS 10\.m2\repository\aopalliance\aopalliance\1.0\aopalliance-1.0.jar;C:\Users\WINDOWS 10\.m2\repository\org\jsoup\jsoup\1.14.3\jsoup-1.14.3.jar;C:\Users\WINDOWS 10\.m2\repository\com\thoughtworks\xstream\xstream\1.4.20\xstream-1.4.20.jar;C:\Users\WINDOWS 10\.m2\repository\io\github\x-stream\mxparser\1.2.2\mxparser-1.2.2.jar;C:\Users\WINDOWS 10\.m2\repository\xmlpull\xmlpull\1.1.3.1\xmlpull-1.1.3.1.jar;C:\Users\WINDOWS 10\.m2\repository\com\typesafe\config\1.4.2\config-1.4.2.jar;C:\Users\WINDOWS 10\.m2\repository\org\imgscalr\imgscalr-lib\4.2\imgscalr-lib-4.2.jar;C:\Users\WINDOWS 10\.m2\repository\org\awaitility\awaitility\4.2.0\awaitility-4.2.0.jar;C:\Users\WINDOWS 10\.m2\repository\org\freemarker\freemarker\2.3.31\freemarker-2.3.31.jar;C:\Users\WINDOWS 10\.m2\repository\io\github\classgraph\classgraph\4.8.138\classgraph-4.8.138.jar;C:\Users\WINDOWS 10\.m2\repository\net\sourceforge\jexcelapi\jxl\2.6.12\jxl-2.6.12.jar;C:\Users\WINDOWS 10\.m2\repository\net\bytebuddy\byte-buddy-agent\1.14.2\byte-buddy-agent-1.14.2.jar;C:\Users\WINDOWS 10\.m2\repository\org\objenesis\objenesis\3.3\objenesis-3.3.jar;C:\Users\WINDOWS 10\.m2\repository\net\serenity-bdd\serenity-reports\3.6.21\serenity-reports-3.6.21.jar;C:\Users\WINDOWS 10\.m2\repository\net\serenity-bdd\serenity-stats\3.6.21\serenity-stats-3.6.21.jar;C:\Users\WINDOWS 10\.m2\repository\net\serenity-bdd\serenity-reports-configuration\3.6.21\serenity-reports-configuration-3.6.21.jar;C:\Users\WINDOWS 10\.m2\repository\com\vladsch\flexmark\flexmark-all\0.62.2\flexmark-all-0.62.2.jar;C:\Users\WINDOWS 10\.m2\repository\com\vladsch\flexmark\flexmark\0.62.2\flexmark-0.62.2.jar;C:\Users\WINDOWS 10\.m2\repository\com\vladsch\flexmark\flexmark-ext-abbreviation\0.62.2\flexmark-ext-abbreviation-0.62.2.jar;C:\Users\WINDOWS 10\.m2\repository\com\vladsch\flexmark\flexmark-util\0.62.2\flexmark-util-0.62.2.jar;C:\Users\WINDOWS 10\.m2\repository\com\vladsch\flexmark\flexmark-ext-admonition\0.62.2\flexmark-ext-admonition-0.62.2.jar;C:\Users\WINDOWS 10\.m2\repository\com\vladsch\flexmark\flexmark-ext-anchorlink\0.62.2\flexmark-ext-anchorlink-0.62.2.jar;C:\Users\WINDOWS 10\.m2\repository\com\vladsch\flexmark\flexmark-ext-aside\0.62.2\flexmark-ext-aside-0.62.2.jar;C:\Users\WINDOWS 10\.m2\repository\com\vladsch\flexmark\flexmark-ext-attributes\0.62.2\flexmark-ext-attributes-0.62.2.jar;C:\Users\WINDOWS 10\.m2\repository\com\vladsch\flexmark\flexmark-ext-autolink\0.62.2\flexmark-ext-autolink-0.62.2.jar;C:\Users\WINDOWS 10\.m2\repository\org\nibor\autolink\autolink\0.6.0\autolink-0.6.0.jar;C:\Users\WINDOWS 10\.m2\repository\com\vladsch\flexmark\flexmark-ext-definition\0.62.2\flexmark-ext-definition-0.62.2.jar;C:\Users\WINDOWS 10\.m2\repository\com\vladsch\flexmark\flexmark-ext-emoji\0.62.2\flexmark-ext-emoji-0.62.2.jar;C:\Users\WINDOWS 10\.m2\repository\com\vladsch\flexmark\flexmark-ext-enumerated-reference\0.62.2\flexmark-ext-enumerated-reference-0.62.2.jar;C:\Users\WINDOWS 10\.m2\repository\com\vladsch\flexmark\flexmark-ext-escaped-character\0.62.2\flexmark-ext-escaped-character-0.62.2.jar;C:\Users\WINDOWS 10\.m2\repository\com\vladsch\flexmark\flexmark-ext-footnotes\0.62.2\flexmark-ext-footnotes-0.62.2.jar;C:\Users\WINDOWS 10\.m2\repository\com\vladsch\flexmark\flexmark-ext-gfm-issues\0.62.2\flexmark-ext-gfm-issues-0.62.2.jar;C:\Users\WINDOWS 10\.m2\repository\com\vladsch\flexmark\flexmark-ext-gfm-strikethrough\0.62.2\flexmark-ext-gfm-strikethrough-0.62.2.jar;C:\Users\WINDOWS 10\.m2\repository\com\vladsch\flexmark\flexmark-ext-gfm-tasklist\0.62.2\flexmark-ext-gfm-tasklist-0.62.2.jar;C:\Users\WINDOWS 10\.m2\repository\com\vladsch\flexmark\flexmark-ext-gfm-users\0.62.2\flexmark-ext-gfm-users-0.62.2.jar;C:\Users\WINDOWS 10\.m2\repository\com\vladsch\flexmark\flexmark-ext-gitlab\0.62.2\flexmark-ext-gitlab-0.62.2.jar;C:\Users\WINDOWS 10\.m2\repository\com\vladsch\flexmark\flexmark-ext-jekyll-front-matter\0.62.2\flexmark-ext-jekyll-front-matter-0.62.2.jar;C:\Users\WINDOWS 10\.m2\repository\com\vladsch\flexmark\flexmark-ext-jekyll-tag\0.62.2\flexmark-ext-jekyll-tag-0.62.2.jar;C:\Users\WINDOWS 10\.m2\repository\com\vladsch\flexmark\flexmark-ext-media-tags\0.62.2\flexmark-ext-media-tags-0.62.2.jar;C:\Users\WINDOWS 10\.m2\repository\com\vladsch\flexmark\flexmark-ext-macros\0.62.2\flexmark-ext-macros-0.62.2.jar;C:\Users\WINDOWS 10\.m2\repository\com\vladsch\flexmark\flexmark-ext-ins\0.62.2\flexmark-ext-ins-0.62.2.jar;C:\Users\WINDOWS 10\.m2\repository\com\vladsch\flexmark\flexmark-ext-xwiki-macros\0.62.2\flexmark-ext-xwiki-macros-0.62.2.jar;C:\Users\WINDOWS 10\.m2\repository\com\vladsch\flexmark\flexmark-ext-superscript\0.62.2\flexmark-ext-superscript-0.62.2.jar;C:\Users\WINDOWS 10\.m2\repository\com\vladsch\flexmark\flexmark-ext-tables\0.62.2\flexmark-ext-tables-0.62.2.jar;C:\Users\WINDOWS 10\.m2\repository\com\vladsch\flexmark\flexmark-ext-toc\0.62.2\flexmark-ext-toc-0.62.2.jar;C:\Users\WINDOWS 10\.m2\repository\com\vladsch\flexmark\flexmark-ext-typographic\0.62.2\flexmark-ext-typographic-0.62.2.jar;C:\Users\WINDOWS 10\.m2\repository\com\vladsch\flexmark\flexmark-ext-wikilink\0.62.2\flexmark-ext-wikilink-0.62.2.jar;C:\Users\WINDOWS 10\.m2\repository\com\vladsch\flexmark\flexmark-ext-yaml-front-matter\0.62.2\flexmark-ext-yaml-front-matter-0.62.2.jar;C:\Users\WINDOWS 10\.m2\repository\com\vladsch\flexmark\flexmark-ext-youtube-embedded\0.62.2\flexmark-ext-youtube-embedded-0.62.2.jar;C:\Users\WINDOWS 10\.m2\repository\com\vladsch\flexmark\flexmark-html2md-converter\0.62.2\flexmark-html2md-converter-0.62.2.jar;C:\Users\WINDOWS 10\.m2\repository\com\vladsch\flexmark\flexmark-jira-converter\0.62.2\flexmark-jira-converter-0.62.2.jar;C:\Users\WINDOWS 10\.m2\repository\com\vladsch\flexmark\flexmark-pdf-converter\0.62.2\flexmark-pdf-converter-0.62.2.jar;C:\Users\WINDOWS 10\.m2\repository\com\openhtmltopdf\openhtmltopdf-core\1.0.0\openhtmltopdf-core-1.0.0.jar;C:\Users\WINDOWS 10\.m2\repository\com\openhtmltopdf\openhtmltopdf-pdfbox\1.0.0\openhtmltopdf-pdfbox-1.0.0.jar;C:\Users\WINDOWS 10\.m2\repository\org\apache\pdfbox\pdfbox\2.0.16\pdfbox-2.0.16.jar;C:\Users\WINDOWS 10\.m2\repository\org\apache\pdfbox\fontbox\2.0.16\fontbox-2.0.16.jar;C:\Users\WINDOWS 10\.m2\repository\org\apache\pdfbox\xmpbox\2.0.16\xmpbox-2.0.16.jar;C:\Users\WINDOWS 10\.m2\repository\de\rototor\pdfbox\graphics2d\0.24\graphics2d-0.24.jar;C:\Users\WINDOWS 10\.m2\repository\com\openhtmltopdf\openhtmltopdf-rtl-support\1.0.0\openhtmltopdf-rtl-support-1.0.0.jar;C:\Users\WINDOWS 10\.m2\repository\com\openhtmltopdf\openhtmltopdf-jsoup-dom-converter\1.0.0\openhtmltopdf-jsoup-dom-converter-1.0.0.jar;C:\Users\WINDOWS 10\.m2\repository\com\vladsch\flexmark\flexmark-profile-pegdown\0.62.2\flexmark-profile-pegdown-0.62.2.jar;C:\Users\WINDOWS 10\.m2\repository\com\vladsch\flexmark\flexmark-util-ast\0.62.2\flexmark-util-ast-0.62.2.jar;C:\Users\WINDOWS 10\.m2\repository\com\vladsch\flexmark\flexmark-util-builder\0.62.2\flexmark-util-builder-0.62.2.jar;C:\Users\WINDOWS 10\.m2\repository\com\vladsch\flexmark\flexmark-util-collection\0.62.2\flexmark-util-collection-0.62.2.jar;C:\Users\WINDOWS 10\.m2\repository\com\vladsch\flexmark\flexmark-util-data\0.62.2\flexmark-util-data-0.62.2.jar;C:\Users\WINDOWS 10\.m2\repository\com\vladsch\flexmark\flexmark-util-dependency\0.62.2\flexmark-util-dependency-0.62.2.jar;C:\Users\WINDOWS 10\.m2\repository\com\vladsch\flexmark\flexmark-util-format\0.62.2\flexmark-util-format-0.62.2.jar;C:\Users\WINDOWS 10\.m2\repository\com\vladsch\flexmark\flexmark-util-html\0.62.2\flexmark-util-html-0.62.2.jar;C:\Users\WINDOWS 10\.m2\repository\com\vladsch\flexmark\flexmark-util-misc\0.62.2\flexmark-util-misc-0.62.2.jar;C:\Users\WINDOWS 10\.m2\repository\com\vladsch\flexmark\flexmark-util-options\0.62.2\flexmark-util-options-0.62.2.jar;C:\Users\WINDOWS 10\.m2\repository\com\vladsch\flexmark\flexmark-util-sequence\0.62.2\flexmark-util-sequence-0.62.2.jar;C:\Users\WINDOWS 10\.m2\repository\com\vladsch\flexmark\flexmark-util-visitor\0.62.2\flexmark-util-visitor-0.62.2.jar;C:\Users\WINDOWS 10\.m2\repository\com\vladsch\flexmark\flexmark-youtrack-converter\0.62.2\flexmark-youtrack-converter-0.62.2.jar;C:\Users\WINDOWS 10\.m2\repository\com\ibm\icu\icu4j\72.1\icu4j-72.1.jar;C:\Users\WINDOWS 10\.m2\repository\es\nitaur\markdown\txtmark\0.16\txtmark-0.16.jar;C:\Users\WINDOWS 10\.m2\repository\net\serenity-bdd\serenity-report-resources\3.6.21\serenity-report-resources-3.6.21.jar;C:\Users\WINDOWS 10\.m2\repository\com\google\code\gson\gson\2.10.1\gson-2.10.1.jar;C:\Users\WINDOWS 10\.m2\repository\com\fasterxml\jackson\core\jackson-core\2.15.0-rc1\jackson-core-2.15.0-rc1.jar;C:\Users\WINDOWS 10\.m2\repository\com\fasterxml\jackson\core\jackson-databind\2.15.0-rc1\jackson-databind-2.15.0-rc1.jar;C:\Users\WINDOWS 10\.m2\repository\com\fasterxml\jackson\core\jackson-annotations\2.15.0-rc1\jackson-annotations-2.15.0-rc1.jar;C:\Users\WINDOWS 10\.m2\repository\commons-codec\commons-codec\1.15\commons-codec-1.15.jar;C:\Users\WINDOWS 10\.m2\repository\commons-io\commons-io\2.11.0\commons-io-2.11.0.jar;C:\Users\WINDOWS 10\.m2\repository\org\seleniumhq\selenium\selenium-java\4.8.1\selenium-java-4.8.1.jar;C:\Users\WINDOWS 10\.m2\repository\org\seleniumhq\selenium\selenium-devtools-v108\4.8.1\selenium-devtools-v108-4.8.1.jar;C:\Users\WINDOWS 10\.m2\repository\org\seleniumhq\selenium\selenium-devtools-v109\4.8.1\selenium-devtools-v109-4.8.1.jar;C:\Users\WINDOWS 10\.m2\repository\org\seleniumhq\selenium\selenium-devtools-v110\4.8.1\selenium-devtools-v110-4.8.1.jar;C:\Users\WINDOWS 10\.m2\repository\org\seleniumhq\selenium\selenium-devtools-v85\4.8.1\selenium-devtools-v85-4.8.1.jar;C:\Users\WINDOWS 10\.m2\repository\org\seleniumhq\selenium\selenium-remote-driver\4.8.1\selenium-remote-driver-4.8.1.jar;C:\Users\WINDOWS 10\.m2\repository\com\beust\jcommander\1.82\jcommander-1.82.jar;C:\Users\WINDOWS 10\.m2\repository\io\netty\netty-buffer\4.1.87.Final\netty-buffer-4.1.87.Final.jar;C:\Users\WINDOWS 10\.m2\repository\io\netty\netty-codec-http\4.1.87.Final\netty-codec-http-4.1.87.Final.jar;C:\Users\WINDOWS 10\.m2\repository\io\netty\netty-codec\4.1.87.Final\netty-codec-4.1.87.Final.jar;C:\Users\WINDOWS 10\.m2\repository\io\netty\netty-handler\4.1.87.Final\netty-handler-4.1.87.Final.jar;C:\Users\WINDOWS 10\.m2\repository\io\netty\netty-common\4.1.87.Final\netty-common-4.1.87.Final.jar;C:\Users\WINDOWS 10\.m2\repository\io\netty\netty-transport-classes-epoll\4.1.87.Final\netty-transport-classes-epoll-4.1.87.Final.jar;C:\Users\WINDOWS 10\.m2\repository\io\netty\netty-transport-classes-kqueue\4.1.87.Final\netty-transport-classes-kqueue-4.1.87.Final.jar;C:\Users\WINDOWS 10\.m2\repository\io\netty\netty-transport-native-epoll\4.1.87.Final\netty-transport-native-epoll-4.1.87.Final.jar;C:\Users\WINDOWS 10\.m2\repository\io\netty\netty-transport-native-kqueue\4.1.87.Final\netty-transport-native-kqueue-4.1.87.Final.jar;C:\Users\WINDOWS 10\.m2\repository\io\netty\netty-transport-native-unix-common\4.1.87.Final\netty-transport-native-unix-common-4.1.87.Final.jar;C:\Users\WINDOWS 10\.m2\repository\io\netty\netty-transport\4.1.87.Final\netty-transport-4.1.87.Final.jar;C:\Users\WINDOWS 10\.m2\repository\io\netty\netty-resolver\4.1.87.Final\netty-resolver-4.1.87.Final.jar;C:\Users\WINDOWS 10\.m2\repository\io\opentelemetry\opentelemetry-api\1.22.0\opentelemetry-api-1.22.0.jar;C:\Users\WINDOWS 10\.m2\repository\io\opentelemetry\opentelemetry-context\1.22.0\opentelemetry-context-1.22.0.jar;C:\Users\WINDOWS 10\.m2\repository\io\opentelemetry\opentelemetry-exporter-logging\1.22.0\opentelemetry-exporter-logging-1.22.0.jar;C:\Users\WINDOWS 10\.m2\repository\io\opentelemetry\opentelemetry-sdk-metrics\1.22.0\opentelemetry-sdk-metrics-1.22.0.jar;C:\Users\WINDOWS 10\.m2\repository\io\opentelemetry\opentelemetry-sdk-logs\1.22.0-alpha\opentelemetry-sdk-logs-1.22.0-alpha.jar;C:\Users\WINDOWS 10\.m2\repository\io\opentelemetry\opentelemetry-api-logs\1.22.0-alpha\opentelemetry-api-logs-1.22.0-alpha.jar;C:\Users\WINDOWS 10\.m2\repository\io\opentelemetry\opentelemetry-sdk-common\1.22.0\opentelemetry-sdk-common-1.22.0.jar;C:\Users\WINDOWS 10\.m2\repository\io\opentelemetry\opentelemetry-sdk-extension-autoconfigure-spi\1.22.0\opentelemetry-sdk-extension-autoconfigure-spi-1.22.0.jar;C:\Users\WINDOWS 10\.m2\repository\io\opentelemetry\opentelemetry-sdk-extension-autoconfigure\1.22.0-alpha\opentelemetry-sdk-extension-autoconfigure-1.22.0-alpha.jar;C:\Users\WINDOWS 10\.m2\repository\io\opentelemetry\opentelemetry-sdk-trace\1.22.0\opentelemetry-sdk-trace-1.22.0.jar;C:\Users\WINDOWS 10\.m2\repository\io\opentelemetry\opentelemetry-sdk\1.22.0\opentelemetry-sdk-1.22.0.jar;C:\Users\WINDOWS 10\.m2\repository\io\opentelemetry\opentelemetry-semconv\1.22.0-alpha\opentelemetry-semconv-1.22.0-alpha.jar;C:\Users\WINDOWS 10\.m2\repository\io\ous\jtoml\2.0.0\jtoml-2.0.0.jar;C:\Users\WINDOWS 10\.m2\repository\org\apache\commons\commons-exec\1.3\commons-exec-1.3.jar;C:\Users\WINDOWS 10\.m2\repository\org\asynchttpclient\async-http-client\2.12.3\async-http-client-2.12.3.jar;C:\Users\WINDOWS 10\.m2\repository\org\asynchttpclient\async-http-client-netty-utils\2.12.3\async-http-client-netty-utils-2.12.3.jar;C:\Users\WINDOWS 10\.m2\repository\io\netty\netty-codec-socks\4.1.60.Final\netty-codec-socks-4.1.60.Final.jar;C:\Users\WINDOWS 10\.m2\repository\io\netty\netty-handler-proxy\4.1.60.Final\netty-handler-proxy-4.1.60.Final.jar;C:\Users\WINDOWS 10\.m2\repository\io\netty\netty-transport-native-epoll\4.1.60.Final\netty-transport-native-epoll-4.1.60.Final-linux-x86_64.jar;C:\Users\WINDOWS 10\.m2\repository\io\netty\netty-transport-native-kqueue\4.1.60.Final\netty-transport-native-kqueue-4.1.60.Final-osx-x86_64.jar;C:\Users\WINDOWS 10\.m2\repository\org\reactivestreams\reactive-streams\1.0.3\reactive-streams-1.0.3.jar;C:\Users\WINDOWS 10\.m2\repository\com\typesafe\netty\netty-reactive-streams\2.0.4\netty-reactive-streams-2.0.4.jar;C:\Users\WINDOWS 10\.m2\repository\org\seleniumhq\selenium\selenium-manager\4.8.1\selenium-manager-4.8.1.jar;C:\Users\WINDOWS 10\.m2\repository\org\seleniumhq\selenium\selenium-safari-driver\4.8.1\selenium-safari-driver-4.8.1.jar;C:\Users\WINDOWS 10\.m2\repository\org\seleniumhq\selenium\selenium-api\4.8.1\selenium-api-4.8.1.jar;C:\Users\WINDOWS 10\.m2\repository\org\seleniumhq\selenium\selenium-support\4.8.1\selenium-support-4.8.1.jar;C:\Users\WINDOWS 10\.m2\repository\com\google\auto\service\auto-service-annotations\1.0.1\auto-service-annotations-1.0.1.jar;C:\Users\WINDOWS 10\.m2\repository\com\google\auto\service\auto-service\1.0.1\auto-service-1.0.1.jar;C:\Users\WINDOWS 10\.m2\repository\com\google\auto\auto-common\1.2\auto-common-1.2.jar;C:\Users\WINDOWS 10\.m2\repository\org\seleniumhq\selenium\selenium-json\4.8.1\selenium-json-4.8.1.jar;C:\Users\WINDOWS 10\.m2\repository\org\seleniumhq\selenium\selenium-chrome-driver\4.8.1\selenium-chrome-driver-4.8.1.jar;C:\Users\WINDOWS 10\.m2\repository\org\seleniumhq\selenium\selenium-chromium-driver\4.8.1\selenium-chromium-driver-4.8.1.jar;C:\Users\WINDOWS 10\.m2\repository\org\seleniumhq\selenium\selenium-firefox-driver\4.8.1\selenium-firefox-driver-4.8.1.jar;C:\Users\WINDOWS 10\.m2\repository\org\seleniumhq\selenium\selenium-http\4.8.1\selenium-http-4.8.1.jar;C:\Users\WINDOWS 10\.m2\repository\dev\failsafe\failsafe\3.3.0\failsafe-3.3.0.jar;C:\Users\WINDOWS 10\.m2\repository\org\seleniumhq\selenium\selenium-edge-driver\4.8.1\selenium-edge-driver-4.8.1.jar;C:\Users\WINDOWS 10\.m2\repository\org\seleniumhq\selenium\selenium-ie-driver\4.8.1\selenium-ie-driver-4.8.1.jar;C:\Users\WINDOWS 10\.m2\repository\org\projectlombok\lombok\1.18.20\lombok-1.18.20.jar;C:\Users\WINDOWS 10\.m2\repository\io\appium\java-client\8.3.0\java-client-8.3.0.jar;C:\Users\WINDOWS 10\.m2\repository\commons-validator\commons-validator\1.7\commons-validator-1.7.jar;C:\Users\WINDOWS 10\.m2\repository\commons-digester\commons-digester\2.1\commons-digester-2.1.jar;C:\Users\WINDOWS 10\.m2\repository\net\sf\opencsv\opencsv\2.0\opencsv-2.0.jar;C:\Users\WINDOWS 10\.m2\repository\commons-beanutils\commons-beanutils\1.9.4\commons-beanutils-1.9.4.jar;C:\Users\WINDOWS 10\.m2\repository\org\apache\commons\commons-lang3\3.12.0\commons-lang3-3.12.0.jar;C:\Users\WINDOWS 10\.m2\repository\commons-collections\commons-collections\3.2.2\commons-collections-3.2.2.jar;C:\Users\WINDOWS 10\.m2\repository\org\fluentlenium\fluentlenium-core\0.10.2\fluentlenium-core-0.10.2.jar;C:\Users\WINDOWS 10\.m2\repository\io\github\bonigarcia\webdrivermanager\5.3.0\webdrivermanager-5.3.0.jar;C:\Users\WINDOWS 10\.m2\repository\com\github\docker-java\docker-java\3.2.13\docker-java-3.2.13.jar;C:\Users\WINDOWS 10\.m2\repository\com\github\docker-java\docker-java-core\3.2.13\docker-java-core-3.2.13.jar;C:\Users\WINDOWS 10\.m2\repository\com\github\docker-java\docker-java-api\3.2.13\docker-java-api-3.2.13.jar;C:\Users\WINDOWS 10\.m2\repository\org\apache\commons\commons-compress\1.21\commons-compress-1.21.jar;C:\Users\WINDOWS 10\.m2\repository\org\bouncycastle\bcpkix-jdk15on\1.64\bcpkix-jdk15on-1.64.jar;C:\Users\WINDOWS 10\.m2\repository\org\bouncycastle\bcprov-jdk15on\1.64\bcprov-jdk15on-1.64.jar;C:\Users\WINDOWS 10\.m2\repository\org\slf4j\jcl-over-slf4j\1.7.30\jcl-over-slf4j-1.7.30.jar;C:\Users\WINDOWS 10\.m2\repository\com\github\docker-java\docker-java-transport-httpclient5\3.2.13\docker-java-transport-httpclient5-3.2.13.jar;C:\Users\WINDOWS 10\.m2\repository\com\github\docker-java\docker-java-transport\3.2.13\docker-java-transport-3.2.13.jar;C:\Users\WINDOWS 10\.m2\repository\net\java\dev\jna\jna\5.8.0\jna-5.8.0.jar;C:\Users\WINDOWS 10\.m2\repository\org\brotli\dec\0.1.2\dec-0.1.2.jar;C:\Users\WINDOWS 10\.m2\repository\org\apache\httpcomponents\client5\httpclient5\5.1.3\httpclient5-5.1.3.jar;C:\Users\WINDOWS 10\.m2\repository\org\apache\httpcomponents\core5\httpcore5\5.1.3\httpcore5-5.1.3.jar;C:\Users\WINDOWS 10\.m2\repository\org\apache\httpcomponents\core5\httpcore5-h2\5.1.3\httpcore5-h2-5.1.3.jar;C:\Users\WINDOWS 10\.m2\repository\com\jhlabs\filters\2.0.235\filters-2.0.235.jar;C:\Users\WINDOWS 10\.m2\repository\com\paulhammant\ngwebdriver\1.1.6\ngwebdriver-1.1.6.jar;C:\Users\WINDOWS 10\.m2\repository\joda-time\joda-time\2.12.2\joda-time-2.12.2.jar;C:\Users\WINDOWS 10\.m2\repository\org\hamcrest\hamcrest\2.2\hamcrest-2.2.jar;C:\Users\WINDOWS 10\.m2\repository\com\google\jimfs\jimfs\1.2\jimfs-1.2.jar;C:\Users\WINDOWS 10\.m2\repository\org\mockito\mockito-core\3.3.3\mockito-core-3.3.3.jar;C:\Users\WINDOWS 10\.m2\repository\javax\xml\bind\jaxb-api\2.3.1\jaxb-api-2.3.1.jar;C:\Users\WINDOWS 10\.m2\repository\javax\activation\javax.activation-api\1.2.0\javax.activation-api-1.2.0.jar;C:\Users\WINDOWS 10\.m2\repository\com\sun\xml\bind\jaxb-core\2.3.0.1\jaxb-core-2.3.0.1.jar;C:\Users\WINDOWS 10\.m2\repository\com\sun\xml\bind\jaxb-impl\2.3.3\jaxb-impl-2.3.3.jar;C:\Users\WINDOWS 10\.m2\repository\jakarta\xml\bind\jakarta.xml.bind-api\2.3.3\jakarta.xml.bind-api-2.3.3.jar;C:\Users\WINDOWS 10\.m2\repository\com\sun\activation\jakarta.activation\1.2.2\jakarta.activation-1.2.2.jar;C:\Users\WINDOWS 10\.m2\repository\javax\activation\activation\1.1.1\activation-1.1.1.jar;C:\Users\WINDOWS 10\.m2\repository\net\serenity-bdd\serenity-cucumber\3.6.21\serenity-cucumber-3.6.21.jar;C:\Users\WINDOWS 10\.m2\repository\io\cucumber\cucumber-core\7.11.0\cucumber-core-7.11.0.jar;C:\Users\WINDOWS 10\.m2\repository\io\cucumber\cucumber-gherkin\7.11.0\cucumber-gherkin-7.11.0.jar;C:\Users\WINDOWS 10\.m2\repository\io\cucumber\cucumber-gherkin-messages\7.11.0\cucumber-gherkin-messages-7.11.0.jar;C:\Users\WINDOWS 10\.m2\repository\io\cucumber\gherkin\26.0.3\gherkin-26.0.3.jar;C:\Users\WINDOWS 10\.m2\repository\io\cucumber\messages\21.0.1\messages-21.0.1.jar;C:\Users\WINDOWS 10\.m2\repository\io\cucumber\tag-expressions\5.0.1\tag-expressions-5.0.1.jar;C:\Users\WINDOWS 10\.m2\repository\io\cucumber\cucumber-expressions\16.1.1\cucumber-expressions-16.1.1.jar;C:\Users\WINDOWS 10\.m2\repository\io\cucumber\datatable\7.11.0\datatable-7.11.0.jar;C:\Users\WINDOWS 10\.m2\repository\io\cucumber\cucumber-plugin\7.11.0\cucumber-plugin-7.11.0.jar;C:\Users\WINDOWS 10\.m2\repository\io\cucumber\docstring\7.11.0\docstring-7.11.0.jar;C:\Users\WINDOWS 10\.m2\repository\io\cucumber\html-formatter\20.2.1\html-formatter-20.2.1.jar;C:\Users\WINDOWS 10\.m2\repository\io\cucumber\junit-xml-formatter\0.1.0\junit-xml-formatter-0.1.0.jar;C:\Users\WINDOWS 10\.m2\repository\io\cucumber\ci-environment\9.1.0\ci-environment-9.1.0.jar;C:\Users\WINDOWS 10\.m2\repository\io\cucumber\cucumber-java\7.11.0\cucumber-java-7.11.0.jar;C:\Users\WINDOWS 10\.m2\repository\io\cucumber\cucumber-junit\7.11.0\cucumber-junit-7.11.0.jar;C:\Users\WINDOWS 10\.m2\repository\org\apache\commons\commons-csv\1.5\commons-csv-1.5.jar;C:\Users\WINDOWS 10\.m2\repository\net\serenity-bdd\serenity-screenplay\3.6.21\serenity-screenplay-3.6.21.jar;C:\Users\WINDOWS 10\.m2\repository\net\serenity-bdd\serenity-screenplay-webdriver\3.6.21\serenity-screenplay-webdriver-3.6.21.jar;C:\Users\WINDOWS 10\.m2\repository\net\serenity-bdd\serenity-ensure\3.6.21\serenity-ensure-3.6.21.jar;C:\Users\WINDOWS 10\.m2\repository\net\serenity-bdd\serenity-junit\3.6.21\serenity-junit-3.6.21.jar;C:\Users\WINDOWS 10\.m2\repository\org\jetbrains\kotlin\kotlin-stdlib\1.8.10\kotlin-stdlib-1.8.10.jar;C:\Users\WINDOWS 10\.m2\repository\org\jetbrains\kotlin\kotlin-stdlib-common\1.8.10\kotlin-stdlib-common-1.8.10.jar;C:\Users\WINDOWS 10\.m2\repository\org\jetbrains\annotations\13.0\annotations-13.0.jar;C:\Users\WINDOWS 10\.m2\repository\org\junit\platform\junit-platform-launcher\1.8.2\junit-platform-launcher-1.8.2.jar;C:\Users\WINDOWS 10\.m2\repository\org\junit\platform\junit-platform-engine\1.8.2\junit-platform-engine-1.8.2.jar;C:\Users\WINDOWS 10\.m2\repository\org\junit\platform\junit-platform-commons\1.8.2\junit-platform-commons-1.8.2.jar;C:\Users\WINDOWS 10\.m2\repository\org\apiguardian\apiguardian-api\1.1.2\apiguardian-api-1.1.2.jar;C:\Users\WINDOWS 10\.m2\repository\org\junit\jupiter\junit-jupiter-engine\5.8.2\junit-jupiter-engine-5.8.2.jar;C:\Users\WINDOWS 10\.m2\repository\org\junit\jupiter\junit-jupiter-api\5.8.2\junit-jupiter-api-5.8.2.jar;C:\Users\WINDOWS 10\.m2\repository\org\junit\vintage\junit-vintage-engine\5.8.2\junit-vintage-engine-5.8.2.jar;C:\Users\WINDOWS 10\.m2\repository\junit\junit\4.13.2\junit-4.13.2.jar;C:\Users\WINDOWS 10\.m2\repository\org\hamcrest\hamcrest-core\1.3\hamcrest-core-1.3.jar;C:\Users\WINDOWS 10\.m2\repository\ch\qos\logback\logback-classic\1.2.10\logback-classic-1.2.10.jar;C:\Users\WINDOWS 10\.m2\repository\ch\qos\logback\logback-core\1.2.10\logback-core-1.2.10.jar;C:\Users\WINDOWS 10\.m2\repository\org\slf4j\slf4j-api\1.7.32\slf4j-api-1.7.32.jar;C:\Users\WINDOWS 10\.m2\repository\org\assertj\assertj-core\3.23.1\assertj-core-3.23.1.jar;C:\Users\WINDOWS 10\.m2\repository\net\bytebuddy\byte-buddy\1.12.10\byte-buddy-1.12.10.jar;C:\Users\WINDOWS 10\.m2\repository\com\googlecode\json-simple\json-simple\1.1.1\json-simple-1.1.1.jar;"/>
    <property name="java.vm.vendor" value="Oracle Corporation"/>
    <property name="sun.arch.data.model" value="64"/>
    <property name="user.variant" value=""/>
    <property name="java.vendor.url" value="https://java.oracle.com/"/>
    <property name="user.timezone" value="Asia/Bangkok"/>
    <property name="os.name" value="Windows 10"/>
    <property name="java.vm.specification.version" value="15"/>
    <property name="sun.java.launcher" value="SUN_STANDARD"/>
    <property name="user.country" value="US"/>
    <property name="sun.boot.library.path" value="C:\Program Files\Java\jdk-15.0.2\bin"/>
    <property name="sun.java.command" value="org.apache.maven.surefire.booter.ForkedBooter C:\Users\WINDOWS 10\AppData\Local\Temp\surefire14368194495876546635 2023-06-24T00-33-33_328-jvmRun1 surefire16813274531234235244tmp surefire_017402427791665854982tmp"/>
    <property name="jdk.debug" value="release"/>
    <property name="surefire.test.class.path" value="C:\Users\WINDOWS 10\Documents\GitHub\Capstone\sociops_qe_api\target\test-classes;C:\Users\WINDOWS 10\.m2\repository\net\serenity-bdd\serenity-rest-assured\3.6.22\serenity-rest-assured-3.6.22.jar;C:\Users\WINDOWS 10\.m2\repository\org\apache\httpcomponents\httpclient\4.5.13\httpclient-4.5.13.jar;C:\Users\WINDOWS 10\.m2\repository\org\apache\httpcomponents\httpcore\4.4.13\httpcore-4.4.13.jar;C:\Users\WINDOWS 10\.m2\repository\commons-logging\commons-logging\1.2\commons-logging-1.2.jar;C:\Users\WINDOWS 10\.m2\repository\io\rest-assured\rest-assured\5.3.0\rest-assured-5.3.0.jar;C:\Users\WINDOWS 10\.m2\repository\org\apache\httpcomponents\httpmime\4.5.13\httpmime-4.5.13.jar;C:\Users\WINDOWS 10\.m2\repository\org\ccil\cowan\tagsoup\tagsoup\1.2.1\tagsoup-1.2.1.jar;C:\Users\WINDOWS 10\.m2\repository\io\rest-assured\json-path\5.3.0\json-path-5.3.0.jar;C:\Users\WINDOWS 10\.m2\repository\io\rest-assured\rest-assured-common\5.3.0\rest-assured-common-5.3.0.jar;C:\Users\WINDOWS 10\.m2\repository\io\rest-assured\xml-path\5.3.0\xml-path-5.3.0.jar;C:\Users\WINDOWS 10\.m2\repository\org\apache\groovy\groovy-json\4.0.10\groovy-json-4.0.10.jar;C:\Users\WINDOWS 10\.m2\repository\org\apache\groovy\groovy-xml\4.0.10\groovy-xml-4.0.10.jar;C:\Users\WINDOWS 10\.m2\repository\org\apache\groovy\groovy\4.0.10\groovy-4.0.10.jar;C:\Users\WINDOWS 10\.m2\repository\org\opentest4j\opentest4j\1.2.0\opentest4j-1.2.0.jar;C:\Users\WINDOWS 10\.m2\repository\net\serenity-bdd\serenity-core\3.6.21\serenity-core-3.6.21.jar;C:\Users\WINDOWS 10\.m2\repository\net\serenity-bdd\serenity-model\3.6.21\serenity-model-3.6.21.jar;C:\Users\WINDOWS 10\.m2\repository\org\apache\commons\commons-text\1.10.0\commons-text-1.10.0.jar;C:\Users\WINDOWS 10\.m2\repository\commons-net\commons-net\3.9.0\commons-net-3.9.0.jar;C:\Users\WINDOWS 10\.m2\repository\com\google\guava\guava\31.1-jre\guava-31.1-jre.jar;C:\Users\WINDOWS 10\.m2\repository\com\google\guava\failureaccess\1.0.1\failureaccess-1.0.1.jar;C:\Users\WINDOWS 10\.m2\repository\com\google\guava\listenablefuture\9999.0-empty-to-avoid-conflict-with-guava\listenablefuture-9999.0-empty-to-avoid-conflict-with-guava.jar;C:\Users\WINDOWS 10\.m2\repository\com\google\code\findbugs\jsr305\3.0.2\jsr305-3.0.2.jar;C:\Users\WINDOWS 10\.m2\repository\org\checkerframework\checker-qual\3.12.0\checker-qual-3.12.0.jar;C:\Users\WINDOWS 10\.m2\repository\com\google\errorprone\error_prone_annotations\2.11.0\error_prone_annotations-2.11.0.jar;C:\Users\WINDOWS 10\.m2\repository\com\google\j2objc\j2objc-annotations\1.3\j2objc-annotations-1.3.jar;C:\Users\WINDOWS 10\.m2\repository\com\google\inject\guice\5.1.0\guice-5.1.0.jar;C:\Users\WINDOWS 10\.m2\repository\javax\inject\javax.inject\1\javax.inject-1.jar;C:\Users\WINDOWS 10\.m2\repository\aopalliance\aopalliance\1.0\aopalliance-1.0.jar;C:\Users\WINDOWS 10\.m2\repository\org\jsoup\jsoup\1.14.3\jsoup-1.14.3.jar;C:\Users\WINDOWS 10\.m2\repository\com\thoughtworks\xstream\xstream\1.4.20\xstream-1.4.20.jar;C:\Users\WINDOWS 10\.m2\repository\io\github\x-stream\mxparser\1.2.2\mxparser-1.2.2.jar;C:\Users\WINDOWS 10\.m2\repository\xmlpull\xmlpull\1.1.3.1\xmlpull-1.1.3.1.jar;C:\Users\WINDOWS 10\.m2\repository\com\typesafe\config\1.4.2\config-1.4.2.jar;C:\Users\WINDOWS 10\.m2\repository\org\imgscalr\imgscalr-lib\4.2\imgscalr-lib-4.2.jar;C:\Users\WINDOWS 10\.m2\repository\org\awaitility\awaitility\4.2.0\awaitility-4.2.0.jar;C:\Users\WINDOWS 10\.m2\repository\org\freemarker\freemarker\2.3.31\freemarker-2.3.31.jar;C:\Users\WINDOWS 10\.m2\repository\io\github\classgraph\classgraph\4.8.138\classgraph-4.8.138.jar;C:\Users\WINDOWS 10\.m2\repository\net\sourceforge\jexcelapi\jxl\2.6.12\jxl-2.6.12.jar;C:\Users\WINDOWS 10\.m2\repository\net\bytebuddy\byte-buddy-agent\1.14.2\byte-buddy-agent-1.14.2.jar;C:\Users\WINDOWS 10\.m2\repository\org\objenesis\objenesis\3.3\objenesis-3.3.jar;C:\Users\WINDOWS 10\.m2\repository\net\serenity-bdd\serenity-reports\3.6.21\serenity-reports-3.6.21.jar;C:\Users\WINDOWS 10\.m2\repository\net\serenity-bdd\serenity-stats\3.6.21\serenity-stats-3.6.21.jar;C:\Users\WINDOWS 10\.m2\repository\net\serenity-bdd\serenity-reports-configuration\3.6.21\serenity-reports-configuration-3.6.21.jar;C:\Users\WINDOWS 10\.m2\repository\com\vladsch\flexmark\flexmark-all\0.62.2\flexmark-all-0.62.2.jar;C:\Users\WINDOWS 10\.m2\repository\com\vladsch\flexmark\flexmark\0.62.2\flexmark-0.62.2.jar;C:\Users\WINDOWS 10\.m2\repository\com\vladsch\flexmark\flexmark-ext-abbreviation\0.62.2\flexmark-ext-abbreviation-0.62.2.jar;C:\Users\WINDOWS 10\.m2\repository\com\vladsch\flexmark\flexmark-util\0.62.2\flexmark-util-0.62.2.jar;C:\Users\WINDOWS 10\.m2\repository\com\vladsch\flexmark\flexmark-ext-admonition\0.62.2\flexmark-ext-admonition-0.62.2.jar;C:\Users\WINDOWS 10\.m2\repository\com\vladsch\flexmark\flexmark-ext-anchorlink\0.62.2\flexmark-ext-anchorlink-0.62.2.jar;C:\Users\WINDOWS 10\.m2\repository\com\vladsch\flexmark\flexmark-ext-aside\0.62.2\flexmark-ext-aside-0.62.2.jar;C:\Users\WINDOWS 10\.m2\repository\com\vladsch\flexmark\flexmark-ext-attributes\0.62.2\flexmark-ext-attributes-0.62.2.jar;C:\Users\WINDOWS 10\.m2\repository\com\vladsch\flexmark\flexmark-ext-autolink\0.62.2\flexmark-ext-autolink-0.62.2.jar;C:\Users\WINDOWS 10\.m2\repository\org\nibor\autolink\autolink\0.6.0\autolink-0.6.0.jar;C:\Users\WINDOWS 10\.m2\repository\com\vladsch\flexmark\flexmark-ext-definition\0.62.2\flexmark-ext-definition-0.62.2.jar;C:\Users\WINDOWS 10\.m2\repository\com\vladsch\flexmark\flexmark-ext-emoji\0.62.2\flexmark-ext-emoji-0.62.2.jar;C:\Users\WINDOWS 10\.m2\repository\com\vladsch\flexmark\flexmark-ext-enumerated-reference\0.62.2\flexmark-ext-enumerated-reference-0.62.2.jar;C:\Users\WINDOWS 10\.m2\repository\com\vladsch\flexmark\flexmark-ext-escaped-character\0.62.2\flexmark-ext-escaped-character-0.62.2.jar;C:\Users\WINDOWS 10\.m2\repository\com\vladsch\flexmark\flexmark-ext-footnotes\0.62.2\flexmark-ext-footnotes-0.62.2.jar;C:\Users\WINDOWS 10\.m2\repository\com\vladsch\flexmark\flexmark-ext-gfm-issues\0.62.2\flexmark-ext-gfm-issues-0.62.2.jar;C:\Users\WINDOWS 10\.m2\repository\com\vladsch\flexmark\flexmark-ext-gfm-strikethrough\0.62.2\flexmark-ext-gfm-strikethrough-0.62.2.jar;C:\Users\WINDOWS 10\.m2\repository\com\vladsch\flexmark\flexmark-ext-gfm-tasklist\0.62.2\flexmark-ext-gfm-tasklist-0.62.2.jar;C:\Users\WINDOWS 10\.m2\repository\com\vladsch\flexmark\flexmark-ext-gfm-users\0.62.2\flexmark-ext-gfm-users-0.62.2.jar;C:\Users\WINDOWS 10\.m2\repository\com\vladsch\flexmark\flexmark-ext-gitlab\0.62.2\flexmark-ext-gitlab-0.62.2.jar;C:\Users\WINDOWS 10\.m2\repository\com\vladsch\flexmark\flexmark-ext-jekyll-front-matter\0.62.2\flexmark-ext-jekyll-front-matter-0.62.2.jar;C:\Users\WINDOWS 10\.m2\repository\com\vladsch\flexmark\flexmark-ext-jekyll-tag\0.62.2\flexmark-ext-jekyll-tag-0.62.2.jar;C:\Users\WINDOWS 10\.m2\repository\com\vladsch\flexmark\flexmark-ext-media-tags\0.62.2\flexmark-ext-media-tags-0.62.2.jar;C:\Users\WINDOWS 10\.m2\repository\com\vladsch\flexmark\flexmark-ext-macros\0.62.2\flexmark-ext-macros-0.62.2.jar;C:\Users\WINDOWS 10\.m2\repository\com\vladsch\flexmark\flexmark-ext-ins\0.62.2\flexmark-ext-ins-0.62.2.jar;C:\Users\WINDOWS 10\.m2\repository\com\vladsch\flexmark\flexmark-ext-xwiki-macros\0.62.2\flexmark-ext-xwiki-macros-0.62.2.jar;C:\Users\WINDOWS 10\.m2\repository\com\vladsch\flexmark\flexmark-ext-superscript\0.62.2\flexmark-ext-superscript-0.62.2.jar;C:\Users\WINDOWS 10\.m2\repository\com\vladsch\flexmark\flexmark-ext-tables\0.62.2\flexmark-ext-tables-0.62.2.jar;C:\Users\WINDOWS 10\.m2\repository\com\vladsch\flexmark\flexmark-ext-toc\0.62.2\flexmark-ext-toc-0.62.2.jar;C:\Users\WINDOWS 10\.m2\repository\com\vladsch\flexmark\flexmark-ext-typographic\0.62.2\flexmark-ext-typographic-0.62.2.jar;C:\Users\WINDOWS 10\.m2\repository\com\vladsch\flexmark\flexmark-ext-wikilink\0.62.2\flexmark-ext-wikilink-0.62.2.jar;C:\Users\WINDOWS 10\.m2\repository\com\vladsch\flexmark\flexmark-ext-yaml-front-matter\0.62.2\flexmark-ext-yaml-front-matter-0.62.2.jar;C:\Users\WINDOWS 10\.m2\repository\com\vladsch\flexmark\flexmark-ext-youtube-embedded\0.62.2\flexmark-ext-youtube-embedded-0.62.2.jar;C:\Users\WINDOWS 10\.m2\repository\com\vladsch\flexmark\flexmark-html2md-converter\0.62.2\flexmark-html2md-converter-0.62.2.jar;C:\Users\WINDOWS 10\.m2\repository\com\vladsch\flexmark\flexmark-jira-converter\0.62.2\flexmark-jira-converter-0.62.2.jar;C:\Users\WINDOWS 10\.m2\repository\com\vladsch\flexmark\flexmark-pdf-converter\0.62.2\flexmark-pdf-converter-0.62.2.jar;C:\Users\WINDOWS 10\.m2\repository\com\openhtmltopdf\openhtmltopdf-core\1.0.0\openhtmltopdf-core-1.0.0.jar;C:\Users\WINDOWS 10\.m2\repository\com\openhtmltopdf\openhtmltopdf-pdfbox\1.0.0\openhtmltopdf-pdfbox-1.0.0.jar;C:\Users\WINDOWS 10\.m2\repository\org\apache\pdfbox\pdfbox\2.0.16\pdfbox-2.0.16.jar;C:\Users\WINDOWS 10\.m2\repository\org\apache\pdfbox\fontbox\2.0.16\fontbox-2.0.16.jar;C:\Users\WINDOWS 10\.m2\repository\org\apache\pdfbox\xmpbox\2.0.16\xmpbox-2.0.16.jar;C:\Users\WINDOWS 10\.m2\repository\de\rototor\pdfbox\graphics2d\0.24\graphics2d-0.24.jar;C:\Users\WINDOWS 10\.m2\repository\com\openhtmltopdf\openhtmltopdf-rtl-support\1.0.0\openhtmltopdf-rtl-support-1.0.0.jar;C:\Users\WINDOWS 10\.m2\repository\com\openhtmltopdf\openhtmltopdf-jsoup-dom-converter\1.0.0\openhtmltopdf-jsoup-dom-converter-1.0.0.jar;C:\Users\WINDOWS 10\.m2\repository\com\vladsch\flexmark\flexmark-profile-pegdown\0.62.2\flexmark-profile-pegdown-0.62.2.jar;C:\Users\WINDOWS 10\.m2\repository\com\vladsch\flexmark\flexmark-util-ast\0.62.2\flexmark-util-ast-0.62.2.jar;C:\Users\WINDOWS 10\.m2\repository\com\vladsch\flexmark\flexmark-util-builder\0.62.2\flexmark-util-builder-0.62.2.jar;C:\Users\WINDOWS 10\.m2\repository\com\vladsch\flexmark\flexmark-util-collection\0.62.2\flexmark-util-collection-0.62.2.jar;C:\Users\WINDOWS 10\.m2\repository\com\vladsch\flexmark\flexmark-util-data\0.62.2\flexmark-util-data-0.62.2.jar;C:\Users\WINDOWS 10\.m2\repository\com\vladsch\flexmark\flexmark-util-dependency\0.62.2\flexmark-util-dependency-0.62.2.jar;C:\Users\WINDOWS 10\.m2\repository\com\vladsch\flexmark\flexmark-util-format\0.62.2\flexmark-util-format-0.62.2.jar;C:\Users\WINDOWS 10\.m2\repository\com\vladsch\flexmark\flexmark-util-html\0.62.2\flexmark-util-html-0.62.2.jar;C:\Users\WINDOWS 10\.m2\repository\com\vladsch\flexmark\flexmark-util-misc\0.62.2\flexmark-util-misc-0.62.2.jar;C:\Users\WINDOWS 10\.m2\repository\com\vladsch\flexmark\flexmark-util-options\0.62.2\flexmark-util-options-0.62.2.jar;C:\Users\WINDOWS 10\.m2\repository\com\vladsch\flexmark\flexmark-util-sequence\0.62.2\flexmark-util-sequence-0.62.2.jar;C:\Users\WINDOWS 10\.m2\repository\com\vladsch\flexmark\flexmark-util-visitor\0.62.2\flexmark-util-visitor-0.62.2.jar;C:\Users\WINDOWS 10\.m2\repository\com\vladsch\flexmark\flexmark-youtrack-converter\0.62.2\flexmark-youtrack-converter-0.62.2.jar;C:\Users\WINDOWS 10\.m2\repository\com\ibm\icu\icu4j\72.1\icu4j-72.1.jar;C:\Users\WINDOWS 10\.m2\repository\es\nitaur\markdown\txtmark\0.16\txtmark-0.16.jar;C:\Users\WINDOWS 10\.m2\repository\net\serenity-bdd\serenity-report-resources\3.6.21\serenity-report-resources-3.6.21.jar;C:\Users\WINDOWS 10\.m2\repository\com\google\code\gson\gson\2.10.1\gson-2.10.1.jar;C:\Users\WINDOWS 10\.m2\repository\com\fasterxml\jackson\core\jackson-core\2.15.0-rc1\jackson-core-2.15.0-rc1.jar;C:\Users\WINDOWS 10\.m2\repository\com\fasterxml\jackson\core\jackson-databind\2.15.0-rc1\jackson-databind-2.15.0-rc1.jar;C:\Users\WINDOWS 10\.m2\repository\com\fasterxml\jackson\core\jackson-annotations\2.15.0-rc1\jackson-annotations-2.15.0-rc1.jar;C:\Users\WINDOWS 10\.m2\repository\commons-codec\commons-codec\1.15\commons-codec-1.15.jar;C:\Users\WINDOWS 10\.m2\repository\commons-io\commons-io\2.11.0\commons-io-2.11.0.jar;C:\Users\WINDOWS 10\.m2\repository\org\seleniumhq\selenium\selenium-java\4.8.1\selenium-java-4.8.1.jar;C:\Users\WINDOWS 10\.m2\repository\org\seleniumhq\selenium\selenium-devtools-v108\4.8.1\selenium-devtools-v108-4.8.1.jar;C:\Users\WINDOWS 10\.m2\repository\org\seleniumhq\selenium\selenium-devtools-v109\4.8.1\selenium-devtools-v109-4.8.1.jar;C:\Users\WINDOWS 10\.m2\repository\org\seleniumhq\selenium\selenium-devtools-v110\4.8.1\selenium-devtools-v110-4.8.1.jar;C:\Users\WINDOWS 10\.m2\repository\org\seleniumhq\selenium\selenium-devtools-v85\4.8.1\selenium-devtools-v85-4.8.1.jar;C:\Users\WINDOWS 10\.m2\repository\org\seleniumhq\selenium\selenium-remote-driver\4.8.1\selenium-remote-driver-4.8.1.jar;C:\Users\WINDOWS 10\.m2\repository\com\beust\jcommander\1.82\jcommander-1.82.jar;C:\Users\WINDOWS 10\.m2\repository\io\netty\netty-buffer\4.1.87.Final\netty-buffer-4.1.87.Final.jar;C:\Users\WINDOWS 10\.m2\repository\io\netty\netty-codec-http\4.1.87.Final\netty-codec-http-4.1.87.Final.jar;C:\Users\WINDOWS 10\.m2\repository\io\netty\netty-codec\4.1.87.Final\netty-codec-4.1.87.Final.jar;C:\Users\WINDOWS 10\.m2\repository\io\netty\netty-handler\4.1.87.Final\netty-handler-4.1.87.Final.jar;C:\Users\WINDOWS 10\.m2\repository\io\netty\netty-common\4.1.87.Final\netty-common-4.1.87.Final.jar;C:\Users\WINDOWS 10\.m2\repository\io\netty\netty-transport-classes-epoll\4.1.87.Final\netty-transport-classes-epoll-4.1.87.Final.jar;C:\Users\WINDOWS 10\.m2\repository\io\netty\netty-transport-classes-kqueue\4.1.87.Final\netty-transport-classes-kqueue-4.1.87.Final.jar;C:\Users\WINDOWS 10\.m2\repository\io\netty\netty-transport-native-epoll\4.1.87.Final\netty-transport-native-epoll-4.1.87.Final.jar;C:\Users\WINDOWS 10\.m2\repository\io\netty\netty-transport-native-kqueue\4.1.87.Final\netty-transport-native-kqueue-4.1.87.Final.jar;C:\Users\WINDOWS 10\.m2\repository\io\netty\netty-transport-native-unix-common\4.1.87.Final\netty-transport-native-unix-common-4.1.87.Final.jar;C:\Users\WINDOWS 10\.m2\repository\io\netty\netty-transport\4.1.87.Final\netty-transport-4.1.87.Final.jar;C:\Users\WINDOWS 10\.m2\repository\io\netty\netty-resolver\4.1.87.Final\netty-resolver-4.1.87.Final.jar;C:\Users\WINDOWS 10\.m2\repository\io\opentelemetry\opentelemetry-api\1.22.0\opentelemetry-api-1.22.0.jar;C:\Users\WINDOWS 10\.m2\repository\io\opentelemetry\opentelemetry-context\1.22.0\opentelemetry-context-1.22.0.jar;C:\Users\WINDOWS 10\.m2\repository\io\opentelemetry\opentelemetry-exporter-logging\1.22.0\opentelemetry-exporter-logging-1.22.0.jar;C:\Users\WINDOWS 10\.m2\repository\io\opentelemetry\opentelemetry-sdk-metrics\1.22.0\opentelemetry-sdk-metrics-1.22.0.jar;C:\Users\WINDOWS 10\.m2\repository\io\opentelemetry\opentelemetry-sdk-logs\1.22.0-alpha\opentelemetry-sdk-logs-1.22.0-alpha.jar;C:\Users\WINDOWS 10\.m2\repository\io\opentelemetry\opentelemetry-api-logs\1.22.0-alpha\opentelemetry-api-logs-1.22.0-alpha.jar;C:\Users\WINDOWS 10\.m2\repository\io\opentelemetry\opentelemetry-sdk-common\1.22.0\opentelemetry-sdk-common-1.22.0.jar;C:\Users\WINDOWS 10\.m2\repository\io\opentelemetry\opentelemetry-sdk-extension-autoconfigure-spi\1.22.0\opentelemetry-sdk-extension-autoconfigure-spi-1.22.0.jar;C:\Users\WINDOWS 10\.m2\repository\io\opentelemetry\opentelemetry-sdk-extension-autoconfigure\1.22.0-alpha\opentelemetry-sdk-extension-autoconfigure-1.22.0-alpha.jar;C:\Users\WINDOWS 10\.m2\repository\io\opentelemetry\opentelemetry-sdk-trace\1.22.0\opentelemetry-sdk-trace-1.22.0.jar;C:\Users\WINDOWS 10\.m2\repository\io\opentelemetry\opentelemetry-sdk\1.22.0\opentelemetry-sdk-1.22.0.jar;C:\Users\WINDOWS 10\.m2\repository\io\opentelemetry\opentelemetry-semconv\1.22.0-alpha\opentelemetry-semconv-1.22.0-alpha.jar;C:\Users\WINDOWS 10\.m2\repository\io\ous\jtoml\2.0.0\jtoml-2.0.0.jar;C:\Users\WINDOWS 10\.m2\repository\org\apache\commons\commons-exec\1.3\commons-exec-1.3.jar;C:\Users\WINDOWS 10\.m2\repository\org\asynchttpclient\async-http-client\2.12.3\async-http-client-2.12.3.jar;C:\Users\WINDOWS 10\.m2\repository\org\asynchttpclient\async-http-client-netty-utils\2.12.3\async-http-client-netty-utils-2.12.3.jar;C:\Users\WINDOWS 10\.m2\repository\io\netty\netty-codec-socks\4.1.60.Final\netty-codec-socks-4.1.60.Final.jar;C:\Users\WINDOWS 10\.m2\repository\io\netty\netty-handler-proxy\4.1.60.Final\netty-handler-proxy-4.1.60.Final.jar;C:\Users\WINDOWS 10\.m2\repository\io\netty\netty-transport-native-epoll\4.1.60.Final\netty-transport-native-epoll-4.1.60.Final-linux-x86_64.jar;C:\Users\WINDOWS 10\.m2\repository\io\netty\netty-transport-native-kqueue\4.1.60.Final\netty-transport-native-kqueue-4.1.60.Final-osx-x86_64.jar;C:\Users\WINDOWS 10\.m2\repository\org\reactivestreams\reactive-streams\1.0.3\reactive-streams-1.0.3.jar;C:\Users\WINDOWS 10\.m2\repository\com\typesafe\netty\netty-reactive-streams\2.0.4\netty-reactive-streams-2.0.4.jar;C:\Users\WINDOWS 10\.m2\repository\org\seleniumhq\selenium\selenium-manager\4.8.1\selenium-manager-4.8.1.jar;C:\Users\WINDOWS 10\.m2\repository\org\seleniumhq\selenium\selenium-safari-driver\4.8.1\selenium-safari-driver-4.8.1.jar;C:\Users\WINDOWS 10\.m2\repository\org\seleniumhq\selenium\selenium-api\4.8.1\selenium-api-4.8.1.jar;C:\Users\WINDOWS 10\.m2\repository\org\seleniumhq\selenium\selenium-support\4.8.1\selenium-support-4.8.1.jar;C:\Users\WINDOWS 10\.m2\repository\com\google\auto\service\auto-service-annotations\1.0.1\auto-service-annotations-1.0.1.jar;C:\Users\WINDOWS 10\.m2\repository\com\google\auto\service\auto-service\1.0.1\auto-service-1.0.1.jar;C:\Users\WINDOWS 10\.m2\repository\com\google\auto\auto-common\1.2\auto-common-1.2.jar;C:\Users\WINDOWS 10\.m2\repository\org\seleniumhq\selenium\selenium-json\4.8.1\selenium-json-4.8.1.jar;C:\Users\WINDOWS 10\.m2\repository\org\seleniumhq\selenium\selenium-chrome-driver\4.8.1\selenium-chrome-driver-4.8.1.jar;C:\Users\WINDOWS 10\.m2\repository\org\seleniumhq\selenium\selenium-chromium-driver\4.8.1\selenium-chromium-driver-4.8.1.jar;C:\Users\WINDOWS 10\.m2\repository\org\seleniumhq\selenium\selenium-firefox-driver\4.8.1\selenium-firefox-driver-4.8.1.jar;C:\Users\WINDOWS 10\.m2\repository\org\seleniumhq\selenium\selenium-http\4.8.1\selenium-http-4.8.1.jar;C:\Users\WINDOWS 10\.m2\repository\dev\failsafe\failsafe\3.3.0\failsafe-3.3.0.jar;C:\Users\WINDOWS 10\.m2\repository\org\seleniumhq\selenium\selenium-edge-driver\4.8.1\selenium-edge-driver-4.8.1.jar;C:\Users\WINDOWS 10\.m2\repository\org\seleniumhq\selenium\selenium-ie-driver\4.8.1\selenium-ie-driver-4.8.1.jar;C:\Users\WINDOWS 10\.m2\repository\org\projectlombok\lombok\1.18.20\lombok-1.18.20.jar;C:\Users\WINDOWS 10\.m2\repository\io\appium\java-client\8.3.0\java-client-8.3.0.jar;C:\Users\WINDOWS 10\.m2\repository\commons-validator\commons-validator\1.7\commons-validator-1.7.jar;C:\Users\WINDOWS 10\.m2\repository\commons-digester\commons-digester\2.1\commons-digester-2.1.jar;C:\Users\WINDOWS 10\.m2\repository\net\sf\opencsv\opencsv\2.0\opencsv-2.0.jar;C:\Users\WINDOWS 10\.m2\repository\commons-beanutils\commons-beanutils\1.9.4\commons-beanutils-1.9.4.jar;C:\Users\WINDOWS 10\.m2\repository\org\apache\commons\commons-lang3\3.12.0\commons-lang3-3.12.0.jar;C:\Users\WINDOWS 10\.m2\repository\commons-collections\commons-collections\3.2.2\commons-collections-3.2.2.jar;C:\Users\WINDOWS 10\.m2\repository\org\fluentlenium\fluentlenium-core\0.10.2\fluentlenium-core-0.10.2.jar;C:\Users\WINDOWS 10\.m2\repository\io\github\bonigarcia\webdrivermanager\5.3.0\webdrivermanager-5.3.0.jar;C:\Users\WINDOWS 10\.m2\repository\com\github\docker-java\docker-java\3.2.13\docker-java-3.2.13.jar;C:\Users\WINDOWS 10\.m2\repository\com\github\docker-java\docker-java-core\3.2.13\docker-java-core-3.2.13.jar;C:\Users\WINDOWS 10\.m2\repository\com\github\docker-java\docker-java-api\3.2.13\docker-java-api-3.2.13.jar;C:\Users\WINDOWS 10\.m2\repository\org\apache\commons\commons-compress\1.21\commons-compress-1.21.jar;C:\Users\WINDOWS 10\.m2\repository\org\bouncycastle\bcpkix-jdk15on\1.64\bcpkix-jdk15on-1.64.jar;C:\Users\WINDOWS 10\.m2\repository\org\bouncycastle\bcprov-jdk15on\1.64\bcprov-jdk15on-1.64.jar;C:\Users\WINDOWS 10\.m2\repository\org\slf4j\jcl-over-slf4j\1.7.30\jcl-over-slf4j-1.7.30.jar;C:\Users\WINDOWS 10\.m2\repository\com\github\docker-java\docker-java-transport-httpclient5\3.2.13\docker-java-transport-httpclient5-3.2.13.jar;C:\Users\WINDOWS 10\.m2\repository\com\github\docker-java\docker-java-transport\3.2.13\docker-java-transport-3.2.13.jar;C:\Users\WINDOWS 10\.m2\repository\net\java\dev\jna\jna\5.8.0\jna-5.8.0.jar;C:\Users\WINDOWS 10\.m2\repository\org\brotli\dec\0.1.2\dec-0.1.2.jar;C:\Users\WINDOWS 10\.m2\repository\org\apache\httpcomponents\client5\httpclient5\5.1.3\httpclient5-5.1.3.jar;C:\Users\WINDOWS 10\.m2\repository\org\apache\httpcomponents\core5\httpcore5\5.1.3\httpcore5-5.1.3.jar;C:\Users\WINDOWS 10\.m2\repository\org\apache\httpcomponents\core5\httpcore5-h2\5.1.3\httpcore5-h2-5.1.3.jar;C:\Users\WINDOWS 10\.m2\repository\com\jhlabs\filters\2.0.235\filters-2.0.235.jar;C:\Users\WINDOWS 10\.m2\repository\com\paulhammant\ngwebdriver\1.1.6\ngwebdriver-1.1.6.jar;C:\Users\WINDOWS 10\.m2\repository\joda-time\joda-time\2.12.2\joda-time-2.12.2.jar;C:\Users\WINDOWS 10\.m2\repository\org\hamcrest\hamcrest\2.2\hamcrest-2.2.jar;C:\Users\WINDOWS 10\.m2\repository\com\google\jimfs\jimfs\1.2\jimfs-1.2.jar;C:\Users\WINDOWS 10\.m2\repository\org\mockito\mockito-core\3.3.3\mockito-core-3.3.3.jar;C:\Users\WINDOWS 10\.m2\repository\javax\xml\bind\jaxb-api\2.3.1\jaxb-api-2.3.1.jar;C:\Users\WINDOWS 10\.m2\repository\javax\activation\javax.activation-api\1.2.0\javax.activation-api-1.2.0.jar;C:\Users\WINDOWS 10\.m2\repository\com\sun\xml\bind\jaxb-core\2.3.0.1\jaxb-core-2.3.0.1.jar;C:\Users\WINDOWS 10\.m2\repository\com\sun\xml\bind\jaxb-impl\2.3.3\jaxb-impl-2.3.3.jar;C:\Users\WINDOWS 10\.m2\repository\jakarta\xml\bind\jakarta.xml.bind-api\2.3.3\jakarta.xml.bind-api-2.3.3.jar;C:\Users\WINDOWS 10\.m2\repository\com\sun\activation\jakarta.activation\1.2.2\jakarta.activation-1.2.2.jar;C:\Users\WINDOWS 10\.m2\repository\javax\activation\activation\1.1.1\activation-1.1.1.jar;C:\Users\WINDOWS 10\.m2\repository\net\serenity-bdd\serenity-cucumber\3.6.21\serenity-cucumber-3.6.21.jar;C:\Users\WINDOWS 10\.m2\repository\io\cucumber\cucumber-core\7.11.0\cucumber-core-7.11.0.jar;C:\Users\WINDOWS 10\.m2\repository\io\cucumber\cucumber-gherkin\7.11.0\cucumber-gherkin-7.11.0.jar;C:\Users\WINDOWS 10\.m2\repository\io\cucumber\cucumber-gherkin-messages\7.11.0\cucumber-gherkin-messages-7.11.0.jar;C:\Users\WINDOWS 10\.m2\repository\io\cucumber\gherkin\26.0.3\gherkin-26.0.3.jar;C:\Users\WINDOWS 10\.m2\repository\io\cucumber\messages\21.0.1\messages-21.0.1.jar;C:\Users\WINDOWS 10\.m2\repository\io\cucumber\tag-expressions\5.0.1\tag-expressions-5.0.1.jar;C:\Users\WINDOWS 10\.m2\repository\io\cucumber\cucumber-expressions\16.1.1\cucumber-expressions-16.1.1.jar;C:\Users\WINDOWS 10\.m2\repository\io\cucumber\datatable\7.11.0\datatable-7.11.0.jar;C:\Users\WINDOWS 10\.m2\repository\io\cucumber\cucumber-plugin\7.11.0\cucumber-plugin-7.11.0.jar;C:\Users\WINDOWS 10\.m2\repository\io\cucumber\docstring\7.11.0\docstring-7.11.0.jar;C:\Users\WINDOWS 10\.m2\repository\io\cucumber\html-formatter\20.2.1\html-formatter-20.2.1.jar;C:\Users\WINDOWS 10\.m2\repository\io\cucumber\junit-xml-formatter\0.1.0\junit-xml-formatter-0.1.0.jar;C:\Users\WINDOWS 10\.m2\repository\io\cucumber\ci-environment\9.1.0\ci-environment-9.1.0.jar;C:\Users\WINDOWS 10\.m2\repository\io\cucumber\cucumber-java\7.11.0\cucumber-java-7.11.0.jar;C:\Users\WINDOWS 10\.m2\repository\io\cucumber\cucumber-junit\7.11.0\cucumber-junit-7.11.0.jar;C:\Users\WINDOWS 10\.m2\repository\org\apache\commons\commons-csv\1.5\commons-csv-1.5.jar;C:\Users\WINDOWS 10\.m2\repository\net\serenity-bdd\serenity-screenplay\3.6.21\serenity-screenplay-3.6.21.jar;C:\Users\WINDOWS 10\.m2\repository\net\serenity-bdd\serenity-screenplay-webdriver\3.6.21\serenity-screenplay-webdriver-3.6.21.jar;C:\Users\WINDOWS 10\.m2\repository\net\serenity-bdd\serenity-ensure\3.6.21\serenity-ensure-3.6.21.jar;C:\Users\WINDOWS 10\.m2\repository\net\serenity-bdd\serenity-junit\3.6.21\serenity-junit-3.6.21.jar;C:\Users\WINDOWS 10\.m2\repository\org\jetbrains\kotlin\kotlin-stdlib\1.8.10\kotlin-stdlib-1.8.10.jar;C:\Users\WINDOWS 10\.m2\repository\org\jetbrains\kotlin\kotlin-stdlib-common\1.8.10\kotlin-stdlib-common-1.8.10.jar;C:\Users\WINDOWS 10\.m2\repository\org\jetbrains\annotations\13.0\annotations-13.0.jar;C:\Users\WINDOWS 10\.m2\repository\org\junit\platform\junit-platform-launcher\1.8.2\junit-platform-launcher-1.8.2.jar;C:\Users\WINDOWS 10\.m2\repository\org\junit\platform\junit-platform-engine\1.8.2\junit-platform-engine-1.8.2.jar;C:\Users\WINDOWS 10\.m2\repository\org\junit\platform\junit-platform-commons\1.8.2\junit-platform-commons-1.8.2.jar;C:\Users\WINDOWS 10\.m2\repository\org\apiguardian\apiguardian-api\1.1.2\apiguardian-api-1.1.2.jar;C:\Users\WINDOWS 10\.m2\repository\org\junit\jupiter\junit-jupiter-engine\5.8.2\junit-jupiter-engine-5.8.2.jar;C:\Users\WINDOWS 10\.m2\repository\org\junit\jupiter\junit-jupiter-api\5.8.2\junit-jupiter-api-5.8.2.jar;C:\Users\WINDOWS 10\.m2\repository\org\junit\vintage\junit-vintage-engine\5.8.2\junit-vintage-engine-5.8.2.jar;C:\Users\WINDOWS 10\.m2\repository\junit\junit\4.13.2\junit-4.13.2.jar;C:\Users\WINDOWS 10\.m2\repository\org\hamcrest\hamcrest-core\1.3\hamcrest-core-1.3.jar;C:\Users\WINDOWS 10\.m2\repository\ch\qos\logback\logback-classic\1.2.10\logback-classic-1.2.10.jar;C:\Users\WINDOWS 10\.m2\repository\ch\qos\logback\logback-core\1.2.10\logback-core-1.2.10.jar;C:\Users\WINDOWS 10\.m2\repository\org\slf4j\slf4j-api\1.7.32\slf4j-api-1.7.32.jar;C:\Users\WINDOWS 10\.m2\repository\org\assertj\assertj-core\3.23.1\assertj-core-3.23.1.jar;C:\Users\WINDOWS 10\.m2\repository\net\bytebuddy\byte-buddy\1.12.10\byte-buddy-1.12.10.jar;C:\Users\WINDOWS 10\.m2\repository\com\googlecode\json-simple\json-simple\1.1.1\json-simple-1.1.1.jar;"/>
    <property name="sun.cpu.endian" value="little"/>
    <property name="user.home" value="C:\Users\WINDOWS 10"/>
    <property name="user.language" value="en"/>
    <property name="java.specification.vendor" value="Oracle Corporation"/>
    <property name="jdk.module.path" value="C:\Users\WINDOWS 10\Documents\GitHub\Capstone\sociops_qe_api\target\minpro-1.0-SNAPSHOT.jar"/>
    <property name="java.version.date" value="2021-01-19"/>
    <property name="java.home" value="C:\Program Files\Java\jdk-15.0.2"/>
    <property name="file.separator" value="\"/>
    <property name="basedir" value="C:\Users\WINDOWS 10\Documents\GitHub\Capstone\sociops_qe_api"/>
    <property name="java.vm.compressedOopsMode" value="Zero based"/>
    <property name="line.separator" value="&#10;"/>
    <property name="java.vm.specification.vendor" value="Oracle Corporation"/>
    <property name="java.specification.name" value="Java Platform API Specification"/>
    <property name="surefire.real.class.path" value="C:\Users\WINDOWS 10\.m2\repository\org\apache\maven\surefire\surefire-booter\3.0.0-M5\surefire-booter-3.0.0-M5.jar;C:\Users\WINDOWS 10\.m2\repository\org\apache\maven\surefire\surefire-api\3.0.0-M5\surefire-api-3.0.0-M5.jar;C:\Users\WINDOWS 10\.m2\repository\org\apache\maven\surefire\surefire-logger-api\3.0.0-M5\surefire-logger-api-3.0.0-M5.jar;C:\Users\WINDOWS 10\.m2\repository\org\apache\maven\surefire\surefire-shared-utils\3.0.0-M4\surefire-shared-utils-3.0.0-M4.jar;C:\Users\WINDOWS 10\.m2\repository\org\apache\maven\surefire\surefire-extensions-spi\3.0.0-M5\surefire-extensions-spi-3.0.0-M5.jar;C:\Users\WINDOWS 10\Documents\GitHub\Capstone\sociops_qe_api\target\test-classes;C:\Users\WINDOWS 10\.m2\repository\net\serenity-bdd\serenity-rest-assured\3.6.22\serenity-rest-assured-3.6.22.jar;C:\Users\WINDOWS 10\.m2\repository\org\apache\httpcomponents\httpclient\4.5.13\httpclient-4.5.13.jar;C:\Users\WINDOWS 10\.m2\repository\org\apache\httpcomponents\httpcore\4.4.13\httpcore-4.4.13.jar;C:\Users\WINDOWS 10\.m2\repository\commons-logging\commons-logging\1.2\commons-logging-1.2.jar;C:\Users\WINDOWS 10\.m2\repository\io\rest-assured\rest-assured\5.3.0\rest-assured-5.3.0.jar;C:\Users\WINDOWS 10\.m2\repository\org\apache\httpcomponents\httpmime\4.5.13\httpmime-4.5.13.jar;C:\Users\WINDOWS 10\.m2\repository\org\ccil\cowan\tagsoup\tagsoup\1.2.1\tagsoup-1.2.1.jar;C:\Users\WINDOWS 10\.m2\repository\io\rest-assured\json-path\5.3.0\json-path-5.3.0.jar;C:\Users\WINDOWS 10\.m2\repository\io\rest-assured\rest-assured-common\5.3.0\rest-assured-common-5.3.0.jar;C:\Users\WINDOWS 10\.m2\repository\io\rest-assured\xml-path\5.3.0\xml-path-5.3.0.jar;C:\Users\WINDOWS 10\.m2\repository\org\apache\groovy\groovy-json\4.0.10\groovy-json-4.0.10.jar;C:\Users\WINDOWS 10\.m2\repository\org\apache\groovy\groovy-xml\4.0.10\groovy-xml-4.0.10.jar;C:\Users\WINDOWS 10\.m2\repository\org\apache\groovy\groovy\4.0.10\groovy-4.0.10.jar;C:\Users\WINDOWS 10\.m2\repository\org\opentest4j\opentest4j\1.2.0\opentest4j-1.2.0.jar;C:\Users\WINDOWS 10\.m2\repository\net\serenity-bdd\serenity-core\3.6.21\serenity-core-3.6.21.jar;C:\Users\WINDOWS 10\.m2\repository\net\serenity-bdd\serenity-model\3.6.21\serenity-model-3.6.21.jar;C:\Users\WINDOWS 10\.m2\repository\org\apache\commons\commons-text\1.10.0\commons-text-1.10.0.jar;C:\Users\WINDOWS 10\.m2\repository\commons-net\commons-net\3.9.0\commons-net-3.9.0.jar;C:\Users\WINDOWS 10\.m2\repository\com\google\guava\guava\31.1-jre\guava-31.1-jre.jar;C:\Users\WINDOWS 10\.m2\repository\com\google\guava\failureaccess\1.0.1\failureaccess-1.0.1.jar;C:\Users\WINDOWS 10\.m2\repository\com\google\guava\listenablefuture\9999.0-empty-to-avoid-conflict-with-guava\listenablefuture-9999.0-empty-to-avoid-conflict-with-guava.jar;C:\Users\WINDOWS 10\.m2\repository\com\google\code\findbugs\jsr305\3.0.2\jsr305-3.0.2.jar;C:\Users\WINDOWS 10\.m2\repository\org\checkerframework\checker-qual\3.12.0\checker-qual-3.12.0.jar;C:\Users\WINDOWS 10\.m2\repository\com\google\errorprone\error_prone_annotations\2.11.0\error_prone_annotations-2.11.0.jar;C:\Users\WINDOWS 10\.m2\repository\com\google\j2objc\j2objc-annotations\1.3\j2objc-annotations-1.3.jar;C:\Users\WINDOWS 10\.m2\repository\com\google\inject\guice\5.1.0\guice-5.1.0.jar;C:\Users\WINDOWS 10\.m2\repository\javax\inject\javax.inject\1\javax.inject-1.jar;C:\Users\WINDOWS 10\.m2\repository\aopalliance\aopalliance\1.0\aopalliance-1.0.jar;C:\Users\WINDOWS 10\.m2\repository\org\jsoup\jsoup\1.14.3\jsoup-1.14.3.jar;C:\Users\WINDOWS 10\.m2\repository\com\thoughtworks\xstream\xstream\1.4.20\xstream-1.4.20.jar;C:\Users\WINDOWS 10\.m2\repository\io\github\x-stream\mxparser\1.2.2\mxparser-1.2.2.jar;C:\Users\WINDOWS 10\.m2\repository\xmlpull\xmlpull\1.1.3.1\xmlpull-1.1.3.1.jar;C:\Users\WINDOWS 10\.m2\repository\com\typesafe\config\1.4.2\config-1.4.2.jar;C:\Users\WINDOWS 10\.m2\repository\org\imgscalr\imgscalr-lib\4.2\imgscalr-lib-4.2.jar;C:\Users\WINDOWS 10\.m2\repository\org\awaitility\awaitility\4.2.0\awaitility-4.2.0.jar;C:\Users\WINDOWS 10\.m2\repository\org\freemarker\freemarker\2.3.31\freemarker-2.3.31.jar;C:\Users\WINDOWS 10\.m2\repository\io\github\classgraph\classgraph\4.8.138\classgraph-4.8.138.jar;C:\Users\WINDOWS 10\.m2\repository\net\sourceforge\jexcelapi\jxl\2.6.12\jxl-2.6.12.jar;C:\Users\WINDOWS 10\.m2\repository\net\bytebuddy\byte-buddy-agent\1.14.2\byte-buddy-agent-1.14.2.jar;C:\Users\WINDOWS 10\.m2\repository\org\objenesis\objenesis\3.3\objenesis-3.3.jar;C:\Users\WINDOWS 10\.m2\repository\net\serenity-bdd\serenity-reports\3.6.21\serenity-reports-3.6.21.jar;C:\Users\WINDOWS 10\.m2\repository\net\serenity-bdd\serenity-stats\3.6.21\serenity-stats-3.6.21.jar;C:\Users\WINDOWS 10\.m2\repository\net\serenity-bdd\serenity-reports-configuration\3.6.21\serenity-reports-configuration-3.6.21.jar;C:\Users\WINDOWS 10\.m2\repository\com\vladsch\flexmark\flexmark-all\0.62.2\flexmark-all-0.62.2.jar;C:\Users\WINDOWS 10\.m2\repository\com\vladsch\flexmark\flexmark\0.62.2\flexmark-0.62.2.jar;C:\Users\WINDOWS 10\.m2\repository\com\vladsch\flexmark\flexmark-ext-abbreviation\0.62.2\flexmark-ext-abbreviation-0.62.2.jar;C:\Users\WINDOWS 10\.m2\repository\com\vladsch\flexmark\flexmark-util\0.62.2\flexmark-util-0.62.2.jar;C:\Users\WINDOWS 10\.m2\repository\com\vladsch\flexmark\flexmark-ext-admonition\0.62.2\flexmark-ext-admonition-0.62.2.jar;C:\Users\WINDOWS 10\.m2\repository\com\vladsch\flexmark\flexmark-ext-anchorlink\0.62.2\flexmark-ext-anchorlink-0.62.2.jar;C:\Users\WINDOWS 10\.m2\repository\com\vladsch\flexmark\flexmark-ext-aside\0.62.2\flexmark-ext-aside-0.62.2.jar;C:\Users\WINDOWS 10\.m2\repository\com\vladsch\flexmark\flexmark-ext-attributes\0.62.2\flexmark-ext-attributes-0.62.2.jar;C:\Users\WINDOWS 10\.m2\repository\com\vladsch\flexmark\flexmark-ext-autolink\0.62.2\flexmark-ext-autolink-0.62.2.jar;C:\Users\WINDOWS 10\.m2\repository\org\nibor\autolink\autolink\0.6.0\autolink-0.6.0.jar;C:\Users\WINDOWS 10\.m2\repository\com\vladsch\flexmark\flexmark-ext-definition\0.62.2\flexmark-ext-definition-0.62.2.jar;C:\Users\WINDOWS 10\.m2\repository\com\vladsch\flexmark\flexmark-ext-emoji\0.62.2\flexmark-ext-emoji-0.62.2.jar;C:\Users\WINDOWS 10\.m2\repository\com\vladsch\flexmark\flexmark-ext-enumerated-reference\0.62.2\flexmark-ext-enumerated-reference-0.62.2.jar;C:\Users\WINDOWS 10\.m2\repository\com\vladsch\flexmark\flexmark-ext-escaped-character\0.62.2\flexmark-ext-escaped-character-0.62.2.jar;C:\Users\WINDOWS 10\.m2\repository\com\vladsch\flexmark\flexmark-ext-footnotes\0.62.2\flexmark-ext-footnotes-0.62.2.jar;C:\Users\WINDOWS 10\.m2\repository\com\vladsch\flexmark\flexmark-ext-gfm-issues\0.62.2\flexmark-ext-gfm-issues-0.62.2.jar;C:\Users\WINDOWS 10\.m2\repository\com\vladsch\flexmark\flexmark-ext-gfm-strikethrough\0.62.2\flexmark-ext-gfm-strikethrough-0.62.2.jar;C:\Users\WINDOWS 10\.m2\repository\com\vladsch\flexmark\flexmark-ext-gfm-tasklist\0.62.2\flexmark-ext-gfm-tasklist-0.62.2.jar;C:\Users\WINDOWS 10\.m2\repository\com\vladsch\flexmark\flexmark-ext-gfm-users\0.62.2\flexmark-ext-gfm-users-0.62.2.jar;C:\Users\WINDOWS 10\.m2\repository\com\vladsch\flexmark\flexmark-ext-gitlab\0.62.2\flexmark-ext-gitlab-0.62.2.jar;C:\Users\WINDOWS 10\.m2\repository\com\vladsch\flexmark\flexmark-ext-jekyll-front-matter\0.62.2\flexmark-ext-jekyll-front-matter-0.62.2.jar;C:\Users\WINDOWS 10\.m2\repository\com\vladsch\flexmark\flexmark-ext-jekyll-tag\0.62.2\flexmark-ext-jekyll-tag-0.62.2.jar;C:\Users\WINDOWS 10\.m2\repository\com\vladsch\flexmark\flexmark-ext-media-tags\0.62.2\flexmark-ext-media-tags-0.62.2.jar;C:\Users\WINDOWS 10\.m2\repository\com\vladsch\flexmark\flexmark-ext-macros\0.62.2\flexmark-ext-macros-0.62.2.jar;C:\Users\WINDOWS 10\.m2\repository\com\vladsch\flexmark\flexmark-ext-ins\0.62.2\flexmark-ext-ins-0.62.2.jar;C:\Users\WINDOWS 10\.m2\repository\com\vladsch\flexmark\flexmark-ext-xwiki-macros\0.62.2\flexmark-ext-xwiki-macros-0.62.2.jar;C:\Users\WINDOWS 10\.m2\repository\com\vladsch\flexmark\flexmark-ext-superscript\0.62.2\flexmark-ext-superscript-0.62.2.jar;C:\Users\WINDOWS 10\.m2\repository\com\vladsch\flexmark\flexmark-ext-tables\0.62.2\flexmark-ext-tables-0.62.2.jar;C:\Users\WINDOWS 10\.m2\repository\com\vladsch\flexmark\flexmark-ext-toc\0.62.2\flexmark-ext-toc-0.62.2.jar;C:\Users\WINDOWS 10\.m2\repository\com\vladsch\flexmark\flexmark-ext-typographic\0.62.2\flexmark-ext-typographic-0.62.2.jar;C:\Users\WINDOWS 10\.m2\repository\com\vladsch\flexmark\flexmark-ext-wikilink\0.62.2\flexmark-ext-wikilink-0.62.2.jar;C:\Users\WINDOWS 10\.m2\repository\com\vladsch\flexmark\flexmark-ext-yaml-front-matter\0.62.2\flexmark-ext-yaml-front-matter-0.62.2.jar;C:\Users\WINDOWS 10\.m2\repository\com\vladsch\flexmark\flexmark-ext-youtube-embedded\0.62.2\flexmark-ext-youtube-embedded-0.62.2.jar;C:\Users\WINDOWS 10\.m2\repository\com\vladsch\flexmark\flexmark-html2md-converter\0.62.2\flexmark-html2md-converter-0.62.2.jar;C:\Users\WINDOWS 10\.m2\repository\com\vladsch\flexmark\flexmark-jira-converter\0.62.2\flexmark-jira-converter-0.62.2.jar;C:\Users\WINDOWS 10\.m2\repository\com\vladsch\flexmark\flexmark-pdf-converter\0.62.2\flexmark-pdf-converter-0.62.2.jar;C:\Users\WINDOWS 10\.m2\repository\com\openhtmltopdf\openhtmltopdf-core\1.0.0\openhtmltopdf-core-1.0.0.jar;C:\Users\WINDOWS 10\.m2\repository\com\openhtmltopdf\openhtmltopdf-pdfbox\1.0.0\openhtmltopdf-pdfbox-1.0.0.jar;C:\Users\WINDOWS 10\.m2\repository\org\apache\pdfbox\pdfbox\2.0.16\pdfbox-2.0.16.jar;C:\Users\WINDOWS 10\.m2\repository\org\apache\pdfbox\fontbox\2.0.16\fontbox-2.0.16.jar;C:\Users\WINDOWS 10\.m2\repository\org\apache\pdfbox\xmpbox\2.0.16\xmpbox-2.0.16.jar;C:\Users\WINDOWS 10\.m2\repository\de\rototor\pdfbox\graphics2d\0.24\graphics2d-0.24.jar;C:\Users\WINDOWS 10\.m2\repository\com\openhtmltopdf\openhtmltopdf-rtl-support\1.0.0\openhtmltopdf-rtl-support-1.0.0.jar;C:\Users\WINDOWS 10\.m2\repository\com\openhtmltopdf\openhtmltopdf-jsoup-dom-converter\1.0.0\openhtmltopdf-jsoup-dom-converter-1.0.0.jar;C:\Users\WINDOWS 10\.m2\repository\com\vladsch\flexmark\flexmark-profile-pegdown\0.62.2\flexmark-profile-pegdown-0.62.2.jar;C:\Users\WINDOWS 10\.m2\repository\com\vladsch\flexmark\flexmark-util-ast\0.62.2\flexmark-util-ast-0.62.2.jar;C:\Users\WINDOWS 10\.m2\repository\com\vladsch\flexmark\flexmark-util-builder\0.62.2\flexmark-util-builder-0.62.2.jar;C:\Users\WINDOWS 10\.m2\repository\com\vladsch\flexmark\flexmark-util-collection\0.62.2\flexmark-util-collection-0.62.2.jar;C:\Users\WINDOWS 10\.m2\repository\com\vladsch\flexmark\flexmark-util-data\0.62.2\flexmark-util-data-0.62.2.jar;C:\Users\WINDOWS 10\.m2\repository\com\vladsch\flexmark\flexmark-util-dependency\0.62.2\flexmark-util-dependency-0.62.2.jar;C:\Users\WINDOWS 10\.m2\repository\com\vladsch\flexmark\flexmark-util-format\0.62.2\flexmark-util-format-0.62.2.jar;C:\Users\WINDOWS 10\.m2\repository\com\vladsch\flexmark\flexmark-util-html\0.62.2\flexmark-util-html-0.62.2.jar;C:\Users\WINDOWS 10\.m2\repository\com\vladsch\flexmark\flexmark-util-misc\0.62.2\flexmark-util-misc-0.62.2.jar;C:\Users\WINDOWS 10\.m2\repository\com\vladsch\flexmark\flexmark-util-options\0.62.2\flexmark-util-options-0.62.2.jar;C:\Users\WINDOWS 10\.m2\repository\com\vladsch\flexmark\flexmark-util-sequence\0.62.2\flexmark-util-sequence-0.62.2.jar;C:\Users\WINDOWS 10\.m2\repository\com\vladsch\flexmark\flexmark-util-visitor\0.62.2\flexmark-util-visitor-0.62.2.jar;C:\Users\WINDOWS 10\.m2\repository\com\vladsch\flexmark\flexmark-youtrack-converter\0.62.2\flexmark-youtrack-converter-0.62.2.jar;C:\Users\WINDOWS 10\.m2\repository\com\ibm\icu\icu4j\72.1\icu4j-72.1.jar;C:\Users\WINDOWS 10\.m2\repository\es\nitaur\markdown\txtmark\0.16\txtmark-0.16.jar;C:\Users\WINDOWS 10\.m2\repository\net\serenity-bdd\serenity-report-resources\3.6.21\serenity-report-resources-3.6.21.jar;C:\Users\WINDOWS 10\.m2\repository\com\google\code\gson\gson\2.10.1\gson-2.10.1.jar;C:\Users\WINDOWS 10\.m2\repository\com\fasterxml\jackson\core\jackson-core\2.15.0-rc1\jackson-core-2.15.0-rc1.jar;C:\Users\WINDOWS 10\.m2\repository\com\fasterxml\jackson\core\jackson-databind\2.15.0-rc1\jackson-databind-2.15.0-rc1.jar;C:\Users\WINDOWS 10\.m2\repository\com\fasterxml\jackson\core\jackson-annotations\2.15.0-rc1\jackson-annotations-2.15.0-rc1.jar;C:\Users\WINDOWS 10\.m2\repository\commons-codec\commons-codec\1.15\commons-codec-1.15.jar;C:\Users\WINDOWS 10\.m2\repository\commons-io\commons-io\2.11.0\commons-io-2.11.0.jar;C:\Users\WINDOWS 10\.m2\repository\org\seleniumhq\selenium\selenium-java\4.8.1\selenium-java-4.8.1.jar;C:\Users\WINDOWS 10\.m2\repository\org\seleniumhq\selenium\selenium-devtools-v108\4.8.1\selenium-devtools-v108-4.8.1.jar;C:\Users\WINDOWS 10\.m2\repository\org\seleniumhq\selenium\selenium-devtools-v109\4.8.1\selenium-devtools-v109-4.8.1.jar;C:\Users\WINDOWS 10\.m2\repository\org\seleniumhq\selenium\selenium-devtools-v110\4.8.1\selenium-devtools-v110-4.8.1.jar;C:\Users\WINDOWS 10\.m2\repository\org\seleniumhq\selenium\selenium-devtools-v85\4.8.1\selenium-devtools-v85-4.8.1.jar;C:\Users\WINDOWS 10\.m2\repository\org\seleniumhq\selenium\selenium-remote-driver\4.8.1\selenium-remote-driver-4.8.1.jar;C:\Users\WINDOWS 10\.m2\repository\com\beust\jcommander\1.82\jcommander-1.82.jar;C:\Users\WINDOWS 10\.m2\repository\io\netty\netty-buffer\4.1.87.Final\netty-buffer-4.1.87.Final.jar;C:\Users\WINDOWS 10\.m2\repository\io\netty\netty-codec-http\4.1.87.Final\netty-codec-http-4.1.87.Final.jar;C:\Users\WINDOWS 10\.m2\repository\io\netty\netty-codec\4.1.87.Final\netty-codec-4.1.87.Final.jar;C:\Users\WINDOWS 10\.m2\repository\io\netty\netty-handler\4.1.87.Final\netty-handler-4.1.87.Final.jar;C:\Users\WINDOWS 10\.m2\repository\io\netty\netty-common\4.1.87.Final\netty-common-4.1.87.Final.jar;C:\Users\WINDOWS 10\.m2\repository\io\netty\netty-transport-classes-epoll\4.1.87.Final\netty-transport-classes-epoll-4.1.87.Final.jar;C:\Users\WINDOWS 10\.m2\repository\io\netty\netty-transport-classes-kqueue\4.1.87.Final\netty-transport-classes-kqueue-4.1.87.Final.jar;C:\Users\WINDOWS 10\.m2\repository\io\netty\netty-transport-native-epoll\4.1.87.Final\netty-transport-native-epoll-4.1.87.Final.jar;C:\Users\WINDOWS 10\.m2\repository\io\netty\netty-transport-native-kqueue\4.1.87.Final\netty-transport-native-kqueue-4.1.87.Final.jar;C:\Users\WINDOWS 10\.m2\repository\io\netty\netty-transport-native-unix-common\4.1.87.Final\netty-transport-native-unix-common-4.1.87.Final.jar;C:\Users\WINDOWS 10\.m2\repository\io\netty\netty-transport\4.1.87.Final\netty-transport-4.1.87.Final.jar;C:\Users\WINDOWS 10\.m2\repository\io\netty\netty-resolver\4.1.87.Final\netty-resolver-4.1.87.Final.jar;C:\Users\WINDOWS 10\.m2\repository\io\opentelemetry\opentelemetry-api\1.22.0\opentelemetry-api-1.22.0.jar;C:\Users\WINDOWS 10\.m2\repository\io\opentelemetry\opentelemetry-context\1.22.0\opentelemetry-context-1.22.0.jar;C:\Users\WINDOWS 10\.m2\repository\io\opentelemetry\opentelemetry-exporter-logging\1.22.0\opentelemetry-exporter-logging-1.22.0.jar;C:\Users\WINDOWS 10\.m2\repository\io\opentelemetry\opentelemetry-sdk-metrics\1.22.0\opentelemetry-sdk-metrics-1.22.0.jar;C:\Users\WINDOWS 10\.m2\repository\io\opentelemetry\opentelemetry-sdk-logs\1.22.0-alpha\opentelemetry-sdk-logs-1.22.0-alpha.jar;C:\Users\WINDOWS 10\.m2\repository\io\opentelemetry\opentelemetry-api-logs\1.22.0-alpha\opentelemetry-api-logs-1.22.0-alpha.jar;C:\Users\WINDOWS 10\.m2\repository\io\opentelemetry\opentelemetry-sdk-common\1.22.0\opentelemetry-sdk-common-1.22.0.jar;C:\Users\WINDOWS 10\.m2\repository\io\opentelemetry\opentelemetry-sdk-extension-autoconfigure-spi\1.22.0\opentelemetry-sdk-extension-autoconfigure-spi-1.22.0.jar;C:\Users\WINDOWS 10\.m2\repository\io\opentelemetry\opentelemetry-sdk-extension-autoconfigure\1.22.0-alpha\opentelemetry-sdk-extension-autoconfigure-1.22.0-alpha.jar;C:\Users\WINDOWS 10\.m2\repository\io\opentelemetry\opentelemetry-sdk-trace\1.22.0\opentelemetry-sdk-trace-1.22.0.jar;C:\Users\WINDOWS 10\.m2\repository\io\opentelemetry\opentelemetry-sdk\1.22.0\opentelemetry-sdk-1.22.0.jar;C:\Users\WINDOWS 10\.m2\repository\io\opentelemetry\opentelemetry-semconv\1.22.0-alpha\opentelemetry-semconv-1.22.0-alpha.jar;C:\Users\WINDOWS 10\.m2\repository\io\ous\jtoml\2.0.0\jtoml-2.0.0.jar;C:\Users\WINDOWS 10\.m2\repository\org\apache\commons\commons-exec\1.3\commons-exec-1.3.jar;C:\Users\WINDOWS 10\.m2\repository\org\asynchttpclient\async-http-client\2.12.3\async-http-client-2.12.3.jar;C:\Users\WINDOWS 10\.m2\repository\org\asynchttpclient\async-http-client-netty-utils\2.12.3\async-http-client-netty-utils-2.12.3.jar;C:\Users\WINDOWS 10\.m2\repository\io\netty\netty-codec-socks\4.1.60.Final\netty-codec-socks-4.1.60.Final.jar;C:\Users\WINDOWS 10\.m2\repository\io\netty\netty-handler-proxy\4.1.60.Final\netty-handler-proxy-4.1.60.Final.jar;C:\Users\WINDOWS 10\.m2\repository\io\netty\netty-transport-native-epoll\4.1.60.Final\netty-transport-native-epoll-4.1.60.Final-linux-x86_64.jar;C:\Users\WINDOWS 10\.m2\repository\io\netty\netty-transport-native-kqueue\4.1.60.Final\netty-transport-native-kqueue-4.1.60.Final-osx-x86_64.jar;C:\Users\WINDOWS 10\.m2\repository\org\reactivestreams\reactive-streams\1.0.3\reactive-streams-1.0.3.jar;C:\Users\WINDOWS 10\.m2\repository\com\typesafe\netty\netty-reactive-streams\2.0.4\netty-reactive-streams-2.0.4.jar;C:\Users\WINDOWS 10\.m2\repository\org\seleniumhq\selenium\selenium-manager\4.8.1\selenium-manager-4.8.1.jar;C:\Users\WINDOWS 10\.m2\repository\org\seleniumhq\selenium\selenium-safari-driver\4.8.1\selenium-safari-driver-4.8.1.jar;C:\Users\WINDOWS 10\.m2\repository\org\seleniumhq\selenium\selenium-api\4.8.1\selenium-api-4.8.1.jar;C:\Users\WINDOWS 10\.m2\repository\org\seleniumhq\selenium\selenium-support\4.8.1\selenium-support-4.8.1.jar;C:\Users\WINDOWS 10\.m2\repository\com\google\auto\service\auto-service-annotations\1.0.1\auto-service-annotations-1.0.1.jar;C:\Users\WINDOWS 10\.m2\repository\com\google\auto\service\auto-service\1.0.1\auto-service-1.0.1.jar;C:\Users\WINDOWS 10\.m2\repository\com\google\auto\auto-common\1.2\auto-common-1.2.jar;C:\Users\WINDOWS 10\.m2\repository\org\seleniumhq\selenium\selenium-json\4.8.1\selenium-json-4.8.1.jar;C:\Users\WINDOWS 10\.m2\repository\org\seleniumhq\selenium\selenium-chrome-driver\4.8.1\selenium-chrome-driver-4.8.1.jar;C:\Users\WINDOWS 10\.m2\repository\org\seleniumhq\selenium\selenium-chromium-driver\4.8.1\selenium-chromium-driver-4.8.1.jar;C:\Users\WINDOWS 10\.m2\repository\org\seleniumhq\selenium\selenium-firefox-driver\4.8.1\selenium-firefox-driver-4.8.1.jar;C:\Users\WINDOWS 10\.m2\repository\org\seleniumhq\selenium\selenium-http\4.8.1\selenium-http-4.8.1.jar;C:\Users\WINDOWS 10\.m2\repository\dev\failsafe\failsafe\3.3.0\failsafe-3.3.0.jar;C:\Users\WINDOWS 10\.m2\repository\org\seleniumhq\selenium\selenium-edge-driver\4.8.1\selenium-edge-driver-4.8.1.jar;C:\Users\WINDOWS 10\.m2\repository\org\seleniumhq\selenium\selenium-ie-driver\4.8.1\selenium-ie-driver-4.8.1.jar;C:\Users\WINDOWS 10\.m2\repository\org\projectlombok\lombok\1.18.20\lombok-1.18.20.jar;C:\Users\WINDOWS 10\.m2\repository\io\appium\java-client\8.3.0\java-client-8.3.0.jar;C:\Users\WINDOWS 10\.m2\repository\commons-validator\commons-validator\1.7\commons-validator-1.7.jar;C:\Users\WINDOWS 10\.m2\repository\commons-digester\commons-digester\2.1\commons-digester-2.1.jar;C:\Users\WINDOWS 10\.m2\repository\net\sf\opencsv\opencsv\2.0\opencsv-2.0.jar;C:\Users\WINDOWS 10\.m2\repository\commons-beanutils\commons-beanutils\1.9.4\commons-beanutils-1.9.4.jar;C:\Users\WINDOWS 10\.m2\repository\org\apache\commons\commons-lang3\3.12.0\commons-lang3-3.12.0.jar;C:\Users\WINDOWS 10\.m2\repository\commons-collections\commons-collections\3.2.2\commons-collections-3.2.2.jar;C:\Users\WINDOWS 10\.m2\repository\org\fluentlenium\fluentlenium-core\0.10.2\fluentlenium-core-0.10.2.jar;C:\Users\WINDOWS 10\.m2\repository\io\github\bonigarcia\webdrivermanager\5.3.0\webdrivermanager-5.3.0.jar;C:\Users\WINDOWS 10\.m2\repository\com\github\docker-java\docker-java\3.2.13\docker-java-3.2.13.jar;C:\Users\WINDOWS 10\.m2\repository\com\github\docker-java\docker-java-core\3.2.13\docker-java-core-3.2.13.jar;C:\Users\WINDOWS 10\.m2\repository\com\github\docker-java\docker-java-api\3.2.13\docker-java-api-3.2.13.jar;C:\Users\WINDOWS 10\.m2\repository\org\apache\commons\commons-compress\1.21\commons-compress-1.21.jar;C:\Users\WINDOWS 10\.m2\repository\org\bouncycastle\bcpkix-jdk15on\1.64\bcpkix-jdk15on-1.64.jar;C:\Users\WINDOWS 10\.m2\repository\org\bouncycastle\bcprov-jdk15on\1.64\bcprov-jdk15on-1.64.jar;C:\Users\WINDOWS 10\.m2\repository\org\slf4j\jcl-over-slf4j\1.7.30\jcl-over-slf4j-1.7.30.jar;C:\Users\WINDOWS 10\.m2\repository\com\github\docker-java\docker-java-transport-httpclient5\3.2.13\docker-java-transport-httpclient5-3.2.13.jar;C:\Users\WINDOWS 10\.m2\repository\com\github\docker-java\docker-java-transport\3.2.13\docker-java-transport-3.2.13.jar;C:\Users\WINDOWS 10\.m2\repository\net\java\dev\jna\jna\5.8.0\jna-5.8.0.jar;C:\Users\WINDOWS 10\.m2\repository\org\brotli\dec\0.1.2\dec-0.1.2.jar;C:\Users\WINDOWS 10\.m2\repository\org\apache\httpcomponents\client5\httpclient5\5.1.3\httpclient5-5.1.3.jar;C:\Users\WINDOWS 10\.m2\repository\org\apache\httpcomponents\core5\httpcore5\5.1.3\httpcore5-5.1.3.jar;C:\Users\WINDOWS 10\.m2\repository\org\apache\httpcomponents\core5\httpcore5-h2\5.1.3\httpcore5-h2-5.1.3.jar;C:\Users\WINDOWS 10\.m2\repository\com\jhlabs\filters\2.0.235\filters-2.0.235.jar;C:\Users\WINDOWS 10\.m2\repository\com\paulhammant\ngwebdriver\1.1.6\ngwebdriver-1.1.6.jar;C:\Users\WINDOWS 10\.m2\repository\joda-time\joda-time\2.12.2\joda-time-2.12.2.jar;C:\Users\WINDOWS 10\.m2\repository\org\hamcrest\hamcrest\2.2\hamcrest-2.2.jar;C:\Users\WINDOWS 10\.m2\repository\com\google\jimfs\jimfs\1.2\jimfs-1.2.jar;C:\Users\WINDOWS 10\.m2\repository\org\mockito\mockito-core\3.3.3\mockito-core-3.3.3.jar;C:\Users\WINDOWS 10\.m2\repository\javax\xml\bind\jaxb-api\2.3.1\jaxb-api-2.3.1.jar;C:\Users\WINDOWS 10\.m2\repository\javax\activation\javax.activation-api\1.2.0\javax.activation-api-1.2.0.jar;C:\Users\WINDOWS 10\.m2\repository\com\sun\xml\bind\jaxb-core\2.3.0.1\jaxb-core-2.3.0.1.jar;C:\Users\WINDOWS 10\.m2\repository\com\sun\xml\bind\jaxb-impl\2.3.3\jaxb-impl-2.3.3.jar;C:\Users\WINDOWS 10\.m2\repository\jakarta\xml\bind\jakarta.xml.bind-api\2.3.3\jakarta.xml.bind-api-2.3.3.jar;C:\Users\WINDOWS 10\.m2\repository\com\sun\activation\jakarta.activation\1.2.2\jakarta.activation-1.2.2.jar;C:\Users\WINDOWS 10\.m2\repository\javax\activation\activation\1.1.1\activation-1.1.1.jar;C:\Users\WINDOWS 10\.m2\repository\net\serenity-bdd\serenity-cucumber\3.6.21\serenity-cucumber-3.6.21.jar;C:\Users\WINDOWS 10\.m2\repository\io\cucumber\cucumber-core\7.11.0\cucumber-core-7.11.0.jar;C:\Users\WINDOWS 10\.m2\repository\io\cucumber\cucumber-gherkin\7.11.0\cucumber-gherkin-7.11.0.jar;C:\Users\WINDOWS 10\.m2\repository\io\cucumber\cucumber-gherkin-messages\7.11.0\cucumber-gherkin-messages-7.11.0.jar;C:\Users\WINDOWS 10\.m2\repository\io\cucumber\gherkin\26.0.3\gherkin-26.0.3.jar;C:\Users\WINDOWS 10\.m2\repository\io\cucumber\messages\21.0.1\messages-21.0.1.jar;C:\Users\WINDOWS 10\.m2\repository\io\cucumber\tag-expressions\5.0.1\tag-expressions-5.0.1.jar;C:\Users\WINDOWS 10\.m2\repository\io\cucumber\cucumber-expressions\16.1.1\cucumber-expressions-16.1.1.jar;C:\Users\WINDOWS 10\.m2\repository\io\cucumber\datatable\7.11.0\datatable-7.11.0.jar;C:\Users\WINDOWS 10\.m2\repository\io\cucumber\cucumber-plugin\7.11.0\cucumber-plugin-7.11.0.jar;C:\Users\WINDOWS 10\.m2\repository\io\cucumber\docstring\7.11.0\docstring-7.11.0.jar;C:\Users\WINDOWS 10\.m2\repository\io\cucumber\html-formatter\20.2.1\html-formatter-20.2.1.jar;C:\Users\WINDOWS 10\.m2\repository\io\cucumber\junit-xml-formatter\0.1.0\junit-xml-formatter-0.1.0.jar;C:\Users\WINDOWS 10\.m2\repository\io\cucumber\ci-environment\9.1.0\ci-environment-9.1.0.jar;C:\Users\WINDOWS 10\.m2\repository\io\cucumber\cucumber-java\7.11.0\cucumber-java-7.11.0.jar;C:\Users\WINDOWS 10\.m2\repository\io\cucumber\cucumber-junit\7.11.0\cucumber-junit-7.11.0.jar;C:\Users\WINDOWS 10\.m2\repository\org\apache\commons\commons-csv\1.5\commons-csv-1.5.jar;C:\Users\WINDOWS 10\.m2\repository\net\serenity-bdd\serenity-screenplay\3.6.21\serenity-screenplay-3.6.21.jar;C:\Users\WINDOWS 10\.m2\repository\net\serenity-bdd\serenity-screenplay-webdriver\3.6.21\serenity-screenplay-webdriver-3.6.21.jar;C:\Users\WINDOWS 10\.m2\repository\net\serenity-bdd\serenity-ensure\3.6.21\serenity-ensure-3.6.21.jar;C:\Users\WINDOWS 10\.m2\repository\net\serenity-bdd\serenity-junit\3.6.21\serenity-junit-3.6.21.jar;C:\Users\WINDOWS 10\.m2\repository\org\jetbrains\kotlin\kotlin-stdlib\1.8.10\kotlin-stdlib-1.8.10.jar;C:\Users\WINDOWS 10\.m2\repository\org\jetbrains\kotlin\kotlin-stdlib-common\1.8.10\kotlin-stdlib-common-1.8.10.jar;C:\Users\WINDOWS 10\.m2\repository\org\jetbrains\annotations\13.0\annotations-13.0.jar;C:\Users\WINDOWS 10\.m2\repository\org\junit\platform\junit-platform-launcher\1.8.2\junit-platform-launcher-1.8.2.jar;C:\Users\WINDOWS 10\.m2\repository\org\junit\platform\junit-platform-engine\1.8.2\junit-platform-engine-1.8.2.jar;C:\Users\WINDOWS 10\.m2\repository\org\junit\platform\junit-platform-commons\1.8.2\junit-platform-commons-1.8.2.jar;C:\Users\WINDOWS 10\.m2\repository\org\apiguardian\apiguardian-api\1.1.2\apiguardian-api-1.1.2.jar;C:\Users\WINDOWS 10\.m2\repository\org\junit\jupiter\junit-jupiter-engine\5.8.2\junit-jupiter-engine-5.8.2.jar;C:\Users\WINDOWS 10\.m2\repository\org\junit\jupiter\junit-jupiter-api\5.8.2\junit-jupiter-api-5.8.2.jar;C:\Users\WINDOWS 10\.m2\repository\org\junit\vintage\junit-vintage-engine\5.8.2\junit-vintage-engine-5.8.2.jar;C:\Users\WINDOWS 10\.m2\repository\junit\junit\4.13.2\junit-4.13.2.jar;C:\Users\WINDOWS 10\.m2\repository\org\hamcrest\hamcrest-core\1.3\hamcrest-core-1.3.jar;C:\Users\WINDOWS 10\.m2\repository\ch\qos\logback\logback-classic\1.2.10\logback-classic-1.2.10.jar;C:\Users\WINDOWS 10\.m2\repository\ch\qos\logback\logback-core\1.2.10\logback-core-1.2.10.jar;C:\Users\WINDOWS 10\.m2\repository\org\slf4j\slf4j-api\1.7.32\slf4j-api-1.7.32.jar;C:\Users\WINDOWS 10\.m2\repository\org\assertj\assertj-core\3.23.1\assertj-core-3.23.1.jar;C:\Users\WINDOWS 10\.m2\repository\net\bytebuddy\byte-buddy\1.12.10\byte-buddy-1.12.10.jar;C:\Users\WINDOWS 10\.m2\repository\com\googlecode\json-simple\json-simple\1.1.1\json-simple-1.1.1.jar;C:\Users\WINDOWS 10\.m2\repository\org\apache\maven\surefire\surefire-junit-platform\3.0.0-M5\surefire-junit-platform-3.0.0-M5.jar;C:\Users\WINDOWS 10\.m2\repository\org\apache\maven\surefire\common-java5\3.0.0-M5\common-java5-3.0.0-M5.jar"/>
    <property name="user.script" value=""/>
    <property name="sun.management.compiler" value="HotSpot 64-Bit Tiered Compilers"/>
    <property name="java.runtime.version" value="15.0.2+7-27"/>
    <property name="user.name" value="WINDOWS 10"/>
    <property name="path.separator" value=";"/>
    <property name="os.version" value="10.0"/>
    <property name="java.runtime.name" value="Java(TM) SE Runtime Environment"/>
    <property name="file.encoding" value="Cp1252"/>
    <property name="webdriver.base.url" value=""/>
    <property name="java.vm.name" value="Java HotSpot(TM) 64-Bit Server VM"/>
    <property name="localRepository" value="C:\Users\WINDOWS 10\.m2\repository"/>
    <property name="java.vendor.url.bug" value="https://bugreport.java.com/bugreport/"/>
    <property name="java.io.tmpdir" value="C:\Users\WINDOW~1\AppData\Local\Temp\"/>
    <property name="java.version" value="15.0.2"/>
    <property name="user.dir" value="C:\Users\WINDOWS 10\Documents\GitHub\Capstone\sociops_qe_api"/>
    <property name="os.arch" value="amd64"/>
    <property name="java.vm.specification.name" value="Java Virtual Machine Specification"/>
    <property name="sun.os.patch.level" value=""/>
    <property name="java.library.path" value="C:\Program Files\Java\jdk-15.0.2\bin;C:\WINDOWS\Sun\Java\bin;C:\WINDOWS\system32;C:\WINDOWS;C:\Program Files (x86)\Common Files\Oracle\Java\javapath;C:\src\flutter\bin;C:\WINDOWS\system32;C:\WINDOWS;C:\WINDOWS\System32\Wbem;C:\WINDOWS\System32\WindowsPowerShell\v1.0\;C:\WINDOWS\System32\OpenSSH\;C:\Program Files\Java\jdk-15.0.2;C:\Program Files\Java\jdk-15.0.2\bin;C:\Program Files\apache-maven-3.9.1\bin;C:\Program Files\apache-maven-3.9.1;C:\Program Files\apache-maven-3.9.1\bin;C:\Users\WINDOWS 10\AppData\Local\Android\Sdk;C:\Users\WINDOWS 10\AppData\Local\Android\Sdk\platform-tools;C:\Users\WINDOWS 10\AppData\Local\Android\Sdk\tools;C:\Users\WINDOWS 10\AppData\Local\Android\Sdk\tools\bin;C:\Program Files\nodejs\;C:\Program Files\Git\cmd;C:\Program Files\dotnet\;C:\Users\WINDOWS 10\AppData\Local\Microsoft\WindowsApps;C:\Users\WINDOWS 10\AppData\Local\Programs\Microsoft VS Code\bin;C:\Users\WINDOWS 10\AppData\Local\GitHubDesktop\bin;C:\Users\WINDOWS 10\AppData\Roaming\npm;;."/>
    <property name="java.vm.info" value="mixed mode"/>
    <property name="java.vendor" value="Oracle Corporation"/>
    <property name="java.vm.version" value="15.0.2+7-27"/>
    <property name="sun.io.unicode.encoding" value="UnicodeLittle"/>
    <property name="java.class.version" value="59.0"/>
  </properties>
  <testcase name="POST - Create new news without fill title payload" classname="Manage News Admin" time="3.6">
    <system-out><![CDATA[00:33:35.637 [main] DEBUG net.thucydides.core.guice.Injectors - Created injector for module net.thucydides.core.guice.ThucydidesModule
00:33:35.838 [main] DEBUG io.cucumber.core.plugin.SerenityReporter - Running feature from file:///C:/Users/WINDOWS%2010/Documents/GitHub/Capstone/sociops_qe_api/src/test/resources/features/adminManageNews.feature
00:33:35.974 [main] DEBUG net.thucydides.core.guice.Injectors - Created injector for module net.thucydides.core.guice.webdriver.WebDriverModule
00:33:35.990 [main] INFO  - 

-------------------------------------------------------------------------------------
     _______. _______ .______       _______ .__   __.  __  .___________.____    ____ 
    /       ||   ____||   _  \     |   ____||  \ |  | |  | |           |\   \  /   / 
   |   (----`|  |__   |  |_)  |    |  |__   |   \|  | |  | `---|  |----` \   \/   /  
    \   \    |   __|  |      /     |   __|  |  . `  | |  |     |  |       \_    _/   
.----)   |   |  |____ |  |\  \----.|  |____ |  |\   | |  |     |  |         |  |     
|_______/    |_______|| _| `._____||_______||__| \__| |__|     |__|         |__|    
                                                                                     
 News and tutorials at http://www.serenity-bdd.info                                  
 Documentation at https://wakaleo.gitbooks.io/the-serenity-book/content/             
 Join the Serenity Community on Gitter: https://gitter.im/serenity-bdd/serenity-core 
 Serenity BDD Support and Training at http://serenity-bdd.info/#/trainingandsupport  
-------------------------------------------------------------------------------------

00:33:35.992 [main] DEBUG net.thucydides.core.steps.StepEventBus - Test suite started for story net.thucydides.core.model.Story@316b80f2
00:33:35.993 [main] INFO  - Test Suite Started: Manage News Admin
00:33:36.001 [main] DEBUG io.cucumber.core.plugin.SerenityReporter - Running feature from file:///C:/Users/WINDOWS%2010/Documents/GitHub/Capstone/sociops_qe_api/src/test/resources/features/adminManageNews.feature
00:33:36.004 [main] DEBUG net.thucydides.core.steps.StepEventBus - Test suite started for story net.thucydides.core.model.Story@316b80f2
00:33:36.004 [main] INFO  - Test Suite Started: Manage News Admin

Scenario: POST - Create new news without fill title payload                  &amp#27;[90m# src/test/resources/features/adminManageNews.feature:12&amp#27;[0m
00:33:36.063 [main] DEBUG io.cucumber.core.plugin.SerenityReporter - Running feature from file:///C:/Users/WINDOWS%2010/Documents/GitHub/Capstone/sociops_qe_api/src/test/resources/features/adminManageNews.feature
00:33:36.142 [main] INFO  - 
  _____   ___   ___   _____     ___   _____     _     ___   _____   ___   ___  
 |_   _| | __| / __| |_   _|   / __| |_   _|   /_\   | _ \ |_   _| | __| |   \ 
   | |   | _|  \__ \   | |     \__ \   | |    / _ \  |   /   | |   | _|  | |) |
   |_|   |___| |___/   |_|     |___/   |_|   /_/ \_\ |_|_\   |_|   |___| |___/ 

POST - Create new news without fill title payload(manage-news-admin;post---create-new-news-without-fill-title-payload)
--------------------------------------------------------------------------------
00:33:36.194 [main] DEBUG net.thucydides.core.requirements.model.cucumber.CucumberParser - Loading feature C:\Users\WINDOWS 10\Documents\GitHub\Capstone\sociops_qe_api\src\test\resources\features\adminManageNews.feature
00:33:36.617 [main] DEBUG net.thucydides.core.steps.StepInterceptor - STARTING STEP: adminManageNewsSteps.setPostEpManageNews - I set POST api endpoints manage news admin
00:33:36.620 [main] DEBUG net.thucydides.core.steps.StepInterceptor - STEP DONE: I set POST api endpoints manage news admin
  &amp#27;[32mGiven &amp#27;[0m&amp#27;[32mI set POST api endpoints manage news admin&amp#27;[0m                           &amp#27;[90m# starter.stepdefinitions.adminManageNewsSteps.setPostEpManageNews()&amp#27;[0m
00:33:36.631 [main] DEBUG net.thucydides.core.steps.StepInterceptor - STARTING STEP: adminManageNewsSteps.sendPostReqManageNewsANoInputTitle - I send POST HTTP request manage news admin without fill title payload
00:33:38.201 [main] DEBUG net.thucydides.core.steps.StepInterceptor - STARTING STEP: adminManageNews.sendPostReqManageNewsANoInputTitle - I set POST api endpoints manage news admin
00:33:38.201 [main] DEBUG net.thucydides.core.steps.StepInterceptor - STEP DONE: I set POST api endpoints manage news admin
00:33:38.767 [main] DEBUG org.apache.http.impl.conn.BasicClientConnectionManager - Get connection for route {s}->https://sociops-backend-production.up.railway.app:443
00:33:38.830 [main] DEBUG org.apache.http.impl.conn.DefaultClientConnectionOperator - Connecting to sociops-backend-production.up.railway.app:443
00:33:39.344 [main] DEBUG org.apache.http.client.protocol.RequestAddCookies - CookieSpec selected: ignoreCookies
00:33:39.345 [main] DEBUG org.apache.http.client.protocol.RequestAuthCache - Auth cache not set in the context
00:33:39.345 [main] DEBUG org.apache.http.client.protocol.RequestProxyAuthentication - Proxy auth state: UNCHALLENGED
00:33:39.346 [main] DEBUG org.apache.http.impl.client.DefaultHttpClient - Attempt 1 to execute request
00:33:39.346 [main] DEBUG org.apache.http.impl.conn.DefaultClientConnection - Sending request: POST /news HTTP/1.1
00:33:39.346 [main] DEBUG org.apache.http.wire -  >> "POST /news HTTP/1.1[\r][\n]"
00:33:39.346 [main] DEBUG org.apache.http.wire -  >> "Authorization: Bearer eyJhbGciOiJIUzI1NiIsInR5cCI6IkpXVCJ9.eyJpZCI6IjI1IiwibmFtZSI6IkpvaG4gRG9lIiwicm9sZSI6IkFETUlOIiwiZXhwIjoxNjg3NTgzOTUwfQ.ajHiamQlvdpozXu9xIA2a7icSP0w9fjamZwndtTFqvY[\r][\n]"
00:33:39.346 [main] DEBUG org.apache.http.wire -  >> "Accept: */*[\r][\n]"
00:33:39.347 [main] DEBUG org.apache.http.wire -  >> "Content-Type: application/json[\r][\n]"
00:33:39.347 [main] DEBUG org.apache.http.wire -  >> "Content-Length: 87[\r][\n]"
00:33:39.347 [main] DEBUG org.apache.http.wire -  >> "Host: sociops-backend-production.up.railway.app[\r][\n]"
00:33:39.347 [main] DEBUG org.apache.http.wire -  >> "Connection: Keep-Alive[\r][\n]"
00:33:39.347 [main] DEBUG org.apache.http.wire -  >> "User-Agent: Apache-HttpClient/4.5.13 (Java/15.0.2)[\r][\n]"
00:33:39.347 [main] DEBUG org.apache.http.wire -  >> "Accept-Encoding: gzip,deflate[\r][\n]"
00:33:39.347 [main] DEBUG org.apache.http.wire -  >> "[\r][\n]"
00:33:39.347 [main] DEBUG org.apache.http.headers - >> POST /news HTTP/1.1
00:33:39.347 [main] DEBUG org.apache.http.headers - >> Authorization: Bearer eyJhbGciOiJIUzI1NiIsInR5cCI6IkpXVCJ9.eyJpZCI6IjI1IiwibmFtZSI6IkpvaG4gRG9lIiwicm9sZSI6IkFETUlOIiwiZXhwIjoxNjg3NTgzOTUwfQ.ajHiamQlvdpozXu9xIA2a7icSP0w9fjamZwndtTFqvY
00:33:39.347 [main] DEBUG org.apache.http.headers - >> Accept: */*
00:33:39.347 [main] DEBUG org.apache.http.headers - >> Content-Type: application/json
00:33:39.347 [main] DEBUG org.apache.http.headers - >> Content-Length: 87
00:33:39.347 [main] DEBUG org.apache.http.headers - >> Host: sociops-backend-production.up.railway.app
00:33:39.347 [main] DEBUG org.apache.http.headers - >> Connection: Keep-Alive
00:33:39.347 [main] DEBUG org.apache.http.headers - >> User-Agent: Apache-HttpClient/4.5.13 (Java/15.0.2)
00:33:39.347 [main] DEBUG org.apache.http.headers - >> Accept-Encoding: gzip,deflate
00:33:39.347 [main] DEBUG org.apache.http.wire -  >> "{"description":"andira2 - Proin et euismod diam. Duis fermentum felis nisi","title":""}"
00:33:39.538 [main] DEBUG org.apache.http.wire -  << "HTTP/1.1 400 Bad Request[\r][\n]"
00:33:39.539 [main] DEBUG org.apache.http.wire -  << "content-type: application/json; charset=UTF-8[\r][\n]"
00:33:39.539 [main] DEBUG org.apache.http.wire -  << "vary: Origin[\r][\n]"
00:33:39.539 [main] DEBUG org.apache.http.wire -  << "date: Fri, 23 Jun 2023 17:33:40 GMT[\r][\n]"
00:33:39.539 [main] DEBUG org.apache.http.wire -  << "content-length: 89[\r][\n]"
00:33:39.539 [main] DEBUG org.apache.http.wire -  << "server: railway[\r][\n]"
00:33:39.539 [main] DEBUG org.apache.http.wire -  << "[\r][\n]"
00:33:39.550 [main] DEBUG org.apache.http.impl.conn.DefaultClientConnection - Receiving response: HTTP/1.1 400 Bad Request
00:33:39.550 [main] DEBUG org.apache.http.headers - << HTTP/1.1 400 Bad Request
00:33:39.550 [main] DEBUG org.apache.http.headers - << content-type: application/json; charset=UTF-8
00:33:39.550 [main] DEBUG org.apache.http.headers - << vary: Origin
00:33:39.550 [main] DEBUG org.apache.http.headers - << date: Fri, 23 Jun 2023 17:33:40 GMT
00:33:39.550 [main] DEBUG org.apache.http.headers - << content-length: 89
00:33:39.550 [main] DEBUG org.apache.http.headers - << server: railway
00:33:39.552 [main] DEBUG org.apache.http.impl.client.DefaultHttpClient - Connection can be kept alive indefinitely
00:33:39.555 [main] DEBUG io.restassured.internal.RestAssuredHttpBuilder - Parsing response as: application/json; charset=UTF-8
00:33:39.555 [main] DEBUG io.restassured.internal.RestAssuredHttpBuilder - Parsed data to instance of: class org.apache.http.conn.EofSensorInputStream
00:33:39.578 [main] DEBUG org.apache.http.wire -  << "{"data":["Title is a required field"],"message":"ERROR_INPUT_VALIDATION","status":false}[\n]"
00:33:39.578 [main] DEBUG org.apache.http.impl.conn.BasicClientConnectionManager - Releasing connection org.apache.http.impl.conn.ManagedClientConnectionImpl@65015a49
00:33:39.578 [main] DEBUG org.apache.http.impl.conn.BasicClientConnectionManager - Connection can be kept alive indefinitely
00:33:39.595 [main] DEBUG net.thucydides.core.steps.StepInterceptor - STEP DONE: I send POST HTTP request manage news admin without fill title payload
  &amp#27;[32mWhen &amp#27;[0m&amp#27;[32mI send POST HTTP request manage news admin without fill title payload&amp#27;[0m &amp#27;[90m# starter.stepdefinitions.adminManageNewsSteps.sendPostReqManageNewsANoInputTitle()&amp#27;[0m
00:33:39.599 [main] DEBUG net.thucydides.core.steps.StepInterceptor - STARTING STEP: adminManageNewsSteps.response400ManageNewsA - I receive HTTP response code 400 manage news admin
00:33:39.600 [main] DEBUG net.thucydides.core.steps.StepInterceptor - STEP DONE: I receive HTTP response code 400 manage news admin
  &amp#27;[32mThen &amp#27;[0m&amp#27;[32mI receive HTTP response code 400 manage news admin&amp#27;[0m                    &amp#27;[90m# starter.stepdefinitions.adminManageNewsSteps.response400ManageNewsA()&amp#27;[0m
00:33:39.604 [main] INFO  - 
  _____   ___   ___   _____     ___     _     ___   ___   ___   ___  
 |_   _| | __| / __| |_   _|   | _ \   /_\   / __| / __| | __| |   \ 
   | |   | _|  \__ \   | |     |  _/  / _ \  \__ \ \__ \ | _|  | |) |
   |_|   |___| |___/   |_|     |_|   /_/ \_\ |___/ |___/ |___| |___/ 

POST - Create new news without fill title payload
----------------------------------------------------------------------
]]></system-out>
  </testcase>
  <testcase name="POST - Create new news without fill description payload" classname="Manage News Admin" time="0.654">
    <system-out><![CDATA[
Scenario: POST - Create new news without fill description payload                  &amp#27;[90m# src/test/resources/features/adminManageNews.feature:17&amp#27;[0m
00:33:39.615 [main] DEBUG io.cucumber.core.plugin.SerenityReporter - Running feature from file:///C:/Users/WINDOWS%2010/Documents/GitHub/Capstone/sociops_qe_api/src/test/resources/features/adminManageNews.feature
00:33:39.620 [main] INFO  - 
  _____   ___   ___   _____     ___   _____     _     ___   _____   ___   ___  
 |_   _| | __| / __| |_   _|   / __| |_   _|   /_\   | _ \ |_   _| | __| |   \ 
   | |   | _|  \__ \   | |     \__ \   | |    / _ \  |   /   | |   | _|  | |) |
   |_|   |___| |___/   |_|     |___/   |_|   /_/ \_\ |_|_\   |_|   |___| |___/ 

POST - Create new news without fill description payload(manage-news-admin;post---create-new-news-without-fill-description-payload)
--------------------------------------------------------------------------------
00:33:39.635 [main] DEBUG net.thucydides.core.steps.StepInterceptor - STARTING STEP: adminManageNewsSteps.setPostEpManageNews - I set POST api endpoints manage news admin
00:33:39.635 [main] DEBUG net.thucydides.core.steps.StepInterceptor - STEP DONE: I set POST api endpoints manage news admin
  &amp#27;[32mGiven &amp#27;[0m&amp#27;[32mI set POST api endpoints manage news admin&amp#27;[0m                                 &amp#27;[90m# starter.stepdefinitions.adminManageNewsSteps.setPostEpManageNews()&amp#27;[0m
00:33:39.641 [main] DEBUG net.thucydides.core.steps.StepInterceptor - STARTING STEP: adminManageNewsSteps.sendPostReqManageNewsANoInputDescription - I send POST HTTP request manage news admin without fill description payload
00:33:39.643 [main] DEBUG net.thucydides.core.steps.StepInterceptor - STARTING STEP: adminManageNews.sendPostReqManageNewsANoInputDescription - I set POST api endpoints manage news admin
00:33:39.644 [main] DEBUG net.thucydides.core.steps.StepInterceptor - STEP DONE: I set POST api endpoints manage news admin
00:33:39.663 [main] DEBUG org.apache.http.impl.conn.BasicClientConnectionManager - Get connection for route {s}->https://sociops-backend-production.up.railway.app:443
00:33:39.663 [main] DEBUG org.apache.http.impl.conn.DefaultClientConnectionOperator - Connecting to sociops-backend-production.up.railway.app:443
00:33:40.058 [main] DEBUG org.apache.http.client.protocol.RequestAddCookies - CookieSpec selected: ignoreCookies
00:33:40.058 [main] DEBUG org.apache.http.client.protocol.RequestAuthCache - Auth cache not set in the context
00:33:40.058 [main] DEBUG org.apache.http.client.protocol.RequestProxyAuthentication - Proxy auth state: UNCHALLENGED
00:33:40.059 [main] DEBUG org.apache.http.impl.client.DefaultHttpClient - Attempt 1 to execute request
00:33:40.059 [main] DEBUG org.apache.http.impl.conn.DefaultClientConnection - Sending request: POST /news HTTP/1.1
00:33:40.059 [main] DEBUG org.apache.http.wire -  >> "POST /news HTTP/1.1[\r][\n]"
00:33:40.059 [main] DEBUG org.apache.http.wire -  >> "Authorization: Bearer eyJhbGciOiJIUzI1NiIsInR5cCI6IkpXVCJ9.eyJpZCI6IjI1IiwibmFtZSI6IkpvaG4gRG9lIiwicm9sZSI6IkFETUlOIiwiZXhwIjoxNjg3NTgzOTUwfQ.ajHiamQlvdpozXu9xIA2a7icSP0w9fjamZwndtTFqvY[\r][\n]"
00:33:40.059 [main] DEBUG org.apache.http.wire -  >> "Accept: */*[\r][\n]"
00:33:40.059 [main] DEBUG org.apache.http.wire -  >> "Content-Type: application/json[\r][\n]"
00:33:40.059 [main] DEBUG org.apache.http.wire -  >> "Content-Length: 51[\r][\n]"
00:33:40.059 [main] DEBUG org.apache.http.wire -  >> "Host: sociops-backend-production.up.railway.app[\r][\n]"
00:33:40.059 [main] DEBUG org.apache.http.wire -  >> "Connection: Keep-Alive[\r][\n]"
00:33:40.059 [main] DEBUG org.apache.http.wire -  >> "User-Agent: Apache-HttpClient/4.5.13 (Java/15.0.2)[\r][\n]"
00:33:40.059 [main] DEBUG org.apache.http.wire -  >> "Accept-Encoding: gzip,deflate[\r][\n]"
00:33:40.059 [main] DEBUG org.apache.http.wire -  >> "[\r][\n]"
00:33:40.059 [main] DEBUG org.apache.http.headers - >> POST /news HTTP/1.1
00:33:40.059 [main] DEBUG org.apache.http.headers - >> Authorization: Bearer eyJhbGciOiJIUzI1NiIsInR5cCI6IkpXVCJ9.eyJpZCI6IjI1IiwibmFtZSI6IkpvaG4gRG9lIiwicm9sZSI6IkFETUlOIiwiZXhwIjoxNjg3NTgzOTUwfQ.ajHiamQlvdpozXu9xIA2a7icSP0w9fjamZwndtTFqvY
00:33:40.059 [main] DEBUG org.apache.http.headers - >> Accept: */*
00:33:40.059 [main] DEBUG org.apache.http.headers - >> Content-Type: application/json
00:33:40.059 [main] DEBUG org.apache.http.headers - >> Content-Length: 51
00:33:40.059 [main] DEBUG org.apache.http.headers - >> Host: sociops-backend-production.up.railway.app
00:33:40.059 [main] DEBUG org.apache.http.headers - >> Connection: Keep-Alive
00:33:40.059 [main] DEBUG org.apache.http.headers - >> User-Agent: Apache-HttpClient/4.5.13 (Java/15.0.2)
00:33:40.059 [main] DEBUG org.apache.http.headers - >> Accept-Encoding: gzip,deflate
00:33:40.059 [main] DEBUG org.apache.http.wire -  >> "{"description":"","title":"Seru!2 Salurkan Donasi"}"
00:33:40.251 [main] DEBUG org.apache.http.wire -  << "HTTP/1.1 400 Bad Request[\r][\n]"
00:33:40.251 [main] DEBUG org.apache.http.wire -  << "content-type: application/json; charset=UTF-8[\r][\n]"
00:33:40.251 [main] DEBUG org.apache.http.wire -  << "vary: Origin[\r][\n]"
00:33:40.251 [main] DEBUG org.apache.http.wire -  << "date: Fri, 23 Jun 2023 17:33:41 GMT[\r][\n]"
00:33:40.251 [main] DEBUG org.apache.http.wire -  << "content-length: 95[\r][\n]"
00:33:40.251 [main] DEBUG org.apache.http.wire -  << "server: railway[\r][\n]"
00:33:40.251 [main] DEBUG org.apache.http.wire -  << "[\r][\n]"
00:33:40.251 [main] DEBUG org.apache.http.impl.conn.DefaultClientConnection - Receiving response: HTTP/1.1 400 Bad Request
00:33:40.251 [main] DEBUG org.apache.http.headers - << HTTP/1.1 400 Bad Request
00:33:40.251 [main] DEBUG org.apache.http.headers - << content-type: application/json; charset=UTF-8
00:33:40.251 [main] DEBUG org.apache.http.headers - << vary: Origin
00:33:40.251 [main] DEBUG org.apache.http.headers - << date: Fri, 23 Jun 2023 17:33:41 GMT
00:33:40.251 [main] DEBUG org.apache.http.headers - << content-length: 95
00:33:40.251 [main] DEBUG org.apache.http.headers - << server: railway
00:33:40.251 [main] DEBUG org.apache.http.impl.client.DefaultHttpClient - Connection can be kept alive indefinitely
00:33:40.251 [main] DEBUG io.restassured.internal.RestAssuredHttpBuilder - Parsing response as: application/json; charset=UTF-8
00:33:40.251 [main] DEBUG io.restassured.internal.RestAssuredHttpBuilder - Parsed data to instance of: class org.apache.http.conn.EofSensorInputStream
00:33:40.252 [main] DEBUG org.apache.http.wire -  << "{"data":["Description is a required field"],"message":"ERROR_INPUT_VALIDATION","status":false}[\n]"
00:33:40.253 [main] DEBUG org.apache.http.impl.conn.BasicClientConnectionManager - Releasing connection org.apache.http.impl.conn.ManagedClientConnectionImpl@21d8da75
00:33:40.253 [main] DEBUG org.apache.http.impl.conn.BasicClientConnectionManager - Connection can be kept alive indefinitely
00:33:40.254 [main] DEBUG net.thucydides.core.steps.StepInterceptor - STEP DONE: I send POST HTTP request manage news admin without fill description payload
  &amp#27;[32mWhen &amp#27;[0m&amp#27;[32mI send POST HTTP request manage news admin without fill description payload&amp#27;[0m &amp#27;[90m# starter.stepdefinitions.adminManageNewsSteps.sendPostReqManageNewsANoInputDescription()&amp#27;[0m
00:33:40.257 [main] DEBUG net.thucydides.core.steps.StepInterceptor - STARTING STEP: adminManageNewsSteps.response400ManageNewsA - I receive HTTP response code 400 manage news admin
00:33:40.258 [main] DEBUG net.thucydides.core.steps.StepInterceptor - STEP DONE: I receive HTTP response code 400 manage news admin
  &amp#27;[32mThen &amp#27;[0m&amp#27;[32mI receive HTTP response code 400 manage news admin&amp#27;[0m                          &amp#27;[90m# starter.stepdefinitions.adminManageNewsSteps.response400ManageNewsA()&amp#27;[0m
00:33:40.260 [main] INFO  - 
  _____   ___   ___   _____     ___     _     ___   ___   ___   ___  
 |_   _| | __| / __| |_   _|   | _ \   /_\   / __| / __| | __| |   \ 
   | |   | _|  \__ \   | |     |  _/  / _ \  \__ \ \__ \ | _|  | |) |
   |_|   |___| |___/   |_|     |_|   /_/ \_\ |___/ |___/ |___| |___/ 

POST - Create new news without fill description payload
----------------------------------------------------------------------
]]></system-out>
  </testcase>
  <testcase name="POST - Create new news only fill 1 char in title payload" classname="Manage News Admin" time="0.666">
    <system-out><![CDATA[
Scenario: POST - Create new news only fill 1 char in title payload                  &amp#27;[90m# src/test/resources/features/adminManageNews.feature:22&amp#27;[0m
00:33:40.268 [main] DEBUG io.cucumber.core.plugin.SerenityReporter - Running feature from file:///C:/Users/WINDOWS%2010/Documents/GitHub/Capstone/sociops_qe_api/src/test/resources/features/adminManageNews.feature
00:33:40.274 [main] INFO  - 
  _____   ___   ___   _____     ___   _____     _     ___   _____   ___   ___  
 |_   _| | __| / __| |_   _|   / __| |_   _|   /_\   | _ \ |_   _| | __| |   \ 
   | |   | _|  \__ \   | |     \__ \   | |    / _ \  |   /   | |   | _|  | |) |
   |_|   |___| |___/   |_|     |___/   |_|   /_/ \_\ |_|_\   |_|   |___| |___/ 

POST - Create new news only fill 1 char in title payload(manage-news-admin;post---create-new-news-only-fill-1-char-in-title-payload)
--------------------------------------------------------------------------------
00:33:40.289 [main] DEBUG net.thucydides.core.steps.StepInterceptor - STARTING STEP: adminManageNewsSteps.setPostEpManageNews - I set POST api endpoints manage news admin
00:33:40.289 [main] DEBUG net.thucydides.core.steps.StepInterceptor - STEP DONE: I set POST api endpoints manage news admin
  &amp#27;[32mGiven &amp#27;[0m&amp#27;[32mI set POST api endpoints manage news admin&amp#27;[0m                                  &amp#27;[90m# starter.stepdefinitions.adminManageNewsSteps.setPostEpManageNews()&amp#27;[0m
00:33:40.295 [main] DEBUG net.thucydides.core.steps.StepInterceptor - STARTING STEP: adminManageNewsSteps.sendPostReqManageNewsA1CharTitle - I send POST HTTP request manage news admin only fill 1 char in title payload
00:33:40.297 [main] DEBUG net.thucydides.core.steps.StepInterceptor - STARTING STEP: adminManageNews.sendPostReqManageNewsA1CharTitle - I set POST api endpoints manage news admin
00:33:40.297 [main] DEBUG net.thucydides.core.steps.StepInterceptor - STEP DONE: I set POST api endpoints manage news admin
00:33:40.316 [main] DEBUG org.apache.http.impl.conn.BasicClientConnectionManager - Get connection for route {s}->https://sociops-backend-production.up.railway.app:443
00:33:40.316 [main] DEBUG org.apache.http.impl.conn.DefaultClientConnectionOperator - Connecting to sociops-backend-production.up.railway.app:443
00:33:40.716 [main] DEBUG org.apache.http.client.protocol.RequestAddCookies - CookieSpec selected: ignoreCookies
00:33:40.717 [main] DEBUG org.apache.http.client.protocol.RequestAuthCache - Auth cache not set in the context
00:33:40.717 [main] DEBUG org.apache.http.client.protocol.RequestProxyAuthentication - Proxy auth state: UNCHALLENGED
00:33:40.717 [main] DEBUG org.apache.http.impl.client.DefaultHttpClient - Attempt 1 to execute request
00:33:40.717 [main] DEBUG org.apache.http.impl.conn.DefaultClientConnection - Sending request: POST /news HTTP/1.1
00:33:40.717 [main] DEBUG org.apache.http.wire -  >> "POST /news HTTP/1.1[\r][\n]"
00:33:40.717 [main] DEBUG org.apache.http.wire -  >> "Authorization: Bearer eyJhbGciOiJIUzI1NiIsInR5cCI6IkpXVCJ9.eyJpZCI6IjI1IiwibmFtZSI6IkpvaG4gRG9lIiwicm9sZSI6IkFETUlOIiwiZXhwIjoxNjg3NTgzOTUwfQ.ajHiamQlvdpozXu9xIA2a7icSP0w9fjamZwndtTFqvY[\r][\n]"
00:33:40.717 [main] DEBUG org.apache.http.wire -  >> "Accept: */*[\r][\n]"
00:33:40.717 [main] DEBUG org.apache.http.wire -  >> "Content-Type: application/json[\r][\n]"
00:33:40.717 [main] DEBUG org.apache.http.wire -  >> "Content-Length: 88[\r][\n]"
00:33:40.717 [main] DEBUG org.apache.http.wire -  >> "Host: sociops-backend-production.up.railway.app[\r][\n]"
00:33:40.717 [main] DEBUG org.apache.http.wire -  >> "Connection: Keep-Alive[\r][\n]"
00:33:40.717 [main] DEBUG org.apache.http.wire -  >> "User-Agent: Apache-HttpClient/4.5.13 (Java/15.0.2)[\r][\n]"
00:33:40.717 [main] DEBUG org.apache.http.wire -  >> "Accept-Encoding: gzip,deflate[\r][\n]"
00:33:40.717 [main] DEBUG org.apache.http.wire -  >> "[\r][\n]"
00:33:40.717 [main] DEBUG org.apache.http.headers - >> POST /news HTTP/1.1
00:33:40.717 [main] DEBUG org.apache.http.headers - >> Authorization: Bearer eyJhbGciOiJIUzI1NiIsInR5cCI6IkpXVCJ9.eyJpZCI6IjI1IiwibmFtZSI6IkpvaG4gRG9lIiwicm9sZSI6IkFETUlOIiwiZXhwIjoxNjg3NTgzOTUwfQ.ajHiamQlvdpozXu9xIA2a7icSP0w9fjamZwndtTFqvY
00:33:40.717 [main] DEBUG org.apache.http.headers - >> Accept: */*
00:33:40.717 [main] DEBUG org.apache.http.headers - >> Content-Type: application/json
00:33:40.717 [main] DEBUG org.apache.http.headers - >> Content-Length: 88
00:33:40.717 [main] DEBUG org.apache.http.headers - >> Host: sociops-backend-production.up.railway.app
00:33:40.718 [main] DEBUG org.apache.http.headers - >> Connection: Keep-Alive
00:33:40.718 [main] DEBUG org.apache.http.headers - >> User-Agent: Apache-HttpClient/4.5.13 (Java/15.0.2)
00:33:40.718 [main] DEBUG org.apache.http.headers - >> Accept-Encoding: gzip,deflate
00:33:40.718 [main] DEBUG org.apache.http.wire -  >> "{"description":"andira2 - Proin et euismod diam. Duis fermentum felis nisi","title":" "}"
00:33:40.912 [main] DEBUG org.apache.http.wire -  << "HTTP/1.1 400 Bad Request[\r][\n]"
00:33:40.912 [main] DEBUG org.apache.http.wire -  << "content-type: application/json; charset=UTF-8[\r][\n]"
00:33:40.913 [main] DEBUG org.apache.http.wire -  << "vary: Origin[\r][\n]"
00:33:40.913 [main] DEBUG org.apache.http.wire -  << "date: Fri, 23 Jun 2023 17:33:41 GMT[\r][\n]"
00:33:40.913 [main] DEBUG org.apache.http.wire -  << "content-length: 89[\r][\n]"
00:33:40.913 [main] DEBUG org.apache.http.wire -  << "server: railway[\r][\n]"
00:33:40.913 [main] DEBUG org.apache.http.wire -  << "[\r][\n]"
00:33:40.913 [main] DEBUG org.apache.http.impl.conn.DefaultClientConnection - Receiving response: HTTP/1.1 400 Bad Request
00:33:40.913 [main] DEBUG org.apache.http.headers - << HTTP/1.1 400 Bad Request
00:33:40.913 [main] DEBUG org.apache.http.headers - << content-type: application/json; charset=UTF-8
00:33:40.913 [main] DEBUG org.apache.http.headers - << vary: Origin
00:33:40.913 [main] DEBUG org.apache.http.headers - << date: Fri, 23 Jun 2023 17:33:41 GMT
00:33:40.913 [main] DEBUG org.apache.http.headers - << content-length: 89
00:33:40.913 [main] DEBUG org.apache.http.headers - << server: railway
00:33:40.913 [main] DEBUG org.apache.http.impl.client.DefaultHttpClient - Connection can be kept alive indefinitely
00:33:40.914 [main] DEBUG io.restassured.internal.RestAssuredHttpBuilder - Parsing response as: application/json; charset=UTF-8
00:33:40.914 [main] DEBUG io.restassured.internal.RestAssuredHttpBuilder - Parsed data to instance of: class org.apache.http.conn.EofSensorInputStream
00:33:40.915 [main] DEBUG org.apache.http.wire -  << "{"data":["Title is a required field"],"message":"ERROR_INPUT_VALIDATION","status":false}[\n]"
00:33:40.915 [main] DEBUG org.apache.http.impl.conn.BasicClientConnectionManager - Releasing connection org.apache.http.impl.conn.ManagedClientConnectionImpl@58b3eb1
00:33:40.915 [main] DEBUG org.apache.http.impl.conn.BasicClientConnectionManager - Connection can be kept alive indefinitely
00:33:40.916 [main] DEBUG net.thucydides.core.steps.StepInterceptor - STEP DONE: I send POST HTTP request manage news admin only fill 1 char in title payload
  &amp#27;[32mWhen &amp#27;[0m&amp#27;[32mI send POST HTTP request manage news admin only fill 1 char in title payload&amp#27;[0m &amp#27;[90m# starter.stepdefinitions.adminManageNewsSteps.sendPostReqManageNewsA1CharTitle()&amp#27;[0m
00:33:40.922 [main] DEBUG net.thucydides.core.steps.StepInterceptor - STARTING STEP: adminManageNewsSteps.response400ManageNewsA - I receive HTTP response code 400 manage news admin
00:33:40.922 [main] DEBUG net.thucydides.core.steps.StepInterceptor - STEP DONE: I receive HTTP response code 400 manage news admin
  &amp#27;[32mThen &amp#27;[0m&amp#27;[32mI receive HTTP response code 400 manage news admin&amp#27;[0m                           &amp#27;[90m# starter.stepdefinitions.adminManageNewsSteps.response400ManageNewsA()&amp#27;[0m
00:33:40.926 [main] INFO  - 
  _____   ___   ___   _____     ___     _     ___   ___   ___   ___  
 |_   _| | __| / __| |_   _|   | _ \   /_\   / __| / __| | __| |   \ 
   | |   | _|  \__ \   | |     |  _/  / _ \  \__ \ \__ \ | _|  | |) |
   |_|   |___| |___/   |_|     |_|   /_/ \_\ |___/ |___/ |___| |___/ 

POST - Create new news only fill 1 char in title payload
----------------------------------------------------------------------
]]></system-out>
  </testcase>
  <testcase name="POST - Create new news only fill 1 char in description payload" classname="Manage News Admin" time="0.657">
    <system-out><![CDATA[
Scenario: POST - Create new news only fill 1 char in description payload                  &amp#27;[90m# src/test/resources/features/adminManageNews.feature:27&amp#27;[0m
00:33:40.934 [main] DEBUG io.cucumber.core.plugin.SerenityReporter - Running feature from file:///C:/Users/WINDOWS%2010/Documents/GitHub/Capstone/sociops_qe_api/src/test/resources/features/adminManageNews.feature
00:33:40.939 [main] INFO  - 
  _____   ___   ___   _____     ___   _____     _     ___   _____   ___   ___  
 |_   _| | __| / __| |_   _|   / __| |_   _|   /_\   | _ \ |_   _| | __| |   \ 
   | |   | _|  \__ \   | |     \__ \   | |    / _ \  |   /   | |   | _|  | |) |
   |_|   |___| |___/   |_|     |___/   |_|   /_/ \_\ |_|_\   |_|   |___| |___/ 

POST - Create new news only fill 1 char in description payload(manage-news-admin;post---create-new-news-only-fill-1-char-in-description-payload)
--------------------------------------------------------------------------------
00:33:40.958 [main] DEBUG net.thucydides.core.steps.StepInterceptor - STARTING STEP: adminManageNewsSteps.setPostEpManageNews - I set POST api endpoints manage news admin
00:33:40.958 [main] DEBUG net.thucydides.core.steps.StepInterceptor - STEP DONE: I set POST api endpoints manage news admin
  &amp#27;[32mGiven &amp#27;[0m&amp#27;[32mI set POST api endpoints manage news admin&amp#27;[0m                                        &amp#27;[90m# starter.stepdefinitions.adminManageNewsSteps.setPostEpManageNews()&amp#27;[0m
00:33:40.963 [main] DEBUG net.thucydides.core.steps.StepInterceptor - STARTING STEP: adminManageNewsSteps.sendPostReqManageNewsA1CharDescription - I send POST HTTP request manage news admin only fill 1 char in description payload
00:33:40.965 [main] DEBUG net.thucydides.core.steps.StepInterceptor - STARTING STEP: adminManageNews.sendPostReqManageNewsA1CharDescription - I set POST api endpoints manage news admin
00:33:40.966 [main] DEBUG net.thucydides.core.steps.StepInterceptor - STEP DONE: I set POST api endpoints manage news admin
00:33:40.986 [main] DEBUG org.apache.http.impl.conn.BasicClientConnectionManager - Get connection for route {s}->https://sociops-backend-production.up.railway.app:443
00:33:40.986 [main] DEBUG org.apache.http.impl.conn.DefaultClientConnectionOperator - Connecting to sociops-backend-production.up.railway.app:443
00:33:41.383 [main] DEBUG org.apache.http.client.protocol.RequestAddCookies - CookieSpec selected: ignoreCookies
00:33:41.383 [main] DEBUG org.apache.http.client.protocol.RequestAuthCache - Auth cache not set in the context
00:33:41.383 [main] DEBUG org.apache.http.client.protocol.RequestProxyAuthentication - Proxy auth state: UNCHALLENGED
00:33:41.383 [main] DEBUG org.apache.http.impl.client.DefaultHttpClient - Attempt 1 to execute request
00:33:41.383 [main] DEBUG org.apache.http.impl.conn.DefaultClientConnection - Sending request: POST /news HTTP/1.1
00:33:41.383 [main] DEBUG org.apache.http.wire -  >> "POST /news HTTP/1.1[\r][\n]"
00:33:41.383 [main] DEBUG org.apache.http.wire -  >> "Authorization: Bearer eyJhbGciOiJIUzI1NiIsInR5cCI6IkpXVCJ9.eyJpZCI6IjI1IiwibmFtZSI6IkpvaG4gRG9lIiwicm9sZSI6IkFETUlOIiwiZXhwIjoxNjg3NTgzOTUwfQ.ajHiamQlvdpozXu9xIA2a7icSP0w9fjamZwndtTFqvY[\r][\n]"
00:33:41.384 [main] DEBUG org.apache.http.wire -  >> "Accept: */*[\r][\n]"
00:33:41.384 [main] DEBUG org.apache.http.wire -  >> "Content-Type: application/json[\r][\n]"
00:33:41.384 [main] DEBUG org.apache.http.wire -  >> "Content-Length: 52[\r][\n]"
00:33:41.384 [main] DEBUG org.apache.http.wire -  >> "Host: sociops-backend-production.up.railway.app[\r][\n]"
00:33:41.384 [main] DEBUG org.apache.http.wire -  >> "Connection: Keep-Alive[\r][\n]"
00:33:41.384 [main] DEBUG org.apache.http.wire -  >> "User-Agent: Apache-HttpClient/4.5.13 (Java/15.0.2)[\r][\n]"
00:33:41.384 [main] DEBUG org.apache.http.wire -  >> "Accept-Encoding: gzip,deflate[\r][\n]"
00:33:41.384 [main] DEBUG org.apache.http.wire -  >> "[\r][\n]"
00:33:41.384 [main] DEBUG org.apache.http.headers - >> POST /news HTTP/1.1
00:33:41.384 [main] DEBUG org.apache.http.headers - >> Authorization: Bearer eyJhbGciOiJIUzI1NiIsInR5cCI6IkpXVCJ9.eyJpZCI6IjI1IiwibmFtZSI6IkpvaG4gRG9lIiwicm9sZSI6IkFETUlOIiwiZXhwIjoxNjg3NTgzOTUwfQ.ajHiamQlvdpozXu9xIA2a7icSP0w9fjamZwndtTFqvY
00:33:41.384 [main] DEBUG org.apache.http.headers - >> Accept: */*
00:33:41.384 [main] DEBUG org.apache.http.headers - >> Content-Type: application/json
00:33:41.384 [main] DEBUG org.apache.http.headers - >> Content-Length: 52
00:33:41.384 [main] DEBUG org.apache.http.headers - >> Host: sociops-backend-production.up.railway.app
00:33:41.384 [main] DEBUG org.apache.http.headers - >> Connection: Keep-Alive
00:33:41.384 [main] DEBUG org.apache.http.headers - >> User-Agent: Apache-HttpClient/4.5.13 (Java/15.0.2)
00:33:41.384 [main] DEBUG org.apache.http.headers - >> Accept-Encoding: gzip,deflate
00:33:41.384 [main] DEBUG org.apache.http.wire -  >> "{"description":" ","title":"Seru!2 Salurkan Donasi"}"
00:33:41.574 [main] DEBUG org.apache.http.wire -  << "HTTP/1.1 400 Bad Request[\r][\n]"
00:33:41.574 [main] DEBUG org.apache.http.wire -  << "content-type: application/json; charset=UTF-8[\r][\n]"
00:33:41.574 [main] DEBUG org.apache.http.wire -  << "vary: Origin[\r][\n]"
00:33:41.574 [main] DEBUG org.apache.http.wire -  << "date: Fri, 23 Jun 2023 17:33:42 GMT[\r][\n]"
00:33:41.574 [main] DEBUG org.apache.http.wire -  << "content-length: 95[\r][\n]"
00:33:41.574 [main] DEBUG org.apache.http.wire -  << "server: railway[\r][\n]"
00:33:41.574 [main] DEBUG org.apache.http.wire -  << "[\r][\n]"
00:33:41.574 [main] DEBUG org.apache.http.impl.conn.DefaultClientConnection - Receiving response: HTTP/1.1 400 Bad Request
00:33:41.574 [main] DEBUG org.apache.http.headers - << HTTP/1.1 400 Bad Request
00:33:41.574 [main] DEBUG org.apache.http.headers - << content-type: application/json; charset=UTF-8
00:33:41.574 [main] DEBUG org.apache.http.headers - << vary: Origin
00:33:41.574 [main] DEBUG org.apache.http.headers - << date: Fri, 23 Jun 2023 17:33:42 GMT
00:33:41.574 [main] DEBUG org.apache.http.headers - << content-length: 95
00:33:41.574 [main] DEBUG org.apache.http.headers - << server: railway
00:33:41.575 [main] DEBUG org.apache.http.impl.client.DefaultHttpClient - Connection can be kept alive indefinitely
00:33:41.575 [main] DEBUG io.restassured.internal.RestAssuredHttpBuilder - Parsing response as: application/json; charset=UTF-8
00:33:41.575 [main] DEBUG io.restassured.internal.RestAssuredHttpBuilder - Parsed data to instance of: class org.apache.http.conn.EofSensorInputStream
00:33:41.576 [main] DEBUG org.apache.http.wire -  << "{"data":["Description is a required field"],"message":"ERROR_INPUT_VALIDATION","status":false}[\n]"
00:33:41.576 [main] DEBUG org.apache.http.impl.conn.BasicClientConnectionManager - Releasing connection org.apache.http.impl.conn.ManagedClientConnectionImpl@6a878778
00:33:41.576 [main] DEBUG org.apache.http.impl.conn.BasicClientConnectionManager - Connection can be kept alive indefinitely
00:33:41.577 [main] DEBUG net.thucydides.core.steps.StepInterceptor - STEP DONE: I send POST HTTP request manage news admin only fill 1 char in description payload
  &amp#27;[32mWhen &amp#27;[0m&amp#27;[32mI send POST HTTP request manage news admin only fill 1 char in description payload&amp#27;[0m &amp#27;[90m# starter.stepdefinitions.adminManageNewsSteps.sendPostReqManageNewsA1CharDescription()&amp#27;[0m
00:33:41.581 [main] DEBUG net.thucydides.core.steps.StepInterceptor - STARTING STEP: adminManageNewsSteps.response400ManageNewsA - I receive HTTP response code 400 manage news admin
00:33:41.582 [main] DEBUG net.thucydides.core.steps.StepInterceptor - STEP DONE: I receive HTTP response code 400 manage news admin
  &amp#27;[32mThen &amp#27;[0m&amp#27;[32mI receive HTTP response code 400 manage news admin&amp#27;[0m                                 &amp#27;[90m# starter.stepdefinitions.adminManageNewsSteps.response400ManageNewsA()&amp#27;[0m
00:33:41.584 [main] INFO  - 
  _____   ___   ___   _____     ___     _     ___   ___   ___   ___  
 |_   _| | __| / __| |_   _|   | _ \   /_\   / __| / __| | __| |   \ 
   | |   | _|  \__ \   | |     |  _/  / _ \  \__ \ \__ \ | _|  | |) |
   |_|   |___| |___/   |_|     |_|   /_/ \_\ |___/ |___/ |___| |___/ 

POST - Create new news only fill 1 char in description payload
----------------------------------------------------------------------
]]></system-out>
  </testcase>
  <testcase name="GET - All news" classname="Manage News Admin" time="0.659">
    <system-out><![CDATA[
Scenario: GET - All news                                  &amp#27;[90m# src/test/resources/features/adminManageNews.feature:32&amp#27;[0m
00:33:41.589 [main] DEBUG io.cucumber.core.plugin.SerenityReporter - Running feature from file:///C:/Users/WINDOWS%2010/Documents/GitHub/Capstone/sociops_qe_api/src/test/resources/features/adminManageNews.feature
00:33:41.593 [main] INFO  - 
  _____   ___   ___   _____     ___   _____     _     ___   _____   ___   ___  
 |_   _| | __| / __| |_   _|   / __| |_   _|   /_\   | _ \ |_   _| | __| |   \ 
   | |   | _|  \__ \   | |     \__ \   | |    / _ \  |   /   | |   | _|  | |) |
   |_|   |___| |___/   |_|     |___/   |_|   /_/ \_\ |_|_\   |_|   |___| |___/ 

GET - All news(manage-news-admin;get---all-news)
--------------------------------------------------------------------------------
00:33:41.604 [main] DEBUG net.thucydides.core.steps.StepInterceptor - STARTING STEP: adminManageNewsSteps.setGetEpAllNews - I set GET api endpoints all news
00:33:41.605 [main] DEBUG net.thucydides.core.steps.StepInterceptor - STEP DONE: I set GET api endpoints all news
  &amp#27;[32mGiven &amp#27;[0m&amp#27;[32mI set GET api endpoints all news&amp#27;[0m                  &amp#27;[90m# starter.stepdefinitions.adminManageNewsSteps.setGetEpAllNews()&amp#27;[0m
00:33:41.608 [main] DEBUG net.thucydides.core.steps.StepInterceptor - STARTING STEP: adminManageNewsSteps.sendGetReqAllNews - I send GET HTTP request all news
00:33:41.610 [main] DEBUG net.thucydides.core.steps.StepInterceptor - STARTING STEP: adminManageNews.sendGetReqAllNews - I set GET api endpoints all news
00:33:41.610 [main] DEBUG net.thucydides.core.steps.StepInterceptor - STEP DONE: I set GET api endpoints all news
00:33:41.644 [main] DEBUG org.apache.http.impl.conn.BasicClientConnectionManager - Get connection for route {s}->https://sociops-backend-production.up.railway.app:443
00:33:41.644 [main] DEBUG org.apache.http.impl.conn.DefaultClientConnectionOperator - Connecting to sociops-backend-production.up.railway.app:443
00:33:42.035 [main] DEBUG org.apache.http.client.protocol.RequestAddCookies - CookieSpec selected: ignoreCookies
00:33:42.036 [main] DEBUG org.apache.http.client.protocol.RequestAuthCache - Auth cache not set in the context
00:33:42.036 [main] DEBUG org.apache.http.client.protocol.RequestProxyAuthentication - Proxy auth state: UNCHALLENGED
00:33:42.036 [main] DEBUG org.apache.http.impl.client.DefaultHttpClient - Attempt 1 to execute request
00:33:42.036 [main] DEBUG org.apache.http.impl.conn.DefaultClientConnection - Sending request: GET /news?page=1 HTTP/1.1
00:33:42.036 [main] DEBUG org.apache.http.wire -  >> "GET /news?page=1 HTTP/1.1[\r][\n]"
00:33:42.036 [main] DEBUG org.apache.http.wire -  >> "Authorization: Bearer eyJhbGciOiJIUzI1NiIsInR5cCI6IkpXVCJ9.eyJpZCI6IjI1IiwibmFtZSI6IkpvaG4gRG9lIiwicm9sZSI6IkFETUlOIiwiZXhwIjoxNjg3NTgzOTUwfQ.ajHiamQlvdpozXu9xIA2a7icSP0w9fjamZwndtTFqvY[\r][\n]"
00:33:42.036 [main] DEBUG org.apache.http.wire -  >> "Accept: */*[\r][\n]"
00:33:42.036 [main] DEBUG org.apache.http.wire -  >> "Host: sociops-backend-production.up.railway.app[\r][\n]"
00:33:42.036 [main] DEBUG org.apache.http.wire -  >> "Connection: Keep-Alive[\r][\n]"
00:33:42.036 [main] DEBUG org.apache.http.wire -  >> "User-Agent: Apache-HttpClient/4.5.13 (Java/15.0.2)[\r][\n]"
00:33:42.036 [main] DEBUG org.apache.http.wire -  >> "Accept-Encoding: gzip,deflate[\r][\n]"
00:33:42.036 [main] DEBUG org.apache.http.wire -  >> "[\r][\n]"
00:33:42.036 [main] DEBUG org.apache.http.headers - >> GET /news?page=1 HTTP/1.1
00:33:42.036 [main] DEBUG org.apache.http.headers - >> Authorization: Bearer eyJhbGciOiJIUzI1NiIsInR5cCI6IkpXVCJ9.eyJpZCI6IjI1IiwibmFtZSI6IkpvaG4gRG9lIiwicm9sZSI6IkFETUlOIiwiZXhwIjoxNjg3NTgzOTUwfQ.ajHiamQlvdpozXu9xIA2a7icSP0w9fjamZwndtTFqvY
00:33:42.036 [main] DEBUG org.apache.http.headers - >> Accept: */*
00:33:42.036 [main] DEBUG org.apache.http.headers - >> Host: sociops-backend-production.up.railway.app
00:33:42.036 [main] DEBUG org.apache.http.headers - >> Connection: Keep-Alive
00:33:42.036 [main] DEBUG org.apache.http.headers - >> User-Agent: Apache-HttpClient/4.5.13 (Java/15.0.2)
00:33:42.036 [main] DEBUG org.apache.http.headers - >> Accept-Encoding: gzip,deflate
00:33:42.230 [main] DEBUG org.apache.http.wire -  << "HTTP/1.1 200 OK[\r][\n]"
00:33:42.230 [main] DEBUG org.apache.http.wire -  << "content-type: application/json; charset=UTF-8[\r][\n]"
00:33:42.230 [main] DEBUG org.apache.http.wire -  << "vary: Origin[\r][\n]"
00:33:42.230 [main] DEBUG org.apache.http.wire -  << "date: Fri, 23 Jun 2023 17:33:43 GMT[\r][\n]"
00:33:42.230 [main] DEBUG org.apache.http.wire -  << "server: railway[\r][\n]"
00:33:42.230 [main] DEBUG org.apache.http.wire -  << "transfer-encoding: chunked[\r][\n]"
00:33:42.230 [main] DEBUG org.apache.http.wire -  << "[\r][\n]"
00:33:42.230 [main] DEBUG org.apache.http.impl.conn.DefaultClientConnection - Receiving response: HTTP/1.1 200 OK
00:33:42.230 [main] DEBUG org.apache.http.headers - << HTTP/1.1 200 OK
00:33:42.230 [main] DEBUG org.apache.http.headers - << content-type: application/json; charset=UTF-8
00:33:42.230 [main] DEBUG org.apache.http.headers - << vary: Origin
00:33:42.230 [main] DEBUG org.apache.http.headers - << date: Fri, 23 Jun 2023 17:33:43 GMT
00:33:42.230 [main] DEBUG org.apache.http.headers - << server: railway
00:33:42.230 [main] DEBUG org.apache.http.headers - << transfer-encoding: chunked
00:33:42.232 [main] DEBUG org.apache.http.impl.client.DefaultHttpClient - Connection can be kept alive indefinitely
00:33:42.232 [main] DEBUG io.restassured.internal.RestAssuredHttpBuilder - Parsing response as: application/json; charset=UTF-8
00:33:42.232 [main] DEBUG io.restassured.internal.RestAssuredHttpBuilder - Parsed data to instance of: class org.apache.http.conn.EofSensorInputStream
00:33:42.232 [main] DEBUG org.apache.http.wire -  << "10e1[\r][\n]"
00:33:42.233 [main] DEBUG org.apache.http.wire -  << "{"data":[{"author":"Wildan R","category_id":null,"category_name":"","created_at":"2023-05-29T13:48:40.259Z","description":"Mencoba mencoba mencoba mencoba","id":64,"photo_url":"https://firebasestorage.googleapis.com/v0/b/sociops-5362c.appspot.com/o/images%2Fmaxresdefault.jpg?alt=media\u0026token=e8ca18ab-dc61-4b9c-927d-e874d462ff85","title":"Berita mencoba","updated_at":"2023-06-18T13:48:40.259Z"},{"author":"Wildan R","category_id":null,"category_name":"","created_at":"2023-05-30T14:03:33.972Z","description":"Eka Bayu Alvian Wildan Yahoo","id":65,"photo_url":"https://firebasestorage.googleapis.com/v0/b/sociops-5362c.appspot.com/o/images%2Fmaxresdefault.jpg?alt=media\u0026token=0ccfefab-f869-4537-b960-4053497f24d7","title":"Eka Bayu Alvian","updated_at":"2023-06-18T14:03:33.972Z"},{"author":"Wildan R","category_id":null,"category_name":"","created_at":"2023-05-31T14:12:05.332Z","description":"Alvian bayu membuat berita","id":66,"photo_url":"https://firebasestorage.googleapis.com/v0/b/sociops-5362c.appspot.com/o/images%2Fmaxresdefault.jpg?alt=media\u0026token=e1e5309c-b723-453f-98fe-b142bba8c440","title":"Alvian bayu","updated_at":"2023-06-18T14:12:05.332Z"},{"author":"Wildan R","category_id":null,"category_name":"","created_at":"2023-06-01T12:45:51.775Z","description":"xsaxsaxasxasx sdasdsadjklaj jksdjsaajdaklsjd kljdajsdkajljdkasdjla kjskldjasjdakjdsljaldjalsj dsadasdasda sdaddasdasd","id":73,"photo_url":"https://firebasestorage.googleapis.com/v0/b/sociops-5362c.appspot.com/o/images%2FYoimiya.png?alt=media\u0026token=cf93c9e8-7be9-4172-bda1-685cee5b50d5","title":"Mengerjakan Mini Project Ssasasasa sadasdasdsadasdasd","updated_at":"2023-06-19T12:45:51.775Z"},{"author":"SkilledUp Life","category_id":1,"category_name":"Pendidikan","created_at":"2023-06-02T22:57:36.377Z","description":"hhhhhhhhhhh: Lorem ipsum dolor sit amet, consectetur adipiscing elit, sed do eiusmod tempor incididunt ut labore et dolore magna aliqua.","id":83,"photo_url":"https://via.placeholder.com/1500","title":"lorem Ipsum","updated_at":"2023-06-21T22:57:36.377Z"},{"author":"Wildan R","category_id":null,"category_name":"","created_at":"2023-06-03T09:27:37.418Z","description":"Lorem ipsum dolor sit amet consectetur, adipisicing elit. Voluptate rem ducimus qui aliquid fugit ratione totam officia eligendi magni doloribus?","id":85,"photo_url":"https://firebasestorage.googleapis.com/v0/b/sociops-5362c.appspot.com/o/images%2FScreenshot%20(105).png?alt=media\u0026token=63609d2a-0e71-4a77-808c-e577929933c5","title":"Mabar bareng Honkai Star Rail","updated_at":"2023-06-22T09:27:37.418Z"},{"author":"Wildan R","category_id":null,"category_name":"","created_at":"2023-06-04T13:48:40.259Z","description":"Mencoba mencoba mencoba mencoba","id":86,"photo_url":"https://firebasestorage.googleapis.com/v0/b/sociops-5362c.appspot.com/o/images%2Fmaxresdefault.jpg?alt=media\u0026token=e8ca18ab-dc61-4b9c-927d-e874d462ff85","title":"Berita mencoba","updated_at":"2023-06-18T13:48:40.259Z"},{"author":"Wildan R","category_id":null,"category_name":"","created_at":"2023-06-05T14:03:33.972Z","description":"Eka Bayu Alvian Wildan Yahoo","id":87,"photo_url":"https://firebasestorage.googleapis.com/v0/b/sociops-5362c.appspot.com/o/images%2Fmaxresdefault.jpg?alt=media\u0026token=0ccfefab-f869-4537-b960-4053497f24d7","title":"Eka Bayu Alvian","updated_at":"2023-06-18T14:03:33.972Z"},{"author":"Wildan R","category_id":null,"category_name":"","created_at":"2023-06-07T14:12:05.332Z","description":"Alvian bayu membuat berita","id":88,"photo_url":"https://firebasestorage.googleapis.com/v0/b/sociops-5362c.appspot.com/o/images%2Fmaxresdefault.jpg?alt=media\u0026token=e1e5309c-b723-453f-98fe-b142bba8c440","title":"Alvian bayu","updated_at":"2023-06-18T14:12:05.332Z"},{"author":"Wildan R","category_id":null,"category_name":"","created_at":"2023-06-08T12:45:51.775Z","description":"xsaxsaxasxasx sdasdsadjklaj jksdjsaajdaklsjd kljdajsdkajljdkasdjla kjskldjasjdakjdsljaldjalsj dsadasdasda sdaddasdasd","id":89,"photo_url":"https://firebasestorage.googleapis.com/v0/b/sociops-5362c.appspot.com/o/images%2FYoimiya.png?alt=media\u0026token=cf93c9e8-7be9-4172-bda1-685cee5b50d5","title":"Mengerjakan Mini Project Ssasasasa sadasdasdsadasdasd","updated_at":"2023-06-19T12:45:51.775Z"}],"message":"SUCCESS_GET_ALL_NEWS","status":true}[\n]"
00:33:42.233 [main] DEBUG org.apache.http.wire -  << "[\r][\n]"
00:33:42.233 [main] DEBUG org.apache.http.wire -  << "0[\r][\n]"
00:33:42.233 [main] DEBUG org.apache.http.wire -  << "[\r][\n]"
00:33:42.233 [main] DEBUG org.apache.http.impl.conn.BasicClientConnectionManager - Releasing connection org.apache.http.impl.conn.ManagedClientConnectionImpl@45cb5307
00:33:42.233 [main] DEBUG org.apache.http.impl.conn.BasicClientConnectionManager - Connection can be kept alive indefinitely
00:33:42.237 [main] DEBUG net.thucydides.core.steps.StepInterceptor - STEP DONE: I send GET HTTP request all news
  &amp#27;[32mWhen &amp#27;[0m&amp#27;[32mI send GET HTTP request all news&amp#27;[0m                   &amp#27;[90m# starter.stepdefinitions.adminManageNewsSteps.sendGetReqAllNews()&amp#27;[0m
00:33:42.240 [main] DEBUG net.thucydides.core.steps.StepInterceptor - STARTING STEP: adminManageNewsSteps.response200ManageNewsA - I receive HTTP response code 200 manage news admin
00:33:42.241 [main] DEBUG net.thucydides.core.steps.StepInterceptor - STEP DONE: I receive HTTP response code 200 manage news admin
  &amp#27;[32mThen &amp#27;[0m&amp#27;[32mI receive HTTP response code 200 manage news admin&amp#27;[0m &amp#27;[90m# starter.stepdefinitions.adminManageNewsSteps.response200ManageNewsA()&amp#27;[0m
00:33:42.243 [main] INFO  - 
  _____   ___   ___   _____     ___     _     ___   ___   ___   ___  
 |_   _| | __| / __| |_   _|   | _ \   /_\   / __| / __| | __| |   \ 
   | |   | _|  \__ \   | |     |  _/  / _ \  \__ \ \__ \ | _|  | |) |
   |_|   |___| |___/   |_|     |_|   /_/ \_\ |___/ |___/ |___| |___/ 

GET - All news
----------------------------------------------------------------------
]]></system-out>
  </testcase>
  <testcase name="GET - News by ID" classname="Manage News Admin" time="0.638">
    <system-out><![CDATA[
Scenario: GET - News by ID                                &amp#27;[90m# src/test/resources/features/adminManageNews.feature:37&amp#27;[0m
00:33:42.249 [main] DEBUG io.cucumber.core.plugin.SerenityReporter - Running feature from file:///C:/Users/WINDOWS%2010/Documents/GitHub/Capstone/sociops_qe_api/src/test/resources/features/adminManageNews.feature
00:33:42.254 [main] INFO  - 
  _____   ___   ___   _____     ___   _____     _     ___   _____   ___   ___  
 |_   _| | __| / __| |_   _|   / __| |_   _|   /_\   | _ \ |_   _| | __| |   \ 
   | |   | _|  \__ \   | |     \__ \   | |    / _ \  |   /   | |   | _|  | |) |
   |_|   |___| |___/   |_|     |___/   |_|   /_/ \_\ |_|_\   |_|   |___| |___/ 

GET - News by ID(manage-news-admin;get---news-by-id)
--------------------------------------------------------------------------------
00:33:42.275 [main] DEBUG net.thucydides.core.steps.StepInterceptor - STARTING STEP: adminManageNewsSteps.setGetEpNewsByID - I set GET api endpoints news by id
00:33:42.275 [Finalizer] DEBUG org.apache.http.impl.conn.DefaultClientConnection - Connection 0.0.0.0:63723<->104.196.232.237:443 closed
00:33:42.275 [main] DEBUG net.thucydides.core.steps.StepInterceptor - STEP DONE: I set GET api endpoints news by id
  &amp#27;[32mGiven &amp#27;[0m&amp#27;[32mI set GET api endpoints news by id&amp#27;[0m                &amp#27;[90m# starter.stepdefinitions.adminManageNewsSteps.setGetEpNewsByID()&amp#27;[0m
00:33:42.277 [Finalizer] DEBUG org.apache.http.impl.conn.DefaultClientConnection - Connection 0.0.0.0:63726<->104.196.232.237:443 closed
00:33:42.277 [Finalizer] DEBUG org.apache.http.impl.conn.DefaultClientConnection - Connection 0.0.0.0:63727<->104.196.232.237:443 closed
00:33:42.280 [main] DEBUG net.thucydides.core.steps.StepInterceptor - STARTING STEP: adminManageNewsSteps.sendGetReqNewsByID - I send GET HTTP request new by id
00:33:42.281 [main] DEBUG net.thucydides.core.steps.StepInterceptor - STARTING STEP: adminManageNews.sendGetReqNewsByID - I set GET api endpoints news by id
00:33:42.282 [main] DEBUG net.thucydides.core.steps.StepInterceptor - STEP DONE: I set GET api endpoints news by id
00:33:42.297 [main] DEBUG org.apache.http.impl.conn.BasicClientConnectionManager - Get connection for route {s}->https://sociops-backend-production.up.railway.app:443
00:33:42.297 [main] DEBUG org.apache.http.impl.conn.DefaultClientConnectionOperator - Connecting to sociops-backend-production.up.railway.app:443
00:33:42.683 [main] DEBUG org.apache.http.client.protocol.RequestAddCookies - CookieSpec selected: ignoreCookies
00:33:42.684 [main] DEBUG org.apache.http.client.protocol.RequestAuthCache - Auth cache not set in the context
00:33:42.684 [main] DEBUG org.apache.http.client.protocol.RequestProxyAuthentication - Proxy auth state: UNCHALLENGED
00:33:42.684 [main] DEBUG org.apache.http.impl.client.DefaultHttpClient - Attempt 1 to execute request
00:33:42.684 [main] DEBUG org.apache.http.impl.conn.DefaultClientConnection - Sending request: GET /news/100 HTTP/1.1
00:33:42.684 [main] DEBUG org.apache.http.wire -  >> "GET /news/100 HTTP/1.1[\r][\n]"
00:33:42.684 [main] DEBUG org.apache.http.wire -  >> "Authorization: Bearer eyJhbGciOiJIUzI1NiIsInR5cCI6IkpXVCJ9.eyJpZCI6IjI1IiwibmFtZSI6IkpvaG4gRG9lIiwicm9sZSI6IkFETUlOIiwiZXhwIjoxNjg3NTgzOTUwfQ.ajHiamQlvdpozXu9xIA2a7icSP0w9fjamZwndtTFqvY[\r][\n]"
00:33:42.684 [main] DEBUG org.apache.http.wire -  >> "Accept: */*[\r][\n]"
00:33:42.684 [main] DEBUG org.apache.http.wire -  >> "Host: sociops-backend-production.up.railway.app[\r][\n]"
00:33:42.684 [main] DEBUG org.apache.http.wire -  >> "Connection: Keep-Alive[\r][\n]"
00:33:42.684 [main] DEBUG org.apache.http.wire -  >> "User-Agent: Apache-HttpClient/4.5.13 (Java/15.0.2)[\r][\n]"
00:33:42.684 [main] DEBUG org.apache.http.wire -  >> "Accept-Encoding: gzip,deflate[\r][\n]"
00:33:42.684 [main] DEBUG org.apache.http.wire -  >> "[\r][\n]"
00:33:42.684 [main] DEBUG org.apache.http.headers - >> GET /news/100 HTTP/1.1
00:33:42.684 [main] DEBUG org.apache.http.headers - >> Authorization: Bearer eyJhbGciOiJIUzI1NiIsInR5cCI6IkpXVCJ9.eyJpZCI6IjI1IiwibmFtZSI6IkpvaG4gRG9lIiwicm9sZSI6IkFETUlOIiwiZXhwIjoxNjg3NTgzOTUwfQ.ajHiamQlvdpozXu9xIA2a7icSP0w9fjamZwndtTFqvY
00:33:42.684 [main] DEBUG org.apache.http.headers - >> Accept: */*
00:33:42.684 [main] DEBUG org.apache.http.headers - >> Host: sociops-backend-production.up.railway.app
00:33:42.684 [main] DEBUG org.apache.http.headers - >> Connection: Keep-Alive
00:33:42.684 [main] DEBUG org.apache.http.headers - >> User-Agent: Apache-HttpClient/4.5.13 (Java/15.0.2)
00:33:42.684 [main] DEBUG org.apache.http.headers - >> Accept-Encoding: gzip,deflate
00:33:42.874 [main] DEBUG org.apache.http.wire -  << "HTTP/1.1 200 OK[\r][\n]"
00:33:42.874 [main] DEBUG org.apache.http.wire -  << "content-type: application/json; charset=UTF-8[\r][\n]"
00:33:42.874 [main] DEBUG org.apache.http.wire -  << "vary: Origin[\r][\n]"
00:33:42.874 [main] DEBUG org.apache.http.wire -  << "date: Fri, 23 Jun 2023 17:33:43 GMT[\r][\n]"
00:33:42.874 [main] DEBUG org.apache.http.wire -  << "content-length: 481[\r][\n]"
00:33:42.874 [main] DEBUG org.apache.http.wire -  << "server: railway[\r][\n]"
00:33:42.874 [main] DEBUG org.apache.http.wire -  << "[\r][\n]"
00:33:42.874 [main] DEBUG org.apache.http.impl.conn.DefaultClientConnection - Receiving response: HTTP/1.1 200 OK
00:33:42.874 [main] DEBUG org.apache.http.headers - << HTTP/1.1 200 OK
00:33:42.874 [main] DEBUG org.apache.http.headers - << content-type: application/json; charset=UTF-8
00:33:42.874 [main] DEBUG org.apache.http.headers - << vary: Origin
00:33:42.874 [main] DEBUG org.apache.http.headers - << date: Fri, 23 Jun 2023 17:33:43 GMT
00:33:42.874 [main] DEBUG org.apache.http.headers - << content-length: 481
00:33:42.874 [main] DEBUG org.apache.http.headers - << server: railway
00:33:42.874 [main] DEBUG org.apache.http.impl.client.DefaultHttpClient - Connection can be kept alive indefinitely
00:33:42.875 [main] DEBUG io.restassured.internal.RestAssuredHttpBuilder - Parsing response as: application/json; charset=UTF-8
00:33:42.875 [main] DEBUG io.restassured.internal.RestAssuredHttpBuilder - Parsed data to instance of: class org.apache.http.conn.EofSensorInputStream
00:33:42.875 [main] DEBUG org.apache.http.wire -  << "{"data":{"author":"Wildan R","category_id":null,"category_name":"","created_at":"2023-06-23T07:11:38.611Z","description":"tyesstyesstyesstyesstyesstyesstyess","id":100,"photo_url":"https://firebasestorage.googleapis.com/v0/b/sociops-5362c.appspot.com/o/images%2Fstephen-hawkingjpg-20210806073530.jpg?alt=media\u0026token=3b116f1a-9bec-4dab-b77d-a9b2bdd09b2d","title":"tyesstyesstyesstyess","updated_at":"2023-06-23T07:11:38.611Z"},"message":"SUCCESS_GET_NEWS_BY_ID","status":true}[\n]"
00:33:42.875 [main] DEBUG org.apache.http.impl.conn.BasicClientConnectionManager - Releasing connection org.apache.http.impl.conn.ManagedClientConnectionImpl@6df87ffd
00:33:42.875 [main] DEBUG org.apache.http.impl.conn.BasicClientConnectionManager - Connection can be kept alive indefinitely
00:33:42.876 [main] DEBUG net.thucydides.core.steps.StepInterceptor - STEP DONE: I send GET HTTP request new by id
  &amp#27;[32mWhen &amp#27;[0m&amp#27;[32mI send GET HTTP request new by id&amp#27;[0m                  &amp#27;[90m# starter.stepdefinitions.adminManageNewsSteps.sendGetReqNewsByID()&amp#27;[0m
00:33:42.880 [main] DEBUG net.thucydides.core.steps.StepInterceptor - STARTING STEP: adminManageNewsSteps.response200ManageNewsA - I receive HTTP response code 200 manage news admin
00:33:42.881 [main] DEBUG net.thucydides.core.steps.StepInterceptor - STEP DONE: I receive HTTP response code 200 manage news admin
  &amp#27;[32mThen &amp#27;[0m&amp#27;[32mI receive HTTP response code 200 manage news admin&amp#27;[0m &amp#27;[90m# starter.stepdefinitions.adminManageNewsSteps.response200ManageNewsA()&amp#27;[0m
00:33:42.883 [main] INFO  - 
  _____   ___   ___   _____     ___     _     ___   ___   ___   ___  
 |_   _| | __| / __| |_   _|   | _ \   /_\   / __| / __| | __| |   \ 
   | |   | _|  \__ \   | |     |  _/  / _ \  \__ \ \__ \ | _|  | |) |
   |_|   |___| |___/   |_|     |_|   /_/ \_\ |___/ |___/ |___| |___/ 

GET - News by ID
----------------------------------------------------------------------
]]></system-out>
  </testcase>
  <testcase name="GET - News by out of bound ID" classname="Manage News Admin" time="0.631">
    <system-out><![CDATA[
Scenario: GET - News by out of bound ID                   &amp#27;[90m# src/test/resources/features/adminManageNews.feature:42&amp#27;[0m
00:33:42.887 [main] DEBUG io.cucumber.core.plugin.SerenityReporter - Running feature from file:///C:/Users/WINDOWS%2010/Documents/GitHub/Capstone/sociops_qe_api/src/test/resources/features/adminManageNews.feature
00:33:42.892 [main] INFO  - 
  _____   ___   ___   _____     ___   _____     _     ___   _____   ___   ___  
 |_   _| | __| / __| |_   _|   / __| |_   _|   /_\   | _ \ |_   _| | __| |   \ 
   | |   | _|  \__ \   | |     \__ \   | |    / _ \  |   /   | |   | _|  | |) |
   |_|   |___| |___/   |_|     |___/   |_|   /_/ \_\ |_|_\   |_|   |___| |___/ 

GET - News by out of bound ID(manage-news-admin;get---news-by-out-of-bound-id)
--------------------------------------------------------------------------------
00:33:42.908 [main] DEBUG net.thucydides.core.steps.StepInterceptor - STARTING STEP: adminManageNewsSteps.setGetEpNewsByOutOfBoundID - I set GET api endpoints news by out of bound ID
00:33:42.908 [main] DEBUG net.thucydides.core.steps.StepInterceptor - STEP DONE: I set GET api endpoints news by out of bound ID
  &amp#27;[32mGiven &amp#27;[0m&amp#27;[32mI set GET api endpoints news by out of bound id&amp#27;[0m   &amp#27;[90m# starter.stepdefinitions.adminManageNewsSteps.setGetEpNewsByOutOfBoundID()&amp#27;[0m
00:33:42.915 [main] DEBUG net.thucydides.core.steps.StepInterceptor - STARTING STEP: adminManageNewsSteps.sendGetReqNewsByOutOfBoundID - I send GET HTTP request new by out of bound id
00:33:42.917 [main] DEBUG net.thucydides.core.steps.StepInterceptor - STARTING STEP: adminManageNews.sendGetReqNewsByOutOfBoundID - I set GET api endpoints news by out of bound ID
00:33:42.917 [main] DEBUG net.thucydides.core.steps.StepInterceptor - STEP DONE: I set GET api endpoints news by out of bound ID
00:33:42.929 [main] DEBUG org.apache.http.impl.conn.BasicClientConnectionManager - Get connection for route {s}->https://sociops-backend-production.up.railway.app:443
00:33:42.929 [main] DEBUG org.apache.http.impl.conn.DefaultClientConnectionOperator - Connecting to sociops-backend-production.up.railway.app:443
00:33:43.316 [main] DEBUG org.apache.http.client.protocol.RequestAddCookies - CookieSpec selected: ignoreCookies
00:33:43.316 [main] DEBUG org.apache.http.client.protocol.RequestAuthCache - Auth cache not set in the context
00:33:43.316 [main] DEBUG org.apache.http.client.protocol.RequestProxyAuthentication - Proxy auth state: UNCHALLENGED
00:33:43.316 [main] DEBUG org.apache.http.impl.client.DefaultHttpClient - Attempt 1 to execute request
00:33:43.316 [main] DEBUG org.apache.http.impl.conn.DefaultClientConnection - Sending request: GET /news/1600 HTTP/1.1
00:33:43.316 [main] DEBUG org.apache.http.wire -  >> "GET /news/1600 HTTP/1.1[\r][\n]"
00:33:43.316 [main] DEBUG org.apache.http.wire -  >> "Authorization: Bearer eyJhbGciOiJIUzI1NiIsInR5cCI6IkpXVCJ9.eyJpZCI6IjI1IiwibmFtZSI6IkpvaG4gRG9lIiwicm9sZSI6IkFETUlOIiwiZXhwIjoxNjg3NTgzOTUwfQ.ajHiamQlvdpozXu9xIA2a7icSP0w9fjamZwndtTFqvY[\r][\n]"
00:33:43.316 [main] DEBUG org.apache.http.wire -  >> "Accept: */*[\r][\n]"
00:33:43.316 [main] DEBUG org.apache.http.wire -  >> "Host: sociops-backend-production.up.railway.app[\r][\n]"
00:33:43.316 [main] DEBUG org.apache.http.wire -  >> "Connection: Keep-Alive[\r][\n]"
00:33:43.316 [main] DEBUG org.apache.http.wire -  >> "User-Agent: Apache-HttpClient/4.5.13 (Java/15.0.2)[\r][\n]"
00:33:43.316 [main] DEBUG org.apache.http.wire -  >> "Accept-Encoding: gzip,deflate[\r][\n]"
00:33:43.316 [main] DEBUG org.apache.http.wire -  >> "[\r][\n]"
00:33:43.316 [main] DEBUG org.apache.http.headers - >> GET /news/1600 HTTP/1.1
00:33:43.316 [main] DEBUG org.apache.http.headers - >> Authorization: Bearer eyJhbGciOiJIUzI1NiIsInR5cCI6IkpXVCJ9.eyJpZCI6IjI1IiwibmFtZSI6IkpvaG4gRG9lIiwicm9sZSI6IkFETUlOIiwiZXhwIjoxNjg3NTgzOTUwfQ.ajHiamQlvdpozXu9xIA2a7icSP0w9fjamZwndtTFqvY
00:33:43.316 [main] DEBUG org.apache.http.headers - >> Accept: */*
00:33:43.316 [main] DEBUG org.apache.http.headers - >> Host: sociops-backend-production.up.railway.app
00:33:43.316 [main] DEBUG org.apache.http.headers - >> Connection: Keep-Alive
00:33:43.316 [main] DEBUG org.apache.http.headers - >> User-Agent: Apache-HttpClient/4.5.13 (Java/15.0.2)
00:33:43.316 [main] DEBUG org.apache.http.headers - >> Accept-Encoding: gzip,deflate
00:33:43.507 [main] DEBUG org.apache.http.wire -  << "HTTP/1.1 404 Not Found[\r][\n]"
00:33:43.507 [main] DEBUG org.apache.http.wire -  << "content-type: application/json; charset=UTF-8[\r][\n]"
00:33:43.507 [main] DEBUG org.apache.http.wire -  << "vary: Origin[\r][\n]"
00:33:43.507 [main] DEBUG org.apache.http.wire -  << "date: Fri, 23 Jun 2023 17:33:44 GMT[\r][\n]"
00:33:43.507 [main] DEBUG org.apache.http.wire -  << "content-length: 76[\r][\n]"
00:33:43.507 [main] DEBUG org.apache.http.wire -  << "server: railway[\r][\n]"
00:33:43.507 [main] DEBUG org.apache.http.wire -  << "[\r][\n]"
00:33:43.507 [main] DEBUG org.apache.http.impl.conn.DefaultClientConnection - Receiving response: HTTP/1.1 404 Not Found
00:33:43.507 [main] DEBUG org.apache.http.headers - << HTTP/1.1 404 Not Found
00:33:43.507 [main] DEBUG org.apache.http.headers - << content-type: application/json; charset=UTF-8
00:33:43.507 [main] DEBUG org.apache.http.headers - << vary: Origin
00:33:43.507 [main] DEBUG org.apache.http.headers - << date: Fri, 23 Jun 2023 17:33:44 GMT
00:33:43.507 [main] DEBUG org.apache.http.headers - << content-length: 76
00:33:43.507 [main] DEBUG org.apache.http.headers - << server: railway
00:33:43.507 [main] DEBUG org.apache.http.impl.client.DefaultHttpClient - Connection can be kept alive indefinitely
00:33:43.508 [main] DEBUG io.restassured.internal.RestAssuredHttpBuilder - Parsing response as: application/json; charset=UTF-8
00:33:43.508 [main] DEBUG io.restassured.internal.RestAssuredHttpBuilder - Parsed data to instance of: class org.apache.http.conn.EofSensorInputStream
00:33:43.509 [main] DEBUG org.apache.http.wire -  << "{"data":"record not found","message":"ERROR_NEWS_NOT_FOUND","status":false}[\n]"
00:33:43.509 [main] DEBUG org.apache.http.impl.conn.BasicClientConnectionManager - Releasing connection org.apache.http.impl.conn.ManagedClientConnectionImpl@2586e878
00:33:43.509 [main] DEBUG org.apache.http.impl.conn.BasicClientConnectionManager - Connection can be kept alive indefinitely
00:33:43.509 [main] DEBUG net.thucydides.core.steps.StepInterceptor - STEP DONE: I send GET HTTP request new by out of bound id
  &amp#27;[32mWhen &amp#27;[0m&amp#27;[32mI send GET HTTP request new by out of bound id&amp#27;[0m     &amp#27;[90m# starter.stepdefinitions.adminManageNewsSteps.sendGetReqNewsByOutOfBoundID()&amp#27;[0m
00:33:43.512 [main] DEBUG net.thucydides.core.steps.StepInterceptor - STARTING STEP: adminManageNewsSteps.response404ManageNewsA - I receive HTTP response code 404 manage news admin
00:33:43.512 [main] DEBUG net.thucydides.core.steps.StepInterceptor - STEP DONE: I receive HTTP response code 404 manage news admin
  &amp#27;[32mThen &amp#27;[0m&amp#27;[32mI receive HTTP response code 404 manage news admin&amp#27;[0m &amp#27;[90m# starter.stepdefinitions.adminManageNewsSteps.response404ManageNewsA()&amp#27;[0m
00:33:43.514 [main] INFO  - 
  _____   ___   ___   _____     ___     _     ___   ___   ___   ___  
 |_   _| | __| / __| |_   _|   | _ \   /_\   / __| / __| | __| |   \ 
   | |   | _|  \__ \   | |     |  _/  / _ \  \__ \ \__ \ | _|  | |) |
   |_|   |___| |___/   |_|     |_|   /_/ \_\ |___/ |___/ |___| |___/ 

GET - News by out of bound ID
----------------------------------------------------------------------
]]></system-out>
  </testcase>
  <testcase name="GET - News by invalid ID" classname="Manage News Admin" time="0.62">
    <system-out><![CDATA[
Scenario: GET - News by invalid ID                        &amp#27;[90m# src/test/resources/features/adminManageNews.feature:47&amp#27;[0m
00:33:43.519 [main] DEBUG io.cucumber.core.plugin.SerenityReporter - Running feature from file:///C:/Users/WINDOWS%2010/Documents/GitHub/Capstone/sociops_qe_api/src/test/resources/features/adminManageNews.feature
00:33:43.523 [main] INFO  - 
  _____   ___   ___   _____     ___   _____     _     ___   _____   ___   ___  
 |_   _| | __| / __| |_   _|   / __| |_   _|   /_\   | _ \ |_   _| | __| |   \ 
   | |   | _|  \__ \   | |     \__ \   | |    / _ \  |   /   | |   | _|  | |) |
   |_|   |___| |___/   |_|     |___/   |_|   /_/ \_\ |_|_\   |_|   |___| |___/ 

GET - News by invalid ID(manage-news-admin;get---news-by-invalid-id)
--------------------------------------------------------------------------------
00:33:43.533 [main] DEBUG net.thucydides.core.steps.StepInterceptor - STARTING STEP: adminManageNewsSteps.setGetEpNewsByInvalidID - I set GET api endpoints news by invalid ID
00:33:43.533 [main] DEBUG net.thucydides.core.steps.StepInterceptor - STEP DONE: I set GET api endpoints news by invalid ID
  &amp#27;[32mGiven &amp#27;[0m&amp#27;[32mI set GET api endpoints news by invalid id&amp#27;[0m        &amp#27;[90m# starter.stepdefinitions.adminManageNewsSteps.setGetEpNewsByInvalidID()&amp#27;[0m
00:33:43.537 [main] DEBUG net.thucydides.core.steps.StepInterceptor - STARTING STEP: adminManageNewsSteps.sendGetReqNewsByInvalidID - I send GET HTTP request new by invalid id
00:33:43.538 [main] DEBUG net.thucydides.core.steps.StepInterceptor - STARTING STEP: adminManageNews.sendGetReqNewsByInvalidID - I set GET api endpoints news by out of bound ID
00:33:43.538 [main] DEBUG net.thucydides.core.steps.StepInterceptor - STEP DONE: I set GET api endpoints news by out of bound ID
00:33:43.551 [main] DEBUG org.apache.http.impl.conn.BasicClientConnectionManager - Get connection for route {s}->https://sociops-backend-production.up.railway.app:443
00:33:43.551 [main] DEBUG org.apache.http.impl.conn.DefaultClientConnectionOperator - Connecting to sociops-backend-production.up.railway.app:443
00:33:43.937 [main] DEBUG org.apache.http.client.protocol.RequestAddCookies - CookieSpec selected: ignoreCookies
00:33:43.937 [main] DEBUG org.apache.http.client.protocol.RequestAuthCache - Auth cache not set in the context
00:33:43.937 [main] DEBUG org.apache.http.client.protocol.RequestProxyAuthentication - Proxy auth state: UNCHALLENGED
00:33:43.937 [main] DEBUG org.apache.http.impl.client.DefaultHttpClient - Attempt 1 to execute request
00:33:43.937 [main] DEBUG org.apache.http.impl.conn.DefaultClientConnection - Sending request: GET /news/1600 HTTP/1.1
00:33:43.937 [main] DEBUG org.apache.http.wire -  >> "GET /news/1600 HTTP/1.1[\r][\n]"
00:33:43.937 [main] DEBUG org.apache.http.wire -  >> "Authorization: Bearer eyJhbGciOiJIUzI1NiIsInR5cCI6IkpXVCJ9.eyJpZCI6IjI1IiwibmFtZSI6IkpvaG4gRG9lIiwicm9sZSI6IkFETUlOIiwiZXhwIjoxNjg3NTgzOTUwfQ.ajHiamQlvdpozXu9xIA2a7icSP0w9fjamZwndtTFqvY[\r][\n]"
00:33:43.937 [main] DEBUG org.apache.http.wire -  >> "Accept: */*[\r][\n]"
00:33:43.937 [main] DEBUG org.apache.http.wire -  >> "Host: sociops-backend-production.up.railway.app[\r][\n]"
00:33:43.937 [main] DEBUG org.apache.http.wire -  >> "Connection: Keep-Alive[\r][\n]"
00:33:43.937 [main] DEBUG org.apache.http.wire -  >> "User-Agent: Apache-HttpClient/4.5.13 (Java/15.0.2)[\r][\n]"
00:33:43.937 [main] DEBUG org.apache.http.wire -  >> "Accept-Encoding: gzip,deflate[\r][\n]"
00:33:43.937 [main] DEBUG org.apache.http.wire -  >> "[\r][\n]"
00:33:43.937 [main] DEBUG org.apache.http.headers - >> GET /news/1600 HTTP/1.1
00:33:43.937 [main] DEBUG org.apache.http.headers - >> Authorization: Bearer eyJhbGciOiJIUzI1NiIsInR5cCI6IkpXVCJ9.eyJpZCI6IjI1IiwibmFtZSI6IkpvaG4gRG9lIiwicm9sZSI6IkFETUlOIiwiZXhwIjoxNjg3NTgzOTUwfQ.ajHiamQlvdpozXu9xIA2a7icSP0w9fjamZwndtTFqvY
00:33:43.937 [main] DEBUG org.apache.http.headers - >> Accept: */*
00:33:43.937 [main] DEBUG org.apache.http.headers - >> Host: sociops-backend-production.up.railway.app
00:33:43.937 [main] DEBUG org.apache.http.headers - >> Connection: Keep-Alive
00:33:43.937 [main] DEBUG org.apache.http.headers - >> User-Agent: Apache-HttpClient/4.5.13 (Java/15.0.2)
00:33:43.937 [main] DEBUG org.apache.http.headers - >> Accept-Encoding: gzip,deflate
00:33:44.126 [main] DEBUG org.apache.http.wire -  << "HTTP/1.1 404 Not Found[\r][\n]"
00:33:44.126 [main] DEBUG org.apache.http.wire -  << "content-type: application/json; charset=UTF-8[\r][\n]"
00:33:44.126 [main] DEBUG org.apache.http.wire -  << "vary: Origin[\r][\n]"
00:33:44.126 [main] DEBUG org.apache.http.wire -  << "date: Fri, 23 Jun 2023 17:33:45 GMT[\r][\n]"
00:33:44.126 [main] DEBUG org.apache.http.wire -  << "content-length: 76[\r][\n]"
00:33:44.126 [main] DEBUG org.apache.http.wire -  << "server: railway[\r][\n]"
00:33:44.126 [main] DEBUG org.apache.http.wire -  << "[\r][\n]"
00:33:44.126 [main] DEBUG org.apache.http.impl.conn.DefaultClientConnection - Receiving response: HTTP/1.1 404 Not Found
00:33:44.126 [main] DEBUG org.apache.http.headers - << HTTP/1.1 404 Not Found
00:33:44.126 [main] DEBUG org.apache.http.headers - << content-type: application/json; charset=UTF-8
00:33:44.126 [main] DEBUG org.apache.http.headers - << vary: Origin
00:33:44.126 [main] DEBUG org.apache.http.headers - << date: Fri, 23 Jun 2023 17:33:45 GMT
00:33:44.126 [main] DEBUG org.apache.http.headers - << content-length: 76
00:33:44.126 [main] DEBUG org.apache.http.headers - << server: railway
00:33:44.126 [main] DEBUG org.apache.http.impl.client.DefaultHttpClient - Connection can be kept alive indefinitely
00:33:44.127 [main] DEBUG io.restassured.internal.RestAssuredHttpBuilder - Parsing response as: application/json; charset=UTF-8
00:33:44.127 [main] DEBUG io.restassured.internal.RestAssuredHttpBuilder - Parsed data to instance of: class org.apache.http.conn.EofSensorInputStream
00:33:44.129 [main] DEBUG org.apache.http.wire -  << "{"data":"record not found","message":"ERROR_NEWS_NOT_FOUND","status":false}[\n]"
00:33:44.129 [main] DEBUG org.apache.http.impl.conn.BasicClientConnectionManager - Releasing connection org.apache.http.impl.conn.ManagedClientConnectionImpl@73316a0a
00:33:44.129 [main] DEBUG org.apache.http.impl.conn.BasicClientConnectionManager - Connection can be kept alive indefinitely
00:33:44.130 [main] DEBUG net.thucydides.core.steps.StepInterceptor - STEP DONE: I send GET HTTP request new by invalid id
  &amp#27;[32mWhen &amp#27;[0m&amp#27;[32mI send GET HTTP request new by invalid id&amp#27;[0m          &amp#27;[90m# starter.stepdefinitions.adminManageNewsSteps.sendGetReqNewsByInvalidID()&amp#27;[0m
00:33:44.132 [main] DEBUG net.thucydides.core.steps.StepInterceptor - STARTING STEP: adminManageNewsSteps.response404ManageNewsA - I receive HTTP response code 404 manage news admin
00:33:44.132 [main] DEBUG net.thucydides.core.steps.StepInterceptor - STEP DONE: I receive HTTP response code 404 manage news admin
  &amp#27;[32mThen &amp#27;[0m&amp#27;[32mI receive HTTP response code 404 manage news admin&amp#27;[0m &amp#27;[90m# starter.stepdefinitions.adminManageNewsSteps.response404ManageNewsA()&amp#27;[0m
00:33:44.134 [main] INFO  - 
  _____   ___   ___   _____     ___     _     ___   ___   ___   ___  
 |_   _| | __| / __| |_   _|   | _ \   /_\   / __| / __| | __| |   \ 
   | |   | _|  \__ \   | |     |  _/  / _ \  \__ \ \__ \ | _|  | |) |
   |_|   |___| |___/   |_|     |_|   /_/ \_\ |___/ |___/ |___| |___/ 

GET - News by invalid ID
----------------------------------------------------------------------
]]></system-out>
  </testcase>
</testsuite>