<?xml version="1.0" encoding="UTF-8"?>
<testsuite xmlns:xsi="http://www.w3.org/2001/XMLSchema-instance" xsi:noNamespaceSchemaLocation="https://maven.apache.org/surefire/maven-failsafe-plugin/xsd/failsafe-test-report-3.0.xsd" version="3.0" name="starter.CucumberTestSuite" time="25.954" tests="9" errors="0" skipped="0" failures="0">
  <properties>
    <property name="java.specification.version" value="15"/>
    <property name="sun.cpu.isalist" value="amd64"/>
    <property name="sun.jnu.encoding" value="Cp1252"/>
    <property name="java.class.path" value="C:\Users\WINDOWS 10\Documents\GitHub\Capstone\sociops_qe_api\target\test-classes;C:\Users\WINDOWS 10\.m2\repository\net\serenity-bdd\serenity-rest-assured\3.6.22\serenity-rest-assured-3.6.22.jar;C:\Users\WINDOWS 10\.m2\repository\org\apache\httpcomponents\httpclient\4.5.13\httpclient-4.5.13.jar;C:\Users\WINDOWS 10\.m2\repository\org\apache\httpcomponents\httpcore\4.4.13\httpcore-4.4.13.jar;C:\Users\WINDOWS 10\.m2\repository\commons-logging\commons-logging\1.2\commons-logging-1.2.jar;C:\Users\WINDOWS 10\.m2\repository\io\rest-assured\rest-assured\5.3.0\rest-assured-5.3.0.jar;C:\Users\WINDOWS 10\.m2\repository\org\apache\httpcomponents\httpmime\4.5.13\httpmime-4.5.13.jar;C:\Users\WINDOWS 10\.m2\repository\org\ccil\cowan\tagsoup\tagsoup\1.2.1\tagsoup-1.2.1.jar;C:\Users\WINDOWS 10\.m2\repository\io\rest-assured\json-path\5.3.0\json-path-5.3.0.jar;C:\Users\WINDOWS 10\.m2\repository\io\rest-assured\rest-assured-common\5.3.0\rest-assured-common-5.3.0.jar;C:\Users\WINDOWS 10\.m2\repository\io\rest-assured\xml-path\5.3.0\xml-path-5.3.0.jar;C:\Users\WINDOWS 10\.m2\repository\org\apache\groovy\groovy-json\4.0.10\groovy-json-4.0.10.jar;C:\Users\WINDOWS 10\.m2\repository\org\apache\groovy\groovy-xml\4.0.10\groovy-xml-4.0.10.jar;C:\Users\WINDOWS 10\.m2\repository\org\apache\groovy\groovy\4.0.10\groovy-4.0.10.jar;C:\Users\WINDOWS 10\.m2\repository\org\opentest4j\opentest4j\1.2.0\opentest4j-1.2.0.jar;C:\Users\WINDOWS 10\.m2\repository\net\serenity-bdd\serenity-core\3.6.21\serenity-core-3.6.21.jar;C:\Users\WINDOWS 10\.m2\repository\net\serenity-bdd\serenity-model\3.6.21\serenity-model-3.6.21.jar;C:\Users\WINDOWS 10\.m2\repository\org\apache\commons\commons-text\1.10.0\commons-text-1.10.0.jar;C:\Users\WINDOWS 10\.m2\repository\commons-net\commons-net\3.9.0\commons-net-3.9.0.jar;C:\Users\WINDOWS 10\.m2\repository\com\google\guava\guava\31.1-jre\guava-31.1-jre.jar;C:\Users\WINDOWS 10\.m2\repository\com\google\guava\failureaccess\1.0.1\failureaccess-1.0.1.jar;C:\Users\WINDOWS 10\.m2\repository\com\google\guava\listenablefuture\9999.0-empty-to-avoid-conflict-with-guava\listenablefuture-9999.0-empty-to-avoid-conflict-with-guava.jar;C:\Users\WINDOWS 10\.m2\repository\com\google\code\findbugs\jsr305\3.0.2\jsr305-3.0.2.jar;C:\Users\WINDOWS 10\.m2\repository\org\checkerframework\checker-qual\3.12.0\checker-qual-3.12.0.jar;C:\Users\WINDOWS 10\.m2\repository\com\google\errorprone\error_prone_annotations\2.11.0\error_prone_annotations-2.11.0.jar;C:\Users\WINDOWS 10\.m2\repository\com\google\j2objc\j2objc-annotations\1.3\j2objc-annotations-1.3.jar;C:\Users\WINDOWS 10\.m2\repository\com\google\inject\guice\5.1.0\guice-5.1.0.jar;C:\Users\WINDOWS 10\.m2\repository\javax\inject\javax.inject\1\javax.inject-1.jar;C:\Users\WINDOWS 10\.m2\repository\aopalliance\aopalliance\1.0\aopalliance-1.0.jar;C:\Users\WINDOWS 10\.m2\repository\org\jsoup\jsoup\1.14.3\jsoup-1.14.3.jar;C:\Users\WINDOWS 10\.m2\repository\com\thoughtworks\xstream\xstream\1.4.20\xstream-1.4.20.jar;C:\Users\WINDOWS 10\.m2\repository\io\github\x-stream\mxparser\1.2.2\mxparser-1.2.2.jar;C:\Users\WINDOWS 10\.m2\repository\xmlpull\xmlpull\1.1.3.1\xmlpull-1.1.3.1.jar;C:\Users\WINDOWS 10\.m2\repository\com\typesafe\config\1.4.2\config-1.4.2.jar;C:\Users\WINDOWS 10\.m2\repository\org\imgscalr\imgscalr-lib\4.2\imgscalr-lib-4.2.jar;C:\Users\WINDOWS 10\.m2\repository\org\awaitility\awaitility\4.2.0\awaitility-4.2.0.jar;C:\Users\WINDOWS 10\.m2\repository\org\freemarker\freemarker\2.3.31\freemarker-2.3.31.jar;C:\Users\WINDOWS 10\.m2\repository\io\github\classgraph\classgraph\4.8.138\classgraph-4.8.138.jar;C:\Users\WINDOWS 10\.m2\repository\net\sourceforge\jexcelapi\jxl\2.6.12\jxl-2.6.12.jar;C:\Users\WINDOWS 10\.m2\repository\net\bytebuddy\byte-buddy-agent\1.14.2\byte-buddy-agent-1.14.2.jar;C:\Users\WINDOWS 10\.m2\repository\org\objenesis\objenesis\3.3\objenesis-3.3.jar;C:\Users\WINDOWS 10\.m2\repository\net\serenity-bdd\serenity-reports\3.6.21\serenity-reports-3.6.21.jar;C:\Users\WINDOWS 10\.m2\repository\net\serenity-bdd\serenity-stats\3.6.21\serenity-stats-3.6.21.jar;C:\Users\WINDOWS 10\.m2\repository\net\serenity-bdd\serenity-reports-configuration\3.6.21\serenity-reports-configuration-3.6.21.jar;C:\Users\WINDOWS 10\.m2\repository\com\vladsch\flexmark\flexmark-all\0.62.2\flexmark-all-0.62.2.jar;C:\Users\WINDOWS 10\.m2\repository\com\vladsch\flexmark\flexmark\0.62.2\flexmark-0.62.2.jar;C:\Users\WINDOWS 10\.m2\repository\com\vladsch\flexmark\flexmark-ext-abbreviation\0.62.2\flexmark-ext-abbreviation-0.62.2.jar;C:\Users\WINDOWS 10\.m2\repository\com\vladsch\flexmark\flexmark-util\0.62.2\flexmark-util-0.62.2.jar;C:\Users\WINDOWS 10\.m2\repository\com\vladsch\flexmark\flexmark-ext-admonition\0.62.2\flexmark-ext-admonition-0.62.2.jar;C:\Users\WINDOWS 10\.m2\repository\com\vladsch\flexmark\flexmark-ext-anchorlink\0.62.2\flexmark-ext-anchorlink-0.62.2.jar;C:\Users\WINDOWS 10\.m2\repository\com\vladsch\flexmark\flexmark-ext-aside\0.62.2\flexmark-ext-aside-0.62.2.jar;C:\Users\WINDOWS 10\.m2\repository\com\vladsch\flexmark\flexmark-ext-attributes\0.62.2\flexmark-ext-attributes-0.62.2.jar;C:\Users\WINDOWS 10\.m2\repository\com\vladsch\flexmark\flexmark-ext-autolink\0.62.2\flexmark-ext-autolink-0.62.2.jar;C:\Users\WINDOWS 10\.m2\repository\org\nibor\autolink\autolink\0.6.0\autolink-0.6.0.jar;C:\Users\WINDOWS 10\.m2\repository\com\vladsch\flexmark\flexmark-ext-definition\0.62.2\flexmark-ext-definition-0.62.2.jar;C:\Users\WINDOWS 10\.m2\repository\com\vladsch\flexmark\flexmark-ext-emoji\0.62.2\flexmark-ext-emoji-0.62.2.jar;C:\Users\WINDOWS 10\.m2\repository\com\vladsch\flexmark\flexmark-ext-enumerated-reference\0.62.2\flexmark-ext-enumerated-reference-0.62.2.jar;C:\Users\WINDOWS 10\.m2\repository\com\vladsch\flexmark\flexmark-ext-escaped-character\0.62.2\flexmark-ext-escaped-character-0.62.2.jar;C:\Users\WINDOWS 10\.m2\repository\com\vladsch\flexmark\flexmark-ext-footnotes\0.62.2\flexmark-ext-footnotes-0.62.2.jar;C:\Users\WINDOWS 10\.m2\repository\com\vladsch\flexmark\flexmark-ext-gfm-issues\0.62.2\flexmark-ext-gfm-issues-0.62.2.jar;C:\Users\WINDOWS 10\.m2\repository\com\vladsch\flexmark\flexmark-ext-gfm-strikethrough\0.62.2\flexmark-ext-gfm-strikethrough-0.62.2.jar;C:\Users\WINDOWS 10\.m2\repository\com\vladsch\flexmark\flexmark-ext-gfm-tasklist\0.62.2\flexmark-ext-gfm-tasklist-0.62.2.jar;C:\Users\WINDOWS 10\.m2\repository\com\vladsch\flexmark\flexmark-ext-gfm-users\0.62.2\flexmark-ext-gfm-users-0.62.2.jar;C:\Users\WINDOWS 10\.m2\repository\com\vladsch\flexmark\flexmark-ext-gitlab\0.62.2\flexmark-ext-gitlab-0.62.2.jar;C:\Users\WINDOWS 10\.m2\repository\com\vladsch\flexmark\flexmark-ext-jekyll-front-matter\0.62.2\flexmark-ext-jekyll-front-matter-0.62.2.jar;C:\Users\WINDOWS 10\.m2\repository\com\vladsch\flexmark\flexmark-ext-jekyll-tag\0.62.2\flexmark-ext-jekyll-tag-0.62.2.jar;C:\Users\WINDOWS 10\.m2\repository\com\vladsch\flexmark\flexmark-ext-media-tags\0.62.2\flexmark-ext-media-tags-0.62.2.jar;C:\Users\WINDOWS 10\.m2\repository\com\vladsch\flexmark\flexmark-ext-macros\0.62.2\flexmark-ext-macros-0.62.2.jar;C:\Users\WINDOWS 10\.m2\repository\com\vladsch\flexmark\flexmark-ext-ins\0.62.2\flexmark-ext-ins-0.62.2.jar;C:\Users\WINDOWS 10\.m2\repository\com\vladsch\flexmark\flexmark-ext-xwiki-macros\0.62.2\flexmark-ext-xwiki-macros-0.62.2.jar;C:\Users\WINDOWS 10\.m2\repository\com\vladsch\flexmark\flexmark-ext-superscript\0.62.2\flexmark-ext-superscript-0.62.2.jar;C:\Users\WINDOWS 10\.m2\repository\com\vladsch\flexmark\flexmark-ext-tables\0.62.2\flexmark-ext-tables-0.62.2.jar;C:\Users\WINDOWS 10\.m2\repository\com\vladsch\flexmark\flexmark-ext-toc\0.62.2\flexmark-ext-toc-0.62.2.jar;C:\Users\WINDOWS 10\.m2\repository\com\vladsch\flexmark\flexmark-ext-typographic\0.62.2\flexmark-ext-typographic-0.62.2.jar;C:\Users\WINDOWS 10\.m2\repository\com\vladsch\flexmark\flexmark-ext-wikilink\0.62.2\flexmark-ext-wikilink-0.62.2.jar;C:\Users\WINDOWS 10\.m2\repository\com\vladsch\flexmark\flexmark-ext-yaml-front-matter\0.62.2\flexmark-ext-yaml-front-matter-0.62.2.jar;C:\Users\WINDOWS 10\.m2\repository\com\vladsch\flexmark\flexmark-ext-youtube-embedded\0.62.2\flexmark-ext-youtube-embedded-0.62.2.jar;C:\Users\WINDOWS 10\.m2\repository\com\vladsch\flexmark\flexmark-html2md-converter\0.62.2\flexmark-html2md-converter-0.62.2.jar;C:\Users\WINDOWS 10\.m2\repository\com\vladsch\flexmark\flexmark-jira-converter\0.62.2\flexmark-jira-converter-0.62.2.jar;C:\Users\WINDOWS 10\.m2\repository\com\vladsch\flexmark\flexmark-pdf-converter\0.62.2\flexmark-pdf-converter-0.62.2.jar;C:\Users\WINDOWS 10\.m2\repository\com\openhtmltopdf\openhtmltopdf-core\1.0.0\openhtmltopdf-core-1.0.0.jar;C:\Users\WINDOWS 10\.m2\repository\com\openhtmltopdf\openhtmltopdf-pdfbox\1.0.0\openhtmltopdf-pdfbox-1.0.0.jar;C:\Users\WINDOWS 10\.m2\repository\org\apache\pdfbox\pdfbox\2.0.16\pdfbox-2.0.16.jar;C:\Users\WINDOWS 10\.m2\repository\org\apache\pdfbox\fontbox\2.0.16\fontbox-2.0.16.jar;C:\Users\WINDOWS 10\.m2\repository\org\apache\pdfbox\xmpbox\2.0.16\xmpbox-2.0.16.jar;C:\Users\WINDOWS 10\.m2\repository\de\rototor\pdfbox\graphics2d\0.24\graphics2d-0.24.jar;C:\Users\WINDOWS 10\.m2\repository\com\openhtmltopdf\openhtmltopdf-rtl-support\1.0.0\openhtmltopdf-rtl-support-1.0.0.jar;C:\Users\WINDOWS 10\.m2\repository\com\openhtmltopdf\openhtmltopdf-jsoup-dom-converter\1.0.0\openhtmltopdf-jsoup-dom-converter-1.0.0.jar;C:\Users\WINDOWS 10\.m2\repository\com\vladsch\flexmark\flexmark-profile-pegdown\0.62.2\flexmark-profile-pegdown-0.62.2.jar;C:\Users\WINDOWS 10\.m2\repository\com\vladsch\flexmark\flexmark-util-ast\0.62.2\flexmark-util-ast-0.62.2.jar;C:\Users\WINDOWS 10\.m2\repository\com\vladsch\flexmark\flexmark-util-builder\0.62.2\flexmark-util-builder-0.62.2.jar;C:\Users\WINDOWS 10\.m2\repository\com\vladsch\flexmark\flexmark-util-collection\0.62.2\flexmark-util-collection-0.62.2.jar;C:\Users\WINDOWS 10\.m2\repository\com\vladsch\flexmark\flexmark-util-data\0.62.2\flexmark-util-data-0.62.2.jar;C:\Users\WINDOWS 10\.m2\repository\com\vladsch\flexmark\flexmark-util-dependency\0.62.2\flexmark-util-dependency-0.62.2.jar;C:\Users\WINDOWS 10\.m2\repository\com\vladsch\flexmark\flexmark-util-format\0.62.2\flexmark-util-format-0.62.2.jar;C:\Users\WINDOWS 10\.m2\repository\com\vladsch\flexmark\flexmark-util-html\0.62.2\flexmark-util-html-0.62.2.jar;C:\Users\WINDOWS 10\.m2\repository\com\vladsch\flexmark\flexmark-util-misc\0.62.2\flexmark-util-misc-0.62.2.jar;C:\Users\WINDOWS 10\.m2\repository\com\vladsch\flexmark\flexmark-util-options\0.62.2\flexmark-util-options-0.62.2.jar;C:\Users\WINDOWS 10\.m2\repository\com\vladsch\flexmark\flexmark-util-sequence\0.62.2\flexmark-util-sequence-0.62.2.jar;C:\Users\WINDOWS 10\.m2\repository\com\vladsch\flexmark\flexmark-util-visitor\0.62.2\flexmark-util-visitor-0.62.2.jar;C:\Users\WINDOWS 10\.m2\repository\com\vladsch\flexmark\flexmark-youtrack-converter\0.62.2\flexmark-youtrack-converter-0.62.2.jar;C:\Users\WINDOWS 10\.m2\repository\com\ibm\icu\icu4j\72.1\icu4j-72.1.jar;C:\Users\WINDOWS 10\.m2\repository\es\nitaur\markdown\txtmark\0.16\txtmark-0.16.jar;C:\Users\WINDOWS 10\.m2\repository\net\serenity-bdd\serenity-report-resources\3.6.21\serenity-report-resources-3.6.21.jar;C:\Users\WINDOWS 10\.m2\repository\com\google\code\gson\gson\2.10.1\gson-2.10.1.jar;C:\Users\WINDOWS 10\.m2\repository\com\fasterxml\jackson\core\jackson-core\2.15.0-rc1\jackson-core-2.15.0-rc1.jar;C:\Users\WINDOWS 10\.m2\repository\com\fasterxml\jackson\core\jackson-databind\2.15.0-rc1\jackson-databind-2.15.0-rc1.jar;C:\Users\WINDOWS 10\.m2\repository\com\fasterxml\jackson\core\jackson-annotations\2.15.0-rc1\jackson-annotations-2.15.0-rc1.jar;C:\Users\WINDOWS 10\.m2\repository\commons-codec\commons-codec\1.15\commons-codec-1.15.jar;C:\Users\WINDOWS 10\.m2\repository\commons-io\commons-io\2.11.0\commons-io-2.11.0.jar;C:\Users\WINDOWS 10\.m2\repository\org\seleniumhq\selenium\selenium-java\4.8.1\selenium-java-4.8.1.jar;C:\Users\WINDOWS 10\.m2\repository\org\seleniumhq\selenium\selenium-devtools-v108\4.8.1\selenium-devtools-v108-4.8.1.jar;C:\Users\WINDOWS 10\.m2\repository\org\seleniumhq\selenium\selenium-devtools-v109\4.8.1\selenium-devtools-v109-4.8.1.jar;C:\Users\WINDOWS 10\.m2\repository\org\seleniumhq\selenium\selenium-devtools-v110\4.8.1\selenium-devtools-v110-4.8.1.jar;C:\Users\WINDOWS 10\.m2\repository\org\seleniumhq\selenium\selenium-devtools-v85\4.8.1\selenium-devtools-v85-4.8.1.jar;C:\Users\WINDOWS 10\.m2\repository\org\seleniumhq\selenium\selenium-remote-driver\4.8.1\selenium-remote-driver-4.8.1.jar;C:\Users\WINDOWS 10\.m2\repository\com\beust\jcommander\1.82\jcommander-1.82.jar;C:\Users\WINDOWS 10\.m2\repository\io\netty\netty-buffer\4.1.87.Final\netty-buffer-4.1.87.Final.jar;C:\Users\WINDOWS 10\.m2\repository\io\netty\netty-codec-http\4.1.87.Final\netty-codec-http-4.1.87.Final.jar;C:\Users\WINDOWS 10\.m2\repository\io\netty\netty-codec\4.1.87.Final\netty-codec-4.1.87.Final.jar;C:\Users\WINDOWS 10\.m2\repository\io\netty\netty-handler\4.1.87.Final\netty-handler-4.1.87.Final.jar;C:\Users\WINDOWS 10\.m2\repository\io\netty\netty-common\4.1.87.Final\netty-common-4.1.87.Final.jar;C:\Users\WINDOWS 10\.m2\repository\io\netty\netty-transport-classes-epoll\4.1.87.Final\netty-transport-classes-epoll-4.1.87.Final.jar;C:\Users\WINDOWS 10\.m2\repository\io\netty\netty-transport-classes-kqueue\4.1.87.Final\netty-transport-classes-kqueue-4.1.87.Final.jar;C:\Users\WINDOWS 10\.m2\repository\io\netty\netty-transport-native-epoll\4.1.87.Final\netty-transport-native-epoll-4.1.87.Final.jar;C:\Users\WINDOWS 10\.m2\repository\io\netty\netty-transport-native-kqueue\4.1.87.Final\netty-transport-native-kqueue-4.1.87.Final.jar;C:\Users\WINDOWS 10\.m2\repository\io\netty\netty-transport-native-unix-common\4.1.87.Final\netty-transport-native-unix-common-4.1.87.Final.jar;C:\Users\WINDOWS 10\.m2\repository\io\netty\netty-transport\4.1.87.Final\netty-transport-4.1.87.Final.jar;C:\Users\WINDOWS 10\.m2\repository\io\netty\netty-resolver\4.1.87.Final\netty-resolver-4.1.87.Final.jar;C:\Users\WINDOWS 10\.m2\repository\io\opentelemetry\opentelemetry-api\1.22.0\opentelemetry-api-1.22.0.jar;C:\Users\WINDOWS 10\.m2\repository\io\opentelemetry\opentelemetry-context\1.22.0\opentelemetry-context-1.22.0.jar;C:\Users\WINDOWS 10\.m2\repository\io\opentelemetry\opentelemetry-exporter-logging\1.22.0\opentelemetry-exporter-logging-1.22.0.jar;C:\Users\WINDOWS 10\.m2\repository\io\opentelemetry\opentelemetry-sdk-metrics\1.22.0\opentelemetry-sdk-metrics-1.22.0.jar;C:\Users\WINDOWS 10\.m2\repository\io\opentelemetry\opentelemetry-sdk-logs\1.22.0-alpha\opentelemetry-sdk-logs-1.22.0-alpha.jar;C:\Users\WINDOWS 10\.m2\repository\io\opentelemetry\opentelemetry-api-logs\1.22.0-alpha\opentelemetry-api-logs-1.22.0-alpha.jar;C:\Users\WINDOWS 10\.m2\repository\io\opentelemetry\opentelemetry-sdk-common\1.22.0\opentelemetry-sdk-common-1.22.0.jar;C:\Users\WINDOWS 10\.m2\repository\io\opentelemetry\opentelemetry-sdk-extension-autoconfigure-spi\1.22.0\opentelemetry-sdk-extension-autoconfigure-spi-1.22.0.jar;C:\Users\WINDOWS 10\.m2\repository\io\opentelemetry\opentelemetry-sdk-extension-autoconfigure\1.22.0-alpha\opentelemetry-sdk-extension-autoconfigure-1.22.0-alpha.jar;C:\Users\WINDOWS 10\.m2\repository\io\opentelemetry\opentelemetry-sdk-trace\1.22.0\opentelemetry-sdk-trace-1.22.0.jar;C:\Users\WINDOWS 10\.m2\repository\io\opentelemetry\opentelemetry-sdk\1.22.0\opentelemetry-sdk-1.22.0.jar;C:\Users\WINDOWS 10\.m2\repository\io\opentelemetry\opentelemetry-semconv\1.22.0-alpha\opentelemetry-semconv-1.22.0-alpha.jar;C:\Users\WINDOWS 10\.m2\repository\io\ous\jtoml\2.0.0\jtoml-2.0.0.jar;C:\Users\WINDOWS 10\.m2\repository\org\apache\commons\commons-exec\1.3\commons-exec-1.3.jar;C:\Users\WINDOWS 10\.m2\repository\org\asynchttpclient\async-http-client\2.12.3\async-http-client-2.12.3.jar;C:\Users\WINDOWS 10\.m2\repository\org\asynchttpclient\async-http-client-netty-utils\2.12.3\async-http-client-netty-utils-2.12.3.jar;C:\Users\WINDOWS 10\.m2\repository\io\netty\netty-codec-socks\4.1.60.Final\netty-codec-socks-4.1.60.Final.jar;C:\Users\WINDOWS 10\.m2\repository\io\netty\netty-handler-proxy\4.1.60.Final\netty-handler-proxy-4.1.60.Final.jar;C:\Users\WINDOWS 10\.m2\repository\io\netty\netty-transport-native-epoll\4.1.60.Final\netty-transport-native-epoll-4.1.60.Final-linux-x86_64.jar;C:\Users\WINDOWS 10\.m2\repository\io\netty\netty-transport-native-kqueue\4.1.60.Final\netty-transport-native-kqueue-4.1.60.Final-osx-x86_64.jar;C:\Users\WINDOWS 10\.m2\repository\org\reactivestreams\reactive-streams\1.0.3\reactive-streams-1.0.3.jar;C:\Users\WINDOWS 10\.m2\repository\com\typesafe\netty\netty-reactive-streams\2.0.4\netty-reactive-streams-2.0.4.jar;C:\Users\WINDOWS 10\.m2\repository\org\seleniumhq\selenium\selenium-manager\4.8.1\selenium-manager-4.8.1.jar;C:\Users\WINDOWS 10\.m2\repository\org\seleniumhq\selenium\selenium-safari-driver\4.8.1\selenium-safari-driver-4.8.1.jar;C:\Users\WINDOWS 10\.m2\repository\org\seleniumhq\selenium\selenium-api\4.8.1\selenium-api-4.8.1.jar;C:\Users\WINDOWS 10\.m2\repository\org\seleniumhq\selenium\selenium-support\4.8.1\selenium-support-4.8.1.jar;C:\Users\WINDOWS 10\.m2\repository\com\google\auto\service\auto-service-annotations\1.0.1\auto-service-annotations-1.0.1.jar;C:\Users\WINDOWS 10\.m2\repository\com\google\auto\service\auto-service\1.0.1\auto-service-1.0.1.jar;C:\Users\WINDOWS 10\.m2\repository\com\google\auto\auto-common\1.2\auto-common-1.2.jar;C:\Users\WINDOWS 10\.m2\repository\org\seleniumhq\selenium\selenium-json\4.8.1\selenium-json-4.8.1.jar;C:\Users\WINDOWS 10\.m2\repository\org\seleniumhq\selenium\selenium-chrome-driver\4.8.1\selenium-chrome-driver-4.8.1.jar;C:\Users\WINDOWS 10\.m2\repository\org\seleniumhq\selenium\selenium-chromium-driver\4.8.1\selenium-chromium-driver-4.8.1.jar;C:\Users\WINDOWS 10\.m2\repository\org\seleniumhq\selenium\selenium-firefox-driver\4.8.1\selenium-firefox-driver-4.8.1.jar;C:\Users\WINDOWS 10\.m2\repository\org\seleniumhq\selenium\selenium-http\4.8.1\selenium-http-4.8.1.jar;C:\Users\WINDOWS 10\.m2\repository\dev\failsafe\failsafe\3.3.0\failsafe-3.3.0.jar;C:\Users\WINDOWS 10\.m2\repository\org\seleniumhq\selenium\selenium-edge-driver\4.8.1\selenium-edge-driver-4.8.1.jar;C:\Users\WINDOWS 10\.m2\repository\org\seleniumhq\selenium\selenium-ie-driver\4.8.1\selenium-ie-driver-4.8.1.jar;C:\Users\WINDOWS 10\.m2\repository\org\projectlombok\lombok\1.18.20\lombok-1.18.20.jar;C:\Users\WINDOWS 10\.m2\repository\io\appium\java-client\8.3.0\java-client-8.3.0.jar;C:\Users\WINDOWS 10\.m2\repository\commons-validator\commons-validator\1.7\commons-validator-1.7.jar;C:\Users\WINDOWS 10\.m2\repository\commons-digester\commons-digester\2.1\commons-digester-2.1.jar;C:\Users\WINDOWS 10\.m2\repository\net\sf\opencsv\opencsv\2.0\opencsv-2.0.jar;C:\Users\WINDOWS 10\.m2\repository\commons-beanutils\commons-beanutils\1.9.4\commons-beanutils-1.9.4.jar;C:\Users\WINDOWS 10\.m2\repository\org\apache\commons\commons-lang3\3.12.0\commons-lang3-3.12.0.jar;C:\Users\WINDOWS 10\.m2\repository\commons-collections\commons-collections\3.2.2\commons-collections-3.2.2.jar;C:\Users\WINDOWS 10\.m2\repository\org\fluentlenium\fluentlenium-core\0.10.2\fluentlenium-core-0.10.2.jar;C:\Users\WINDOWS 10\.m2\repository\io\github\bonigarcia\webdrivermanager\5.3.0\webdrivermanager-5.3.0.jar;C:\Users\WINDOWS 10\.m2\repository\com\github\docker-java\docker-java\3.2.13\docker-java-3.2.13.jar;C:\Users\WINDOWS 10\.m2\repository\com\github\docker-java\docker-java-core\3.2.13\docker-java-core-3.2.13.jar;C:\Users\WINDOWS 10\.m2\repository\com\github\docker-java\docker-java-api\3.2.13\docker-java-api-3.2.13.jar;C:\Users\WINDOWS 10\.m2\repository\org\apache\commons\commons-compress\1.21\commons-compress-1.21.jar;C:\Users\WINDOWS 10\.m2\repository\org\bouncycastle\bcpkix-jdk15on\1.64\bcpkix-jdk15on-1.64.jar;C:\Users\WINDOWS 10\.m2\repository\org\bouncycastle\bcprov-jdk15on\1.64\bcprov-jdk15on-1.64.jar;C:\Users\WINDOWS 10\.m2\repository\org\slf4j\jcl-over-slf4j\1.7.30\jcl-over-slf4j-1.7.30.jar;C:\Users\WINDOWS 10\.m2\repository\com\github\docker-java\docker-java-transport-httpclient5\3.2.13\docker-java-transport-httpclient5-3.2.13.jar;C:\Users\WINDOWS 10\.m2\repository\com\github\docker-java\docker-java-transport\3.2.13\docker-java-transport-3.2.13.jar;C:\Users\WINDOWS 10\.m2\repository\net\java\dev\jna\jna\5.8.0\jna-5.8.0.jar;C:\Users\WINDOWS 10\.m2\repository\org\brotli\dec\0.1.2\dec-0.1.2.jar;C:\Users\WINDOWS 10\.m2\repository\org\apache\httpcomponents\client5\httpclient5\5.1.3\httpclient5-5.1.3.jar;C:\Users\WINDOWS 10\.m2\repository\org\apache\httpcomponents\core5\httpcore5\5.1.3\httpcore5-5.1.3.jar;C:\Users\WINDOWS 10\.m2\repository\org\apache\httpcomponents\core5\httpcore5-h2\5.1.3\httpcore5-h2-5.1.3.jar;C:\Users\WINDOWS 10\.m2\repository\com\jhlabs\filters\2.0.235\filters-2.0.235.jar;C:\Users\WINDOWS 10\.m2\repository\com\paulhammant\ngwebdriver\1.1.6\ngwebdriver-1.1.6.jar;C:\Users\WINDOWS 10\.m2\repository\joda-time\joda-time\2.12.2\joda-time-2.12.2.jar;C:\Users\WINDOWS 10\.m2\repository\org\hamcrest\hamcrest\2.2\hamcrest-2.2.jar;C:\Users\WINDOWS 10\.m2\repository\com\google\jimfs\jimfs\1.2\jimfs-1.2.jar;C:\Users\WINDOWS 10\.m2\repository\org\mockito\mockito-core\3.3.3\mockito-core-3.3.3.jar;C:\Users\WINDOWS 10\.m2\repository\javax\xml\bind\jaxb-api\2.3.1\jaxb-api-2.3.1.jar;C:\Users\WINDOWS 10\.m2\repository\javax\activation\javax.activation-api\1.2.0\javax.activation-api-1.2.0.jar;C:\Users\WINDOWS 10\.m2\repository\com\sun\xml\bind\jaxb-core\2.3.0.1\jaxb-core-2.3.0.1.jar;C:\Users\WINDOWS 10\.m2\repository\com\sun\xml\bind\jaxb-impl\2.3.3\jaxb-impl-2.3.3.jar;C:\Users\WINDOWS 10\.m2\repository\jakarta\xml\bind\jakarta.xml.bind-api\2.3.3\jakarta.xml.bind-api-2.3.3.jar;C:\Users\WINDOWS 10\.m2\repository\com\sun\activation\jakarta.activation\1.2.2\jakarta.activation-1.2.2.jar;C:\Users\WINDOWS 10\.m2\repository\javax\activation\activation\1.1.1\activation-1.1.1.jar;C:\Users\WINDOWS 10\.m2\repository\net\serenity-bdd\serenity-cucumber\3.6.21\serenity-cucumber-3.6.21.jar;C:\Users\WINDOWS 10\.m2\repository\io\cucumber\cucumber-core\7.11.0\cucumber-core-7.11.0.jar;C:\Users\WINDOWS 10\.m2\repository\io\cucumber\cucumber-gherkin\7.11.0\cucumber-gherkin-7.11.0.jar;C:\Users\WINDOWS 10\.m2\repository\io\cucumber\cucumber-gherkin-messages\7.11.0\cucumber-gherkin-messages-7.11.0.jar;C:\Users\WINDOWS 10\.m2\repository\io\cucumber\gherkin\26.0.3\gherkin-26.0.3.jar;C:\Users\WINDOWS 10\.m2\repository\io\cucumber\messages\21.0.1\messages-21.0.1.jar;C:\Users\WINDOWS 10\.m2\repository\io\cucumber\tag-expressions\5.0.1\tag-expressions-5.0.1.jar;C:\Users\WINDOWS 10\.m2\repository\io\cucumber\cucumber-expressions\16.1.1\cucumber-expressions-16.1.1.jar;C:\Users\WINDOWS 10\.m2\repository\io\cucumber\datatable\7.11.0\datatable-7.11.0.jar;C:\Users\WINDOWS 10\.m2\repository\io\cucumber\cucumber-plugin\7.11.0\cucumber-plugin-7.11.0.jar;C:\Users\WINDOWS 10\.m2\repository\io\cucumber\docstring\7.11.0\docstring-7.11.0.jar;C:\Users\WINDOWS 10\.m2\repository\io\cucumber\html-formatter\20.2.1\html-formatter-20.2.1.jar;C:\Users\WINDOWS 10\.m2\repository\io\cucumber\junit-xml-formatter\0.1.0\junit-xml-formatter-0.1.0.jar;C:\Users\WINDOWS 10\.m2\repository\io\cucumber\ci-environment\9.1.0\ci-environment-9.1.0.jar;C:\Users\WINDOWS 10\.m2\repository\io\cucumber\cucumber-java\7.11.0\cucumber-java-7.11.0.jar;C:\Users\WINDOWS 10\.m2\repository\io\cucumber\cucumber-junit\7.11.0\cucumber-junit-7.11.0.jar;C:\Users\WINDOWS 10\.m2\repository\org\apache\commons\commons-csv\1.5\commons-csv-1.5.jar;C:\Users\WINDOWS 10\.m2\repository\net\serenity-bdd\serenity-screenplay\3.6.21\serenity-screenplay-3.6.21.jar;C:\Users\WINDOWS 10\.m2\repository\net\serenity-bdd\serenity-screenplay-webdriver\3.6.21\serenity-screenplay-webdriver-3.6.21.jar;C:\Users\WINDOWS 10\.m2\repository\net\serenity-bdd\serenity-ensure\3.6.21\serenity-ensure-3.6.21.jar;C:\Users\WINDOWS 10\.m2\repository\net\serenity-bdd\serenity-junit\3.6.21\serenity-junit-3.6.21.jar;C:\Users\WINDOWS 10\.m2\repository\org\jetbrains\kotlin\kotlin-stdlib\1.8.10\kotlin-stdlib-1.8.10.jar;C:\Users\WINDOWS 10\.m2\repository\org\jetbrains\kotlin\kotlin-stdlib-common\1.8.10\kotlin-stdlib-common-1.8.10.jar;C:\Users\WINDOWS 10\.m2\repository\org\jetbrains\annotations\13.0\annotations-13.0.jar;C:\Users\WINDOWS 10\.m2\repository\org\junit\platform\junit-platform-launcher\1.8.2\junit-platform-launcher-1.8.2.jar;C:\Users\WINDOWS 10\.m2\repository\org\junit\platform\junit-platform-engine\1.8.2\junit-platform-engine-1.8.2.jar;C:\Users\WINDOWS 10\.m2\repository\org\junit\platform\junit-platform-commons\1.8.2\junit-platform-commons-1.8.2.jar;C:\Users\WINDOWS 10\.m2\repository\org\apiguardian\apiguardian-api\1.1.2\apiguardian-api-1.1.2.jar;C:\Users\WINDOWS 10\.m2\repository\org\junit\jupiter\junit-jupiter-engine\5.8.2\junit-jupiter-engine-5.8.2.jar;C:\Users\WINDOWS 10\.m2\repository\org\junit\jupiter\junit-jupiter-api\5.8.2\junit-jupiter-api-5.8.2.jar;C:\Users\WINDOWS 10\.m2\repository\org\junit\vintage\junit-vintage-engine\5.8.2\junit-vintage-engine-5.8.2.jar;C:\Users\WINDOWS 10\.m2\repository\junit\junit\4.13.2\junit-4.13.2.jar;C:\Users\WINDOWS 10\.m2\repository\org\hamcrest\hamcrest-core\1.3\hamcrest-core-1.3.jar;C:\Users\WINDOWS 10\.m2\repository\ch\qos\logback\logback-classic\1.2.10\logback-classic-1.2.10.jar;C:\Users\WINDOWS 10\.m2\repository\ch\qos\logback\logback-core\1.2.10\logback-core-1.2.10.jar;C:\Users\WINDOWS 10\.m2\repository\org\slf4j\slf4j-api\1.7.32\slf4j-api-1.7.32.jar;C:\Users\WINDOWS 10\.m2\repository\org\assertj\assertj-core\3.23.1\assertj-core-3.23.1.jar;C:\Users\WINDOWS 10\.m2\repository\net\bytebuddy\byte-buddy\1.12.10\byte-buddy-1.12.10.jar;C:\Users\WINDOWS 10\.m2\repository\com\googlecode\json-simple\json-simple\1.1.1\json-simple-1.1.1.jar;"/>
    <property name="java.vm.vendor" value="Oracle Corporation"/>
    <property name="sun.arch.data.model" value="64"/>
    <property name="user.variant" value=""/>
    <property name="java.vendor.url" value="https://java.oracle.com/"/>
    <property name="user.timezone" value="Asia/Bangkok"/>
    <property name="os.name" value="Windows 10"/>
    <property name="java.vm.specification.version" value="15"/>
    <property name="sun.java.launcher" value="SUN_STANDARD"/>
    <property name="user.country" value="US"/>
    <property name="sun.boot.library.path" value="C:\Program Files\Java\jdk-15.0.2\bin"/>
    <property name="sun.java.command" value="org.apache.maven.surefire.booter.ForkedBooter C:\Users\WINDOWS 10\AppData\Local\Temp\surefire6407512611419604244 2023-06-25T17-59-58_570-jvmRun1 surefire4396782483251849692tmp surefire_018106539808445019982tmp"/>
    <property name="jdk.debug" value="release"/>
    <property name="surefire.test.class.path" value="C:\Users\WINDOWS 10\Documents\GitHub\Capstone\sociops_qe_api\target\test-classes;C:\Users\WINDOWS 10\.m2\repository\net\serenity-bdd\serenity-rest-assured\3.6.22\serenity-rest-assured-3.6.22.jar;C:\Users\WINDOWS 10\.m2\repository\org\apache\httpcomponents\httpclient\4.5.13\httpclient-4.5.13.jar;C:\Users\WINDOWS 10\.m2\repository\org\apache\httpcomponents\httpcore\4.4.13\httpcore-4.4.13.jar;C:\Users\WINDOWS 10\.m2\repository\commons-logging\commons-logging\1.2\commons-logging-1.2.jar;C:\Users\WINDOWS 10\.m2\repository\io\rest-assured\rest-assured\5.3.0\rest-assured-5.3.0.jar;C:\Users\WINDOWS 10\.m2\repository\org\apache\httpcomponents\httpmime\4.5.13\httpmime-4.5.13.jar;C:\Users\WINDOWS 10\.m2\repository\org\ccil\cowan\tagsoup\tagsoup\1.2.1\tagsoup-1.2.1.jar;C:\Users\WINDOWS 10\.m2\repository\io\rest-assured\json-path\5.3.0\json-path-5.3.0.jar;C:\Users\WINDOWS 10\.m2\repository\io\rest-assured\rest-assured-common\5.3.0\rest-assured-common-5.3.0.jar;C:\Users\WINDOWS 10\.m2\repository\io\rest-assured\xml-path\5.3.0\xml-path-5.3.0.jar;C:\Users\WINDOWS 10\.m2\repository\org\apache\groovy\groovy-json\4.0.10\groovy-json-4.0.10.jar;C:\Users\WINDOWS 10\.m2\repository\org\apache\groovy\groovy-xml\4.0.10\groovy-xml-4.0.10.jar;C:\Users\WINDOWS 10\.m2\repository\org\apache\groovy\groovy\4.0.10\groovy-4.0.10.jar;C:\Users\WINDOWS 10\.m2\repository\org\opentest4j\opentest4j\1.2.0\opentest4j-1.2.0.jar;C:\Users\WINDOWS 10\.m2\repository\net\serenity-bdd\serenity-core\3.6.21\serenity-core-3.6.21.jar;C:\Users\WINDOWS 10\.m2\repository\net\serenity-bdd\serenity-model\3.6.21\serenity-model-3.6.21.jar;C:\Users\WINDOWS 10\.m2\repository\org\apache\commons\commons-text\1.10.0\commons-text-1.10.0.jar;C:\Users\WINDOWS 10\.m2\repository\commons-net\commons-net\3.9.0\commons-net-3.9.0.jar;C:\Users\WINDOWS 10\.m2\repository\com\google\guava\guava\31.1-jre\guava-31.1-jre.jar;C:\Users\WINDOWS 10\.m2\repository\com\google\guava\failureaccess\1.0.1\failureaccess-1.0.1.jar;C:\Users\WINDOWS 10\.m2\repository\com\google\guava\listenablefuture\9999.0-empty-to-avoid-conflict-with-guava\listenablefuture-9999.0-empty-to-avoid-conflict-with-guava.jar;C:\Users\WINDOWS 10\.m2\repository\com\google\code\findbugs\jsr305\3.0.2\jsr305-3.0.2.jar;C:\Users\WINDOWS 10\.m2\repository\org\checkerframework\checker-qual\3.12.0\checker-qual-3.12.0.jar;C:\Users\WINDOWS 10\.m2\repository\com\google\errorprone\error_prone_annotations\2.11.0\error_prone_annotations-2.11.0.jar;C:\Users\WINDOWS 10\.m2\repository\com\google\j2objc\j2objc-annotations\1.3\j2objc-annotations-1.3.jar;C:\Users\WINDOWS 10\.m2\repository\com\google\inject\guice\5.1.0\guice-5.1.0.jar;C:\Users\WINDOWS 10\.m2\repository\javax\inject\javax.inject\1\javax.inject-1.jar;C:\Users\WINDOWS 10\.m2\repository\aopalliance\aopalliance\1.0\aopalliance-1.0.jar;C:\Users\WINDOWS 10\.m2\repository\org\jsoup\jsoup\1.14.3\jsoup-1.14.3.jar;C:\Users\WINDOWS 10\.m2\repository\com\thoughtworks\xstream\xstream\1.4.20\xstream-1.4.20.jar;C:\Users\WINDOWS 10\.m2\repository\io\github\x-stream\mxparser\1.2.2\mxparser-1.2.2.jar;C:\Users\WINDOWS 10\.m2\repository\xmlpull\xmlpull\1.1.3.1\xmlpull-1.1.3.1.jar;C:\Users\WINDOWS 10\.m2\repository\com\typesafe\config\1.4.2\config-1.4.2.jar;C:\Users\WINDOWS 10\.m2\repository\org\imgscalr\imgscalr-lib\4.2\imgscalr-lib-4.2.jar;C:\Users\WINDOWS 10\.m2\repository\org\awaitility\awaitility\4.2.0\awaitility-4.2.0.jar;C:\Users\WINDOWS 10\.m2\repository\org\freemarker\freemarker\2.3.31\freemarker-2.3.31.jar;C:\Users\WINDOWS 10\.m2\repository\io\github\classgraph\classgraph\4.8.138\classgraph-4.8.138.jar;C:\Users\WINDOWS 10\.m2\repository\net\sourceforge\jexcelapi\jxl\2.6.12\jxl-2.6.12.jar;C:\Users\WINDOWS 10\.m2\repository\net\bytebuddy\byte-buddy-agent\1.14.2\byte-buddy-agent-1.14.2.jar;C:\Users\WINDOWS 10\.m2\repository\org\objenesis\objenesis\3.3\objenesis-3.3.jar;C:\Users\WINDOWS 10\.m2\repository\net\serenity-bdd\serenity-reports\3.6.21\serenity-reports-3.6.21.jar;C:\Users\WINDOWS 10\.m2\repository\net\serenity-bdd\serenity-stats\3.6.21\serenity-stats-3.6.21.jar;C:\Users\WINDOWS 10\.m2\repository\net\serenity-bdd\serenity-reports-configuration\3.6.21\serenity-reports-configuration-3.6.21.jar;C:\Users\WINDOWS 10\.m2\repository\com\vladsch\flexmark\flexmark-all\0.62.2\flexmark-all-0.62.2.jar;C:\Users\WINDOWS 10\.m2\repository\com\vladsch\flexmark\flexmark\0.62.2\flexmark-0.62.2.jar;C:\Users\WINDOWS 10\.m2\repository\com\vladsch\flexmark\flexmark-ext-abbreviation\0.62.2\flexmark-ext-abbreviation-0.62.2.jar;C:\Users\WINDOWS 10\.m2\repository\com\vladsch\flexmark\flexmark-util\0.62.2\flexmark-util-0.62.2.jar;C:\Users\WINDOWS 10\.m2\repository\com\vladsch\flexmark\flexmark-ext-admonition\0.62.2\flexmark-ext-admonition-0.62.2.jar;C:\Users\WINDOWS 10\.m2\repository\com\vladsch\flexmark\flexmark-ext-anchorlink\0.62.2\flexmark-ext-anchorlink-0.62.2.jar;C:\Users\WINDOWS 10\.m2\repository\com\vladsch\flexmark\flexmark-ext-aside\0.62.2\flexmark-ext-aside-0.62.2.jar;C:\Users\WINDOWS 10\.m2\repository\com\vladsch\flexmark\flexmark-ext-attributes\0.62.2\flexmark-ext-attributes-0.62.2.jar;C:\Users\WINDOWS 10\.m2\repository\com\vladsch\flexmark\flexmark-ext-autolink\0.62.2\flexmark-ext-autolink-0.62.2.jar;C:\Users\WINDOWS 10\.m2\repository\org\nibor\autolink\autolink\0.6.0\autolink-0.6.0.jar;C:\Users\WINDOWS 10\.m2\repository\com\vladsch\flexmark\flexmark-ext-definition\0.62.2\flexmark-ext-definition-0.62.2.jar;C:\Users\WINDOWS 10\.m2\repository\com\vladsch\flexmark\flexmark-ext-emoji\0.62.2\flexmark-ext-emoji-0.62.2.jar;C:\Users\WINDOWS 10\.m2\repository\com\vladsch\flexmark\flexmark-ext-enumerated-reference\0.62.2\flexmark-ext-enumerated-reference-0.62.2.jar;C:\Users\WINDOWS 10\.m2\repository\com\vladsch\flexmark\flexmark-ext-escaped-character\0.62.2\flexmark-ext-escaped-character-0.62.2.jar;C:\Users\WINDOWS 10\.m2\repository\com\vladsch\flexmark\flexmark-ext-footnotes\0.62.2\flexmark-ext-footnotes-0.62.2.jar;C:\Users\WINDOWS 10\.m2\repository\com\vladsch\flexmark\flexmark-ext-gfm-issues\0.62.2\flexmark-ext-gfm-issues-0.62.2.jar;C:\Users\WINDOWS 10\.m2\repository\com\vladsch\flexmark\flexmark-ext-gfm-strikethrough\0.62.2\flexmark-ext-gfm-strikethrough-0.62.2.jar;C:\Users\WINDOWS 10\.m2\repository\com\vladsch\flexmark\flexmark-ext-gfm-tasklist\0.62.2\flexmark-ext-gfm-tasklist-0.62.2.jar;C:\Users\WINDOWS 10\.m2\repository\com\vladsch\flexmark\flexmark-ext-gfm-users\0.62.2\flexmark-ext-gfm-users-0.62.2.jar;C:\Users\WINDOWS 10\.m2\repository\com\vladsch\flexmark\flexmark-ext-gitlab\0.62.2\flexmark-ext-gitlab-0.62.2.jar;C:\Users\WINDOWS 10\.m2\repository\com\vladsch\flexmark\flexmark-ext-jekyll-front-matter\0.62.2\flexmark-ext-jekyll-front-matter-0.62.2.jar;C:\Users\WINDOWS 10\.m2\repository\com\vladsch\flexmark\flexmark-ext-jekyll-tag\0.62.2\flexmark-ext-jekyll-tag-0.62.2.jar;C:\Users\WINDOWS 10\.m2\repository\com\vladsch\flexmark\flexmark-ext-media-tags\0.62.2\flexmark-ext-media-tags-0.62.2.jar;C:\Users\WINDOWS 10\.m2\repository\com\vladsch\flexmark\flexmark-ext-macros\0.62.2\flexmark-ext-macros-0.62.2.jar;C:\Users\WINDOWS 10\.m2\repository\com\vladsch\flexmark\flexmark-ext-ins\0.62.2\flexmark-ext-ins-0.62.2.jar;C:\Users\WINDOWS 10\.m2\repository\com\vladsch\flexmark\flexmark-ext-xwiki-macros\0.62.2\flexmark-ext-xwiki-macros-0.62.2.jar;C:\Users\WINDOWS 10\.m2\repository\com\vladsch\flexmark\flexmark-ext-superscript\0.62.2\flexmark-ext-superscript-0.62.2.jar;C:\Users\WINDOWS 10\.m2\repository\com\vladsch\flexmark\flexmark-ext-tables\0.62.2\flexmark-ext-tables-0.62.2.jar;C:\Users\WINDOWS 10\.m2\repository\com\vladsch\flexmark\flexmark-ext-toc\0.62.2\flexmark-ext-toc-0.62.2.jar;C:\Users\WINDOWS 10\.m2\repository\com\vladsch\flexmark\flexmark-ext-typographic\0.62.2\flexmark-ext-typographic-0.62.2.jar;C:\Users\WINDOWS 10\.m2\repository\com\vladsch\flexmark\flexmark-ext-wikilink\0.62.2\flexmark-ext-wikilink-0.62.2.jar;C:\Users\WINDOWS 10\.m2\repository\com\vladsch\flexmark\flexmark-ext-yaml-front-matter\0.62.2\flexmark-ext-yaml-front-matter-0.62.2.jar;C:\Users\WINDOWS 10\.m2\repository\com\vladsch\flexmark\flexmark-ext-youtube-embedded\0.62.2\flexmark-ext-youtube-embedded-0.62.2.jar;C:\Users\WINDOWS 10\.m2\repository\com\vladsch\flexmark\flexmark-html2md-converter\0.62.2\flexmark-html2md-converter-0.62.2.jar;C:\Users\WINDOWS 10\.m2\repository\com\vladsch\flexmark\flexmark-jira-converter\0.62.2\flexmark-jira-converter-0.62.2.jar;C:\Users\WINDOWS 10\.m2\repository\com\vladsch\flexmark\flexmark-pdf-converter\0.62.2\flexmark-pdf-converter-0.62.2.jar;C:\Users\WINDOWS 10\.m2\repository\com\openhtmltopdf\openhtmltopdf-core\1.0.0\openhtmltopdf-core-1.0.0.jar;C:\Users\WINDOWS 10\.m2\repository\com\openhtmltopdf\openhtmltopdf-pdfbox\1.0.0\openhtmltopdf-pdfbox-1.0.0.jar;C:\Users\WINDOWS 10\.m2\repository\org\apache\pdfbox\pdfbox\2.0.16\pdfbox-2.0.16.jar;C:\Users\WINDOWS 10\.m2\repository\org\apache\pdfbox\fontbox\2.0.16\fontbox-2.0.16.jar;C:\Users\WINDOWS 10\.m2\repository\org\apache\pdfbox\xmpbox\2.0.16\xmpbox-2.0.16.jar;C:\Users\WINDOWS 10\.m2\repository\de\rototor\pdfbox\graphics2d\0.24\graphics2d-0.24.jar;C:\Users\WINDOWS 10\.m2\repository\com\openhtmltopdf\openhtmltopdf-rtl-support\1.0.0\openhtmltopdf-rtl-support-1.0.0.jar;C:\Users\WINDOWS 10\.m2\repository\com\openhtmltopdf\openhtmltopdf-jsoup-dom-converter\1.0.0\openhtmltopdf-jsoup-dom-converter-1.0.0.jar;C:\Users\WINDOWS 10\.m2\repository\com\vladsch\flexmark\flexmark-profile-pegdown\0.62.2\flexmark-profile-pegdown-0.62.2.jar;C:\Users\WINDOWS 10\.m2\repository\com\vladsch\flexmark\flexmark-util-ast\0.62.2\flexmark-util-ast-0.62.2.jar;C:\Users\WINDOWS 10\.m2\repository\com\vladsch\flexmark\flexmark-util-builder\0.62.2\flexmark-util-builder-0.62.2.jar;C:\Users\WINDOWS 10\.m2\repository\com\vladsch\flexmark\flexmark-util-collection\0.62.2\flexmark-util-collection-0.62.2.jar;C:\Users\WINDOWS 10\.m2\repository\com\vladsch\flexmark\flexmark-util-data\0.62.2\flexmark-util-data-0.62.2.jar;C:\Users\WINDOWS 10\.m2\repository\com\vladsch\flexmark\flexmark-util-dependency\0.62.2\flexmark-util-dependency-0.62.2.jar;C:\Users\WINDOWS 10\.m2\repository\com\vladsch\flexmark\flexmark-util-format\0.62.2\flexmark-util-format-0.62.2.jar;C:\Users\WINDOWS 10\.m2\repository\com\vladsch\flexmark\flexmark-util-html\0.62.2\flexmark-util-html-0.62.2.jar;C:\Users\WINDOWS 10\.m2\repository\com\vladsch\flexmark\flexmark-util-misc\0.62.2\flexmark-util-misc-0.62.2.jar;C:\Users\WINDOWS 10\.m2\repository\com\vladsch\flexmark\flexmark-util-options\0.62.2\flexmark-util-options-0.62.2.jar;C:\Users\WINDOWS 10\.m2\repository\com\vladsch\flexmark\flexmark-util-sequence\0.62.2\flexmark-util-sequence-0.62.2.jar;C:\Users\WINDOWS 10\.m2\repository\com\vladsch\flexmark\flexmark-util-visitor\0.62.2\flexmark-util-visitor-0.62.2.jar;C:\Users\WINDOWS 10\.m2\repository\com\vladsch\flexmark\flexmark-youtrack-converter\0.62.2\flexmark-youtrack-converter-0.62.2.jar;C:\Users\WINDOWS 10\.m2\repository\com\ibm\icu\icu4j\72.1\icu4j-72.1.jar;C:\Users\WINDOWS 10\.m2\repository\es\nitaur\markdown\txtmark\0.16\txtmark-0.16.jar;C:\Users\WINDOWS 10\.m2\repository\net\serenity-bdd\serenity-report-resources\3.6.21\serenity-report-resources-3.6.21.jar;C:\Users\WINDOWS 10\.m2\repository\com\google\code\gson\gson\2.10.1\gson-2.10.1.jar;C:\Users\WINDOWS 10\.m2\repository\com\fasterxml\jackson\core\jackson-core\2.15.0-rc1\jackson-core-2.15.0-rc1.jar;C:\Users\WINDOWS 10\.m2\repository\com\fasterxml\jackson\core\jackson-databind\2.15.0-rc1\jackson-databind-2.15.0-rc1.jar;C:\Users\WINDOWS 10\.m2\repository\com\fasterxml\jackson\core\jackson-annotations\2.15.0-rc1\jackson-annotations-2.15.0-rc1.jar;C:\Users\WINDOWS 10\.m2\repository\commons-codec\commons-codec\1.15\commons-codec-1.15.jar;C:\Users\WINDOWS 10\.m2\repository\commons-io\commons-io\2.11.0\commons-io-2.11.0.jar;C:\Users\WINDOWS 10\.m2\repository\org\seleniumhq\selenium\selenium-java\4.8.1\selenium-java-4.8.1.jar;C:\Users\WINDOWS 10\.m2\repository\org\seleniumhq\selenium\selenium-devtools-v108\4.8.1\selenium-devtools-v108-4.8.1.jar;C:\Users\WINDOWS 10\.m2\repository\org\seleniumhq\selenium\selenium-devtools-v109\4.8.1\selenium-devtools-v109-4.8.1.jar;C:\Users\WINDOWS 10\.m2\repository\org\seleniumhq\selenium\selenium-devtools-v110\4.8.1\selenium-devtools-v110-4.8.1.jar;C:\Users\WINDOWS 10\.m2\repository\org\seleniumhq\selenium\selenium-devtools-v85\4.8.1\selenium-devtools-v85-4.8.1.jar;C:\Users\WINDOWS 10\.m2\repository\org\seleniumhq\selenium\selenium-remote-driver\4.8.1\selenium-remote-driver-4.8.1.jar;C:\Users\WINDOWS 10\.m2\repository\com\beust\jcommander\1.82\jcommander-1.82.jar;C:\Users\WINDOWS 10\.m2\repository\io\netty\netty-buffer\4.1.87.Final\netty-buffer-4.1.87.Final.jar;C:\Users\WINDOWS 10\.m2\repository\io\netty\netty-codec-http\4.1.87.Final\netty-codec-http-4.1.87.Final.jar;C:\Users\WINDOWS 10\.m2\repository\io\netty\netty-codec\4.1.87.Final\netty-codec-4.1.87.Final.jar;C:\Users\WINDOWS 10\.m2\repository\io\netty\netty-handler\4.1.87.Final\netty-handler-4.1.87.Final.jar;C:\Users\WINDOWS 10\.m2\repository\io\netty\netty-common\4.1.87.Final\netty-common-4.1.87.Final.jar;C:\Users\WINDOWS 10\.m2\repository\io\netty\netty-transport-classes-epoll\4.1.87.Final\netty-transport-classes-epoll-4.1.87.Final.jar;C:\Users\WINDOWS 10\.m2\repository\io\netty\netty-transport-classes-kqueue\4.1.87.Final\netty-transport-classes-kqueue-4.1.87.Final.jar;C:\Users\WINDOWS 10\.m2\repository\io\netty\netty-transport-native-epoll\4.1.87.Final\netty-transport-native-epoll-4.1.87.Final.jar;C:\Users\WINDOWS 10\.m2\repository\io\netty\netty-transport-native-kqueue\4.1.87.Final\netty-transport-native-kqueue-4.1.87.Final.jar;C:\Users\WINDOWS 10\.m2\repository\io\netty\netty-transport-native-unix-common\4.1.87.Final\netty-transport-native-unix-common-4.1.87.Final.jar;C:\Users\WINDOWS 10\.m2\repository\io\netty\netty-transport\4.1.87.Final\netty-transport-4.1.87.Final.jar;C:\Users\WINDOWS 10\.m2\repository\io\netty\netty-resolver\4.1.87.Final\netty-resolver-4.1.87.Final.jar;C:\Users\WINDOWS 10\.m2\repository\io\opentelemetry\opentelemetry-api\1.22.0\opentelemetry-api-1.22.0.jar;C:\Users\WINDOWS 10\.m2\repository\io\opentelemetry\opentelemetry-context\1.22.0\opentelemetry-context-1.22.0.jar;C:\Users\WINDOWS 10\.m2\repository\io\opentelemetry\opentelemetry-exporter-logging\1.22.0\opentelemetry-exporter-logging-1.22.0.jar;C:\Users\WINDOWS 10\.m2\repository\io\opentelemetry\opentelemetry-sdk-metrics\1.22.0\opentelemetry-sdk-metrics-1.22.0.jar;C:\Users\WINDOWS 10\.m2\repository\io\opentelemetry\opentelemetry-sdk-logs\1.22.0-alpha\opentelemetry-sdk-logs-1.22.0-alpha.jar;C:\Users\WINDOWS 10\.m2\repository\io\opentelemetry\opentelemetry-api-logs\1.22.0-alpha\opentelemetry-api-logs-1.22.0-alpha.jar;C:\Users\WINDOWS 10\.m2\repository\io\opentelemetry\opentelemetry-sdk-common\1.22.0\opentelemetry-sdk-common-1.22.0.jar;C:\Users\WINDOWS 10\.m2\repository\io\opentelemetry\opentelemetry-sdk-extension-autoconfigure-spi\1.22.0\opentelemetry-sdk-extension-autoconfigure-spi-1.22.0.jar;C:\Users\WINDOWS 10\.m2\repository\io\opentelemetry\opentelemetry-sdk-extension-autoconfigure\1.22.0-alpha\opentelemetry-sdk-extension-autoconfigure-1.22.0-alpha.jar;C:\Users\WINDOWS 10\.m2\repository\io\opentelemetry\opentelemetry-sdk-trace\1.22.0\opentelemetry-sdk-trace-1.22.0.jar;C:\Users\WINDOWS 10\.m2\repository\io\opentelemetry\opentelemetry-sdk\1.22.0\opentelemetry-sdk-1.22.0.jar;C:\Users\WINDOWS 10\.m2\repository\io\opentelemetry\opentelemetry-semconv\1.22.0-alpha\opentelemetry-semconv-1.22.0-alpha.jar;C:\Users\WINDOWS 10\.m2\repository\io\ous\jtoml\2.0.0\jtoml-2.0.0.jar;C:\Users\WINDOWS 10\.m2\repository\org\apache\commons\commons-exec\1.3\commons-exec-1.3.jar;C:\Users\WINDOWS 10\.m2\repository\org\asynchttpclient\async-http-client\2.12.3\async-http-client-2.12.3.jar;C:\Users\WINDOWS 10\.m2\repository\org\asynchttpclient\async-http-client-netty-utils\2.12.3\async-http-client-netty-utils-2.12.3.jar;C:\Users\WINDOWS 10\.m2\repository\io\netty\netty-codec-socks\4.1.60.Final\netty-codec-socks-4.1.60.Final.jar;C:\Users\WINDOWS 10\.m2\repository\io\netty\netty-handler-proxy\4.1.60.Final\netty-handler-proxy-4.1.60.Final.jar;C:\Users\WINDOWS 10\.m2\repository\io\netty\netty-transport-native-epoll\4.1.60.Final\netty-transport-native-epoll-4.1.60.Final-linux-x86_64.jar;C:\Users\WINDOWS 10\.m2\repository\io\netty\netty-transport-native-kqueue\4.1.60.Final\netty-transport-native-kqueue-4.1.60.Final-osx-x86_64.jar;C:\Users\WINDOWS 10\.m2\repository\org\reactivestreams\reactive-streams\1.0.3\reactive-streams-1.0.3.jar;C:\Users\WINDOWS 10\.m2\repository\com\typesafe\netty\netty-reactive-streams\2.0.4\netty-reactive-streams-2.0.4.jar;C:\Users\WINDOWS 10\.m2\repository\org\seleniumhq\selenium\selenium-manager\4.8.1\selenium-manager-4.8.1.jar;C:\Users\WINDOWS 10\.m2\repository\org\seleniumhq\selenium\selenium-safari-driver\4.8.1\selenium-safari-driver-4.8.1.jar;C:\Users\WINDOWS 10\.m2\repository\org\seleniumhq\selenium\selenium-api\4.8.1\selenium-api-4.8.1.jar;C:\Users\WINDOWS 10\.m2\repository\org\seleniumhq\selenium\selenium-support\4.8.1\selenium-support-4.8.1.jar;C:\Users\WINDOWS 10\.m2\repository\com\google\auto\service\auto-service-annotations\1.0.1\auto-service-annotations-1.0.1.jar;C:\Users\WINDOWS 10\.m2\repository\com\google\auto\service\auto-service\1.0.1\auto-service-1.0.1.jar;C:\Users\WINDOWS 10\.m2\repository\com\google\auto\auto-common\1.2\auto-common-1.2.jar;C:\Users\WINDOWS 10\.m2\repository\org\seleniumhq\selenium\selenium-json\4.8.1\selenium-json-4.8.1.jar;C:\Users\WINDOWS 10\.m2\repository\org\seleniumhq\selenium\selenium-chrome-driver\4.8.1\selenium-chrome-driver-4.8.1.jar;C:\Users\WINDOWS 10\.m2\repository\org\seleniumhq\selenium\selenium-chromium-driver\4.8.1\selenium-chromium-driver-4.8.1.jar;C:\Users\WINDOWS 10\.m2\repository\org\seleniumhq\selenium\selenium-firefox-driver\4.8.1\selenium-firefox-driver-4.8.1.jar;C:\Users\WINDOWS 10\.m2\repository\org\seleniumhq\selenium\selenium-http\4.8.1\selenium-http-4.8.1.jar;C:\Users\WINDOWS 10\.m2\repository\dev\failsafe\failsafe\3.3.0\failsafe-3.3.0.jar;C:\Users\WINDOWS 10\.m2\repository\org\seleniumhq\selenium\selenium-edge-driver\4.8.1\selenium-edge-driver-4.8.1.jar;C:\Users\WINDOWS 10\.m2\repository\org\seleniumhq\selenium\selenium-ie-driver\4.8.1\selenium-ie-driver-4.8.1.jar;C:\Users\WINDOWS 10\.m2\repository\org\projectlombok\lombok\1.18.20\lombok-1.18.20.jar;C:\Users\WINDOWS 10\.m2\repository\io\appium\java-client\8.3.0\java-client-8.3.0.jar;C:\Users\WINDOWS 10\.m2\repository\commons-validator\commons-validator\1.7\commons-validator-1.7.jar;C:\Users\WINDOWS 10\.m2\repository\commons-digester\commons-digester\2.1\commons-digester-2.1.jar;C:\Users\WINDOWS 10\.m2\repository\net\sf\opencsv\opencsv\2.0\opencsv-2.0.jar;C:\Users\WINDOWS 10\.m2\repository\commons-beanutils\commons-beanutils\1.9.4\commons-beanutils-1.9.4.jar;C:\Users\WINDOWS 10\.m2\repository\org\apache\commons\commons-lang3\3.12.0\commons-lang3-3.12.0.jar;C:\Users\WINDOWS 10\.m2\repository\commons-collections\commons-collections\3.2.2\commons-collections-3.2.2.jar;C:\Users\WINDOWS 10\.m2\repository\org\fluentlenium\fluentlenium-core\0.10.2\fluentlenium-core-0.10.2.jar;C:\Users\WINDOWS 10\.m2\repository\io\github\bonigarcia\webdrivermanager\5.3.0\webdrivermanager-5.3.0.jar;C:\Users\WINDOWS 10\.m2\repository\com\github\docker-java\docker-java\3.2.13\docker-java-3.2.13.jar;C:\Users\WINDOWS 10\.m2\repository\com\github\docker-java\docker-java-core\3.2.13\docker-java-core-3.2.13.jar;C:\Users\WINDOWS 10\.m2\repository\com\github\docker-java\docker-java-api\3.2.13\docker-java-api-3.2.13.jar;C:\Users\WINDOWS 10\.m2\repository\org\apache\commons\commons-compress\1.21\commons-compress-1.21.jar;C:\Users\WINDOWS 10\.m2\repository\org\bouncycastle\bcpkix-jdk15on\1.64\bcpkix-jdk15on-1.64.jar;C:\Users\WINDOWS 10\.m2\repository\org\bouncycastle\bcprov-jdk15on\1.64\bcprov-jdk15on-1.64.jar;C:\Users\WINDOWS 10\.m2\repository\org\slf4j\jcl-over-slf4j\1.7.30\jcl-over-slf4j-1.7.30.jar;C:\Users\WINDOWS 10\.m2\repository\com\github\docker-java\docker-java-transport-httpclient5\3.2.13\docker-java-transport-httpclient5-3.2.13.jar;C:\Users\WINDOWS 10\.m2\repository\com\github\docker-java\docker-java-transport\3.2.13\docker-java-transport-3.2.13.jar;C:\Users\WINDOWS 10\.m2\repository\net\java\dev\jna\jna\5.8.0\jna-5.8.0.jar;C:\Users\WINDOWS 10\.m2\repository\org\brotli\dec\0.1.2\dec-0.1.2.jar;C:\Users\WINDOWS 10\.m2\repository\org\apache\httpcomponents\client5\httpclient5\5.1.3\httpclient5-5.1.3.jar;C:\Users\WINDOWS 10\.m2\repository\org\apache\httpcomponents\core5\httpcore5\5.1.3\httpcore5-5.1.3.jar;C:\Users\WINDOWS 10\.m2\repository\org\apache\httpcomponents\core5\httpcore5-h2\5.1.3\httpcore5-h2-5.1.3.jar;C:\Users\WINDOWS 10\.m2\repository\com\jhlabs\filters\2.0.235\filters-2.0.235.jar;C:\Users\WINDOWS 10\.m2\repository\com\paulhammant\ngwebdriver\1.1.6\ngwebdriver-1.1.6.jar;C:\Users\WINDOWS 10\.m2\repository\joda-time\joda-time\2.12.2\joda-time-2.12.2.jar;C:\Users\WINDOWS 10\.m2\repository\org\hamcrest\hamcrest\2.2\hamcrest-2.2.jar;C:\Users\WINDOWS 10\.m2\repository\com\google\jimfs\jimfs\1.2\jimfs-1.2.jar;C:\Users\WINDOWS 10\.m2\repository\org\mockito\mockito-core\3.3.3\mockito-core-3.3.3.jar;C:\Users\WINDOWS 10\.m2\repository\javax\xml\bind\jaxb-api\2.3.1\jaxb-api-2.3.1.jar;C:\Users\WINDOWS 10\.m2\repository\javax\activation\javax.activation-api\1.2.0\javax.activation-api-1.2.0.jar;C:\Users\WINDOWS 10\.m2\repository\com\sun\xml\bind\jaxb-core\2.3.0.1\jaxb-core-2.3.0.1.jar;C:\Users\WINDOWS 10\.m2\repository\com\sun\xml\bind\jaxb-impl\2.3.3\jaxb-impl-2.3.3.jar;C:\Users\WINDOWS 10\.m2\repository\jakarta\xml\bind\jakarta.xml.bind-api\2.3.3\jakarta.xml.bind-api-2.3.3.jar;C:\Users\WINDOWS 10\.m2\repository\com\sun\activation\jakarta.activation\1.2.2\jakarta.activation-1.2.2.jar;C:\Users\WINDOWS 10\.m2\repository\javax\activation\activation\1.1.1\activation-1.1.1.jar;C:\Users\WINDOWS 10\.m2\repository\net\serenity-bdd\serenity-cucumber\3.6.21\serenity-cucumber-3.6.21.jar;C:\Users\WINDOWS 10\.m2\repository\io\cucumber\cucumber-core\7.11.0\cucumber-core-7.11.0.jar;C:\Users\WINDOWS 10\.m2\repository\io\cucumber\cucumber-gherkin\7.11.0\cucumber-gherkin-7.11.0.jar;C:\Users\WINDOWS 10\.m2\repository\io\cucumber\cucumber-gherkin-messages\7.11.0\cucumber-gherkin-messages-7.11.0.jar;C:\Users\WINDOWS 10\.m2\repository\io\cucumber\gherkin\26.0.3\gherkin-26.0.3.jar;C:\Users\WINDOWS 10\.m2\repository\io\cucumber\messages\21.0.1\messages-21.0.1.jar;C:\Users\WINDOWS 10\.m2\repository\io\cucumber\tag-expressions\5.0.1\tag-expressions-5.0.1.jar;C:\Users\WINDOWS 10\.m2\repository\io\cucumber\cucumber-expressions\16.1.1\cucumber-expressions-16.1.1.jar;C:\Users\WINDOWS 10\.m2\repository\io\cucumber\datatable\7.11.0\datatable-7.11.0.jar;C:\Users\WINDOWS 10\.m2\repository\io\cucumber\cucumber-plugin\7.11.0\cucumber-plugin-7.11.0.jar;C:\Users\WINDOWS 10\.m2\repository\io\cucumber\docstring\7.11.0\docstring-7.11.0.jar;C:\Users\WINDOWS 10\.m2\repository\io\cucumber\html-formatter\20.2.1\html-formatter-20.2.1.jar;C:\Users\WINDOWS 10\.m2\repository\io\cucumber\junit-xml-formatter\0.1.0\junit-xml-formatter-0.1.0.jar;C:\Users\WINDOWS 10\.m2\repository\io\cucumber\ci-environment\9.1.0\ci-environment-9.1.0.jar;C:\Users\WINDOWS 10\.m2\repository\io\cucumber\cucumber-java\7.11.0\cucumber-java-7.11.0.jar;C:\Users\WINDOWS 10\.m2\repository\io\cucumber\cucumber-junit\7.11.0\cucumber-junit-7.11.0.jar;C:\Users\WINDOWS 10\.m2\repository\org\apache\commons\commons-csv\1.5\commons-csv-1.5.jar;C:\Users\WINDOWS 10\.m2\repository\net\serenity-bdd\serenity-screenplay\3.6.21\serenity-screenplay-3.6.21.jar;C:\Users\WINDOWS 10\.m2\repository\net\serenity-bdd\serenity-screenplay-webdriver\3.6.21\serenity-screenplay-webdriver-3.6.21.jar;C:\Users\WINDOWS 10\.m2\repository\net\serenity-bdd\serenity-ensure\3.6.21\serenity-ensure-3.6.21.jar;C:\Users\WINDOWS 10\.m2\repository\net\serenity-bdd\serenity-junit\3.6.21\serenity-junit-3.6.21.jar;C:\Users\WINDOWS 10\.m2\repository\org\jetbrains\kotlin\kotlin-stdlib\1.8.10\kotlin-stdlib-1.8.10.jar;C:\Users\WINDOWS 10\.m2\repository\org\jetbrains\kotlin\kotlin-stdlib-common\1.8.10\kotlin-stdlib-common-1.8.10.jar;C:\Users\WINDOWS 10\.m2\repository\org\jetbrains\annotations\13.0\annotations-13.0.jar;C:\Users\WINDOWS 10\.m2\repository\org\junit\platform\junit-platform-launcher\1.8.2\junit-platform-launcher-1.8.2.jar;C:\Users\WINDOWS 10\.m2\repository\org\junit\platform\junit-platform-engine\1.8.2\junit-platform-engine-1.8.2.jar;C:\Users\WINDOWS 10\.m2\repository\org\junit\platform\junit-platform-commons\1.8.2\junit-platform-commons-1.8.2.jar;C:\Users\WINDOWS 10\.m2\repository\org\apiguardian\apiguardian-api\1.1.2\apiguardian-api-1.1.2.jar;C:\Users\WINDOWS 10\.m2\repository\org\junit\jupiter\junit-jupiter-engine\5.8.2\junit-jupiter-engine-5.8.2.jar;C:\Users\WINDOWS 10\.m2\repository\org\junit\jupiter\junit-jupiter-api\5.8.2\junit-jupiter-api-5.8.2.jar;C:\Users\WINDOWS 10\.m2\repository\org\junit\vintage\junit-vintage-engine\5.8.2\junit-vintage-engine-5.8.2.jar;C:\Users\WINDOWS 10\.m2\repository\junit\junit\4.13.2\junit-4.13.2.jar;C:\Users\WINDOWS 10\.m2\repository\org\hamcrest\hamcrest-core\1.3\hamcrest-core-1.3.jar;C:\Users\WINDOWS 10\.m2\repository\ch\qos\logback\logback-classic\1.2.10\logback-classic-1.2.10.jar;C:\Users\WINDOWS 10\.m2\repository\ch\qos\logback\logback-core\1.2.10\logback-core-1.2.10.jar;C:\Users\WINDOWS 10\.m2\repository\org\slf4j\slf4j-api\1.7.32\slf4j-api-1.7.32.jar;C:\Users\WINDOWS 10\.m2\repository\org\assertj\assertj-core\3.23.1\assertj-core-3.23.1.jar;C:\Users\WINDOWS 10\.m2\repository\net\bytebuddy\byte-buddy\1.12.10\byte-buddy-1.12.10.jar;C:\Users\WINDOWS 10\.m2\repository\com\googlecode\json-simple\json-simple\1.1.1\json-simple-1.1.1.jar;"/>
    <property name="sun.cpu.endian" value="little"/>
    <property name="user.home" value="C:\Users\WINDOWS 10"/>
    <property name="user.language" value="en"/>
    <property name="java.specification.vendor" value="Oracle Corporation"/>
    <property name="jdk.module.path" value="C:\Users\WINDOWS 10\Documents\GitHub\Capstone\sociops_qe_api\target\minpro-1.0-SNAPSHOT.jar"/>
    <property name="java.version.date" value="2021-01-19"/>
    <property name="java.home" value="C:\Program Files\Java\jdk-15.0.2"/>
    <property name="file.separator" value="\"/>
    <property name="basedir" value="C:\Users\WINDOWS 10\Documents\GitHub\Capstone\sociops_qe_api"/>
    <property name="java.vm.compressedOopsMode" value="Zero based"/>
    <property name="line.separator" value="&#10;"/>
    <property name="java.vm.specification.vendor" value="Oracle Corporation"/>
    <property name="java.specification.name" value="Java Platform API Specification"/>
    <property name="surefire.real.class.path" value="C:\Users\WINDOWS 10\.m2\repository\org\apache\maven\surefire\surefire-booter\3.0.0-M5\surefire-booter-3.0.0-M5.jar;C:\Users\WINDOWS 10\.m2\repository\org\apache\maven\surefire\surefire-api\3.0.0-M5\surefire-api-3.0.0-M5.jar;C:\Users\WINDOWS 10\.m2\repository\org\apache\maven\surefire\surefire-logger-api\3.0.0-M5\surefire-logger-api-3.0.0-M5.jar;C:\Users\WINDOWS 10\.m2\repository\org\apache\maven\surefire\surefire-shared-utils\3.0.0-M4\surefire-shared-utils-3.0.0-M4.jar;C:\Users\WINDOWS 10\.m2\repository\org\apache\maven\surefire\surefire-extensions-spi\3.0.0-M5\surefire-extensions-spi-3.0.0-M5.jar;C:\Users\WINDOWS 10\Documents\GitHub\Capstone\sociops_qe_api\target\test-classes;C:\Users\WINDOWS 10\.m2\repository\net\serenity-bdd\serenity-rest-assured\3.6.22\serenity-rest-assured-3.6.22.jar;C:\Users\WINDOWS 10\.m2\repository\org\apache\httpcomponents\httpclient\4.5.13\httpclient-4.5.13.jar;C:\Users\WINDOWS 10\.m2\repository\org\apache\httpcomponents\httpcore\4.4.13\httpcore-4.4.13.jar;C:\Users\WINDOWS 10\.m2\repository\commons-logging\commons-logging\1.2\commons-logging-1.2.jar;C:\Users\WINDOWS 10\.m2\repository\io\rest-assured\rest-assured\5.3.0\rest-assured-5.3.0.jar;C:\Users\WINDOWS 10\.m2\repository\org\apache\httpcomponents\httpmime\4.5.13\httpmime-4.5.13.jar;C:\Users\WINDOWS 10\.m2\repository\org\ccil\cowan\tagsoup\tagsoup\1.2.1\tagsoup-1.2.1.jar;C:\Users\WINDOWS 10\.m2\repository\io\rest-assured\json-path\5.3.0\json-path-5.3.0.jar;C:\Users\WINDOWS 10\.m2\repository\io\rest-assured\rest-assured-common\5.3.0\rest-assured-common-5.3.0.jar;C:\Users\WINDOWS 10\.m2\repository\io\rest-assured\xml-path\5.3.0\xml-path-5.3.0.jar;C:\Users\WINDOWS 10\.m2\repository\org\apache\groovy\groovy-json\4.0.10\groovy-json-4.0.10.jar;C:\Users\WINDOWS 10\.m2\repository\org\apache\groovy\groovy-xml\4.0.10\groovy-xml-4.0.10.jar;C:\Users\WINDOWS 10\.m2\repository\org\apache\groovy\groovy\4.0.10\groovy-4.0.10.jar;C:\Users\WINDOWS 10\.m2\repository\org\opentest4j\opentest4j\1.2.0\opentest4j-1.2.0.jar;C:\Users\WINDOWS 10\.m2\repository\net\serenity-bdd\serenity-core\3.6.21\serenity-core-3.6.21.jar;C:\Users\WINDOWS 10\.m2\repository\net\serenity-bdd\serenity-model\3.6.21\serenity-model-3.6.21.jar;C:\Users\WINDOWS 10\.m2\repository\org\apache\commons\commons-text\1.10.0\commons-text-1.10.0.jar;C:\Users\WINDOWS 10\.m2\repository\commons-net\commons-net\3.9.0\commons-net-3.9.0.jar;C:\Users\WINDOWS 10\.m2\repository\com\google\guava\guava\31.1-jre\guava-31.1-jre.jar;C:\Users\WINDOWS 10\.m2\repository\com\google\guava\failureaccess\1.0.1\failureaccess-1.0.1.jar;C:\Users\WINDOWS 10\.m2\repository\com\google\guava\listenablefuture\9999.0-empty-to-avoid-conflict-with-guava\listenablefuture-9999.0-empty-to-avoid-conflict-with-guava.jar;C:\Users\WINDOWS 10\.m2\repository\com\google\code\findbugs\jsr305\3.0.2\jsr305-3.0.2.jar;C:\Users\WINDOWS 10\.m2\repository\org\checkerframework\checker-qual\3.12.0\checker-qual-3.12.0.jar;C:\Users\WINDOWS 10\.m2\repository\com\google\errorprone\error_prone_annotations\2.11.0\error_prone_annotations-2.11.0.jar;C:\Users\WINDOWS 10\.m2\repository\com\google\j2objc\j2objc-annotations\1.3\j2objc-annotations-1.3.jar;C:\Users\WINDOWS 10\.m2\repository\com\google\inject\guice\5.1.0\guice-5.1.0.jar;C:\Users\WINDOWS 10\.m2\repository\javax\inject\javax.inject\1\javax.inject-1.jar;C:\Users\WINDOWS 10\.m2\repository\aopalliance\aopalliance\1.0\aopalliance-1.0.jar;C:\Users\WINDOWS 10\.m2\repository\org\jsoup\jsoup\1.14.3\jsoup-1.14.3.jar;C:\Users\WINDOWS 10\.m2\repository\com\thoughtworks\xstream\xstream\1.4.20\xstream-1.4.20.jar;C:\Users\WINDOWS 10\.m2\repository\io\github\x-stream\mxparser\1.2.2\mxparser-1.2.2.jar;C:\Users\WINDOWS 10\.m2\repository\xmlpull\xmlpull\1.1.3.1\xmlpull-1.1.3.1.jar;C:\Users\WINDOWS 10\.m2\repository\com\typesafe\config\1.4.2\config-1.4.2.jar;C:\Users\WINDOWS 10\.m2\repository\org\imgscalr\imgscalr-lib\4.2\imgscalr-lib-4.2.jar;C:\Users\WINDOWS 10\.m2\repository\org\awaitility\awaitility\4.2.0\awaitility-4.2.0.jar;C:\Users\WINDOWS 10\.m2\repository\org\freemarker\freemarker\2.3.31\freemarker-2.3.31.jar;C:\Users\WINDOWS 10\.m2\repository\io\github\classgraph\classgraph\4.8.138\classgraph-4.8.138.jar;C:\Users\WINDOWS 10\.m2\repository\net\sourceforge\jexcelapi\jxl\2.6.12\jxl-2.6.12.jar;C:\Users\WINDOWS 10\.m2\repository\net\bytebuddy\byte-buddy-agent\1.14.2\byte-buddy-agent-1.14.2.jar;C:\Users\WINDOWS 10\.m2\repository\org\objenesis\objenesis\3.3\objenesis-3.3.jar;C:\Users\WINDOWS 10\.m2\repository\net\serenity-bdd\serenity-reports\3.6.21\serenity-reports-3.6.21.jar;C:\Users\WINDOWS 10\.m2\repository\net\serenity-bdd\serenity-stats\3.6.21\serenity-stats-3.6.21.jar;C:\Users\WINDOWS 10\.m2\repository\net\serenity-bdd\serenity-reports-configuration\3.6.21\serenity-reports-configuration-3.6.21.jar;C:\Users\WINDOWS 10\.m2\repository\com\vladsch\flexmark\flexmark-all\0.62.2\flexmark-all-0.62.2.jar;C:\Users\WINDOWS 10\.m2\repository\com\vladsch\flexmark\flexmark\0.62.2\flexmark-0.62.2.jar;C:\Users\WINDOWS 10\.m2\repository\com\vladsch\flexmark\flexmark-ext-abbreviation\0.62.2\flexmark-ext-abbreviation-0.62.2.jar;C:\Users\WINDOWS 10\.m2\repository\com\vladsch\flexmark\flexmark-util\0.62.2\flexmark-util-0.62.2.jar;C:\Users\WINDOWS 10\.m2\repository\com\vladsch\flexmark\flexmark-ext-admonition\0.62.2\flexmark-ext-admonition-0.62.2.jar;C:\Users\WINDOWS 10\.m2\repository\com\vladsch\flexmark\flexmark-ext-anchorlink\0.62.2\flexmark-ext-anchorlink-0.62.2.jar;C:\Users\WINDOWS 10\.m2\repository\com\vladsch\flexmark\flexmark-ext-aside\0.62.2\flexmark-ext-aside-0.62.2.jar;C:\Users\WINDOWS 10\.m2\repository\com\vladsch\flexmark\flexmark-ext-attributes\0.62.2\flexmark-ext-attributes-0.62.2.jar;C:\Users\WINDOWS 10\.m2\repository\com\vladsch\flexmark\flexmark-ext-autolink\0.62.2\flexmark-ext-autolink-0.62.2.jar;C:\Users\WINDOWS 10\.m2\repository\org\nibor\autolink\autolink\0.6.0\autolink-0.6.0.jar;C:\Users\WINDOWS 10\.m2\repository\com\vladsch\flexmark\flexmark-ext-definition\0.62.2\flexmark-ext-definition-0.62.2.jar;C:\Users\WINDOWS 10\.m2\repository\com\vladsch\flexmark\flexmark-ext-emoji\0.62.2\flexmark-ext-emoji-0.62.2.jar;C:\Users\WINDOWS 10\.m2\repository\com\vladsch\flexmark\flexmark-ext-enumerated-reference\0.62.2\flexmark-ext-enumerated-reference-0.62.2.jar;C:\Users\WINDOWS 10\.m2\repository\com\vladsch\flexmark\flexmark-ext-escaped-character\0.62.2\flexmark-ext-escaped-character-0.62.2.jar;C:\Users\WINDOWS 10\.m2\repository\com\vladsch\flexmark\flexmark-ext-footnotes\0.62.2\flexmark-ext-footnotes-0.62.2.jar;C:\Users\WINDOWS 10\.m2\repository\com\vladsch\flexmark\flexmark-ext-gfm-issues\0.62.2\flexmark-ext-gfm-issues-0.62.2.jar;C:\Users\WINDOWS 10\.m2\repository\com\vladsch\flexmark\flexmark-ext-gfm-strikethrough\0.62.2\flexmark-ext-gfm-strikethrough-0.62.2.jar;C:\Users\WINDOWS 10\.m2\repository\com\vladsch\flexmark\flexmark-ext-gfm-tasklist\0.62.2\flexmark-ext-gfm-tasklist-0.62.2.jar;C:\Users\WINDOWS 10\.m2\repository\com\vladsch\flexmark\flexmark-ext-gfm-users\0.62.2\flexmark-ext-gfm-users-0.62.2.jar;C:\Users\WINDOWS 10\.m2\repository\com\vladsch\flexmark\flexmark-ext-gitlab\0.62.2\flexmark-ext-gitlab-0.62.2.jar;C:\Users\WINDOWS 10\.m2\repository\com\vladsch\flexmark\flexmark-ext-jekyll-front-matter\0.62.2\flexmark-ext-jekyll-front-matter-0.62.2.jar;C:\Users\WINDOWS 10\.m2\repository\com\vladsch\flexmark\flexmark-ext-jekyll-tag\0.62.2\flexmark-ext-jekyll-tag-0.62.2.jar;C:\Users\WINDOWS 10\.m2\repository\com\vladsch\flexmark\flexmark-ext-media-tags\0.62.2\flexmark-ext-media-tags-0.62.2.jar;C:\Users\WINDOWS 10\.m2\repository\com\vladsch\flexmark\flexmark-ext-macros\0.62.2\flexmark-ext-macros-0.62.2.jar;C:\Users\WINDOWS 10\.m2\repository\com\vladsch\flexmark\flexmark-ext-ins\0.62.2\flexmark-ext-ins-0.62.2.jar;C:\Users\WINDOWS 10\.m2\repository\com\vladsch\flexmark\flexmark-ext-xwiki-macros\0.62.2\flexmark-ext-xwiki-macros-0.62.2.jar;C:\Users\WINDOWS 10\.m2\repository\com\vladsch\flexmark\flexmark-ext-superscript\0.62.2\flexmark-ext-superscript-0.62.2.jar;C:\Users\WINDOWS 10\.m2\repository\com\vladsch\flexmark\flexmark-ext-tables\0.62.2\flexmark-ext-tables-0.62.2.jar;C:\Users\WINDOWS 10\.m2\repository\com\vladsch\flexmark\flexmark-ext-toc\0.62.2\flexmark-ext-toc-0.62.2.jar;C:\Users\WINDOWS 10\.m2\repository\com\vladsch\flexmark\flexmark-ext-typographic\0.62.2\flexmark-ext-typographic-0.62.2.jar;C:\Users\WINDOWS 10\.m2\repository\com\vladsch\flexmark\flexmark-ext-wikilink\0.62.2\flexmark-ext-wikilink-0.62.2.jar;C:\Users\WINDOWS 10\.m2\repository\com\vladsch\flexmark\flexmark-ext-yaml-front-matter\0.62.2\flexmark-ext-yaml-front-matter-0.62.2.jar;C:\Users\WINDOWS 10\.m2\repository\com\vladsch\flexmark\flexmark-ext-youtube-embedded\0.62.2\flexmark-ext-youtube-embedded-0.62.2.jar;C:\Users\WINDOWS 10\.m2\repository\com\vladsch\flexmark\flexmark-html2md-converter\0.62.2\flexmark-html2md-converter-0.62.2.jar;C:\Users\WINDOWS 10\.m2\repository\com\vladsch\flexmark\flexmark-jira-converter\0.62.2\flexmark-jira-converter-0.62.2.jar;C:\Users\WINDOWS 10\.m2\repository\com\vladsch\flexmark\flexmark-pdf-converter\0.62.2\flexmark-pdf-converter-0.62.2.jar;C:\Users\WINDOWS 10\.m2\repository\com\openhtmltopdf\openhtmltopdf-core\1.0.0\openhtmltopdf-core-1.0.0.jar;C:\Users\WINDOWS 10\.m2\repository\com\openhtmltopdf\openhtmltopdf-pdfbox\1.0.0\openhtmltopdf-pdfbox-1.0.0.jar;C:\Users\WINDOWS 10\.m2\repository\org\apache\pdfbox\pdfbox\2.0.16\pdfbox-2.0.16.jar;C:\Users\WINDOWS 10\.m2\repository\org\apache\pdfbox\fontbox\2.0.16\fontbox-2.0.16.jar;C:\Users\WINDOWS 10\.m2\repository\org\apache\pdfbox\xmpbox\2.0.16\xmpbox-2.0.16.jar;C:\Users\WINDOWS 10\.m2\repository\de\rototor\pdfbox\graphics2d\0.24\graphics2d-0.24.jar;C:\Users\WINDOWS 10\.m2\repository\com\openhtmltopdf\openhtmltopdf-rtl-support\1.0.0\openhtmltopdf-rtl-support-1.0.0.jar;C:\Users\WINDOWS 10\.m2\repository\com\openhtmltopdf\openhtmltopdf-jsoup-dom-converter\1.0.0\openhtmltopdf-jsoup-dom-converter-1.0.0.jar;C:\Users\WINDOWS 10\.m2\repository\com\vladsch\flexmark\flexmark-profile-pegdown\0.62.2\flexmark-profile-pegdown-0.62.2.jar;C:\Users\WINDOWS 10\.m2\repository\com\vladsch\flexmark\flexmark-util-ast\0.62.2\flexmark-util-ast-0.62.2.jar;C:\Users\WINDOWS 10\.m2\repository\com\vladsch\flexmark\flexmark-util-builder\0.62.2\flexmark-util-builder-0.62.2.jar;C:\Users\WINDOWS 10\.m2\repository\com\vladsch\flexmark\flexmark-util-collection\0.62.2\flexmark-util-collection-0.62.2.jar;C:\Users\WINDOWS 10\.m2\repository\com\vladsch\flexmark\flexmark-util-data\0.62.2\flexmark-util-data-0.62.2.jar;C:\Users\WINDOWS 10\.m2\repository\com\vladsch\flexmark\flexmark-util-dependency\0.62.2\flexmark-util-dependency-0.62.2.jar;C:\Users\WINDOWS 10\.m2\repository\com\vladsch\flexmark\flexmark-util-format\0.62.2\flexmark-util-format-0.62.2.jar;C:\Users\WINDOWS 10\.m2\repository\com\vladsch\flexmark\flexmark-util-html\0.62.2\flexmark-util-html-0.62.2.jar;C:\Users\WINDOWS 10\.m2\repository\com\vladsch\flexmark\flexmark-util-misc\0.62.2\flexmark-util-misc-0.62.2.jar;C:\Users\WINDOWS 10\.m2\repository\com\vladsch\flexmark\flexmark-util-options\0.62.2\flexmark-util-options-0.62.2.jar;C:\Users\WINDOWS 10\.m2\repository\com\vladsch\flexmark\flexmark-util-sequence\0.62.2\flexmark-util-sequence-0.62.2.jar;C:\Users\WINDOWS 10\.m2\repository\com\vladsch\flexmark\flexmark-util-visitor\0.62.2\flexmark-util-visitor-0.62.2.jar;C:\Users\WINDOWS 10\.m2\repository\com\vladsch\flexmark\flexmark-youtrack-converter\0.62.2\flexmark-youtrack-converter-0.62.2.jar;C:\Users\WINDOWS 10\.m2\repository\com\ibm\icu\icu4j\72.1\icu4j-72.1.jar;C:\Users\WINDOWS 10\.m2\repository\es\nitaur\markdown\txtmark\0.16\txtmark-0.16.jar;C:\Users\WINDOWS 10\.m2\repository\net\serenity-bdd\serenity-report-resources\3.6.21\serenity-report-resources-3.6.21.jar;C:\Users\WINDOWS 10\.m2\repository\com\google\code\gson\gson\2.10.1\gson-2.10.1.jar;C:\Users\WINDOWS 10\.m2\repository\com\fasterxml\jackson\core\jackson-core\2.15.0-rc1\jackson-core-2.15.0-rc1.jar;C:\Users\WINDOWS 10\.m2\repository\com\fasterxml\jackson\core\jackson-databind\2.15.0-rc1\jackson-databind-2.15.0-rc1.jar;C:\Users\WINDOWS 10\.m2\repository\com\fasterxml\jackson\core\jackson-annotations\2.15.0-rc1\jackson-annotations-2.15.0-rc1.jar;C:\Users\WINDOWS 10\.m2\repository\commons-codec\commons-codec\1.15\commons-codec-1.15.jar;C:\Users\WINDOWS 10\.m2\repository\commons-io\commons-io\2.11.0\commons-io-2.11.0.jar;C:\Users\WINDOWS 10\.m2\repository\org\seleniumhq\selenium\selenium-java\4.8.1\selenium-java-4.8.1.jar;C:\Users\WINDOWS 10\.m2\repository\org\seleniumhq\selenium\selenium-devtools-v108\4.8.1\selenium-devtools-v108-4.8.1.jar;C:\Users\WINDOWS 10\.m2\repository\org\seleniumhq\selenium\selenium-devtools-v109\4.8.1\selenium-devtools-v109-4.8.1.jar;C:\Users\WINDOWS 10\.m2\repository\org\seleniumhq\selenium\selenium-devtools-v110\4.8.1\selenium-devtools-v110-4.8.1.jar;C:\Users\WINDOWS 10\.m2\repository\org\seleniumhq\selenium\selenium-devtools-v85\4.8.1\selenium-devtools-v85-4.8.1.jar;C:\Users\WINDOWS 10\.m2\repository\org\seleniumhq\selenium\selenium-remote-driver\4.8.1\selenium-remote-driver-4.8.1.jar;C:\Users\WINDOWS 10\.m2\repository\com\beust\jcommander\1.82\jcommander-1.82.jar;C:\Users\WINDOWS 10\.m2\repository\io\netty\netty-buffer\4.1.87.Final\netty-buffer-4.1.87.Final.jar;C:\Users\WINDOWS 10\.m2\repository\io\netty\netty-codec-http\4.1.87.Final\netty-codec-http-4.1.87.Final.jar;C:\Users\WINDOWS 10\.m2\repository\io\netty\netty-codec\4.1.87.Final\netty-codec-4.1.87.Final.jar;C:\Users\WINDOWS 10\.m2\repository\io\netty\netty-handler\4.1.87.Final\netty-handler-4.1.87.Final.jar;C:\Users\WINDOWS 10\.m2\repository\io\netty\netty-common\4.1.87.Final\netty-common-4.1.87.Final.jar;C:\Users\WINDOWS 10\.m2\repository\io\netty\netty-transport-classes-epoll\4.1.87.Final\netty-transport-classes-epoll-4.1.87.Final.jar;C:\Users\WINDOWS 10\.m2\repository\io\netty\netty-transport-classes-kqueue\4.1.87.Final\netty-transport-classes-kqueue-4.1.87.Final.jar;C:\Users\WINDOWS 10\.m2\repository\io\netty\netty-transport-native-epoll\4.1.87.Final\netty-transport-native-epoll-4.1.87.Final.jar;C:\Users\WINDOWS 10\.m2\repository\io\netty\netty-transport-native-kqueue\4.1.87.Final\netty-transport-native-kqueue-4.1.87.Final.jar;C:\Users\WINDOWS 10\.m2\repository\io\netty\netty-transport-native-unix-common\4.1.87.Final\netty-transport-native-unix-common-4.1.87.Final.jar;C:\Users\WINDOWS 10\.m2\repository\io\netty\netty-transport\4.1.87.Final\netty-transport-4.1.87.Final.jar;C:\Users\WINDOWS 10\.m2\repository\io\netty\netty-resolver\4.1.87.Final\netty-resolver-4.1.87.Final.jar;C:\Users\WINDOWS 10\.m2\repository\io\opentelemetry\opentelemetry-api\1.22.0\opentelemetry-api-1.22.0.jar;C:\Users\WINDOWS 10\.m2\repository\io\opentelemetry\opentelemetry-context\1.22.0\opentelemetry-context-1.22.0.jar;C:\Users\WINDOWS 10\.m2\repository\io\opentelemetry\opentelemetry-exporter-logging\1.22.0\opentelemetry-exporter-logging-1.22.0.jar;C:\Users\WINDOWS 10\.m2\repository\io\opentelemetry\opentelemetry-sdk-metrics\1.22.0\opentelemetry-sdk-metrics-1.22.0.jar;C:\Users\WINDOWS 10\.m2\repository\io\opentelemetry\opentelemetry-sdk-logs\1.22.0-alpha\opentelemetry-sdk-logs-1.22.0-alpha.jar;C:\Users\WINDOWS 10\.m2\repository\io\opentelemetry\opentelemetry-api-logs\1.22.0-alpha\opentelemetry-api-logs-1.22.0-alpha.jar;C:\Users\WINDOWS 10\.m2\repository\io\opentelemetry\opentelemetry-sdk-common\1.22.0\opentelemetry-sdk-common-1.22.0.jar;C:\Users\WINDOWS 10\.m2\repository\io\opentelemetry\opentelemetry-sdk-extension-autoconfigure-spi\1.22.0\opentelemetry-sdk-extension-autoconfigure-spi-1.22.0.jar;C:\Users\WINDOWS 10\.m2\repository\io\opentelemetry\opentelemetry-sdk-extension-autoconfigure\1.22.0-alpha\opentelemetry-sdk-extension-autoconfigure-1.22.0-alpha.jar;C:\Users\WINDOWS 10\.m2\repository\io\opentelemetry\opentelemetry-sdk-trace\1.22.0\opentelemetry-sdk-trace-1.22.0.jar;C:\Users\WINDOWS 10\.m2\repository\io\opentelemetry\opentelemetry-sdk\1.22.0\opentelemetry-sdk-1.22.0.jar;C:\Users\WINDOWS 10\.m2\repository\io\opentelemetry\opentelemetry-semconv\1.22.0-alpha\opentelemetry-semconv-1.22.0-alpha.jar;C:\Users\WINDOWS 10\.m2\repository\io\ous\jtoml\2.0.0\jtoml-2.0.0.jar;C:\Users\WINDOWS 10\.m2\repository\org\apache\commons\commons-exec\1.3\commons-exec-1.3.jar;C:\Users\WINDOWS 10\.m2\repository\org\asynchttpclient\async-http-client\2.12.3\async-http-client-2.12.3.jar;C:\Users\WINDOWS 10\.m2\repository\org\asynchttpclient\async-http-client-netty-utils\2.12.3\async-http-client-netty-utils-2.12.3.jar;C:\Users\WINDOWS 10\.m2\repository\io\netty\netty-codec-socks\4.1.60.Final\netty-codec-socks-4.1.60.Final.jar;C:\Users\WINDOWS 10\.m2\repository\io\netty\netty-handler-proxy\4.1.60.Final\netty-handler-proxy-4.1.60.Final.jar;C:\Users\WINDOWS 10\.m2\repository\io\netty\netty-transport-native-epoll\4.1.60.Final\netty-transport-native-epoll-4.1.60.Final-linux-x86_64.jar;C:\Users\WINDOWS 10\.m2\repository\io\netty\netty-transport-native-kqueue\4.1.60.Final\netty-transport-native-kqueue-4.1.60.Final-osx-x86_64.jar;C:\Users\WINDOWS 10\.m2\repository\org\reactivestreams\reactive-streams\1.0.3\reactive-streams-1.0.3.jar;C:\Users\WINDOWS 10\.m2\repository\com\typesafe\netty\netty-reactive-streams\2.0.4\netty-reactive-streams-2.0.4.jar;C:\Users\WINDOWS 10\.m2\repository\org\seleniumhq\selenium\selenium-manager\4.8.1\selenium-manager-4.8.1.jar;C:\Users\WINDOWS 10\.m2\repository\org\seleniumhq\selenium\selenium-safari-driver\4.8.1\selenium-safari-driver-4.8.1.jar;C:\Users\WINDOWS 10\.m2\repository\org\seleniumhq\selenium\selenium-api\4.8.1\selenium-api-4.8.1.jar;C:\Users\WINDOWS 10\.m2\repository\org\seleniumhq\selenium\selenium-support\4.8.1\selenium-support-4.8.1.jar;C:\Users\WINDOWS 10\.m2\repository\com\google\auto\service\auto-service-annotations\1.0.1\auto-service-annotations-1.0.1.jar;C:\Users\WINDOWS 10\.m2\repository\com\google\auto\service\auto-service\1.0.1\auto-service-1.0.1.jar;C:\Users\WINDOWS 10\.m2\repository\com\google\auto\auto-common\1.2\auto-common-1.2.jar;C:\Users\WINDOWS 10\.m2\repository\org\seleniumhq\selenium\selenium-json\4.8.1\selenium-json-4.8.1.jar;C:\Users\WINDOWS 10\.m2\repository\org\seleniumhq\selenium\selenium-chrome-driver\4.8.1\selenium-chrome-driver-4.8.1.jar;C:\Users\WINDOWS 10\.m2\repository\org\seleniumhq\selenium\selenium-chromium-driver\4.8.1\selenium-chromium-driver-4.8.1.jar;C:\Users\WINDOWS 10\.m2\repository\org\seleniumhq\selenium\selenium-firefox-driver\4.8.1\selenium-firefox-driver-4.8.1.jar;C:\Users\WINDOWS 10\.m2\repository\org\seleniumhq\selenium\selenium-http\4.8.1\selenium-http-4.8.1.jar;C:\Users\WINDOWS 10\.m2\repository\dev\failsafe\failsafe\3.3.0\failsafe-3.3.0.jar;C:\Users\WINDOWS 10\.m2\repository\org\seleniumhq\selenium\selenium-edge-driver\4.8.1\selenium-edge-driver-4.8.1.jar;C:\Users\WINDOWS 10\.m2\repository\org\seleniumhq\selenium\selenium-ie-driver\4.8.1\selenium-ie-driver-4.8.1.jar;C:\Users\WINDOWS 10\.m2\repository\org\projectlombok\lombok\1.18.20\lombok-1.18.20.jar;C:\Users\WINDOWS 10\.m2\repository\io\appium\java-client\8.3.0\java-client-8.3.0.jar;C:\Users\WINDOWS 10\.m2\repository\commons-validator\commons-validator\1.7\commons-validator-1.7.jar;C:\Users\WINDOWS 10\.m2\repository\commons-digester\commons-digester\2.1\commons-digester-2.1.jar;C:\Users\WINDOWS 10\.m2\repository\net\sf\opencsv\opencsv\2.0\opencsv-2.0.jar;C:\Users\WINDOWS 10\.m2\repository\commons-beanutils\commons-beanutils\1.9.4\commons-beanutils-1.9.4.jar;C:\Users\WINDOWS 10\.m2\repository\org\apache\commons\commons-lang3\3.12.0\commons-lang3-3.12.0.jar;C:\Users\WINDOWS 10\.m2\repository\commons-collections\commons-collections\3.2.2\commons-collections-3.2.2.jar;C:\Users\WINDOWS 10\.m2\repository\org\fluentlenium\fluentlenium-core\0.10.2\fluentlenium-core-0.10.2.jar;C:\Users\WINDOWS 10\.m2\repository\io\github\bonigarcia\webdrivermanager\5.3.0\webdrivermanager-5.3.0.jar;C:\Users\WINDOWS 10\.m2\repository\com\github\docker-java\docker-java\3.2.13\docker-java-3.2.13.jar;C:\Users\WINDOWS 10\.m2\repository\com\github\docker-java\docker-java-core\3.2.13\docker-java-core-3.2.13.jar;C:\Users\WINDOWS 10\.m2\repository\com\github\docker-java\docker-java-api\3.2.13\docker-java-api-3.2.13.jar;C:\Users\WINDOWS 10\.m2\repository\org\apache\commons\commons-compress\1.21\commons-compress-1.21.jar;C:\Users\WINDOWS 10\.m2\repository\org\bouncycastle\bcpkix-jdk15on\1.64\bcpkix-jdk15on-1.64.jar;C:\Users\WINDOWS 10\.m2\repository\org\bouncycastle\bcprov-jdk15on\1.64\bcprov-jdk15on-1.64.jar;C:\Users\WINDOWS 10\.m2\repository\org\slf4j\jcl-over-slf4j\1.7.30\jcl-over-slf4j-1.7.30.jar;C:\Users\WINDOWS 10\.m2\repository\com\github\docker-java\docker-java-transport-httpclient5\3.2.13\docker-java-transport-httpclient5-3.2.13.jar;C:\Users\WINDOWS 10\.m2\repository\com\github\docker-java\docker-java-transport\3.2.13\docker-java-transport-3.2.13.jar;C:\Users\WINDOWS 10\.m2\repository\net\java\dev\jna\jna\5.8.0\jna-5.8.0.jar;C:\Users\WINDOWS 10\.m2\repository\org\brotli\dec\0.1.2\dec-0.1.2.jar;C:\Users\WINDOWS 10\.m2\repository\org\apache\httpcomponents\client5\httpclient5\5.1.3\httpclient5-5.1.3.jar;C:\Users\WINDOWS 10\.m2\repository\org\apache\httpcomponents\core5\httpcore5\5.1.3\httpcore5-5.1.3.jar;C:\Users\WINDOWS 10\.m2\repository\org\apache\httpcomponents\core5\httpcore5-h2\5.1.3\httpcore5-h2-5.1.3.jar;C:\Users\WINDOWS 10\.m2\repository\com\jhlabs\filters\2.0.235\filters-2.0.235.jar;C:\Users\WINDOWS 10\.m2\repository\com\paulhammant\ngwebdriver\1.1.6\ngwebdriver-1.1.6.jar;C:\Users\WINDOWS 10\.m2\repository\joda-time\joda-time\2.12.2\joda-time-2.12.2.jar;C:\Users\WINDOWS 10\.m2\repository\org\hamcrest\hamcrest\2.2\hamcrest-2.2.jar;C:\Users\WINDOWS 10\.m2\repository\com\google\jimfs\jimfs\1.2\jimfs-1.2.jar;C:\Users\WINDOWS 10\.m2\repository\org\mockito\mockito-core\3.3.3\mockito-core-3.3.3.jar;C:\Users\WINDOWS 10\.m2\repository\javax\xml\bind\jaxb-api\2.3.1\jaxb-api-2.3.1.jar;C:\Users\WINDOWS 10\.m2\repository\javax\activation\javax.activation-api\1.2.0\javax.activation-api-1.2.0.jar;C:\Users\WINDOWS 10\.m2\repository\com\sun\xml\bind\jaxb-core\2.3.0.1\jaxb-core-2.3.0.1.jar;C:\Users\WINDOWS 10\.m2\repository\com\sun\xml\bind\jaxb-impl\2.3.3\jaxb-impl-2.3.3.jar;C:\Users\WINDOWS 10\.m2\repository\jakarta\xml\bind\jakarta.xml.bind-api\2.3.3\jakarta.xml.bind-api-2.3.3.jar;C:\Users\WINDOWS 10\.m2\repository\com\sun\activation\jakarta.activation\1.2.2\jakarta.activation-1.2.2.jar;C:\Users\WINDOWS 10\.m2\repository\javax\activation\activation\1.1.1\activation-1.1.1.jar;C:\Users\WINDOWS 10\.m2\repository\net\serenity-bdd\serenity-cucumber\3.6.21\serenity-cucumber-3.6.21.jar;C:\Users\WINDOWS 10\.m2\repository\io\cucumber\cucumber-core\7.11.0\cucumber-core-7.11.0.jar;C:\Users\WINDOWS 10\.m2\repository\io\cucumber\cucumber-gherkin\7.11.0\cucumber-gherkin-7.11.0.jar;C:\Users\WINDOWS 10\.m2\repository\io\cucumber\cucumber-gherkin-messages\7.11.0\cucumber-gherkin-messages-7.11.0.jar;C:\Users\WINDOWS 10\.m2\repository\io\cucumber\gherkin\26.0.3\gherkin-26.0.3.jar;C:\Users\WINDOWS 10\.m2\repository\io\cucumber\messages\21.0.1\messages-21.0.1.jar;C:\Users\WINDOWS 10\.m2\repository\io\cucumber\tag-expressions\5.0.1\tag-expressions-5.0.1.jar;C:\Users\WINDOWS 10\.m2\repository\io\cucumber\cucumber-expressions\16.1.1\cucumber-expressions-16.1.1.jar;C:\Users\WINDOWS 10\.m2\repository\io\cucumber\datatable\7.11.0\datatable-7.11.0.jar;C:\Users\WINDOWS 10\.m2\repository\io\cucumber\cucumber-plugin\7.11.0\cucumber-plugin-7.11.0.jar;C:\Users\WINDOWS 10\.m2\repository\io\cucumber\docstring\7.11.0\docstring-7.11.0.jar;C:\Users\WINDOWS 10\.m2\repository\io\cucumber\html-formatter\20.2.1\html-formatter-20.2.1.jar;C:\Users\WINDOWS 10\.m2\repository\io\cucumber\junit-xml-formatter\0.1.0\junit-xml-formatter-0.1.0.jar;C:\Users\WINDOWS 10\.m2\repository\io\cucumber\ci-environment\9.1.0\ci-environment-9.1.0.jar;C:\Users\WINDOWS 10\.m2\repository\io\cucumber\cucumber-java\7.11.0\cucumber-java-7.11.0.jar;C:\Users\WINDOWS 10\.m2\repository\io\cucumber\cucumber-junit\7.11.0\cucumber-junit-7.11.0.jar;C:\Users\WINDOWS 10\.m2\repository\org\apache\commons\commons-csv\1.5\commons-csv-1.5.jar;C:\Users\WINDOWS 10\.m2\repository\net\serenity-bdd\serenity-screenplay\3.6.21\serenity-screenplay-3.6.21.jar;C:\Users\WINDOWS 10\.m2\repository\net\serenity-bdd\serenity-screenplay-webdriver\3.6.21\serenity-screenplay-webdriver-3.6.21.jar;C:\Users\WINDOWS 10\.m2\repository\net\serenity-bdd\serenity-ensure\3.6.21\serenity-ensure-3.6.21.jar;C:\Users\WINDOWS 10\.m2\repository\net\serenity-bdd\serenity-junit\3.6.21\serenity-junit-3.6.21.jar;C:\Users\WINDOWS 10\.m2\repository\org\jetbrains\kotlin\kotlin-stdlib\1.8.10\kotlin-stdlib-1.8.10.jar;C:\Users\WINDOWS 10\.m2\repository\org\jetbrains\kotlin\kotlin-stdlib-common\1.8.10\kotlin-stdlib-common-1.8.10.jar;C:\Users\WINDOWS 10\.m2\repository\org\jetbrains\annotations\13.0\annotations-13.0.jar;C:\Users\WINDOWS 10\.m2\repository\org\junit\platform\junit-platform-launcher\1.8.2\junit-platform-launcher-1.8.2.jar;C:\Users\WINDOWS 10\.m2\repository\org\junit\platform\junit-platform-engine\1.8.2\junit-platform-engine-1.8.2.jar;C:\Users\WINDOWS 10\.m2\repository\org\junit\platform\junit-platform-commons\1.8.2\junit-platform-commons-1.8.2.jar;C:\Users\WINDOWS 10\.m2\repository\org\apiguardian\apiguardian-api\1.1.2\apiguardian-api-1.1.2.jar;C:\Users\WINDOWS 10\.m2\repository\org\junit\jupiter\junit-jupiter-engine\5.8.2\junit-jupiter-engine-5.8.2.jar;C:\Users\WINDOWS 10\.m2\repository\org\junit\jupiter\junit-jupiter-api\5.8.2\junit-jupiter-api-5.8.2.jar;C:\Users\WINDOWS 10\.m2\repository\org\junit\vintage\junit-vintage-engine\5.8.2\junit-vintage-engine-5.8.2.jar;C:\Users\WINDOWS 10\.m2\repository\junit\junit\4.13.2\junit-4.13.2.jar;C:\Users\WINDOWS 10\.m2\repository\org\hamcrest\hamcrest-core\1.3\hamcrest-core-1.3.jar;C:\Users\WINDOWS 10\.m2\repository\ch\qos\logback\logback-classic\1.2.10\logback-classic-1.2.10.jar;C:\Users\WINDOWS 10\.m2\repository\ch\qos\logback\logback-core\1.2.10\logback-core-1.2.10.jar;C:\Users\WINDOWS 10\.m2\repository\org\slf4j\slf4j-api\1.7.32\slf4j-api-1.7.32.jar;C:\Users\WINDOWS 10\.m2\repository\org\assertj\assertj-core\3.23.1\assertj-core-3.23.1.jar;C:\Users\WINDOWS 10\.m2\repository\net\bytebuddy\byte-buddy\1.12.10\byte-buddy-1.12.10.jar;C:\Users\WINDOWS 10\.m2\repository\com\googlecode\json-simple\json-simple\1.1.1\json-simple-1.1.1.jar;C:\Users\WINDOWS 10\.m2\repository\org\apache\maven\surefire\surefire-junit-platform\3.0.0-M5\surefire-junit-platform-3.0.0-M5.jar;C:\Users\WINDOWS 10\.m2\repository\org\apache\maven\surefire\common-java5\3.0.0-M5\common-java5-3.0.0-M5.jar"/>
    <property name="user.script" value=""/>
    <property name="sun.management.compiler" value="HotSpot 64-Bit Tiered Compilers"/>
    <property name="java.runtime.version" value="15.0.2+7-27"/>
    <property name="user.name" value="WINDOWS 10"/>
    <property name="path.separator" value=";"/>
    <property name="os.version" value="10.0"/>
    <property name="java.runtime.name" value="Java(TM) SE Runtime Environment"/>
    <property name="file.encoding" value="Cp1252"/>
    <property name="webdriver.base.url" value=""/>
    <property name="java.vm.name" value="Java HotSpot(TM) 64-Bit Server VM"/>
    <property name="localRepository" value="C:\Users\WINDOWS 10\.m2\repository"/>
    <property name="java.vendor.url.bug" value="https://bugreport.java.com/bugreport/"/>
    <property name="java.io.tmpdir" value="C:\Users\WINDOW~1\AppData\Local\Temp\"/>
    <property name="java.version" value="15.0.2"/>
    <property name="user.dir" value="C:\Users\WINDOWS 10\Documents\GitHub\Capstone\sociops_qe_api"/>
    <property name="os.arch" value="amd64"/>
    <property name="java.vm.specification.name" value="Java Virtual Machine Specification"/>
    <property name="sun.os.patch.level" value=""/>
    <property name="java.library.path" value="C:\Program Files\Java\jdk-15.0.2\bin;C:\WINDOWS\Sun\Java\bin;C:\WINDOWS\system32;C:\WINDOWS;C:\Program Files (x86)\Common Files\Oracle\Java\javapath;C:\src\flutter\bin;C:\WINDOWS\system32;C:\WINDOWS;C:\WINDOWS\System32\Wbem;C:\WINDOWS\System32\WindowsPowerShell\v1.0\;C:\WINDOWS\System32\OpenSSH\;C:\Program Files\Java\jdk-15.0.2;C:\Program Files\Java\jdk-15.0.2\bin;C:\Program Files\apache-maven-3.9.1\bin;C:\Program Files\apache-maven-3.9.1;C:\Program Files\apache-maven-3.9.1\bin;C:\Users\WINDOWS 10\AppData\Local\Android\Sdk;C:\Users\WINDOWS 10\AppData\Local\Android\Sdk\platform-tools;C:\Users\WINDOWS 10\AppData\Local\Android\Sdk\tools;C:\Users\WINDOWS 10\AppData\Local\Android\Sdk\tools\bin;C:\Program Files\nodejs\;C:\Program Files\Git\cmd;C:\Program Files\dotnet\;C:\Users\WINDOWS 10\AppData\Local\Microsoft\WindowsApps;C:\Users\WINDOWS 10\AppData\Local\Programs\Microsoft VS Code\bin;C:\Users\WINDOWS 10\AppData\Local\GitHubDesktop\bin;C:\Users\WINDOWS 10\AppData\Roaming\npm;;."/>
    <property name="java.vm.info" value="mixed mode"/>
    <property name="java.vendor" value="Oracle Corporation"/>
    <property name="java.vm.version" value="15.0.2+7-27"/>
    <property name="sun.io.unicode.encoding" value="UnicodeLittle"/>
    <property name="java.class.version" value="59.0"/>
  </properties>
  <testcase name="POST - Create new news without fill title payload" classname="Manage News Admin" time="3.889">
    <system-out><![CDATA[18:00:00.770 [main] DEBUG net.thucydides.core.guice.Injectors - Created injector for module net.thucydides.core.guice.ThucydidesModule
18:00:00.960 [main] DEBUG io.cucumber.core.plugin.SerenityReporter - Running feature from file:///C:/Users/WINDOWS%2010/Documents/GitHub/Capstone/sociops_qe_api/src/test/resources/features/adminManageNews.feature
18:00:01.085 [main] DEBUG net.thucydides.core.guice.Injectors - Created injector for module net.thucydides.core.guice.webdriver.WebDriverModule
18:00:01.102 [main] INFO  - 

-------------------------------------------------------------------------------------
     _______. _______ .______       _______ .__   __.  __  .___________.____    ____ 
    /       ||   ____||   _  \     |   ____||  \ |  | |  | |           |\   \  /   / 
   |   (----`|  |__   |  |_)  |    |  |__   |   \|  | |  | `---|  |----` \   \/   /  
    \   \    |   __|  |      /     |   __|  |  . `  | |  |     |  |       \_    _/   
.----)   |   |  |____ |  |\  \----.|  |____ |  |\   | |  |     |  |         |  |     
|_______/    |_______|| _| `._____||_______||__| \__| |__|     |__|         |__|    
                                                                                     
 News and tutorials at http://www.serenity-bdd.info                                  
 Documentation at https://wakaleo.gitbooks.io/the-serenity-book/content/             
 Join the Serenity Community on Gitter: https://gitter.im/serenity-bdd/serenity-core 
 Serenity BDD Support and Training at http://serenity-bdd.info/#/trainingandsupport  
-------------------------------------------------------------------------------------

18:00:01.105 [main] DEBUG net.thucydides.core.steps.StepEventBus - Test suite started for story net.thucydides.core.model.Story@316b80f2
18:00:01.106 [main] INFO  - Test Suite Started: Manage News Admin
18:00:01.115 [main] DEBUG io.cucumber.core.plugin.SerenityReporter - Running feature from file:///C:/Users/WINDOWS%2010/Documents/GitHub/Capstone/sociops_qe_api/src/test/resources/features/manageFund.feature
18:00:01.120 [main] DEBUG net.thucydides.core.steps.StepEventBus - Test suite started for story net.thucydides.core.model.Story@c929dd74
18:00:01.120 [main] INFO  - Test Suite Started: Manage Fundraising Admin
18:00:01.121 [main] DEBUG io.cucumber.core.plugin.SerenityReporter - Running feature from file:///C:/Users/WINDOWS%2010/Documents/GitHub/Capstone/sociops_qe_api/src/test/resources/features/adminManageNews.feature
18:00:01.123 [main] DEBUG net.thucydides.core.steps.StepEventBus - Test suite started for story net.thucydides.core.model.Story@316b80f2
18:00:01.124 [main] INFO  - Test Suite Started: Manage News Admin

Scenario: POST - Create new news without fill title payload                  &amp#27;[90m# src/test/resources/features/adminManageNews.feature:12&amp#27;[0m
18:00:01.192 [main] DEBUG io.cucumber.core.plugin.SerenityReporter - Running feature from file:///C:/Users/WINDOWS%2010/Documents/GitHub/Capstone/sociops_qe_api/src/test/resources/features/adminManageNews.feature
18:00:01.280 [main] INFO  - 
  _____   ___   ___   _____     ___   _____     _     ___   _____   ___   ___  
 |_   _| | __| / __| |_   _|   / __| |_   _|   /_\   | _ \ |_   _| | __| |   \ 
   | |   | _|  \__ \   | |     \__ \   | |    / _ \  |   /   | |   | _|  | |) |
   |_|   |___| |___/   |_|     |___/   |_|   /_/ \_\ |_|_\   |_|   |___| |___/ 

POST - Create new news without fill title payload(manage-news-admin;post---create-new-news-without-fill-title-payload)
--------------------------------------------------------------------------------
18:00:01.329 [main] DEBUG net.thucydides.core.requirements.model.cucumber.CucumberParser - Loading feature C:\Users\WINDOWS 10\Documents\GitHub\Capstone\sociops_qe_api\src\test\resources\features\adminManageNews.feature
18:00:01.350 [main] DEBUG net.thucydides.core.requirements.model.cucumber.CucumberParser - Loading feature C:\Users\WINDOWS 10\Documents\GitHub\Capstone\sociops_qe_api\src\test\resources\features\manageFund.feature
18:00:01.714 [main] DEBUG net.thucydides.core.steps.StepInterceptor - STARTING STEP: adminManageNewsSteps.setPostEpManageNews - I set POST api endpoints manage news admin
18:00:01.716 [main] DEBUG net.thucydides.core.steps.StepInterceptor - STEP DONE: I set POST api endpoints manage news admin
  &amp#27;[32mGiven &amp#27;[0m&amp#27;[32mI set POST api endpoints manage news admin&amp#27;[0m                           &amp#27;[90m# starter.stepdefinitions.adminManageNewsSteps.setPostEpManageNews()&amp#27;[0m
18:00:01.724 [main] DEBUG net.thucydides.core.steps.StepInterceptor - STARTING STEP: adminManageNewsSteps.sendPostReqManageNewsANoInputTitle - I send POST HTTP request manage news admin without fill title payload
18:00:03.018 [main] DEBUG net.thucydides.core.steps.StepInterceptor - STARTING STEP: adminManageNews.sendPostReqManageNewsANoInputTitle - I set POST api endpoints manage news admin
18:00:03.018 [main] DEBUG net.thucydides.core.steps.StepInterceptor - STEP DONE: I set POST api endpoints manage news admin
18:00:03.506 [main] DEBUG org.apache.http.impl.conn.BasicClientConnectionManager - Get connection for route {s}->https://sociops-backend-production.up.railway.app:443
18:00:03.847 [main] DEBUG org.apache.http.impl.conn.DefaultClientConnectionOperator - Connecting to sociops-backend-production.up.railway.app:443
18:00:04.383 [main] DEBUG org.apache.http.client.protocol.RequestAddCookies - CookieSpec selected: ignoreCookies
18:00:04.384 [main] DEBUG org.apache.http.client.protocol.RequestAuthCache - Auth cache not set in the context
18:00:04.384 [main] DEBUG org.apache.http.client.protocol.RequestProxyAuthentication - Proxy auth state: UNCHALLENGED
18:00:04.385 [main] DEBUG org.apache.http.impl.client.DefaultHttpClient - Attempt 1 to execute request
18:00:04.385 [main] DEBUG org.apache.http.impl.conn.DefaultClientConnection - Sending request: POST /news HTTP/1.1
18:00:04.385 [main] DEBUG org.apache.http.wire -  >> "POST /news HTTP/1.1[\r][\n]"
18:00:04.385 [main] DEBUG org.apache.http.wire -  >> "Authorization: Bearer eyJhbGciOiJIUzI1NiIsInR5cCI6IkpXVCJ9.eyJpZCI6IjUiLCJuYW1lIjoiUGFrIEpvaG4iLCJyb2xlIjoiQURNSU4iLCJleHAiOjE2ODc3MjY5ODN9.7WfpfZfxsKIkLfL6maSf_3OEpiciuAJMsuNYpUH0i90[\r][\n]"
18:00:04.385 [main] DEBUG org.apache.http.wire -  >> "Accept: */*[\r][\n]"
18:00:04.385 [main] DEBUG org.apache.http.wire -  >> "Content-Type: application/json[\r][\n]"
18:00:04.385 [main] DEBUG org.apache.http.wire -  >> "Content-Length: 87[\r][\n]"
18:00:04.385 [main] DEBUG org.apache.http.wire -  >> "Host: sociops-backend-production.up.railway.app[\r][\n]"
18:00:04.386 [main] DEBUG org.apache.http.wire -  >> "Connection: Keep-Alive[\r][\n]"
18:00:04.386 [main] DEBUG org.apache.http.wire -  >> "User-Agent: Apache-HttpClient/4.5.13 (Java/15.0.2)[\r][\n]"
18:00:04.386 [main] DEBUG org.apache.http.wire -  >> "Accept-Encoding: gzip,deflate[\r][\n]"
18:00:04.386 [main] DEBUG org.apache.http.wire -  >> "[\r][\n]"
18:00:04.386 [main] DEBUG org.apache.http.headers - >> POST /news HTTP/1.1
18:00:04.386 [main] DEBUG org.apache.http.headers - >> Authorization: Bearer eyJhbGciOiJIUzI1NiIsInR5cCI6IkpXVCJ9.eyJpZCI6IjUiLCJuYW1lIjoiUGFrIEpvaG4iLCJyb2xlIjoiQURNSU4iLCJleHAiOjE2ODc3MjY5ODN9.7WfpfZfxsKIkLfL6maSf_3OEpiciuAJMsuNYpUH0i90
18:00:04.386 [main] DEBUG org.apache.http.headers - >> Accept: */*
18:00:04.386 [main] DEBUG org.apache.http.headers - >> Content-Type: application/json
18:00:04.386 [main] DEBUG org.apache.http.headers - >> Content-Length: 87
18:00:04.386 [main] DEBUG org.apache.http.headers - >> Host: sociops-backend-production.up.railway.app
18:00:04.386 [main] DEBUG org.apache.http.headers - >> Connection: Keep-Alive
18:00:04.386 [main] DEBUG org.apache.http.headers - >> User-Agent: Apache-HttpClient/4.5.13 (Java/15.0.2)
18:00:04.386 [main] DEBUG org.apache.http.headers - >> Accept-Encoding: gzip,deflate
18:00:04.386 [main] DEBUG org.apache.http.wire -  >> "{"description":"andira2 - Proin et euismod diam. Duis fermentum felis nisi","title":""}"
18:00:04.942 [main] DEBUG org.apache.http.wire -  << "HTTP/1.1 400 Bad Request[\r][\n]"
18:00:04.943 [main] DEBUG org.apache.http.wire -  << "content-type: application/json; charset=UTF-8[\r][\n]"
18:00:04.943 [main] DEBUG org.apache.http.wire -  << "vary: Origin[\r][\n]"
18:00:04.943 [main] DEBUG org.apache.http.wire -  << "date: Sun, 25 Jun 2023 11:00:09 GMT[\r][\n]"
18:00:04.943 [main] DEBUG org.apache.http.wire -  << "content-length: 89[\r][\n]"
18:00:04.943 [main] DEBUG org.apache.http.wire -  << "server: railway[\r][\n]"
18:00:04.943 [main] DEBUG org.apache.http.wire -  << "[\r][\n]"
18:00:04.944 [main] DEBUG org.apache.http.impl.conn.DefaultClientConnection - Receiving response: HTTP/1.1 400 Bad Request
18:00:04.944 [main] DEBUG org.apache.http.headers - << HTTP/1.1 400 Bad Request
18:00:04.944 [main] DEBUG org.apache.http.headers - << content-type: application/json; charset=UTF-8
18:00:04.944 [main] DEBUG org.apache.http.headers - << vary: Origin
18:00:04.944 [main] DEBUG org.apache.http.headers - << date: Sun, 25 Jun 2023 11:00:09 GMT
18:00:04.944 [main] DEBUG org.apache.http.headers - << content-length: 89
18:00:04.944 [main] DEBUG org.apache.http.headers - << server: railway
18:00:04.946 [main] DEBUG org.apache.http.impl.client.DefaultHttpClient - Connection can be kept alive indefinitely
18:00:04.948 [main] DEBUG io.restassured.internal.RestAssuredHttpBuilder - Parsing response as: application/json; charset=UTF-8
18:00:04.948 [main] DEBUG io.restassured.internal.RestAssuredHttpBuilder - Parsed data to instance of: class org.apache.http.conn.EofSensorInputStream
18:00:04.981 [main] DEBUG org.apache.http.wire -  << "{"data":["Title is a required field"],"message":"ERROR_INPUT_VALIDATION","status":false}[\n]"
18:00:04.981 [main] DEBUG org.apache.http.impl.conn.BasicClientConnectionManager - Releasing connection org.apache.http.impl.conn.ManagedClientConnectionImpl@1d2c253
18:00:04.981 [main] DEBUG org.apache.http.impl.conn.BasicClientConnectionManager - Connection can be kept alive indefinitely
18:00:05.000 [main] DEBUG net.thucydides.core.steps.StepInterceptor - STEP DONE: I send POST HTTP request manage news admin without fill title payload
  &amp#27;[32mWhen &amp#27;[0m&amp#27;[32mI send POST HTTP request manage news admin without fill title payload&amp#27;[0m &amp#27;[90m# starter.stepdefinitions.adminManageNewsSteps.sendPostReqManageNewsANoInputTitle()&amp#27;[0m
18:00:05.005 [main] DEBUG net.thucydides.core.steps.StepInterceptor - STARTING STEP: adminManageNewsSteps.response400ManageNewsA - I receive HTTP response code 400 manage news admin
18:00:05.006 [main] DEBUG net.thucydides.core.steps.StepInterceptor - STEP DONE: I receive HTTP response code 400 manage news admin
  &amp#27;[32mThen &amp#27;[0m&amp#27;[32mI receive HTTP response code 400 manage news admin&amp#27;[0m                    &amp#27;[90m# starter.stepdefinitions.adminManageNewsSteps.response400ManageNewsA()&amp#27;[0m
18:00:05.010 [main] INFO  - 
  _____   ___   ___   _____     ___     _     ___   ___   ___   ___  
 |_   _| | __| / __| |_   _|   | _ \   /_\   / __| / __| | __| |   \ 
   | |   | _|  \__ \   | |     |  _/  / _ \  \__ \ \__ \ | _|  | |) |
   |_|   |___| |___/   |_|     |_|   /_/ \_\ |___/ |___/ |___| |___/ 

POST - Create new news without fill title payload
----------------------------------------------------------------------
]]></system-out>
  </testcase>
  <testcase name="POST - Create new news without fill description payload" classname="Manage News Admin" time="1.012">
    <system-out><![CDATA[
Scenario: POST - Create new news without fill description payload                  &amp#27;[90m# src/test/resources/features/adminManageNews.feature:17&amp#27;[0m
18:00:05.023 [main] DEBUG io.cucumber.core.plugin.SerenityReporter - Running feature from file:///C:/Users/WINDOWS%2010/Documents/GitHub/Capstone/sociops_qe_api/src/test/resources/features/adminManageNews.feature
18:00:05.028 [main] INFO  - 
  _____   ___   ___   _____     ___   _____     _     ___   _____   ___   ___  
 |_   _| | __| / __| |_   _|   / __| |_   _|   /_\   | _ \ |_   _| | __| |   \ 
   | |   | _|  \__ \   | |     \__ \   | |    / _ \  |   /   | |   | _|  | |) |
   |_|   |___| |___/   |_|     |___/   |_|   /_/ \_\ |_|_\   |_|   |___| |___/ 

POST - Create new news without fill description payload(manage-news-admin;post---create-new-news-without-fill-description-payload)
--------------------------------------------------------------------------------
18:00:05.042 [main] DEBUG net.thucydides.core.steps.StepInterceptor - STARTING STEP: adminManageNewsSteps.setPostEpManageNews - I set POST api endpoints manage news admin
18:00:05.043 [main] DEBUG net.thucydides.core.steps.StepInterceptor - STEP DONE: I set POST api endpoints manage news admin
  &amp#27;[32mGiven &amp#27;[0m&amp#27;[32mI set POST api endpoints manage news admin&amp#27;[0m                                 &amp#27;[90m# starter.stepdefinitions.adminManageNewsSteps.setPostEpManageNews()&amp#27;[0m
18:00:05.048 [main] DEBUG net.thucydides.core.steps.StepInterceptor - STARTING STEP: adminManageNewsSteps.sendPostReqManageNewsANoInputDescription - I send POST HTTP request manage news admin without fill description payload
18:00:05.051 [main] DEBUG net.thucydides.core.steps.StepInterceptor - STARTING STEP: adminManageNews.sendPostReqManageNewsANoInputDescription - I set POST api endpoints manage news admin
18:00:05.051 [main] DEBUG net.thucydides.core.steps.StepInterceptor - STEP DONE: I set POST api endpoints manage news admin
18:00:05.073 [main] DEBUG org.apache.http.impl.conn.BasicClientConnectionManager - Get connection for route {s}->https://sociops-backend-production.up.railway.app:443
18:00:05.073 [main] DEBUG org.apache.http.impl.conn.DefaultClientConnectionOperator - Connecting to sociops-backend-production.up.railway.app:443
18:00:05.503 [main] DEBUG org.apache.http.client.protocol.RequestAddCookies - CookieSpec selected: ignoreCookies
18:00:05.503 [main] DEBUG org.apache.http.client.protocol.RequestAuthCache - Auth cache not set in the context
18:00:05.503 [main] DEBUG org.apache.http.client.protocol.RequestProxyAuthentication - Proxy auth state: UNCHALLENGED
18:00:05.503 [main] DEBUG org.apache.http.impl.client.DefaultHttpClient - Attempt 1 to execute request
18:00:05.504 [main] DEBUG org.apache.http.impl.conn.DefaultClientConnection - Sending request: POST /news HTTP/1.1
18:00:05.504 [main] DEBUG org.apache.http.wire -  >> "POST /news HTTP/1.1[\r][\n]"
18:00:05.504 [main] DEBUG org.apache.http.wire -  >> "Authorization: Bearer eyJhbGciOiJIUzI1NiIsInR5cCI6IkpXVCJ9.eyJpZCI6IjUiLCJuYW1lIjoiUGFrIEpvaG4iLCJyb2xlIjoiQURNSU4iLCJleHAiOjE2ODc3MjY5ODN9.7WfpfZfxsKIkLfL6maSf_3OEpiciuAJMsuNYpUH0i90[\r][\n]"
18:00:05.504 [main] DEBUG org.apache.http.wire -  >> "Accept: */*[\r][\n]"
18:00:05.504 [main] DEBUG org.apache.http.wire -  >> "Content-Type: application/json[\r][\n]"
18:00:05.504 [main] DEBUG org.apache.http.wire -  >> "Content-Length: 51[\r][\n]"
18:00:05.504 [main] DEBUG org.apache.http.wire -  >> "Host: sociops-backend-production.up.railway.app[\r][\n]"
18:00:05.504 [main] DEBUG org.apache.http.wire -  >> "Connection: Keep-Alive[\r][\n]"
18:00:05.504 [main] DEBUG org.apache.http.wire -  >> "User-Agent: Apache-HttpClient/4.5.13 (Java/15.0.2)[\r][\n]"
18:00:05.504 [main] DEBUG org.apache.http.wire -  >> "Accept-Encoding: gzip,deflate[\r][\n]"
18:00:05.504 [main] DEBUG org.apache.http.wire -  >> "[\r][\n]"
18:00:05.504 [main] DEBUG org.apache.http.headers - >> POST /news HTTP/1.1
18:00:05.504 [main] DEBUG org.apache.http.headers - >> Authorization: Bearer eyJhbGciOiJIUzI1NiIsInR5cCI6IkpXVCJ9.eyJpZCI6IjUiLCJuYW1lIjoiUGFrIEpvaG4iLCJyb2xlIjoiQURNSU4iLCJleHAiOjE2ODc3MjY5ODN9.7WfpfZfxsKIkLfL6maSf_3OEpiciuAJMsuNYpUH0i90
18:00:05.504 [main] DEBUG org.apache.http.headers - >> Accept: */*
18:00:05.504 [main] DEBUG org.apache.http.headers - >> Content-Type: application/json
18:00:05.504 [main] DEBUG org.apache.http.headers - >> Content-Length: 51
18:00:05.504 [main] DEBUG org.apache.http.headers - >> Host: sociops-backend-production.up.railway.app
18:00:05.504 [main] DEBUG org.apache.http.headers - >> Connection: Keep-Alive
18:00:05.504 [main] DEBUG org.apache.http.headers - >> User-Agent: Apache-HttpClient/4.5.13 (Java/15.0.2)
18:00:05.504 [main] DEBUG org.apache.http.headers - >> Accept-Encoding: gzip,deflate
18:00:05.504 [main] DEBUG org.apache.http.wire -  >> "{"description":"","title":"Seru!2 Salurkan Donasi"}"
18:00:06.018 [main] DEBUG org.apache.http.wire -  << "HTTP/1.1 400 Bad Request[\r][\n]"
18:00:06.018 [main] DEBUG org.apache.http.wire -  << "content-type: application/json; charset=UTF-8[\r][\n]"
18:00:06.019 [main] DEBUG org.apache.http.wire -  << "vary: Origin[\r][\n]"
18:00:06.019 [main] DEBUG org.apache.http.wire -  << "date: Sun, 25 Jun 2023 11:00:10 GMT[\r][\n]"
18:00:06.019 [main] DEBUG org.apache.http.wire -  << "content-length: 95[\r][\n]"
18:00:06.019 [main] DEBUG org.apache.http.wire -  << "server: railway[\r][\n]"
18:00:06.019 [main] DEBUG org.apache.http.wire -  << "[\r][\n]"
18:00:06.019 [main] DEBUG org.apache.http.impl.conn.DefaultClientConnection - Receiving response: HTTP/1.1 400 Bad Request
18:00:06.019 [main] DEBUG org.apache.http.headers - << HTTP/1.1 400 Bad Request
18:00:06.019 [main] DEBUG org.apache.http.headers - << content-type: application/json; charset=UTF-8
18:00:06.019 [main] DEBUG org.apache.http.headers - << vary: Origin
18:00:06.019 [main] DEBUG org.apache.http.headers - << date: Sun, 25 Jun 2023 11:00:10 GMT
18:00:06.019 [main] DEBUG org.apache.http.headers - << content-length: 95
18:00:06.019 [main] DEBUG org.apache.http.headers - << server: railway
18:00:06.019 [main] DEBUG org.apache.http.impl.client.DefaultHttpClient - Connection can be kept alive indefinitely
18:00:06.019 [main] DEBUG io.restassured.internal.RestAssuredHttpBuilder - Parsing response as: application/json; charset=UTF-8
18:00:06.019 [main] DEBUG io.restassured.internal.RestAssuredHttpBuilder - Parsed data to instance of: class org.apache.http.conn.EofSensorInputStream
18:00:06.020 [main] DEBUG org.apache.http.wire -  << "{"data":["Description is a required field"],"message":"ERROR_INPUT_VALIDATION","status":false}[\n]"
18:00:06.020 [main] DEBUG org.apache.http.impl.conn.BasicClientConnectionManager - Releasing connection org.apache.http.impl.conn.ManagedClientConnectionImpl@23e9dd78
18:00:06.020 [main] DEBUG org.apache.http.impl.conn.BasicClientConnectionManager - Connection can be kept alive indefinitely
18:00:06.021 [main] DEBUG net.thucydides.core.steps.StepInterceptor - STEP DONE: I send POST HTTP request manage news admin without fill description payload
  &amp#27;[32mWhen &amp#27;[0m&amp#27;[32mI send POST HTTP request manage news admin without fill description payload&amp#27;[0m &amp#27;[90m# starter.stepdefinitions.adminManageNewsSteps.sendPostReqManageNewsANoInputDescription()&amp#27;[0m
18:00:06.024 [main] DEBUG net.thucydides.core.steps.StepInterceptor - STARTING STEP: adminManageNewsSteps.response400ManageNewsA - I receive HTTP response code 400 manage news admin
18:00:06.024 [main] DEBUG net.thucydides.core.steps.StepInterceptor - STEP DONE: I receive HTTP response code 400 manage news admin
  &amp#27;[32mThen &amp#27;[0m&amp#27;[32mI receive HTTP response code 400 manage news admin&amp#27;[0m                          &amp#27;[90m# starter.stepdefinitions.adminManageNewsSteps.response400ManageNewsA()&amp#27;[0m
18:00:06.027 [main] INFO  - 
  _____   ___   ___   _____     ___     _     ___   ___   ___   ___  
 |_   _| | __| / __| |_   _|   | _ \   /_\   / __| / __| | __| |   \ 
   | |   | _|  \__ \   | |     |  _/  / _ \  \__ \ \__ \ | _|  | |) |
   |_|   |___| |___/   |_|     |_|   /_/ \_\ |___/ |___/ |___| |___/ 

POST - Create new news without fill description payload
----------------------------------------------------------------------
]]></system-out>
  </testcase>
  <testcase name="POST - Create new news only fill 1 char in title payload" classname="Manage News Admin" time="0.972">
    <system-out><![CDATA[
Scenario: POST - Create new news only fill 1 char in title payload                  &amp#27;[90m# src/test/resources/features/adminManageNews.feature:22&amp#27;[0m
18:00:06.032 [main] DEBUG io.cucumber.core.plugin.SerenityReporter - Running feature from file:///C:/Users/WINDOWS%2010/Documents/GitHub/Capstone/sociops_qe_api/src/test/resources/features/adminManageNews.feature
18:00:06.036 [main] INFO  - 
  _____   ___   ___   _____     ___   _____     _     ___   _____   ___   ___  
 |_   _| | __| / __| |_   _|   / __| |_   _|   /_\   | _ \ |_   _| | __| |   \ 
   | |   | _|  \__ \   | |     \__ \   | |    / _ \  |   /   | |   | _|  | |) |
   |_|   |___| |___/   |_|     |___/   |_|   /_/ \_\ |_|_\   |_|   |___| |___/ 

POST - Create new news only fill 1 char in title payload(manage-news-admin;post---create-new-news-only-fill-1-char-in-title-payload)
--------------------------------------------------------------------------------
18:00:06.048 [main] DEBUG net.thucydides.core.steps.StepInterceptor - STARTING STEP: adminManageNewsSteps.setPostEpManageNews - I set POST api endpoints manage news admin
18:00:06.048 [main] DEBUG net.thucydides.core.steps.StepInterceptor - STEP DONE: I set POST api endpoints manage news admin
  &amp#27;[32mGiven &amp#27;[0m&amp#27;[32mI set POST api endpoints manage news admin&amp#27;[0m                                  &amp#27;[90m# starter.stepdefinitions.adminManageNewsSteps.setPostEpManageNews()&amp#27;[0m
18:00:06.051 [main] DEBUG net.thucydides.core.steps.StepInterceptor - STARTING STEP: adminManageNewsSteps.sendPostReqManageNewsA1CharTitle - I send POST HTTP request manage news admin only fill 1 char in title payload
18:00:06.053 [main] DEBUG net.thucydides.core.steps.StepInterceptor - STARTING STEP: adminManageNews.sendPostReqManageNewsA1CharTitle - I set POST api endpoints manage news admin
18:00:06.053 [main] DEBUG net.thucydides.core.steps.StepInterceptor - STEP DONE: I set POST api endpoints manage news admin
18:00:06.067 [main] DEBUG org.apache.http.impl.conn.BasicClientConnectionManager - Get connection for route {s}->https://sociops-backend-production.up.railway.app:443
18:00:06.068 [main] DEBUG org.apache.http.impl.conn.DefaultClientConnectionOperator - Connecting to sociops-backend-production.up.railway.app:443
18:00:06.478 [main] DEBUG org.apache.http.client.protocol.RequestAddCookies - CookieSpec selected: ignoreCookies
18:00:06.478 [main] DEBUG org.apache.http.client.protocol.RequestAuthCache - Auth cache not set in the context
18:00:06.478 [main] DEBUG org.apache.http.client.protocol.RequestProxyAuthentication - Proxy auth state: UNCHALLENGED
18:00:06.478 [main] DEBUG org.apache.http.impl.client.DefaultHttpClient - Attempt 1 to execute request
18:00:06.478 [main] DEBUG org.apache.http.impl.conn.DefaultClientConnection - Sending request: POST /news HTTP/1.1
18:00:06.478 [main] DEBUG org.apache.http.wire -  >> "POST /news HTTP/1.1[\r][\n]"
18:00:06.478 [main] DEBUG org.apache.http.wire -  >> "Authorization: Bearer eyJhbGciOiJIUzI1NiIsInR5cCI6IkpXVCJ9.eyJpZCI6IjUiLCJuYW1lIjoiUGFrIEpvaG4iLCJyb2xlIjoiQURNSU4iLCJleHAiOjE2ODc3MjY5ODN9.7WfpfZfxsKIkLfL6maSf_3OEpiciuAJMsuNYpUH0i90[\r][\n]"
18:00:06.478 [main] DEBUG org.apache.http.wire -  >> "Accept: */*[\r][\n]"
18:00:06.479 [main] DEBUG org.apache.http.wire -  >> "Content-Type: application/json[\r][\n]"
18:00:06.479 [main] DEBUG org.apache.http.wire -  >> "Content-Length: 88[\r][\n]"
18:00:06.479 [main] DEBUG org.apache.http.wire -  >> "Host: sociops-backend-production.up.railway.app[\r][\n]"
18:00:06.479 [main] DEBUG org.apache.http.wire -  >> "Connection: Keep-Alive[\r][\n]"
18:00:06.479 [main] DEBUG org.apache.http.wire -  >> "User-Agent: Apache-HttpClient/4.5.13 (Java/15.0.2)[\r][\n]"
18:00:06.479 [main] DEBUG org.apache.http.wire -  >> "Accept-Encoding: gzip,deflate[\r][\n]"
18:00:06.479 [main] DEBUG org.apache.http.wire -  >> "[\r][\n]"
18:00:06.479 [main] DEBUG org.apache.http.headers - >> POST /news HTTP/1.1
18:00:06.479 [main] DEBUG org.apache.http.headers - >> Authorization: Bearer eyJhbGciOiJIUzI1NiIsInR5cCI6IkpXVCJ9.eyJpZCI6IjUiLCJuYW1lIjoiUGFrIEpvaG4iLCJyb2xlIjoiQURNSU4iLCJleHAiOjE2ODc3MjY5ODN9.7WfpfZfxsKIkLfL6maSf_3OEpiciuAJMsuNYpUH0i90
18:00:06.479 [main] DEBUG org.apache.http.headers - >> Accept: */*
18:00:06.479 [main] DEBUG org.apache.http.headers - >> Content-Type: application/json
18:00:06.479 [main] DEBUG org.apache.http.headers - >> Content-Length: 88
18:00:06.479 [main] DEBUG org.apache.http.headers - >> Host: sociops-backend-production.up.railway.app
18:00:06.479 [main] DEBUG org.apache.http.headers - >> Connection: Keep-Alive
18:00:06.479 [main] DEBUG org.apache.http.headers - >> User-Agent: Apache-HttpClient/4.5.13 (Java/15.0.2)
18:00:06.479 [main] DEBUG org.apache.http.headers - >> Accept-Encoding: gzip,deflate
18:00:06.479 [main] DEBUG org.apache.http.wire -  >> "{"description":"andira2 - Proin et euismod diam. Duis fermentum felis nisi","title":" "}"
18:00:06.991 [main] DEBUG org.apache.http.wire -  << "HTTP/1.1 400 Bad Request[\r][\n]"
18:00:06.991 [main] DEBUG org.apache.http.wire -  << "content-type: application/json; charset=UTF-8[\r][\n]"
18:00:06.991 [main] DEBUG org.apache.http.wire -  << "vary: Origin[\r][\n]"
18:00:06.991 [main] DEBUG org.apache.http.wire -  << "date: Sun, 25 Jun 2023 11:00:11 GMT[\r][\n]"
18:00:06.992 [main] DEBUG org.apache.http.wire -  << "content-length: 89[\r][\n]"
18:00:06.992 [main] DEBUG org.apache.http.wire -  << "server: railway[\r][\n]"
18:00:06.992 [main] DEBUG org.apache.http.wire -  << "[\r][\n]"
18:00:06.992 [main] DEBUG org.apache.http.impl.conn.DefaultClientConnection - Receiving response: HTTP/1.1 400 Bad Request
18:00:06.992 [main] DEBUG org.apache.http.headers - << HTTP/1.1 400 Bad Request
18:00:06.992 [main] DEBUG org.apache.http.headers - << content-type: application/json; charset=UTF-8
18:00:06.992 [main] DEBUG org.apache.http.headers - << vary: Origin
18:00:06.992 [main] DEBUG org.apache.http.headers - << date: Sun, 25 Jun 2023 11:00:11 GMT
18:00:06.992 [main] DEBUG org.apache.http.headers - << content-length: 89
18:00:06.992 [main] DEBUG org.apache.http.headers - << server: railway
18:00:06.992 [main] DEBUG org.apache.http.impl.client.DefaultHttpClient - Connection can be kept alive indefinitely
18:00:06.992 [main] DEBUG io.restassured.internal.RestAssuredHttpBuilder - Parsing response as: application/json; charset=UTF-8
18:00:06.992 [main] DEBUG io.restassured.internal.RestAssuredHttpBuilder - Parsed data to instance of: class org.apache.http.conn.EofSensorInputStream
18:00:06.993 [main] DEBUG org.apache.http.wire -  << "{"data":["Title is a required field"],"message":"ERROR_INPUT_VALIDATION","status":false}[\n]"
18:00:06.993 [main] DEBUG org.apache.http.impl.conn.BasicClientConnectionManager - Releasing connection org.apache.http.impl.conn.ManagedClientConnectionImpl@6fc7e828
18:00:06.993 [main] DEBUG org.apache.http.impl.conn.BasicClientConnectionManager - Connection can be kept alive indefinitely
18:00:06.994 [main] DEBUG net.thucydides.core.steps.StepInterceptor - STEP DONE: I send POST HTTP request manage news admin only fill 1 char in title payload
  &amp#27;[32mWhen &amp#27;[0m&amp#27;[32mI send POST HTTP request manage news admin only fill 1 char in title payload&amp#27;[0m &amp#27;[90m# starter.stepdefinitions.adminManageNewsSteps.sendPostReqManageNewsA1CharTitle()&amp#27;[0m
18:00:06.997 [main] DEBUG net.thucydides.core.steps.StepInterceptor - STARTING STEP: adminManageNewsSteps.response400ManageNewsA - I receive HTTP response code 400 manage news admin
18:00:06.997 [main] DEBUG net.thucydides.core.steps.StepInterceptor - STEP DONE: I receive HTTP response code 400 manage news admin
  &amp#27;[32mThen &amp#27;[0m&amp#27;[32mI receive HTTP response code 400 manage news admin&amp#27;[0m                           &amp#27;[90m# starter.stepdefinitions.adminManageNewsSteps.response400ManageNewsA()&amp#27;[0m
18:00:06.999 [main] INFO  - 
  _____   ___   ___   _____     ___     _     ___   ___   ___   ___  
 |_   _| | __| / __| |_   _|   | _ \   /_\   / __| / __| | __| |   \ 
   | |   | _|  \__ \   | |     |  _/  / _ \  \__ \ \__ \ | _|  | |) |
   |_|   |___| |___/   |_|     |_|   /_/ \_\ |___/ |___/ |___| |___/ 

POST - Create new news only fill 1 char in title payload
----------------------------------------------------------------------
]]></system-out>
  </testcase>
  <testcase name="POST - Create new news only fill 1 char in description payload" classname="Manage News Admin" time="0.97">
    <system-out><![CDATA[
Scenario: POST - Create new news only fill 1 char in description payload                  &amp#27;[90m# src/test/resources/features/adminManageNews.feature:27&amp#27;[0m
18:00:07.004 [main] DEBUG io.cucumber.core.plugin.SerenityReporter - Running feature from file:///C:/Users/WINDOWS%2010/Documents/GitHub/Capstone/sociops_qe_api/src/test/resources/features/adminManageNews.feature
18:00:07.007 [main] INFO  - 
  _____   ___   ___   _____     ___   _____     _     ___   _____   ___   ___  
 |_   _| | __| / __| |_   _|   / __| |_   _|   /_\   | _ \ |_   _| | __| |   \ 
   | |   | _|  \__ \   | |     \__ \   | |    / _ \  |   /   | |   | _|  | |) |
   |_|   |___| |___/   |_|     |___/   |_|   /_/ \_\ |_|_\   |_|   |___| |___/ 

POST - Create new news only fill 1 char in description payload(manage-news-admin;post---create-new-news-only-fill-1-char-in-description-payload)
--------------------------------------------------------------------------------
18:00:07.016 [main] DEBUG net.thucydides.core.steps.StepInterceptor - STARTING STEP: adminManageNewsSteps.setPostEpManageNews - I set POST api endpoints manage news admin
18:00:07.017 [main] DEBUG net.thucydides.core.steps.StepInterceptor - STEP DONE: I set POST api endpoints manage news admin
  &amp#27;[32mGiven &amp#27;[0m&amp#27;[32mI set POST api endpoints manage news admin&amp#27;[0m                                        &amp#27;[90m# starter.stepdefinitions.adminManageNewsSteps.setPostEpManageNews()&amp#27;[0m
18:00:07.019 [main] DEBUG net.thucydides.core.steps.StepInterceptor - STARTING STEP: adminManageNewsSteps.sendPostReqManageNewsA1CharDescription - I send POST HTTP request manage news admin only fill 1 char in description payload
18:00:07.021 [main] DEBUG net.thucydides.core.steps.StepInterceptor - STARTING STEP: adminManageNews.sendPostReqManageNewsA1CharDescription - I set POST api endpoints manage news admin
18:00:07.021 [main] DEBUG net.thucydides.core.steps.StepInterceptor - STEP DONE: I set POST api endpoints manage news admin
18:00:07.030 [main] DEBUG org.apache.http.impl.conn.BasicClientConnectionManager - Get connection for route {s}->https://sociops-backend-production.up.railway.app:443
18:00:07.030 [main] DEBUG org.apache.http.impl.conn.DefaultClientConnectionOperator - Connecting to sociops-backend-production.up.railway.app:443
18:00:07.447 [main] DEBUG org.apache.http.client.protocol.RequestAddCookies - CookieSpec selected: ignoreCookies
18:00:07.447 [main] DEBUG org.apache.http.client.protocol.RequestAuthCache - Auth cache not set in the context
18:00:07.447 [main] DEBUG org.apache.http.client.protocol.RequestProxyAuthentication - Proxy auth state: UNCHALLENGED
18:00:07.447 [main] DEBUG org.apache.http.impl.client.DefaultHttpClient - Attempt 1 to execute request
18:00:07.447 [main] DEBUG org.apache.http.impl.conn.DefaultClientConnection - Sending request: POST /news HTTP/1.1
18:00:07.447 [main] DEBUG org.apache.http.wire -  >> "POST /news HTTP/1.1[\r][\n]"
18:00:07.447 [main] DEBUG org.apache.http.wire -  >> "Authorization: Bearer eyJhbGciOiJIUzI1NiIsInR5cCI6IkpXVCJ9.eyJpZCI6IjUiLCJuYW1lIjoiUGFrIEpvaG4iLCJyb2xlIjoiQURNSU4iLCJleHAiOjE2ODc3MjY5ODN9.7WfpfZfxsKIkLfL6maSf_3OEpiciuAJMsuNYpUH0i90[\r][\n]"
18:00:07.447 [main] DEBUG org.apache.http.wire -  >> "Accept: */*[\r][\n]"
18:00:07.447 [main] DEBUG org.apache.http.wire -  >> "Content-Type: application/json[\r][\n]"
18:00:07.447 [main] DEBUG org.apache.http.wire -  >> "Content-Length: 52[\r][\n]"
18:00:07.447 [main] DEBUG org.apache.http.wire -  >> "Host: sociops-backend-production.up.railway.app[\r][\n]"
18:00:07.447 [main] DEBUG org.apache.http.wire -  >> "Connection: Keep-Alive[\r][\n]"
18:00:07.447 [main] DEBUG org.apache.http.wire -  >> "User-Agent: Apache-HttpClient/4.5.13 (Java/15.0.2)[\r][\n]"
18:00:07.447 [main] DEBUG org.apache.http.wire -  >> "Accept-Encoding: gzip,deflate[\r][\n]"
18:00:07.447 [main] DEBUG org.apache.http.wire -  >> "[\r][\n]"
18:00:07.447 [main] DEBUG org.apache.http.headers - >> POST /news HTTP/1.1
18:00:07.447 [main] DEBUG org.apache.http.headers - >> Authorization: Bearer eyJhbGciOiJIUzI1NiIsInR5cCI6IkpXVCJ9.eyJpZCI6IjUiLCJuYW1lIjoiUGFrIEpvaG4iLCJyb2xlIjoiQURNSU4iLCJleHAiOjE2ODc3MjY5ODN9.7WfpfZfxsKIkLfL6maSf_3OEpiciuAJMsuNYpUH0i90
18:00:07.447 [main] DEBUG org.apache.http.headers - >> Accept: */*
18:00:07.448 [main] DEBUG org.apache.http.headers - >> Content-Type: application/json
18:00:07.448 [main] DEBUG org.apache.http.headers - >> Content-Length: 52
18:00:07.448 [main] DEBUG org.apache.http.headers - >> Host: sociops-backend-production.up.railway.app
18:00:07.448 [main] DEBUG org.apache.http.headers - >> Connection: Keep-Alive
18:00:07.448 [main] DEBUG org.apache.http.headers - >> User-Agent: Apache-HttpClient/4.5.13 (Java/15.0.2)
18:00:07.448 [main] DEBUG org.apache.http.headers - >> Accept-Encoding: gzip,deflate
18:00:07.448 [main] DEBUG org.apache.http.wire -  >> "{"description":" ","title":"Seru!2 Salurkan Donasi"}"
18:00:07.961 [main] DEBUG org.apache.http.wire -  << "HTTP/1.1 400 Bad Request[\r][\n]"
18:00:07.961 [main] DEBUG org.apache.http.wire -  << "content-type: application/json; charset=UTF-8[\r][\n]"
18:00:07.961 [main] DEBUG org.apache.http.wire -  << "vary: Origin[\r][\n]"
18:00:07.961 [main] DEBUG org.apache.http.wire -  << "date: Sun, 25 Jun 2023 11:00:12 GMT[\r][\n]"
18:00:07.962 [main] DEBUG org.apache.http.wire -  << "content-length: 95[\r][\n]"
18:00:07.962 [main] DEBUG org.apache.http.wire -  << "server: railway[\r][\n]"
18:00:07.962 [main] DEBUG org.apache.http.wire -  << "[\r][\n]"
18:00:07.962 [main] DEBUG org.apache.http.impl.conn.DefaultClientConnection - Receiving response: HTTP/1.1 400 Bad Request
18:00:07.962 [main] DEBUG org.apache.http.headers - << HTTP/1.1 400 Bad Request
18:00:07.962 [main] DEBUG org.apache.http.headers - << content-type: application/json; charset=UTF-8
18:00:07.962 [main] DEBUG org.apache.http.headers - << vary: Origin
18:00:07.962 [main] DEBUG org.apache.http.headers - << date: Sun, 25 Jun 2023 11:00:12 GMT
18:00:07.962 [main] DEBUG org.apache.http.headers - << content-length: 95
18:00:07.962 [main] DEBUG org.apache.http.headers - << server: railway
18:00:07.962 [main] DEBUG org.apache.http.impl.client.DefaultHttpClient - Connection can be kept alive indefinitely
18:00:07.962 [main] DEBUG io.restassured.internal.RestAssuredHttpBuilder - Parsing response as: application/json; charset=UTF-8
18:00:07.962 [main] DEBUG io.restassured.internal.RestAssuredHttpBuilder - Parsed data to instance of: class org.apache.http.conn.EofSensorInputStream
18:00:07.963 [main] DEBUG org.apache.http.wire -  << "{"data":["Description is a required field"],"message":"ERROR_INPUT_VALIDATION","status":false}[\n]"
18:00:07.963 [main] DEBUG org.apache.http.impl.conn.BasicClientConnectionManager - Releasing connection org.apache.http.impl.conn.ManagedClientConnectionImpl@4c79ca55
18:00:07.963 [main] DEBUG org.apache.http.impl.conn.BasicClientConnectionManager - Connection can be kept alive indefinitely
18:00:07.964 [main] DEBUG net.thucydides.core.steps.StepInterceptor - STEP DONE: I send POST HTTP request manage news admin only fill 1 char in description payload
  &amp#27;[32mWhen &amp#27;[0m&amp#27;[32mI send POST HTTP request manage news admin only fill 1 char in description payload&amp#27;[0m &amp#27;[90m# starter.stepdefinitions.adminManageNewsSteps.sendPostReqManageNewsA1CharDescription()&amp#27;[0m
18:00:07.967 [main] DEBUG net.thucydides.core.steps.StepInterceptor - STARTING STEP: adminManageNewsSteps.response400ManageNewsA - I receive HTTP response code 400 manage news admin
18:00:07.967 [main] DEBUG net.thucydides.core.steps.StepInterceptor - STEP DONE: I receive HTTP response code 400 manage news admin
  &amp#27;[32mThen &amp#27;[0m&amp#27;[32mI receive HTTP response code 400 manage news admin&amp#27;[0m                                 &amp#27;[90m# starter.stepdefinitions.adminManageNewsSteps.response400ManageNewsA()&amp#27;[0m
18:00:07.969 [main] INFO  - 
  _____   ___   ___   _____     ___     _     ___   ___   ___   ___  
 |_   _| | __| / __| |_   _|   | _ \   /_\   / __| / __| | __| |   \ 
   | |   | _|  \__ \   | |     |  _/  / _ \  \__ \ \__ \ | _|  | |) |
   |_|   |___| |___/   |_|     |_|   /_/ \_\ |___/ |___/ |___| |___/ 

POST - Create new news only fill 1 char in description payload
----------------------------------------------------------------------
]]></system-out>
  </testcase>
  <testcase name="GET - All news" classname="Manage News Admin" time="5.076">
    <system-out><![CDATA[
Scenario: GET - All news                                  &amp#27;[90m# src/test/resources/features/adminManageNews.feature:32&amp#27;[0m
18:00:07.974 [main] DEBUG io.cucumber.core.plugin.SerenityReporter - Running feature from file:///C:/Users/WINDOWS%2010/Documents/GitHub/Capstone/sociops_qe_api/src/test/resources/features/adminManageNews.feature
18:00:07.978 [main] INFO  - 
  _____   ___   ___   _____     ___   _____     _     ___   _____   ___   ___  
 |_   _| | __| / __| |_   _|   / __| |_   _|   /_\   | _ \ |_   _| | __| |   \ 
   | |   | _|  \__ \   | |     \__ \   | |    / _ \  |   /   | |   | _|  | |) |
   |_|   |___| |___/   |_|     |___/   |_|   /_/ \_\ |_|_\   |_|   |___| |___/ 

GET - All news(manage-news-admin;get---all-news)
--------------------------------------------------------------------------------
18:00:07.987 [main] DEBUG net.thucydides.core.steps.StepInterceptor - STARTING STEP: adminManageNewsSteps.setGetEpAllNews - I set GET api endpoints all news
18:00:07.987 [main] DEBUG net.thucydides.core.steps.StepInterceptor - STEP DONE: I set GET api endpoints all news
  &amp#27;[32mGiven &amp#27;[0m&amp#27;[32mI set GET api endpoints all news&amp#27;[0m                  &amp#27;[90m# starter.stepdefinitions.adminManageNewsSteps.setGetEpAllNews()&amp#27;[0m
18:00:07.991 [main] DEBUG net.thucydides.core.steps.StepInterceptor - STARTING STEP: adminManageNewsSteps.sendGetReqAllNews - I send GET HTTP request all news
18:00:07.992 [main] DEBUG net.thucydides.core.steps.StepInterceptor - STARTING STEP: adminManageNews.sendGetReqAllNews - I set GET api endpoints all news
18:00:07.992 [main] DEBUG net.thucydides.core.steps.StepInterceptor - STEP DONE: I set GET api endpoints all news
18:00:08.030 [main] DEBUG org.apache.http.impl.conn.BasicClientConnectionManager - Get connection for route {s}->https://sociops-backend-production.up.railway.app:443
18:00:08.030 [main] DEBUG org.apache.http.impl.conn.DefaultClientConnectionOperator - Connecting to sociops-backend-production.up.railway.app:443
18:00:08.241 [Finalizer] DEBUG org.apache.http.impl.conn.DefaultClientConnection - Connection 0.0.0.0:50947<->104.196.232.237:443 closed
18:00:08.242 [Finalizer] DEBUG org.apache.http.impl.conn.DefaultClientConnection - Connection 0.0.0.0:50943<->104.196.232.237:443 closed
18:00:08.242 [Finalizer] DEBUG org.apache.http.impl.conn.DefaultClientConnection - Connection 0.0.0.0:50945<->104.196.232.237:443 closed
18:00:08.451 [main] DEBUG org.apache.http.client.protocol.RequestAddCookies - CookieSpec selected: ignoreCookies
18:00:08.451 [main] DEBUG org.apache.http.client.protocol.RequestAuthCache - Auth cache not set in the context
18:00:08.451 [main] DEBUG org.apache.http.client.protocol.RequestProxyAuthentication - Proxy auth state: UNCHALLENGED
18:00:08.451 [main] DEBUG org.apache.http.impl.client.DefaultHttpClient - Attempt 1 to execute request
18:00:08.451 [main] DEBUG org.apache.http.impl.conn.DefaultClientConnection - Sending request: GET /news?page=1 HTTP/1.1
18:00:08.451 [main] DEBUG org.apache.http.wire -  >> "GET /news?page=1 HTTP/1.1[\r][\n]"
18:00:08.451 [main] DEBUG org.apache.http.wire -  >> "Authorization: Bearer eyJhbGciOiJIUzI1NiIsInR5cCI6IkpXVCJ9.eyJpZCI6IjUiLCJuYW1lIjoiUGFrIEpvaG4iLCJyb2xlIjoiQURNSU4iLCJleHAiOjE2ODc3MjY5ODN9.7WfpfZfxsKIkLfL6maSf_3OEpiciuAJMsuNYpUH0i90[\r][\n]"
18:00:08.451 [main] DEBUG org.apache.http.wire -  >> "Accept: */*[\r][\n]"
18:00:08.451 [main] DEBUG org.apache.http.wire -  >> "Host: sociops-backend-production.up.railway.app[\r][\n]"
18:00:08.451 [main] DEBUG org.apache.http.wire -  >> "Connection: Keep-Alive[\r][\n]"
18:00:08.451 [main] DEBUG org.apache.http.wire -  >> "User-Agent: Apache-HttpClient/4.5.13 (Java/15.0.2)[\r][\n]"
18:00:08.451 [main] DEBUG org.apache.http.wire -  >> "Accept-Encoding: gzip,deflate[\r][\n]"
18:00:08.451 [main] DEBUG org.apache.http.wire -  >> "[\r][\n]"
18:00:08.451 [main] DEBUG org.apache.http.headers - >> GET /news?page=1 HTTP/1.1
18:00:08.451 [main] DEBUG org.apache.http.headers - >> Authorization: Bearer eyJhbGciOiJIUzI1NiIsInR5cCI6IkpXVCJ9.eyJpZCI6IjUiLCJuYW1lIjoiUGFrIEpvaG4iLCJyb2xlIjoiQURNSU4iLCJleHAiOjE2ODc3MjY5ODN9.7WfpfZfxsKIkLfL6maSf_3OEpiciuAJMsuNYpUH0i90
18:00:08.451 [main] DEBUG org.apache.http.headers - >> Accept: */*
18:00:08.451 [main] DEBUG org.apache.http.headers - >> Host: sociops-backend-production.up.railway.app
18:00:08.451 [main] DEBUG org.apache.http.headers - >> Connection: Keep-Alive
18:00:08.451 [main] DEBUG org.apache.http.headers - >> User-Agent: Apache-HttpClient/4.5.13 (Java/15.0.2)
18:00:08.451 [main] DEBUG org.apache.http.headers - >> Accept-Encoding: gzip,deflate
18:00:13.013 [main] DEBUG org.apache.http.wire -  << "HTTP/1.1 200 OK[\r][\n]"
18:00:13.013 [main] DEBUG org.apache.http.wire -  << "content-type: application/json; charset=UTF-8[\r][\n]"
18:00:13.013 [main] DEBUG org.apache.http.wire -  << "vary: Origin[\r][\n]"
18:00:13.013 [main] DEBUG org.apache.http.wire -  << "date: Sun, 25 Jun 2023 11:00:16 GMT[\r][\n]"
18:00:13.013 [main] DEBUG org.apache.http.wire -  << "server: railway[\r][\n]"
18:00:13.013 [main] DEBUG org.apache.http.wire -  << "transfer-encoding: chunked[\r][\n]"
18:00:13.013 [main] DEBUG org.apache.http.wire -  << "[\r][\n]"
18:00:13.013 [main] DEBUG org.apache.http.impl.conn.DefaultClientConnection - Receiving response: HTTP/1.1 200 OK
18:00:13.013 [main] DEBUG org.apache.http.headers - << HTTP/1.1 200 OK
18:00:13.013 [main] DEBUG org.apache.http.headers - << content-type: application/json; charset=UTF-8
18:00:13.013 [main] DEBUG org.apache.http.headers - << vary: Origin
18:00:13.013 [main] DEBUG org.apache.http.headers - << date: Sun, 25 Jun 2023 11:00:16 GMT
18:00:13.013 [main] DEBUG org.apache.http.headers - << server: railway
18:00:13.013 [main] DEBUG org.apache.http.headers - << transfer-encoding: chunked
18:00:13.014 [main] DEBUG org.apache.http.impl.client.DefaultHttpClient - Connection can be kept alive indefinitely
18:00:13.014 [main] DEBUG io.restassured.internal.RestAssuredHttpBuilder - Parsing response as: application/json; charset=UTF-8
18:00:13.014 [main] DEBUG io.restassured.internal.RestAssuredHttpBuilder - Parsed data to instance of: class org.apache.http.conn.EofSensorInputStream
18:00:13.015 [main] DEBUG org.apache.http.wire -  << "35e9[\r][\n]"
18:00:13.016 [main] DEBUG org.apache.http.wire -  << "{"data":[{"author":"Nailul Izah","category_id":1,"category_name":"Pendidikan","created_at":"2023-06-03T00:12:13.532Z","description":"Pendidikan merupakan fondasi utama dalam membangun generasi pemimpin yang berkualitas. Dalam era inovasi dan perkembangan teknologi, inovasi dalam pendidikan menjadi kunci untuk mempersiapkan generasi muda menghadapi tantangan masa depan. Pada seminar yang diadakan hari ini, para ahli pendidikan dan pemangku kepentingan terkait berkumpul untuk membahas inovasi dalam pendidikan. Mereka mendiskusikan penerapan teknologi di kelas, pengembangan kurikulum yang relevan, dan metode pembelajaran yang lebih interaktif. Dr. Sarah Johnson, seorang pakar pendidikan terkemuka, menyatakan, 'Inovasi dalam pendidikan memungkinkan kita untuk menciptakan lingkungan belajar yang memotivasi dan menantang. Dengan mengintegrasikan teknologi, seperti pembelajaran online dan penggunaan perangkat pintar, kita dapat meningkatkan aksesibilitas dan kualitas pendidikan. Pendidikan STEM (Sains, Teknologi, Rekayasa, dan Matematika) juga menjadi sorotan dalam diskusi tersebut. Para peserta sepakat bahwa pendidikan STEM yang kuat merupakan fondasi penting dalam mengembangkan kemampuan berpikir kritis, kreativitas, dan kemampuan problem solving pada siswa. Selain itu, penting juga untuk memperhatikan inklusi pendidikan, di mana semua anak memiliki kesempatan yang sama untuk belajar dan berkembang. Dengan menyediakan pendidikan yang inklusif dan merangkul keberagaman, kita dapat menciptakan masyarakat yang lebih adil dan berkelanjutan. Sebagai masyarakat, kita perlu mendorong inovasi dalam pendidikan dan bekerja sama dengan pemerintah dan lembaga terkait untuk meningkatkan kualitas pendidikan. Dengan memberikan pendidikan yang berkualitas kepada generasi muda, kita dapat membantu menciptakan masa depan yang cerah dan penuh potensi.","id":1,"photo_url":"https://sociops-backend-production.up.railway.app/asset/33","title":"Pemimpin Masa Depan","updated_at":"2023-06-03T00:12:13.532Z"},{"author":"Nailul Izah","category_id":2,"category_name":"Lingkungan","created_at":"2023-06-07T00:14:35.477Z","description":"Lingkungan alam kita menghadapi tantangan serius, termasuk perubahan iklim, kehilangan keanekaragaman hayati, dan polusi. Untuk melindungi dan melestarikan lingkungan, inovasi menjadi kunci dalam membangun solusi yang efektif. Dalam konferensi internasional yang diadakan hari ini, para ahli lingkungan, perwakilan pemerintah, dan komunitas peduli lingkungan berkumpul untuk berbagi penemuan terbaru dan memperkuat upaya konservasi. Mereka membahas tentang penggunaan energi terbarukan, pengurangan limbah plastik, dan restorasi ekosistem. Dr. Maria Hernandez, seorang ahli lingkungan terkemuka, menyampaikan, 'Inovasi dalam lingkungan dapat membantu mengurangi dampak negatif yang ditimbulkan oleh aktivitas manusia. Dengan menerapkan teknologi hijau dan mengadopsi praktik ramah lingkungan, kita dapat mencapai keberlanjutan lingkungan untuk masa depan. Pentingnya pendidikan dan kesadaran lingkungan juga menjadi sorotan dalam konferensi ini. Para peserta sepakat bahwa edukasi tentang pentingnya menjaga lingkungan harus dimulai sejak dini di sekolah dan melibatkan komunitas. Dengan meningkatkan pemahaman dan tindakan sadar terhadap lingkungan, kita dapat menciptakan perubahan positif. Selain itu, kolaborasi antara sektor publik dan swasta juga ditekankan. Kerjasama dalam mengembangkan solusi inovatif, seperti teknologi daur ulang dan pengelolaan air yang efisien, dapat membawa dampak yang signifikan dalam menjaga keberlanjutan lingkungan. Sebagai masyarakat, kita memiliki tanggung jawab untuk mendukung inovasi dalam lingkungan dan mengadopsi gaya hidup yang ramah lingkungan. Dengan upaya bersama, kita dapat menjaga keindahan alam dan memberikan warisan yang berkelanjutan kepada generasi mendatang.","id":2,"photo_url":"https://sociops-backend-production.up.railway.app/asset/34","title":"Memperkuat Konservasi","updated_at":"2023-06-07T00:14:35.477Z"},{"author":"Nailul Izah","category_id":3,"category_name":"Sosial","created_at":"2023-06-08T00:15:31.302Z","description":"Ketimpangan sosial, kemiskinan, dan masalah sosial lainnya merupakan tantangan yang perlu diatasi dalam membangun masyarakat yang lebih adil dan inklusif. Melalui inovasi sosial, kita dapat menciptakan perubahan positif yang signifikan. Dalam forum inovasi sosial yang diadakan hari ini, para ahli sosial, organisasi non-pemerintah, dan komunitas berbagi gagasan dan praktik terbaik dalam meningkatkan keberdayaan masyarakat. Mereka membahas topik seperti pengembangan ekonomi inklusif, pendidikan keterampilan, dan pemberdayaan perempuan. Dr. Muhammad Rahman, seorang pakar sosial terkemuka, mengungkapkan, 'Inovasi sosial berfokus pada menciptakan solusi yang berkelanjutan untuk masalah sosial kompleks. Dengan melibatkan masyarakat dalam perencanaan dan pelaksanaan program, kita dapat membangun keberdayaan dan solidaritas yang memungkinkan kemajuan bersama. Selain itu, teknologi juga memiliki peran penting dalam inovasi sosial. Pemanfaatan teknologi informasi dan komunikasi dapat memperluas akses ke layanan sosial, memfasilitasi pertukaran informasi, dan memobilisasi dukungan untuk perubahan sosial yang lebih baik. Dalam diskusi tersebut, pentingnya kolaborasi antara sektor publik, swasta, dan masyarakat sipil juga ditekankan. Dengan kerjasama yang kuat, kita dapat menciptakan ekosistem inovasi sosial yang memperkuat upaya penanggulangan masalah sosial. Sebagai anggota masyarakat, kita memiliki peran aktif dalam mendukung inovasi sosial. Dengan terlibat dalam kegiatan sosial, memberikan dukungan, dan mengadvokasi perubahan yang lebih baik, kita dapat membantu membangun masyarakat yang inklusif dan adil bagi semua.","id":3,"photo_url":"https://sociops-backend-production.up.railway.app/asset/35","title":"Membangun Solidaritas Masyarakat","updated_at":"2023-06-08T00:15:31.302Z"},{"author":"Nailul Izah","category_id":4,"category_name":"Anak Sakit","created_at":"2023-06-12T00:16:45.792Z","description":"Kesehatan anak merupakan prioritas utama dalam membangun masa depan yang lebih baik. Melalui inovasi dalam pelayanan kesehatan anak, kita dapat meningkatkan perawatan medis dan kualitas hidup mereka. Dalam konferensi internasional yang diadakan hari ini, para dokter, ahli kesehatan anak, dan peneliti berkumpul untuk berbagi penemuan terbaru dalam bidang kesehatan anak. Mereka membahas tentang penanganan penyakit kronis, pengembangan terapi baru, dan upaya pencegahan. Dr. Sarah Thompson, seorang ahli pediatri terkemuka, menyampaikan, 'Inovasi dalam pelayanan kesehatan anak berperan penting dalam meningkatkan prognosis dan kualitas hidup anak-anak yang sakit. Dengan menerapkan teknologi medis terkini dan pendekatan holistik, kita dapat memberikan perawatan yang terbaik bagi mereka. Pentingnya kolaborasi juga menjadi sorotan dalam konferensi ini. Kolaborasi antara rumah sakit, lembaga penelitian, dan organisasi kesehatan dapat mempercepat pengembangan terapi baru, pertukaran pengetahuan, dan pemahaman yang lebih baik tentang penyakit pada anak. Selain itu, upaya pencegahan dan pendidikan kesehatan juga ditekankan. Dengan mengedukasi orang tua dan masyarakat tentang pentingnya perawatan kesehatan anak, kita dapat mencegah penyakit dan meningkatkan kesadaran akan kesehatan anak secara keseluruhan. Sebagai masyarakat, kita dapat mendukung inovasi dalam pelayanan kesehatan anak dengan memberikan dukungan kepada organisasi dan yayasan yang peduli pada kesehatan anak. Bersama-sama, kita dapat menciptakan lingkungan yang mendukung pertumbuhan dan perkembangan yang sehat bagi anak-anak kita.","id":4,"photo_url":"https://sociops-backend-production.up.railway.app/asset/36","title":"Meningkatkan Kualitas Hidup","updated_at":"2023-06-12T00:16:45.792Z"},{"author":"Nailul Izah","category_id":5,"category_name":"Kesehatan","created_at":"2023-06-15T00:17:32.26Z","description":"Kesehatan adalah aspek penting dalam meningkatkan kualitas hidup masyarakat. Melalu"
18:00:13.016 [main] DEBUG org.apache.http.wire -  << "i inovasi dalam bidang kesehatan, kita dapat mengembangkan solusi yang efektif untuk menangani tantangan kesehatan yang dihadapi oleh masyarakat. Dalam konferensi kesehatan yang diadakan hari ini, para profesional medis, peneliti, dan inovator berkumpul untuk berbagi pengetahuan dan pengalaman mereka dalam memajukan bidang kesehatan. Mereka membahas tentang teknologi medis terbaru, metode pengobatan inovatif, dan pencegahan penyakit. Dr. Maria Hernandez, seorang ahli kesehatan terkemuka, menjelaskan, 'Inovasi kesehatan adalah kunci dalam menghadapi permasalahan kesehatan yang kompleks. Dengan penggunaan teknologi mutakhir, pengembangan program pencegahan, dan pendekatan holistik, kita dapat mewujudkan masyarakat yang sehat dan berkualitas. Kolaborasi antara sektor kesehatan, pemerintah, dan industri swasta menjadi hal yang penting dalam konferensi ini. Dengan bersama-sama, mereka dapat memperkuat sistem kesehatan, memperluas akses ke layanan medis, dan meningkatkan kualitas perawatan. Pentingnya pendidikan kesehatan juga ditekankan dalam konferensi ini. Melalui kampanye edukasi dan program sosialisasi, kita dapat meningkatkan kesadaran masyarakat tentang gaya hidup sehat, pentingnya vaksinasi, dan langkah-langkah pencegahan penyakit. Sebagai individu, kita juga memiliki peran dalam mendorong inovasi kesehatan. Dengan mengadopsi gaya hidup sehat, mengikuti anjuran medis, dan mendukung penelitian kesehatan, kita dapat menjadi bagian dari perubahan yang positif dalam masyarakat kita.","id":5,"photo_url":"https://sociops-backend-production.up.railway.app/asset/37","title":"Membangun Masyarakat Berkualitas","updated_at":"2023-06-15T00:17:32.26Z"},{"author":"Nailul Izah","category_id":6,"category_name":"Infrastuktur","created_at":"2023-06-16T00:18:35.103Z","description":"Infrastruktur yang kuat dan handal merupakan elemen penting dalam mendukung kemajuan ekonomi dan sosial suatu negara. Melalui inovasi dalam bidang infrastruktur, kita dapat menciptakan sistem yang efisien, berkelanjutan, dan memadai untuk memenuhi kebutuhan masyarakat. Dalam konferensi infrastruktur yang diadakan hari ini, para ahli teknik, perencana, dan pengambil kebijakan berkumpul untuk berdiskusi tentang tren terkini dan teknologi mutakhir dalam pembangunan infrastruktur. Mereka membahas tentang transportasi, energi, air bersih, dan teknologi smart city. Prof. David Evans, seorang pakar infrastruktur terkemuka, menjelaskan, 'Inovasi dalam infrastruktur bukan hanya tentang membangun secara fisik, tetapi juga tentang memanfaatkan teknologi dan konsep yang baru. Dengan penerapan smart city dan solusi berkelanjutan, kita dapat menciptakan lingkungan yang lebih efisien dan nyaman bagi masyarakat. Pentingnya kolaborasi antara sektor publik dan swasta juga menjadi sorotan dalam konferensi ini. Dengan kerjasama yang kuat, investasi yang tepat, dan pengelolaan yang baik, kita dapat mempercepat pembangunan infrastruktur dan meningkatkan konektivitas antarwilayah. Selain itu, aspek keberlanjutan juga ditekankan dalam diskusi ini. Dengan memperhatikan faktor lingkungan dan sosial dalam pembangunan infrastruktur, kita dapat mengurangi dampak negatif terhadap lingkungan, memperbaiki kualitas hidup masyarakat, dan mewujudkan pembangunan yang berkelanjutan. Sebagai warga negara, kita juga dapat berperan aktif dalam inovasi infrastruktur. Dengan memberikan masukan konstruktif, mendukung kebijakan progresif, dan memanfaatkan infrastruktur dengan bijak, kita dapat turut serta dalam membangun pondasi yang kokoh bagi kemajuan bangsa kita.","id":6,"photo_url":"https://sociops-backend-production.up.railway.app/asset/38","title":"Membangun Pondasi Ekonomi dan Sosial","updated_at":"2023-06-16T00:18:35.103Z"},{"author":"Nailul Izah","category_id":7,"category_name":"Seni","created_at":"2023-06-18T00:19:26.181Z","description":"Seni merupakan ekspresi kreativitas manusia yang memperkaya kehidupan budaya dan memberikan inspirasi kepada masyarakat. Melalui inovasi dalam seni, kita dapat mengembangkan bentuk-bentuk baru, menggabungkan teknologi, dan menciptakan pengalaman yang menakjubkan. Dalam pameran seni yang diadakan hari ini, para seniman, kurator, dan penggemar seni berkumpul untuk mengapresiasi karya-karya terbaru dan berdiskusi tentang perkembangan seni kontemporer. Mereka membahas tentang penggunaan teknologi dalam seni, penggabungan berbagai medium, dan pengaruh seni terhadap masyarakat. Dr. Sophia Lee, seorang kurator terkemuka, menjelaskan, 'Inovasi dalam seni memungkinkan kita untuk melihat dunia dengan cara yang baru. Dengan menggabungkan seni tradisional dan teknologi modern, kita dapat menciptakan pengalaman yang memukau dan memperkaya pemahaman kita tentang seni. Kolaborasi juga menjadi kunci dalam pengembangan seni. Kolaborasi antara seniman, institusi seni, dan komunitas dapat menciptakan proyek-proyek kolaboratif yang unik, menghubungkan berbagai perspektif, dan memperluas jangkauan seni ke masyarakat luas. Selain itu, pentingnya pendidikan seni juga ditekankan dalam pameran ini. Dengan memperkenalkan seni kepada generasi muda melalui program pendidikan, kita dapat mengembangkan apresiasi seni, kreativitas, dan kemampuan berpikir inovatif. Sebagai penikmat seni, kita juga dapat memberikan dukungan kepada para seniman dan institusi seni dengan menghadiri pameran, membeli karya seni, dan berpartisipasi dalam kegiatan seni komunitas. Dengan mendukung seni, kita turut berperan dalam memperkaya kehidupan budaya kita.","id":7,"photo_url":"https://sociops-backend-production.up.railway.app/asset/39","title":"Memperkaya Kehidupan Budaya","updated_at":"2023-06-18T00:19:26.181Z"},{"author":"Nailul Izah","category_id":8,"category_name":"Bencana","created_at":"2023-06-19T00:20:44.009Z","description":"Bencana alam dan situasi d"
18:00:13.016 [main] DEBUG org.apache.http.wire -  << "[\r][\n]"
18:00:13.029 [main] DEBUG org.apache.http.wire -  << "179c[\r][\n]"
18:00:13.030 [main] DEBUG org.apache.http.wire -  << "arurat dapat memiliki dampak yang serius bagi masyarakat. Melalui inovasi dalam penanggulangan bencana, kita dapat membangun ketangguhan dan meminimalkan risiko yang terkait dengan bencana. Dalam konferensi penanggulangan bencana yang diadakan hari ini, para ahli bencana, relawan, dan peneliti berkumpul untuk berbagi pengetahuan dan pengalaman mereka dalam menghadapi tantangan bencana. Mereka membahas tentang sistem peringatan dini, teknologi penanggulangan bencana, dan pendekatan partisipatif dalam mitigasi risiko. Dr. Ahmad Yasin, seorang pakar bencana terkemuka, menjelaskan, 'Inovasi dalam penanggulangan bencana melibatkan penggunaan teknologi, penguatan kapasitas masyarakat, dan kolaborasi lintas sektor. Dengan langkah-langkah proaktif, kita dapat mengurangi kerugian dan mempercepat pemulihan pasca-bencana. Kerjasama antara pemerintah, lembaga kemanusiaan, dan masyarakat menjadi hal yang penting dalam konferensi ini. Dengan sinergi yang baik, pengelolaan risiko bencana dapat ditingkatkan, respons terhadap bencana dapat diperkuat, dan pemulihan pasca-bencana dapat dilakukan dengan lebih efektif. Pentingnya pendidikan dan kesadaran masyarakat tentang bencana juga ditekankan dalam konferensi ini. Dengan pengetahuan yang tepat, kesiapan darurat, dan partisipasi aktif dalam latihan penanggulangan bencana, masyarakat dapat menjadi lebih tanggap dan bertindak dengan cepat dalam menghadapi bencana. Sebagai individu, kita juga memiliki peran dalam inovasi penanggulangan bencana. Dengan mengikuti pedoman keamanan, mendukung upaya mitigasi risiko, dan menyebarkan informasi yang akurat, kita dapat berkontribusi dalam menciptakan lingkungan yang lebih aman dan tangguh dalam menghadapi bencana.","id":8,"photo_url":"https://sociops-backend-production.up.railway.app/asset/40","title":"Membangun Ketangguhan","updated_at":"2023-06-19T00:20:44.009Z"},{"author":"Nailul Izah","category_id":9,"category_name":"Panti Asuhan","created_at":"2023-06-20T00:21:31.371Z","description":"Panti asuhan merupakan tempat perlindungan dan pendidikan bagi anak-anak yang membutuhkan perhatian khusus. Melalui inovasi di panti asuhan, kita dapat memberikan masa depan cerah dan kesempatan yang adil bagi anak-anak yang terlantar. Dalam acara panti asuhan yang diadakan hari ini, para pengelola panti asuhan, donatur, dan relawan berkumpul untuk berbagi pengalaman dan ide dalam meningkatkan kualitas hidup anak-anak di panti asuhan. Mereka membahas tentang pendidikan inklusif, program keterampilan, dan dukungan psikososial bagi anak-anak. Ibu Anita, seorang pengelola panti asuhan yang berpengalaman, menjelaskan, 'Inovasi di panti asuhan melibatkan pendekatan holistik dalam memenuhi kebutuhan anak-anak. Kami berfokus pada pendidikan yang berkualitas, perkembangan keterampilan, dan pembentukan ikatan emosional yang sehat dengan anak-anak. Kolaborasi dengan lembaga pendidikan, lembaga swadaya masyarakat, dan sektor bisnis juga menjadi sorotan dalam acara ini. Dengan kerjasama yang baik, panti asuhan dapat menyediakan pendidikan dan pelatihan yang relevan dengan kebutuhan anak-anak serta membantu mereka mengembangkan potensi mereka secara maksimal. Pentingnya partisipasi masyarakat juga ditekankan dalam acara ini. Dengan menjadi donatur, relawan, atau mitra panti asuhan, kita dapat memberikan kontribusi nyata dalam memberikan perlindungan, pendidikan, dan perhatian kepada anak-anak yang membutuhkan. Sebagai masyarakat, kita juga dapat membantu dalam meningkatkan kesadaran tentang isu-isu yang dihadapi oleh anak-anak di panti asuhan. Dengan mengedukasi diri, berbagi informasi yang akurat, dan mendukung kebijakan yang inklusif, kita dapat berperan dalam menciptakan lingkungan yang ramah dan adil bagi anak-anak di panti asuhan.","id":9,"photo_url":"https://sociops-backend-production.up.railway.app/asset/41","title":"Masa Depan Cerah untuk Anak-Anak","updated_at":"2023-06-20T00:21:31.371Z"},{"author":"Nailul Izah","category_id":10,"category_name":"Disabilitas","created_at":"2023-06-21T00:22:10.431Z","description":"Penyandang disabilitas adalah bagian penting dari masyarakat yang harus mendapatkan perlakuan yang setara dan inklusif. Melalui inklusi dan inovasi, kita dapat membangun masyarakat yang ramah dan memberikan kesempatan yang adil bagi semua orang. Dalam seminar tentang disabilitas yang diadakan hari ini, para aktivis, ahli, dan penyandang disabilitas berkumpul untuk berbagi pengalaman dan solusi dalam mengatasi tantangan yang dihadapi. Mereka membahas tentang aksesibilitas, teknologi asistif, dan pembangunan inklusif. Bapak Adi, seorang aktivis disabilitas yang inspiratif, menjelaskan, 'Inklusi dan inovasi adalah kunci dalam memastikan bahwa semua orang, termasuk penyandang disabilitas, dapat berpartisipasi secara penuh dalam masyarakat. Kita perlu memperhatikan aksesibilitas fisik dan teknologi, serta menciptakan lingkungan yang inklusif dan berempati. Kolaborasi antara pemerintah, sektor swasta, dan organisasi masyarakat juga menjadi fokus dalam seminar ini. Dengan sinergi yang baik, kita dapat merancang kebijakan inklusif, memperluas akses ke layanan yang diperlukan, dan meningkatkan kesadaran tentang hak-hak penyandang disabilitas. Pentingnya pendidikan inklusif dan peluang kerja juga ditekankan dalam seminar ini. Dengan menyediakan pendidikan yang inklusif dan pelatihan keterampilan yang relevan, kita dapat mempersiapkan penyandang disabilitas untuk berpartisipasi dalam dunia kerja dan mengembangkan potensi mereka. Sebagai individu, kita juga dapat berperan dalam menciptakan masyarakat yang inklusif dan ramah terhadap penyandang disabilitas. Dengan meningkatkan kesadaran, menunjukkan empati, dan memberikan dukungan kepada penyandang disabilitas, kita dapat membantu menghilangkan stigma dan membangun lingkungan yang lebih adil dan berempati bagi semua orang.","id":10,"photo_url":"https://sociops-backend-production.up.railway.app/asset/42","title":"Membangun Masyarakat yang Setara","updated_at":"2023-06-21T00:22:10.431Z"}],"message":"SUCCESS_GET_ALL_NEWS","status":true}[\n]"
18:00:13.030 [main] DEBUG org.apache.http.wire -  << "[\r][\n]"
18:00:13.030 [main] DEBUG org.apache.http.wire -  << "0[\r][\n]"
18:00:13.030 [main] DEBUG org.apache.http.wire -  << "[\r][\n]"
18:00:13.030 [main] DEBUG org.apache.http.impl.conn.BasicClientConnectionManager - Releasing connection org.apache.http.impl.conn.ManagedClientConnectionImpl@785ef70f
18:00:13.030 [main] DEBUG org.apache.http.impl.conn.BasicClientConnectionManager - Connection can be kept alive indefinitely
18:00:13.038 [main] DEBUG net.thucydides.core.steps.StepInterceptor - STEP DONE: I send GET HTTP request all news
  &amp#27;[32mWhen &amp#27;[0m&amp#27;[32mI send GET HTTP request all news&amp#27;[0m                   &amp#27;[90m# starter.stepdefinitions.adminManageNewsSteps.sendGetReqAllNews()&amp#27;[0m
18:00:13.042 [main] DEBUG net.thucydides.core.steps.StepInterceptor - STARTING STEP: adminManageNewsSteps.response200ManageNewsA - I receive HTTP response code 200 manage news admin
18:00:13.043 [main] DEBUG net.thucydides.core.steps.StepInterceptor - STEP DONE: I receive HTTP response code 200 manage news admin
  &amp#27;[32mThen &amp#27;[0m&amp#27;[32mI receive HTTP response code 200 manage news admin&amp#27;[0m &amp#27;[90m# starter.stepdefinitions.adminManageNewsSteps.response200ManageNewsA()&amp#27;[0m
18:00:13.045 [main] INFO  - 
  _____   ___   ___   _____     ___     _     ___   ___   ___   ___  
 |_   _| | __| / __| |_   _|   | _ \   /_\   / __| / __| | __| |   \ 
   | |   | _|  \__ \   | |     |  _/  / _ \  \__ \ \__ \ | _|  | |) |
   |_|   |___| |___/   |_|     |_|   /_/ \_\ |___/ |___/ |___| |___/ 

GET - All news
----------------------------------------------------------------------
]]></system-out>
  </testcase>
  <testcase name="GET - News by ID" classname="Manage News Admin" time="1.647">
    <system-out><![CDATA[
Scenario: GET - News by ID                                &amp#27;[90m# src/test/resources/features/adminManageNews.feature:37&amp#27;[0m
18:00:13.052 [main] DEBUG io.cucumber.core.plugin.SerenityReporter - Running feature from file:///C:/Users/WINDOWS%2010/Documents/GitHub/Capstone/sociops_qe_api/src/test/resources/features/adminManageNews.feature
18:00:13.056 [main] INFO  - 
  _____   ___   ___   _____     ___   _____     _     ___   _____   ___   ___  
 |_   _| | __| / __| |_   _|   / __| |_   _|   /_\   | _ \ |_   _| | __| |   \ 
   | |   | _|  \__ \   | |     \__ \   | |    / _ \  |   /   | |   | _|  | |) |
   |_|   |___| |___/   |_|     |___/   |_|   /_/ \_\ |_|_\   |_|   |___| |___/ 

GET - News by ID(manage-news-admin;get---news-by-id)
--------------------------------------------------------------------------------
18:00:13.075 [main] DEBUG net.thucydides.core.steps.StepInterceptor - STARTING STEP: adminManageNewsSteps.setGetEpNewsByID - I set GET api endpoints news by id
18:00:13.075 [main] DEBUG net.thucydides.core.steps.StepInterceptor - STEP DONE: I set GET api endpoints news by id
  &amp#27;[32mGiven &amp#27;[0m&amp#27;[32mI set GET api endpoints news by id&amp#27;[0m                &amp#27;[90m# starter.stepdefinitions.adminManageNewsSteps.setGetEpNewsByID()&amp#27;[0m
18:00:13.080 [main] DEBUG net.thucydides.core.steps.StepInterceptor - STARTING STEP: adminManageNewsSteps.sendGetReqNewsByID - I send GET HTTP request new by id
18:00:13.083 [main] DEBUG net.thucydides.core.steps.StepInterceptor - STARTING STEP: adminManageNews.sendGetReqNewsByID - I set GET api endpoints news by id
18:00:13.083 [main] DEBUG net.thucydides.core.steps.StepInterceptor - STEP DONE: I set GET api endpoints news by id
18:00:13.096 [main] DEBUG org.apache.http.impl.conn.BasicClientConnectionManager - Get connection for route {s}->https://sociops-backend-production.up.railway.app:443
18:00:13.097 [main] DEBUG org.apache.http.impl.conn.DefaultClientConnectionOperator - Connecting to sociops-backend-production.up.railway.app:443
18:00:13.537 [main] DEBUG org.apache.http.client.protocol.RequestAddCookies - CookieSpec selected: ignoreCookies
18:00:13.537 [main] DEBUG org.apache.http.client.protocol.RequestAuthCache - Auth cache not set in the context
18:00:13.537 [main] DEBUG org.apache.http.client.protocol.RequestProxyAuthentication - Proxy auth state: UNCHALLENGED
18:00:13.537 [main] DEBUG org.apache.http.impl.client.DefaultHttpClient - Attempt 1 to execute request
18:00:13.537 [main] DEBUG org.apache.http.impl.conn.DefaultClientConnection - Sending request: GET /news/12 HTTP/1.1
18:00:13.538 [main] DEBUG org.apache.http.wire -  >> "GET /news/12 HTTP/1.1[\r][\n]"
18:00:13.538 [main] DEBUG org.apache.http.wire -  >> "Authorization: Bearer eyJhbGciOiJIUzI1NiIsInR5cCI6IkpXVCJ9.eyJpZCI6IjUiLCJuYW1lIjoiUGFrIEpvaG4iLCJyb2xlIjoiQURNSU4iLCJleHAiOjE2ODc3MjY5ODN9.7WfpfZfxsKIkLfL6maSf_3OEpiciuAJMsuNYpUH0i90[\r][\n]"
18:00:13.538 [main] DEBUG org.apache.http.wire -  >> "Accept: */*[\r][\n]"
18:00:13.538 [main] DEBUG org.apache.http.wire -  >> "Host: sociops-backend-production.up.railway.app[\r][\n]"
18:00:13.538 [main] DEBUG org.apache.http.wire -  >> "Connection: Keep-Alive[\r][\n]"
18:00:13.538 [main] DEBUG org.apache.http.wire -  >> "User-Agent: Apache-HttpClient/4.5.13 (Java/15.0.2)[\r][\n]"
18:00:13.538 [main] DEBUG org.apache.http.wire -  >> "Accept-Encoding: gzip,deflate[\r][\n]"
18:00:13.538 [main] DEBUG org.apache.http.wire -  >> "[\r][\n]"
18:00:13.538 [main] DEBUG org.apache.http.headers - >> GET /news/12 HTTP/1.1
18:00:13.538 [main] DEBUG org.apache.http.headers - >> Authorization: Bearer eyJhbGciOiJIUzI1NiIsInR5cCI6IkpXVCJ9.eyJpZCI6IjUiLCJuYW1lIjoiUGFrIEpvaG4iLCJyb2xlIjoiQURNSU4iLCJleHAiOjE2ODc3MjY5ODN9.7WfpfZfxsKIkLfL6maSf_3OEpiciuAJMsuNYpUH0i90
18:00:13.538 [main] DEBUG org.apache.http.headers - >> Accept: */*
18:00:13.538 [main] DEBUG org.apache.http.headers - >> Host: sociops-backend-production.up.railway.app
18:00:13.538 [main] DEBUG org.apache.http.headers - >> Connection: Keep-Alive
18:00:13.538 [main] DEBUG org.apache.http.headers - >> User-Agent: Apache-HttpClient/4.5.13 (Java/15.0.2)
18:00:13.538 [main] DEBUG org.apache.http.headers - >> Accept-Encoding: gzip,deflate
18:00:14.685 [main] DEBUG org.apache.http.wire -  << "HTTP/1.1 200 OK[\r][\n]"
18:00:14.685 [main] DEBUG org.apache.http.wire -  << "content-type: application/json; charset=UTF-8[\r][\n]"
18:00:14.685 [main] DEBUG org.apache.http.wire -  << "vary: Origin[\r][\n]"
18:00:14.685 [main] DEBUG org.apache.http.wire -  << "date: Sun, 25 Jun 2023 11:00:18 GMT[\r][\n]"
18:00:14.685 [main] DEBUG org.apache.http.wire -  << "content-length: 2007[\r][\n]"
18:00:14.685 [main] DEBUG org.apache.http.wire -  << "server: railway[\r][\n]"
18:00:14.685 [main] DEBUG org.apache.http.wire -  << "[\r][\n]"
18:00:14.685 [main] DEBUG org.apache.http.impl.conn.DefaultClientConnection - Receiving response: HTTP/1.1 200 OK
18:00:14.685 [main] DEBUG org.apache.http.headers - << HTTP/1.1 200 OK
18:00:14.685 [main] DEBUG org.apache.http.headers - << content-type: application/json; charset=UTF-8
18:00:14.685 [main] DEBUG org.apache.http.headers - << vary: Origin
18:00:14.685 [main] DEBUG org.apache.http.headers - << date: Sun, 25 Jun 2023 11:00:18 GMT
18:00:14.685 [main] DEBUG org.apache.http.headers - << content-length: 2007
18:00:14.685 [main] DEBUG org.apache.http.headers - << server: railway
18:00:14.685 [main] DEBUG org.apache.http.impl.client.DefaultHttpClient - Connection can be kept alive indefinitely
18:00:14.686 [main] DEBUG io.restassured.internal.RestAssuredHttpBuilder - Parsing response as: application/json; charset=UTF-8
18:00:14.686 [main] DEBUG io.restassured.internal.RestAssuredHttpBuilder - Parsed data to instance of: class org.apache.http.conn.EofSensorInputStream
18:00:14.687 [main] DEBUG org.apache.http.wire -  << "{"data":{"author":"Nailul Izah","category_id":12,"category_name":"Lainnya","created_at":"2023-06-25T00:24:02.21Z","description":"Inovasi menjadi kunci dalam menghadapi tantangan global yang semakin kompleks. Dalam konferensi inovasi yang diadakan hari ini, para pemimpin, ilmuwan, dan inovator berkumpul untuk berbagi gagasan dan solusi baru yang dapat membawa perubahan positif di berbagai bidang. Dalam diskusi panel yang beragam, peserta konferensi membahas berbagai topik mulai dari teknologi terkini, energi terbarukan, smart city, hingga revolusi industri 4.0. Mereka membahas potensi inovasi untuk meningkatkan kehidupan manusia, mengatasi perubahan iklim, dan menciptakan perkotaan yang berkelanjutan. Bapak Rizal, seorang inovator dan pendiri startup teknologi, menjelaskan, 'Inovasi adalah dorongan untuk mencari solusi yang lebih baik dan efisien dalam menghadapi tantangan masa depan. Dengan menggunakan teknologi canggih, kolaborasi yang kuat, dan pendekatan yang berkelanjutan, kita dapat merancang masa depan yang lebih cerah. Selain itu, pentingnya kerjasama lintas sektor juga ditekankan dalam konferensi ini. Dengan melibatkan pemerintah, sektor bisnis, akademisi, dan masyarakat sipil, kita dapat menggagas solusi inovatif yang berdampak luas dan berkelanjutan. Partisipasi generasi muda juga menjadi fokus dalam konferensi ini. Dengan memberikan ruang dan sumber daya yang cukup untuk generasi muda mengembangkan ide dan inovasi mereka, kita dapat menciptakan perubahan positif yang lebih besar dan berkelanjutan. Sebagai individu, kita juga dapat berperan dalam mendorong inovasi. Dengan membuka pikiran, terus belajar, dan berani mengambil risiko, kita dapat menjadi bagian dari perubahan dan menginspirasi orang lain untuk berinovasi demi masa depan yang lebih baik.","id":12,"photo_url":"https://sociops-backend-production.up.railway.app/asset/44","title":"Solusi Baru untuk Tantangan Global","updated_at":"2023-06-25T00:24:02.21Z"},"message":"SUCCESS_GET_NEWS_BY_ID","status":true}[\n]"
18:00:14.687 [main] DEBUG org.apache.http.impl.conn.BasicClientConnectionManager - Releasing connection org.apache.http.impl.conn.ManagedClientConnectionImpl@60c4cf2b
18:00:14.687 [main] DEBUG org.apache.http.impl.conn.BasicClientConnectionManager - Connection can be kept alive indefinitely
18:00:14.688 [main] DEBUG net.thucydides.core.steps.StepInterceptor - STEP DONE: I send GET HTTP request new by id
  &amp#27;[32mWhen &amp#27;[0m&amp#27;[32mI send GET HTTP request new by id&amp#27;[0m                  &amp#27;[90m# starter.stepdefinitions.adminManageNewsSteps.sendGetReqNewsByID()&amp#27;[0m
18:00:14.690 [main] DEBUG net.thucydides.core.steps.StepInterceptor - STARTING STEP: adminManageNewsSteps.response200ManageNewsA - I receive HTTP response code 200 manage news admin
18:00:14.691 [main] DEBUG net.thucydides.core.steps.StepInterceptor - STEP DONE: I receive HTTP response code 200 manage news admin
  &amp#27;[32mThen &amp#27;[0m&amp#27;[32mI receive HTTP response code 200 manage news admin&amp#27;[0m &amp#27;[90m# starter.stepdefinitions.adminManageNewsSteps.response200ManageNewsA()&amp#27;[0m
18:00:14.693 [main] INFO  - 
  _____   ___   ___   _____     ___     _     ___   ___   ___   ___  
 |_   _| | __| / __| |_   _|   | _ \   /_\   / __| / __| | __| |   \ 
   | |   | _|  \__ \   | |     |  _/  / _ \  \__ \ \__ \ | _|  | |) |
   |_|   |___| |___/   |_|     |_|   /_/ \_\ |___/ |___/ |___| |___/ 

GET - News by ID
----------------------------------------------------------------------
]]></system-out>
  </testcase>
  <testcase name="GET - News by out of bound ID" classname="Manage News Admin" time="1.112">
    <system-out><![CDATA[
Scenario: GET - News by out of bound ID                   &amp#27;[90m# src/test/resources/features/adminManageNews.feature:42&amp#27;[0m
18:00:14.697 [main] DEBUG io.cucumber.core.plugin.SerenityReporter - Running feature from file:///C:/Users/WINDOWS%2010/Documents/GitHub/Capstone/sociops_qe_api/src/test/resources/features/adminManageNews.feature
18:00:14.701 [main] INFO  - 
  _____   ___   ___   _____     ___   _____     _     ___   _____   ___   ___  
 |_   _| | __| / __| |_   _|   / __| |_   _|   /_\   | _ \ |_   _| | __| |   \ 
   | |   | _|  \__ \   | |     \__ \   | |    / _ \  |   /   | |   | _|  | |) |
   |_|   |___| |___/   |_|     |___/   |_|   /_/ \_\ |_|_\   |_|   |___| |___/ 

GET - News by out of bound ID(manage-news-admin;get---news-by-out-of-bound-id)
--------------------------------------------------------------------------------
18:00:14.710 [main] DEBUG net.thucydides.core.steps.StepInterceptor - STARTING STEP: adminManageNewsSteps.setGetEpNewsByOutOfBoundID - I set GET api endpoints news by out of bound ID
18:00:14.710 [main] DEBUG net.thucydides.core.steps.StepInterceptor - STEP DONE: I set GET api endpoints news by out of bound ID
  &amp#27;[32mGiven &amp#27;[0m&amp#27;[32mI set GET api endpoints news by out of bound id&amp#27;[0m   &amp#27;[90m# starter.stepdefinitions.adminManageNewsSteps.setGetEpNewsByOutOfBoundID()&amp#27;[0m
18:00:14.712 [main] DEBUG net.thucydides.core.steps.StepInterceptor - STARTING STEP: adminManageNewsSteps.sendGetReqNewsByOutOfBoundID - I send GET HTTP request new by out of bound id
18:00:14.713 [main] DEBUG net.thucydides.core.steps.StepInterceptor - STARTING STEP: adminManageNews.sendGetReqNewsByOutOfBoundID - I set GET api endpoints news by out of bound ID
18:00:14.714 [main] DEBUG net.thucydides.core.steps.StepInterceptor - STEP DONE: I set GET api endpoints news by out of bound ID
18:00:14.723 [main] DEBUG org.apache.http.impl.conn.BasicClientConnectionManager - Get connection for route {s}->https://sociops-backend-production.up.railway.app:443
18:00:14.723 [main] DEBUG org.apache.http.impl.conn.DefaultClientConnectionOperator - Connecting to sociops-backend-production.up.railway.app:443
18:00:15.262 [main] DEBUG org.apache.http.client.protocol.RequestAddCookies - CookieSpec selected: ignoreCookies
18:00:15.262 [main] DEBUG org.apache.http.client.protocol.RequestAuthCache - Auth cache not set in the context
18:00:15.263 [main] DEBUG org.apache.http.client.protocol.RequestProxyAuthentication - Proxy auth state: UNCHALLENGED
18:00:15.263 [main] DEBUG org.apache.http.impl.client.DefaultHttpClient - Attempt 1 to execute request
18:00:15.263 [main] DEBUG org.apache.http.impl.conn.DefaultClientConnection - Sending request: GET /news/1600 HTTP/1.1
18:00:15.263 [main] DEBUG org.apache.http.wire -  >> "GET /news/1600 HTTP/1.1[\r][\n]"
18:00:15.263 [main] DEBUG org.apache.http.wire -  >> "Authorization: Bearer eyJhbGciOiJIUzI1NiIsInR5cCI6IkpXVCJ9.eyJpZCI6IjUiLCJuYW1lIjoiUGFrIEpvaG4iLCJyb2xlIjoiQURNSU4iLCJleHAiOjE2ODc3MjY5ODN9.7WfpfZfxsKIkLfL6maSf_3OEpiciuAJMsuNYpUH0i90[\r][\n]"
18:00:15.263 [main] DEBUG org.apache.http.wire -  >> "Accept: */*[\r][\n]"
18:00:15.263 [main] DEBUG org.apache.http.wire -  >> "Host: sociops-backend-production.up.railway.app[\r][\n]"
18:00:15.263 [main] DEBUG org.apache.http.wire -  >> "Connection: Keep-Alive[\r][\n]"
18:00:15.263 [main] DEBUG org.apache.http.wire -  >> "User-Agent: Apache-HttpClient/4.5.13 (Java/15.0.2)[\r][\n]"
18:00:15.263 [main] DEBUG org.apache.http.wire -  >> "Accept-Encoding: gzip,deflate[\r][\n]"
18:00:15.263 [main] DEBUG org.apache.http.wire -  >> "[\r][\n]"
18:00:15.263 [main] DEBUG org.apache.http.headers - >> GET /news/1600 HTTP/1.1
18:00:15.263 [main] DEBUG org.apache.http.headers - >> Authorization: Bearer eyJhbGciOiJIUzI1NiIsInR5cCI6IkpXVCJ9.eyJpZCI6IjUiLCJuYW1lIjoiUGFrIEpvaG4iLCJyb2xlIjoiQURNSU4iLCJleHAiOjE2ODc3MjY5ODN9.7WfpfZfxsKIkLfL6maSf_3OEpiciuAJMsuNYpUH0i90
18:00:15.263 [main] DEBUG org.apache.http.headers - >> Accept: */*
18:00:15.263 [main] DEBUG org.apache.http.headers - >> Host: sociops-backend-production.up.railway.app
18:00:15.263 [main] DEBUG org.apache.http.headers - >> Connection: Keep-Alive
18:00:15.263 [main] DEBUG org.apache.http.headers - >> User-Agent: Apache-HttpClient/4.5.13 (Java/15.0.2)
18:00:15.263 [main] DEBUG org.apache.http.headers - >> Accept-Encoding: gzip,deflate
18:00:15.798 [main] DEBUG org.apache.http.wire -  << "HTTP/1.1 404 Not Found[\r][\n]"
18:00:15.798 [main] DEBUG org.apache.http.wire -  << "content-type: application/json; charset=UTF-8[\r][\n]"
18:00:15.798 [main] DEBUG org.apache.http.wire -  << "vary: Origin[\r][\n]"
18:00:15.798 [main] DEBUG org.apache.http.wire -  << "date: Sun, 25 Jun 2023 11:00:19 GMT[\r][\n]"
18:00:15.798 [main] DEBUG org.apache.http.wire -  << "content-length: 76[\r][\n]"
18:00:15.798 [main] DEBUG org.apache.http.wire -  << "server: railway[\r][\n]"
18:00:15.798 [main] DEBUG org.apache.http.wire -  << "[\r][\n]"
18:00:15.798 [main] DEBUG org.apache.http.impl.conn.DefaultClientConnection - Receiving response: HTTP/1.1 404 Not Found
18:00:15.798 [main] DEBUG org.apache.http.headers - << HTTP/1.1 404 Not Found
18:00:15.798 [main] DEBUG org.apache.http.headers - << content-type: application/json; charset=UTF-8
18:00:15.798 [main] DEBUG org.apache.http.headers - << vary: Origin
18:00:15.798 [main] DEBUG org.apache.http.headers - << date: Sun, 25 Jun 2023 11:00:19 GMT
18:00:15.798 [main] DEBUG org.apache.http.headers - << content-length: 76
18:00:15.798 [main] DEBUG org.apache.http.headers - << server: railway
18:00:15.798 [main] DEBUG org.apache.http.impl.client.DefaultHttpClient - Connection can be kept alive indefinitely
18:00:15.798 [main] DEBUG io.restassured.internal.RestAssuredHttpBuilder - Parsing response as: application/json; charset=UTF-8
18:00:15.798 [main] DEBUG io.restassured.internal.RestAssuredHttpBuilder - Parsed data to instance of: class org.apache.http.conn.EofSensorInputStream
18:00:15.799 [main] DEBUG org.apache.http.wire -  << "{"data":"record not found","message":"ERROR_NEWS_NOT_FOUND","status":false}[\n]"
18:00:15.799 [main] DEBUG org.apache.http.impl.conn.BasicClientConnectionManager - Releasing connection org.apache.http.impl.conn.ManagedClientConnectionImpl@3beaa16d
18:00:15.799 [main] DEBUG org.apache.http.impl.conn.BasicClientConnectionManager - Connection can be kept alive indefinitely
18:00:15.799 [main] DEBUG net.thucydides.core.steps.StepInterceptor - STEP DONE: I send GET HTTP request new by out of bound id
  &amp#27;[32mWhen &amp#27;[0m&amp#27;[32mI send GET HTTP request new by out of bound id&amp#27;[0m     &amp#27;[90m# starter.stepdefinitions.adminManageNewsSteps.sendGetReqNewsByOutOfBoundID()&amp#27;[0m
18:00:15.802 [main] DEBUG net.thucydides.core.steps.StepInterceptor - STARTING STEP: adminManageNewsSteps.response404ManageNewsA - I receive HTTP response code 404 manage news admin
18:00:15.803 [main] DEBUG net.thucydides.core.steps.StepInterceptor - STEP DONE: I receive HTTP response code 404 manage news admin
  &amp#27;[32mThen &amp#27;[0m&amp#27;[32mI receive HTTP response code 404 manage news admin&amp#27;[0m &amp#27;[90m# starter.stepdefinitions.adminManageNewsSteps.response404ManageNewsA()&amp#27;[0m
18:00:15.805 [main] INFO  - 
  _____   ___   ___   _____     ___     _     ___   ___   ___   ___  
 |_   _| | __| / __| |_   _|   | _ \   /_\   / __| / __| | __| |   \ 
   | |   | _|  \__ \   | |     |  _/  / _ \  \__ \ \__ \ | _|  | |) |
   |_|   |___| |___/   |_|     |_|   /_/ \_\ |___/ |___/ |___| |___/ 

GET - News by out of bound ID
----------------------------------------------------------------------
]]></system-out>
  </testcase>
  <testcase name="GET - News by invalid ID" classname="Manage News Admin" time="0.998">
    <system-out><![CDATA[
Scenario: GET - News by invalid ID                        &amp#27;[90m# src/test/resources/features/adminManageNews.feature:47&amp#27;[0m
18:00:15.809 [main] DEBUG io.cucumber.core.plugin.SerenityReporter - Running feature from file:///C:/Users/WINDOWS%2010/Documents/GitHub/Capstone/sociops_qe_api/src/test/resources/features/adminManageNews.feature
18:00:15.812 [main] INFO  - 
  _____   ___   ___   _____     ___   _____     _     ___   _____   ___   ___  
 |_   _| | __| / __| |_   _|   / __| |_   _|   /_\   | _ \ |_   _| | __| |   \ 
   | |   | _|  \__ \   | |     \__ \   | |    / _ \  |   /   | |   | _|  | |) |
   |_|   |___| |___/   |_|     |___/   |_|   /_/ \_\ |_|_\   |_|   |___| |___/ 

GET - News by invalid ID(manage-news-admin;get---news-by-invalid-id)
--------------------------------------------------------------------------------
18:00:15.823 [main] DEBUG net.thucydides.core.steps.StepInterceptor - STARTING STEP: adminManageNewsSteps.setGetEpNewsByInvalidID - I set GET api endpoints news by invalid ID
18:00:15.823 [main] DEBUG net.thucydides.core.steps.StepInterceptor - STEP DONE: I set GET api endpoints news by invalid ID
  &amp#27;[32mGiven &amp#27;[0m&amp#27;[32mI set GET api endpoints news by invalid id&amp#27;[0m        &amp#27;[90m# starter.stepdefinitions.adminManageNewsSteps.setGetEpNewsByInvalidID()&amp#27;[0m
18:00:15.825 [main] DEBUG net.thucydides.core.steps.StepInterceptor - STARTING STEP: adminManageNewsSteps.sendGetReqNewsByInvalidID - I send GET HTTP request new by invalid id
18:00:15.826 [main] DEBUG net.thucydides.core.steps.StepInterceptor - STARTING STEP: adminManageNews.sendGetReqNewsByInvalidID - I set GET api endpoints news by out of bound ID
18:00:15.826 [main] DEBUG net.thucydides.core.steps.StepInterceptor - STEP DONE: I set GET api endpoints news by out of bound ID
18:00:15.837 [main] DEBUG org.apache.http.impl.conn.BasicClientConnectionManager - Get connection for route {s}->https://sociops-backend-production.up.railway.app:443
18:00:15.837 [main] DEBUG org.apache.http.impl.conn.DefaultClientConnectionOperator - Connecting to sociops-backend-production.up.railway.app:443
18:00:16.273 [main] DEBUG org.apache.http.client.protocol.RequestAddCookies - CookieSpec selected: ignoreCookies
18:00:16.273 [main] DEBUG org.apache.http.client.protocol.RequestAuthCache - Auth cache not set in the context
18:00:16.273 [main] DEBUG org.apache.http.client.protocol.RequestProxyAuthentication - Proxy auth state: UNCHALLENGED
18:00:16.273 [main] DEBUG org.apache.http.impl.client.DefaultHttpClient - Attempt 1 to execute request
18:00:16.273 [main] DEBUG org.apache.http.impl.conn.DefaultClientConnection - Sending request: GET /news/1600 HTTP/1.1
18:00:16.273 [main] DEBUG org.apache.http.wire -  >> "GET /news/1600 HTTP/1.1[\r][\n]"
18:00:16.273 [main] DEBUG org.apache.http.wire -  >> "Authorization: Bearer eyJhbGciOiJIUzI1NiIsInR5cCI6IkpXVCJ9.eyJpZCI6IjUiLCJuYW1lIjoiUGFrIEpvaG4iLCJyb2xlIjoiQURNSU4iLCJleHAiOjE2ODc3MjY5ODN9.7WfpfZfxsKIkLfL6maSf_3OEpiciuAJMsuNYpUH0i90[\r][\n]"
18:00:16.273 [main] DEBUG org.apache.http.wire -  >> "Accept: */*[\r][\n]"
18:00:16.273 [main] DEBUG org.apache.http.wire -  >> "Host: sociops-backend-production.up.railway.app[\r][\n]"
18:00:16.273 [main] DEBUG org.apache.http.wire -  >> "Connection: Keep-Alive[\r][\n]"
18:00:16.273 [main] DEBUG org.apache.http.wire -  >> "User-Agent: Apache-HttpClient/4.5.13 (Java/15.0.2)[\r][\n]"
18:00:16.273 [main] DEBUG org.apache.http.wire -  >> "Accept-Encoding: gzip,deflate[\r][\n]"
18:00:16.273 [main] DEBUG org.apache.http.wire -  >> "[\r][\n]"
18:00:16.273 [main] DEBUG org.apache.http.headers - >> GET /news/1600 HTTP/1.1
18:00:16.273 [main] DEBUG org.apache.http.headers - >> Authorization: Bearer eyJhbGciOiJIUzI1NiIsInR5cCI6IkpXVCJ9.eyJpZCI6IjUiLCJuYW1lIjoiUGFrIEpvaG4iLCJyb2xlIjoiQURNSU4iLCJleHAiOjE2ODc3MjY5ODN9.7WfpfZfxsKIkLfL6maSf_3OEpiciuAJMsuNYpUH0i90
18:00:16.273 [main] DEBUG org.apache.http.headers - >> Accept: */*
18:00:16.273 [main] DEBUG org.apache.http.headers - >> Host: sociops-backend-production.up.railway.app
18:00:16.273 [main] DEBUG org.apache.http.headers - >> Connection: Keep-Alive
18:00:16.273 [main] DEBUG org.apache.http.headers - >> User-Agent: Apache-HttpClient/4.5.13 (Java/15.0.2)
18:00:16.273 [main] DEBUG org.apache.http.headers - >> Accept-Encoding: gzip,deflate
18:00:16.796 [main] DEBUG org.apache.http.wire -  << "HTTP/1.1 404 Not Found[\r][\n]"
18:00:16.796 [main] DEBUG org.apache.http.wire -  << "content-type: application/json; charset=UTF-8[\r][\n]"
18:00:16.796 [main] DEBUG org.apache.http.wire -  << "vary: Origin[\r][\n]"
18:00:16.796 [main] DEBUG org.apache.http.wire -  << "date: Sun, 25 Jun 2023 11:00:20 GMT[\r][\n]"
18:00:16.796 [main] DEBUG org.apache.http.wire -  << "content-length: 76[\r][\n]"
18:00:16.797 [main] DEBUG org.apache.http.wire -  << "server: railway[\r][\n]"
18:00:16.797 [main] DEBUG org.apache.http.wire -  << "[\r][\n]"
18:00:16.797 [main] DEBUG org.apache.http.impl.conn.DefaultClientConnection - Receiving response: HTTP/1.1 404 Not Found
18:00:16.797 [main] DEBUG org.apache.http.headers - << HTTP/1.1 404 Not Found
18:00:16.797 [main] DEBUG org.apache.http.headers - << content-type: application/json; charset=UTF-8
18:00:16.797 [main] DEBUG org.apache.http.headers - << vary: Origin
18:00:16.797 [main] DEBUG org.apache.http.headers - << date: Sun, 25 Jun 2023 11:00:20 GMT
18:00:16.797 [main] DEBUG org.apache.http.headers - << content-length: 76
18:00:16.797 [main] DEBUG org.apache.http.headers - << server: railway
18:00:16.797 [main] DEBUG org.apache.http.impl.client.DefaultHttpClient - Connection can be kept alive indefinitely
18:00:16.797 [main] DEBUG io.restassured.internal.RestAssuredHttpBuilder - Parsing response as: application/json; charset=UTF-8
18:00:16.797 [main] DEBUG io.restassured.internal.RestAssuredHttpBuilder - Parsed data to instance of: class org.apache.http.conn.EofSensorInputStream
18:00:16.798 [main] DEBUG org.apache.http.wire -  << "{"data":"record not found","message":"ERROR_NEWS_NOT_FOUND","status":false}[\n]"
18:00:16.798 [main] DEBUG org.apache.http.impl.conn.BasicClientConnectionManager - Releasing connection org.apache.http.impl.conn.ManagedClientConnectionImpl@6604f246
18:00:16.798 [main] DEBUG org.apache.http.impl.conn.BasicClientConnectionManager - Connection can be kept alive indefinitely
18:00:16.798 [main] DEBUG net.thucydides.core.steps.StepInterceptor - STEP DONE: I send GET HTTP request new by invalid id
  &amp#27;[32mWhen &amp#27;[0m&amp#27;[32mI send GET HTTP request new by invalid id&amp#27;[0m          &amp#27;[90m# starter.stepdefinitions.adminManageNewsSteps.sendGetReqNewsByInvalidID()&amp#27;[0m
18:00:16.801 [main] DEBUG net.thucydides.core.steps.StepInterceptor - STARTING STEP: adminManageNewsSteps.response404ManageNewsA - I receive HTTP response code 404 manage news admin
18:00:16.801 [main] DEBUG net.thucydides.core.steps.StepInterceptor - STEP DONE: I receive HTTP response code 404 manage news admin
  &amp#27;[32mThen &amp#27;[0m&amp#27;[32mI receive HTTP response code 404 manage news admin&amp#27;[0m &amp#27;[90m# starter.stepdefinitions.adminManageNewsSteps.response404ManageNewsA()&amp#27;[0m
18:00:16.803 [main] INFO  - 
  _____   ___   ___   _____     ___     _     ___   ___   ___   ___  
 |_   _| | __| / __| |_   _|   | _ \   /_\   / __| / __| | __| |   \ 
   | |   | _|  \__ \   | |     |  _/  / _ \  \__ \ \__ \ | _|  | |) |
   |_|   |___| |___/   |_|     |_|   /_/ \_\ |___/ |___/ |___| |___/ 

GET - News by invalid ID
----------------------------------------------------------------------
]]></system-out>
  </testcase>
  <testcase name="POST - create new fundraising" classname="Manage Fundraising Admin" time="1.335">
    <system-out><![CDATA[18:00:16.804 [main] DEBUG io.cucumber.core.plugin.SerenityReporter - Running feature from file:///C:/Users/WINDOWS%2010/Documents/GitHub/Capstone/sociops_qe_api/src/test/resources/features/manageFund.feature
18:00:16.807 [main] DEBUG net.thucydides.core.steps.StepEventBus - Test suite started for story net.thucydides.core.model.Story@c929dd74
18:00:16.808 [main] INFO  - Test Suite Started: Manage Fundraising Admin

Scenario: POST - create new fundraising                   &amp#27;[90m# src/test/resources/features/manageFund.feature:7&amp#27;[0m
18:00:16.812 [main] DEBUG io.cucumber.core.plugin.SerenityReporter - Running feature from file:///C:/Users/WINDOWS%2010/Documents/GitHub/Capstone/sociops_qe_api/src/test/resources/features/manageFund.feature
18:00:16.815 [main] INFO  - 
  _____   ___   ___   _____     ___   _____     _     ___   _____   ___   ___  
 |_   _| | __| / __| |_   _|   / __| |_   _|   /_\   | _ \ |_   _| | __| |   \ 
   | |   | _|  \__ \   | |     \__ \   | |    / _ \  |   /   | |   | _|  | |) |
   |_|   |___| |___/   |_|     |___/   |_|   /_/ \_\ |_|_\   |_|   |___| |___/ 

POST - create new fundraising(manage-fundraising-admin;post---create-new-fundraising)
--------------------------------------------------------------------------------
18:00:16.830 [main] DEBUG net.thucydides.core.steps.StepInterceptor - STARTING STEP: FundraisingSteps.sendEndpoPostNew - endpointtosendFund
18:00:16.830 [main] DEBUG net.thucydides.core.steps.StepInterceptor - STEP DONE: endpointtosendFund
  &amp#27;[32mGiven &amp#27;[0m&amp#27;[32mI set POST api endpoints manage fundraising admin&amp#27;[0m &amp#27;[90m# starter.stepdefinitions.FundraisingSteps.sendEndpoPostNew()&amp#27;[0m
18:00:16.834 [main] DEBUG net.thucydides.core.steps.StepInterceptor - STARTING STEP: FundraisingSteps.sendReqPostNew - sendRequestNewFund
18:00:16.836 [main] DEBUG net.thucydides.core.steps.StepInterceptor - STARTING STEP: manageFundraising.sendRequestNewFund - endpointtosendFund
18:00:16.836 [main] DEBUG net.thucydides.core.steps.StepInterceptor - STEP DONE: endpointtosendFund
18:00:16.842 [main] DEBUG org.apache.http.impl.conn.BasicClientConnectionManager - Get connection for route {s}->https://sociops-backend-production.up.railway.app:443
18:00:16.842 [main] DEBUG org.apache.http.impl.conn.DefaultClientConnectionOperator - Connecting to sociops-backend-production.up.railway.app:443
18:00:17.253 [main] DEBUG org.apache.http.client.protocol.RequestAddCookies - CookieSpec selected: ignoreCookies
18:00:17.253 [main] DEBUG org.apache.http.client.protocol.RequestAuthCache - Auth cache not set in the context
18:00:17.253 [main] DEBUG org.apache.http.client.protocol.RequestProxyAuthentication - Proxy auth state: UNCHALLENGED
18:00:17.253 [main] DEBUG org.apache.http.impl.client.DefaultHttpClient - Attempt 1 to execute request
18:00:17.253 [main] DEBUG org.apache.http.impl.conn.DefaultClientConnection - Sending request: POST /campaigns HTTP/1.1
18:00:17.253 [main] DEBUG org.apache.http.wire -  >> "POST /campaigns HTTP/1.1[\r][\n]"
18:00:17.253 [main] DEBUG org.apache.http.wire -  >> "Authorization: Bearer eyJhbGciOiJIUzI1NiIsInR5cCI6IkpXVCJ9.eyJpZCI6IjUiLCJuYW1lIjoiUGFrIEpvaG4iLCJyb2xlIjoiQURNSU4iLCJleHAiOjE2ODc3MjY5ODN9.7WfpfZfxsKIkLfL6maSf_3OEpiciuAJMsuNYpUH0i90[\r][\n]"
18:00:17.253 [main] DEBUG org.apache.http.wire -  >> "Accept: */*[\r][\n]"
18:00:17.253 [main] DEBUG org.apache.http.wire -  >> "Content-Type: application/json[\r][\n]"
18:00:17.253 [main] DEBUG org.apache.http.wire -  >> "Content-Length: 971[\r][\n]"
18:00:17.253 [main] DEBUG org.apache.http.wire -  >> "Host: sociops-backend-production.up.railway.app[\r][\n]"
18:00:17.253 [main] DEBUG org.apache.http.wire -  >> "Connection: Keep-Alive[\r][\n]"
18:00:17.253 [main] DEBUG org.apache.http.wire -  >> "User-Agent: Apache-HttpClient/4.5.13 (Java/15.0.2)[\r][\n]"
18:00:17.253 [main] DEBUG org.apache.http.wire -  >> "Accept-Encoding: gzip,deflate[\r][\n]"
18:00:17.253 [main] DEBUG org.apache.http.wire -  >> "[\r][\n]"
18:00:17.253 [main] DEBUG org.apache.http.headers - >> POST /campaigns HTTP/1.1
18:00:17.253 [main] DEBUG org.apache.http.headers - >> Authorization: Bearer eyJhbGciOiJIUzI1NiIsInR5cCI6IkpXVCJ9.eyJpZCI6IjUiLCJuYW1lIjoiUGFrIEpvaG4iLCJyb2xlIjoiQURNSU4iLCJleHAiOjE2ODc3MjY5ODN9.7WfpfZfxsKIkLfL6maSf_3OEpiciuAJMsuNYpUH0i90
18:00:17.253 [main] DEBUG org.apache.http.headers - >> Accept: */*
18:00:17.253 [main] DEBUG org.apache.http.headers - >> Content-Type: application/json
18:00:17.253 [main] DEBUG org.apache.http.headers - >> Content-Length: 971
18:00:17.253 [main] DEBUG org.apache.http.headers - >> Host: sociops-backend-production.up.railway.app
18:00:17.253 [main] DEBUG org.apache.http.headers - >> Connection: Keep-Alive
18:00:17.253 [main] DEBUG org.apache.http.headers - >> User-Agent: Apache-HttpClient/4.5.13 (Java/15.0.2)
18:00:17.253 [main] DEBUG org.apache.http.headers - >> Accept-Encoding: gzip,deflate
18:00:17.254 [main] DEBUG org.apache.http.wire -  >> "{"proposal":"XXX","end_date":"2023-12-14T14:56:18.732Z","image":"XXX","about":"XXX","description":"[DATA TEST] Kami berkomitmen untuk mendukung riset dan teknologi sebagai sumber inovasi untuk masa depan. Kami memfasilitasi pengembangan penelitian, pembiayaan startup teknologi, dan kolaborasi antara ilmuwan, insinyur, dan komunitas teknologi untuk menciptakan solusi berkelanjutan.","detail_action_donation":"[DATA TEST] Setiap donasi akan digunakan untuk mendukung riset inovatif, pembiayaan startup teknologi, dan program kolaborasi di bidang riset dan teknologi.","video":"XXX","title":"[DATA TEST] Inovasi untuk Masa Depan: Mendukung Riset dan Teknologi","type":"FUNDRAISING","total_action_donation":50000,"category_id":12,"location":"[DATA TEST] Silicon Valley, Amerika Serikat","target_donation":10000000,"target_recipient":"[DATA TEST] Riset dan teknologi inovatif","story":"XXX","hashtag":"[DATA TEST] #InovasiMasaDepan","start_date":"2023-10-14T14:56:18.732Z"}"
18:00:18.138 [main] DEBUG org.apache.http.wire -  << "HTTP/1.1 200 OK[\r][\n]"
18:00:18.138 [main] DEBUG org.apache.http.wire -  << "content-type: application/json; charset=UTF-8[\r][\n]"
18:00:18.138 [main] DEBUG org.apache.http.wire -  << "vary: Origin[\r][\n]"
18:00:18.138 [main] DEBUG org.apache.http.wire -  << "date: Sun, 25 Jun 2023 11:00:22 GMT[\r][\n]"
18:00:18.138 [main] DEBUG org.apache.http.wire -  << "content-length: 140[\r][\n]"
18:00:18.138 [main] DEBUG org.apache.http.wire -  << "server: railway[\r][\n]"
18:00:18.138 [main] DEBUG org.apache.http.wire -  << "[\r][\n]"
18:00:18.138 [main] DEBUG org.apache.http.impl.conn.DefaultClientConnection - Receiving response: HTTP/1.1 200 OK
18:00:18.138 [main] DEBUG org.apache.http.headers - << HTTP/1.1 200 OK
18:00:18.138 [main] DEBUG org.apache.http.headers - << content-type: application/json; charset=UTF-8
18:00:18.138 [main] DEBUG org.apache.http.headers - << vary: Origin
18:00:18.138 [main] DEBUG org.apache.http.headers - << date: Sun, 25 Jun 2023 11:00:22 GMT
18:00:18.138 [main] DEBUG org.apache.http.headers - << content-length: 140
18:00:18.138 [main] DEBUG org.apache.http.headers - << server: railway
18:00:18.138 [main] DEBUG org.apache.http.impl.client.DefaultHttpClient - Connection can be kept alive indefinitely
18:00:18.138 [main] DEBUG io.restassured.internal.RestAssuredHttpBuilder - Parsing response as: application/json; charset=UTF-8
18:00:18.138 [main] DEBUG io.restassured.internal.RestAssuredHttpBuilder - Parsed data to instance of: class org.apache.http.conn.EofSensorInputStream
18:00:18.139 [main] DEBUG org.apache.http.wire -  << "{"data":{"id":58,"title":"[DATA TEST] Inovasi untuk Masa Depan: Mendukung Riset dan Teknologi"},"message":"campaign created","status":true}[\n]"
18:00:18.139 [main] DEBUG org.apache.http.impl.conn.BasicClientConnectionManager - Releasing connection org.apache.http.impl.conn.ManagedClientConnectionImpl@2b0d85bd
18:00:18.139 [main] DEBUG org.apache.http.impl.conn.BasicClientConnectionManager - Connection can be kept alive indefinitely
18:00:18.140 [main] DEBUG net.thucydides.core.steps.StepInterceptor - STEP DONE: sendRequestNewFund
  &amp#27;[32mWhen &amp#27;[0m&amp#27;[32mI send POST HTTP request manage the fundraising&amp#27;[0m    &amp#27;[90m# starter.stepdefinitions.FundraisingSteps.sendReqPostNew()&amp#27;[0m
18:00:18.142 [main] DEBUG net.thucydides.core.steps.StepInterceptor - STARTING STEP: FundraisingSteps.receiveResponse - statusCodeReqFundManag
18:00:18.142 [main] DEBUG net.thucydides.core.steps.StepInterceptor - STEP DONE: statusCodeReqFundManag
  &amp#27;[32mThen &amp#27;[0m&amp#27;[32mI receive HTTP response code 200&amp#27;[0m                   &amp#27;[90m# starter.stepdefinitions.FundraisingSteps.receiveResponse()&amp#27;[0m
18:00:18.144 [main] INFO  - 
  _____   ___   ___   _____     ___     _     ___   ___   ___   ___  
 |_   _| | __| / __| |_   _|   | _ \   /_\   / __| / __| | __| |   \ 
   | |   | _|  \__ \   | |     |  _/  / _ \  \__ \ \__ \ | _|  | |) |
   |_|   |___| |___/   |_|     |_|   /_/ \_\ |___/ |___/ |___| |___/ 

POST - create new fundraising
----------------------------------------------------------------------
]]></system-out>
  </testcase>
</testsuite>